Record 896
<?xml version="1.0" encoding="utf-8"?>
<Event xmlns="http://schemas.microsoft.com/win/2004/08/events/event">
  <System>
    <Provider Name="Microsoft-Windows-Sysmon" Guid="5770385F-C22A-43E0-BF4C-06F5698FFBD9">
    </Provider>
    <EventID>1</EventID>
    <Version>5</Version>
    <Level>4</Level>
    <Task>1</Task>
    <Opcode>0</Opcode>
    <Keywords>0x8000000000000000</Keywords>
    <TimeCreated SystemTime="2026-06-05T04:47:04.864943Z">
    </TimeCreated>
    <EventRecordID>896</EventRecordID>
    <Correlation>
    </Correlation>
    <Execution ProcessID="3124" ThreadID="3144">
    </Execution>
    <Channel>Microsoft-Windows-Sysmon/Operational</Channel>
    <Computer>DESKTOP-LGT6HFQ</Computer>
    <Security UserID="S-1-5-18">
    </Security>
  </System>
  <EventData>
    <Data Name="RuleName">-</Data>
    <Data Name="UtcTime">2026-06-05 04:47:04.789</Data>
    <Data Name="ProcessGuid">AA26E6DE-54C8-6A22-D300-000000001200</Data>
    <Data Name="ProcessId">10948</Data>
    <Data Name="Image">C:\Program Files (x86)\Microsoft\EdgeWebView\Application\148.0.3967.96\msedgewebview2.exe</Data>
    <Data Name="FileVersion">148.0.3967.96</Data>
    <Data Name="Description">Microsoft Edge WebView2</Data>
    <Data Name="Product">Microsoft Edge WebView2</Data>
    <Data Name="Company">Microsoft Corporation</Data>
    <Data Name="OriginalFileName">msedgewebview2.exe</Data>
    <Data Name="CommandLine">&quot;C:\Program Files (x86)\Microsoft\EdgeWebView\Application\148.0.3967.96\msedgewebview2.exe&quot; --embedded-browser-webview=1 --webview-exe-name=M365Copilot.exe --webview-exe-version=19.2605.59121.0 --user-data-dir=&quot;C:\Users\ligac\AppData\Local\Packages\Microsoft.MicrosoftOfficeHub_8wekyb3d8bbwe\LocalState\EBWebView&quot; --noerrdialogs --embedded-browser-webview-dpi-awareness=2 --disable-features=msEnhancedTrackingPreventionEnabled --enable-features=msSingleSignOnOSForPrimaryAccountIsShared --mojo-named-platform-channel-pipe=10704.10936.2245840387156457433</Data>
    <Data Name="CurrentDirectory">C:\Windows\system32\</Data>
    <Data Name="User">DESKTOP-LGT6HFQ\ligac</Data>
    <Data Name="LogonGuid">AA26E6DE-54A9-6A22-C797-090000000000</Data>
    <Data Name="LogonId">0x997c7</Data>
    <Data Name="TerminalSessionId">1</Data>
    <Data Name="IntegrityLevel">Medium</Data>
    <Data Name="Hashes">MD5=D4CCFD8B07E2EBD183E54B0E3F0C8571,SHA256=AAC9B39AE654DD0E50F9F8716217949BA8A6B70EC6EFFFE3FA83A43957D6855B,IMPHASH=733B9E748114EB977ABA1C874D8BFBC0</Data>
    <Data Name="ParentProcessGuid">AA26E6DE-54C7-6A22-CF00-000000001200</Data>
    <Data Name="ParentProcessId">10704</Data>
    <Data Name="ParentImage">C:\Program Files\WindowsApps\Microsoft.MicrosoftOfficeHub_19.2605.59121.0_x64__8wekyb3d8bbwe\M365Copilot.exe</Data>
    <Data Name="ParentCommandLine">&quot;C:\Program Files\WindowsApps\Microsoft.MicrosoftOfficeHub_19.2605.59121.0_x64__8wekyb3d8bbwe\M365Copilot.exe&quot; ms-getoffice: autostart reason=AutoStarter</Data>
    <Data Name="ParentUser">DESKTOP-LGT6HFQ\ligac</Data>
  </EventData>
</Event>
Record 897
<?xml version="1.0" encoding="utf-8"?>
<Event xmlns="http://schemas.microsoft.com/win/2004/08/events/event">
  <System>
    <Provider Name="Microsoft-Windows-Sysmon" Guid="5770385F-C22A-43E0-BF4C-06F5698FFBD9">
    </Provider>
    <EventID>1</EventID>
    <Version>5</Version>
    <Level>4</Level>
    <Task>1</Task>
    <Opcode>0</Opcode>
    <Keywords>0x8000000000000000</Keywords>
    <TimeCreated SystemTime="2026-06-05T04:47:05.072259Z">
    </TimeCreated>
    <EventRecordID>897</EventRecordID>
    <Correlation>
    </Correlation>
    <Execution ProcessID="3124" ThreadID="3144">
    </Execution>
    <Channel>Microsoft-Windows-Sysmon/Operational</Channel>
    <Computer>DESKTOP-LGT6HFQ</Computer>
    <Security UserID="S-1-5-18">
    </Security>
  </System>
  <EventData>
    <Data Name="RuleName">-</Data>
    <Data Name="UtcTime">2026-06-05 04:47:05.067</Data>
    <Data Name="ProcessGuid">AA26E6DE-54C9-6A22-D500-000000001200</Data>
    <Data Name="ProcessId">11048</Data>
    <Data Name="Image">C:\Program Files (x86)\Microsoft\EdgeWebView\Application\148.0.3967.96\msedgewebview2.exe</Data>
    <Data Name="FileVersion">148.0.3967.96</Data>
    <Data Name="Description">Microsoft Edge WebView2</Data>
    <Data Name="Product">Microsoft Edge WebView2</Data>
    <Data Name="Company">Microsoft Corporation</Data>
    <Data Name="OriginalFileName">msedgewebview2.exe</Data>
    <Data Name="CommandLine">&quot;C:\Program Files (x86)\Microsoft\EdgeWebView\Application\148.0.3967.96\msedgewebview2.exe&quot; --type=crashpad-handler --user-data-dir=C:\Users\ligac\AppData\Local\Packages\Microsoft.MicrosoftOfficeHub_8wekyb3d8bbwe\LocalState\EBWebView /prefetch:4 --monitor-self-annotation=ptype=crashpad-handler --database=C:\Users\ligac\AppData\Local\Packages\Microsoft.MicrosoftOfficeHub_8wekyb3d8bbwe\LocalState\EBWebView\Crashpad --annotation=IsOfficialBuild=1 --annotation=channel= --annotation=chromium-version=148.0.7778.217 &quot;--annotation=exe=C:\Program Files (x86)\Microsoft\EdgeWebView\Application\148.0.3967.96\msedgewebview2.exe&quot; --annotation=plat=Win64 &quot;--annotation=prod=Edge WebView2&quot; --annotation=ver=148.0.3967.96 --initial-client-data=0x17c,0x180,0x184,0x158,0x98,0x7ffad2a35d58,0x7ffad2a35d64,0x7ffad2a35d70</Data>
    <Data Name="CurrentDirectory">C:\Program Files (x86)\Microsoft\EdgeWebView\Application\148.0.3967.96\</Data>
    <Data Name="User">DESKTOP-LGT6HFQ\ligac</Data>
    <Data Name="LogonGuid">AA26E6DE-54A9-6A22-C797-090000000000</Data>
    <Data Name="LogonId">0x997c7</Data>
    <Data Name="TerminalSessionId">1</Data>
    <Data Name="IntegrityLevel">Medium</Data>
    <Data Name="Hashes">MD5=D4CCFD8B07E2EBD183E54B0E3F0C8571,SHA256=AAC9B39AE654DD0E50F9F8716217949BA8A6B70EC6EFFFE3FA83A43957D6855B,IMPHASH=733B9E748114EB977ABA1C874D8BFBC0</Data>
    <Data Name="ParentProcessGuid">AA26E6DE-54C8-6A22-D300-000000001200</Data>
    <Data Name="ParentProcessId">10948</Data>
    <Data Name="ParentImage">C:\Program Files (x86)\Microsoft\EdgeWebView\Application\148.0.3967.96\msedgewebview2.exe</Data>
    <Data Name="ParentCommandLine">&quot;C:\Program Files (x86)\Microsoft\EdgeWebView\Application\148.0.3967.96\msedgewebview2.exe&quot; --embedded-browser-webview=1 --webview-exe-name=M365Copilot.exe --webview-exe-version=19.2605.59121.0 --user-data-dir=&quot;C:\Users\ligac\AppData\Local\Packages\Microsoft.MicrosoftOfficeHub_8wekyb3d8bbwe\LocalState\EBWebView&quot; --noerrdialogs --embedded-browser-webview-dpi-awareness=2 --disable-features=msEnhancedTrackingPreventionEnabled --enable-features=msSingleSignOnOSForPrimaryAccountIsShared --mojo-named-platform-channel-pipe=10704.10936.2245840387156457433</Data>
    <Data Name="ParentUser">DESKTOP-LGT6HFQ\ligac</Data>
  </EventData>
</Event>
Record 898
<?xml version="1.0" encoding="utf-8"?>
<Event xmlns="http://schemas.microsoft.com/win/2004/08/events/event">
  <System>
    <Provider Name="Microsoft-Windows-Sysmon" Guid="5770385F-C22A-43E0-BF4C-06F5698FFBD9">
    </Provider>
    <EventID>1</EventID>
    <Version>5</Version>
    <Level>4</Level>
    <Task>1</Task>
    <Opcode>0</Opcode>
    <Keywords>0x8000000000000000</Keywords>
    <TimeCreated SystemTime="2026-06-05T04:47:05.253720Z">
    </TimeCreated>
    <EventRecordID>898</EventRecordID>
    <Correlation>
    </Correlation>
    <Execution ProcessID="3124" ThreadID="3144">
    </Execution>
    <Channel>Microsoft-Windows-Sysmon/Operational</Channel>
    <Computer>DESKTOP-LGT6HFQ</Computer>
    <Security UserID="S-1-5-18">
    </Security>
  </System>
  <EventData>
    <Data Name="RuleName">-</Data>
    <Data Name="UtcTime">2026-06-05 04:47:05.247</Data>
    <Data Name="ProcessGuid">AA26E6DE-54C9-6A22-D700-000000001200</Data>
    <Data Name="ProcessId">11112</Data>
    <Data Name="Image">C:\Windows\System32\taskhostw.exe</Data>
    <Data Name="FileVersion">10.0.19041.5794 (WinBuild.160101.0800)</Data>
    <Data Name="Description">Host Process for Windows Tasks</Data>
    <Data Name="Product">Microsoft® Windows® Operating System</Data>
    <Data Name="Company">Microsoft Corporation</Data>
    <Data Name="OriginalFileName">taskhostw.exe</Data>
    <Data Name="CommandLine">taskhostw.exe SyncFromCloud</Data>
    <Data Name="CurrentDirectory">C:\Windows\system32\</Data>
    <Data Name="User">DESKTOP-LGT6HFQ\ligac</Data>
    <Data Name="LogonGuid">AA26E6DE-54A9-6A22-C797-090000000000</Data>
    <Data Name="LogonId">0x997c7</Data>
    <Data Name="TerminalSessionId">1</Data>
    <Data Name="IntegrityLevel">Medium</Data>
    <Data Name="Hashes">MD5=D71630DA4364F89F36B47581D4162639,SHA256=4D84D1DB6C572DA841307B814CCF26478429D3A29F304755CE1BAF110E639F64,IMPHASH=3A0C6863CDE566AF997DB2DEFFF9D924</Data>
    <Data Name="ParentProcessGuid">AA26E6DE-549E-6A22-1900-000000001200</Data>
    <Data Name="ParentProcessId">1128</Data>
    <Data Name="ParentImage">C:\Windows\System32\svchost.exe</Data>
    <Data Name="ParentCommandLine">C:\Windows\system32\svchost.exe -k netsvcs -p -s Schedule</Data>
    <Data Name="ParentUser">NT AUTHORITY\SYSTEM</Data>
  </EventData>
</Event>
Record 899
<?xml version="1.0" encoding="utf-8"?>
<Event xmlns="http://schemas.microsoft.com/win/2004/08/events/event">
  <System>
    <Provider Name="Microsoft-Windows-Sysmon" Guid="5770385F-C22A-43E0-BF4C-06F5698FFBD9">
    </Provider>
    <EventID>3</EventID>
    <Version>5</Version>
    <Level>4</Level>
    <Task>3</Task>
    <Opcode>0</Opcode>
    <Keywords>0x8000000000000000</Keywords>
    <TimeCreated SystemTime="2026-06-05T04:47:05.565865Z">
    </TimeCreated>
    <EventRecordID>899</EventRecordID>
    <Correlation>
    </Correlation>
    <Execution ProcessID="3124" ThreadID="3316">
    </Execution>
    <Channel>Microsoft-Windows-Sysmon/Operational</Channel>
    <Computer>DESKTOP-LGT6HFQ</Computer>
    <Security UserID="S-1-5-18">
    </Security>
  </System>
  <EventData>
    <Data Name="RuleName">Usermode</Data>
    <Data Name="UtcTime">2026-06-05 04:47:03.883</Data>
    <Data Name="ProcessGuid">AA26E6DE-54C5-6A22-CA00-000000001200</Data>
    <Data Name="ProcessId">8348</Data>
    <Data Name="Image">C:\Users\ligac\AppData\Local\Microsoft\OneDrive\26.084.0504.0007\OneDrive.Sync.Service.exe</Data>
    <Data Name="User">DESKTOP-LGT6HFQ\ligac</Data>
    <Data Name="Protocol">tcp</Data>
    <Data Name="Initiated">true</Data>
    <Data Name="SourceIsIpv6">false</Data>
    <Data Name="SourceIp">192.168.18.141</Data>
    <Data Name="SourceHostname">DESKTOP-LGT6HFQ.localdomain</Data>
    <Data Name="SourcePort">49697</Data>
    <Data Name="SourcePortName">-</Data>
    <Data Name="DestinationIsIpv6">false</Data>
    <Data Name="DestinationIp">104.46.162.225</Data>
    <Data Name="DestinationHostname">-</Data>
    <Data Name="DestinationPort">443</Data>
    <Data Name="DestinationPortName">https</Data>
  </EventData>
</Event>
Record 900
<?xml version="1.0" encoding="utf-8"?>
<Event xmlns="http://schemas.microsoft.com/win/2004/08/events/event">
  <System>
    <Provider Name="Microsoft-Windows-Sysmon" Guid="5770385F-C22A-43E0-BF4C-06F5698FFBD9">
    </Provider>
    <EventID>1</EventID>
    <Version>5</Version>
    <Level>4</Level>
    <Task>1</Task>
    <Opcode>0</Opcode>
    <Keywords>0x8000000000000000</Keywords>
    <TimeCreated SystemTime="2026-06-05T04:47:06.173792Z">
    </TimeCreated>
    <EventRecordID>900</EventRecordID>
    <Correlation>
    </Correlation>
    <Execution ProcessID="3124" ThreadID="3144">
    </Execution>
    <Channel>Microsoft-Windows-Sysmon/Operational</Channel>
    <Computer>DESKTOP-LGT6HFQ</Computer>
    <Security UserID="S-1-5-18">
    </Security>
  </System>
  <EventData>
    <Data Name="RuleName">-</Data>
    <Data Name="UtcTime">2026-06-05 04:47:06.053</Data>
    <Data Name="ProcessGuid">AA26E6DE-54CA-6A22-D900-000000001200</Data>
    <Data Name="ProcessId">9276</Data>
    <Data Name="Image">C:\Program Files (x86)\Microsoft\EdgeWebView\Application\148.0.3967.96\msedgewebview2.exe</Data>
    <Data Name="FileVersion">148.0.3967.96</Data>
    <Data Name="Description">Microsoft Edge WebView2</Data>
    <Data Name="Product">Microsoft Edge WebView2</Data>
    <Data Name="Company">Microsoft Corporation</Data>
    <Data Name="OriginalFileName">msedgewebview2.exe</Data>
    <Data Name="CommandLine">&quot;C:\Program Files (x86)\Microsoft\EdgeWebView\Application\148.0.3967.96\msedgewebview2.exe&quot; --type=gpu-process --noerrdialogs --user-data-dir=&quot;C:\Users\ligac\AppData\Local\Packages\Microsoft.MicrosoftOfficeHub_8wekyb3d8bbwe\LocalState\EBWebView&quot; --webview-exe-name=M365Copilot.exe --webview-exe-version=19.2605.59121.0 --embedded-browser-webview=1 --embedded-browser-webview-dpi-awareness=2 --gpu-preferences=SAAAAAAAAADgAAAEAAAAAAAAAAAAAGAAAQAAAAAAAAAAAAAAAAAAAAIAAAAAAAAAAAAAAAAAAAAQAAAAAAAAABAAAAAAAAAACAAAAAAAAAAIAAAAAAAAAA== --startup-read-main-dll --metrics-shmem-handle=1680,i,8709671449890759825,1581808544021121149,262144 --field-trial-handle=1952,i,14618696024775157890,4272247676749798958,262144 --enable-features=msSingleSignOnOSForPrimaryAccountIsShared --disable-features=msEnhancedTrackingPreventionEnabled --variations-seed-version --pseudonymization-salt-handle=1936,i,5110262822826659299,16049394193617974809,4 --trace-process-track-uuid=3190708988185955192 --mojo-platform-channel-handle=1948 /prefetch:2</Data>
    <Data Name="CurrentDirectory">C:\Program Files (x86)\Microsoft\EdgeWebView\Application\148.0.3967.96\</Data>
    <Data Name="User">DESKTOP-LGT6HFQ\ligac</Data>
    <Data Name="LogonGuid">AA26E6DE-54A9-6A22-C797-090000000000</Data>
    <Data Name="LogonId">0x997c7</Data>
    <Data Name="TerminalSessionId">1</Data>
    <Data Name="IntegrityLevel">Low</Data>
    <Data Name="Hashes">MD5=D4CCFD8B07E2EBD183E54B0E3F0C8571,SHA256=AAC9B39AE654DD0E50F9F8716217949BA8A6B70EC6EFFFE3FA83A43957D6855B,IMPHASH=733B9E748114EB977ABA1C874D8BFBC0</Data>
    <Data Name="ParentProcessGuid">AA26E6DE-54C8-6A22-D300-000000001200</Data>
    <Data Name="ParentProcessId">10948</Data>
    <Data Name="ParentImage">C:\Program Files (x86)\Microsoft\EdgeWebView\Application\148.0.3967.96\msedgewebview2.exe</Data>
    <Data Name="ParentCommandLine">&quot;C:\Program Files (x86)\Microsoft\EdgeWebView\Application\148.0.3967.96\msedgewebview2.exe&quot; --embedded-browser-webview=1 --webview-exe-name=M365Copilot.exe --webview-exe-version=19.2605.59121.0 --user-data-dir=&quot;C:\Users\ligac\AppData\Local\Packages\Microsoft.MicrosoftOfficeHub_8wekyb3d8bbwe\LocalState\EBWebView&quot; --noerrdialogs --embedded-browser-webview-dpi-awareness=2 --disable-features=msEnhancedTrackingPreventionEnabled --enable-features=msSingleSignOnOSForPrimaryAccountIsShared --mojo-named-platform-channel-pipe=10704.10936.2245840387156457433</Data>
    <Data Name="ParentUser">DESKTOP-LGT6HFQ\ligac</Data>
  </EventData>
</Event>
Record 901
<?xml version="1.0" encoding="utf-8"?>
<Event xmlns="http://schemas.microsoft.com/win/2004/08/events/event">
  <System>
    <Provider Name="Microsoft-Windows-Sysmon" Guid="5770385F-C22A-43E0-BF4C-06F5698FFBD9">
    </Provider>
    <EventID>1</EventID>
    <Version>5</Version>
    <Level>4</Level>
    <Task>1</Task>
    <Opcode>0</Opcode>
    <Keywords>0x8000000000000000</Keywords>
    <TimeCreated SystemTime="2026-06-05T04:47:06.174129Z">
    </TimeCreated>
    <EventRecordID>901</EventRecordID>
    <Correlation>
    </Correlation>
    <Execution ProcessID="3124" ThreadID="3144">
    </Execution>
    <Channel>Microsoft-Windows-Sysmon/Operational</Channel>
    <Computer>DESKTOP-LGT6HFQ</Computer>
    <Security UserID="S-1-5-18">
    </Security>
  </System>
  <EventData>
    <Data Name="RuleName">-</Data>
    <Data Name="UtcTime">2026-06-05 04:47:06.051</Data>
    <Data Name="ProcessGuid">AA26E6DE-54CA-6A22-D800-000000001200</Data>
    <Data Name="ProcessId">3672</Data>
    <Data Name="Image">C:\Program Files (x86)\Microsoft\EdgeWebView\Application\148.0.3967.96\msedgewebview2.exe</Data>
    <Data Name="FileVersion">148.0.3967.96</Data>
    <Data Name="Description">Microsoft Edge WebView2</Data>
    <Data Name="Product">Microsoft Edge WebView2</Data>
    <Data Name="Company">Microsoft Corporation</Data>
    <Data Name="OriginalFileName">msedgewebview2.exe</Data>
    <Data Name="CommandLine">&quot;C:\Program Files (x86)\Microsoft\EdgeWebView\Application\148.0.3967.96\msedgewebview2.exe&quot; --type=utility --utility-sub-type=network.mojom.NetworkService --lang=en-GB --service-sandbox-type=none --noerrdialogs --user-data-dir=&quot;C:\Users\ligac\AppData\Local\Packages\Microsoft.MicrosoftOfficeHub_8wekyb3d8bbwe\LocalState\EBWebView&quot; --webview-exe-name=M365Copilot.exe --webview-exe-version=19.2605.59121.0 --embedded-browser-webview=1 --embedded-browser-webview-dpi-awareness=2 --startup-read-main-dll --metrics-shmem-handle=1844,i,8055111325915218226,17601965536544606756,524288 --field-trial-handle=1952,i,14618696024775157890,4272247676749798958,262144 --enable-features=msSingleSignOnOSForPrimaryAccountIsShared --disable-features=msEnhancedTrackingPreventionEnabled --variations-seed-version --pseudonymization-salt-handle=1936,i,5110262822826659299,16049394193617974809,4 --trace-process-track-uuid=3190708989122997041 --mojo-platform-channel-handle=2152 /prefetch:3</Data>
    <Data Name="CurrentDirectory">C:\Program Files (x86)\Microsoft\EdgeWebView\Application\148.0.3967.96\</Data>
    <Data Name="User">DESKTOP-LGT6HFQ\ligac</Data>
    <Data Name="LogonGuid">AA26E6DE-54A9-6A22-C797-090000000000</Data>
    <Data Name="LogonId">0x997c7</Data>
    <Data Name="TerminalSessionId">1</Data>
    <Data Name="IntegrityLevel">Medium</Data>
    <Data Name="Hashes">MD5=D4CCFD8B07E2EBD183E54B0E3F0C8571,SHA256=AAC9B39AE654DD0E50F9F8716217949BA8A6B70EC6EFFFE3FA83A43957D6855B,IMPHASH=733B9E748114EB977ABA1C874D8BFBC0</Data>
    <Data Name="ParentProcessGuid">AA26E6DE-54C8-6A22-D300-000000001200</Data>
    <Data Name="ParentProcessId">10948</Data>
    <Data Name="ParentImage">C:\Program Files (x86)\Microsoft\EdgeWebView\Application\148.0.3967.96\msedgewebview2.exe</Data>
    <Data Name="ParentCommandLine">&quot;C:\Program Files (x86)\Microsoft\EdgeWebView\Application\148.0.3967.96\msedgewebview2.exe&quot; --embedded-browser-webview=1 --webview-exe-name=M365Copilot.exe --webview-exe-version=19.2605.59121.0 --user-data-dir=&quot;C:\Users\ligac\AppData\Local\Packages\Microsoft.MicrosoftOfficeHub_8wekyb3d8bbwe\LocalState\EBWebView&quot; --noerrdialogs --embedded-browser-webview-dpi-awareness=2 --disable-features=msEnhancedTrackingPreventionEnabled --enable-features=msSingleSignOnOSForPrimaryAccountIsShared --mojo-named-platform-channel-pipe=10704.10936.2245840387156457433</Data>
    <Data Name="ParentUser">DESKTOP-LGT6HFQ\ligac</Data>
  </EventData>
</Event>
Record 902
<?xml version="1.0" encoding="utf-8"?>
<Event xmlns="http://schemas.microsoft.com/win/2004/08/events/event">
  <System>
    <Provider Name="Microsoft-Windows-Sysmon" Guid="5770385F-C22A-43E0-BF4C-06F5698FFBD9">
    </Provider>
    <EventID>1</EventID>
    <Version>5</Version>
    <Level>4</Level>
    <Task>1</Task>
    <Opcode>0</Opcode>
    <Keywords>0x8000000000000000</Keywords>
    <TimeCreated SystemTime="2026-06-05T04:47:06.174705Z">
    </TimeCreated>
    <EventRecordID>902</EventRecordID>
    <Correlation>
    </Correlation>
    <Execution ProcessID="3124" ThreadID="3144">
    </Execution>
    <Channel>Microsoft-Windows-Sysmon/Operational</Channel>
    <Computer>DESKTOP-LGT6HFQ</Computer>
    <Security UserID="S-1-5-18">
    </Security>
  </System>
  <EventData>
    <Data Name="RuleName">-</Data>
    <Data Name="UtcTime">2026-06-05 04:47:06.083</Data>
    <Data Name="ProcessGuid">AA26E6DE-54CA-6A22-DA00-000000001200</Data>
    <Data Name="ProcessId">10384</Data>
    <Data Name="Image">C:\Program Files (x86)\Microsoft\EdgeWebView\Application\148.0.3967.96\msedgewebview2.exe</Data>
    <Data Name="FileVersion">148.0.3967.96</Data>
    <Data Name="Description">Microsoft Edge WebView2</Data>
    <Data Name="Product">Microsoft Edge WebView2</Data>
    <Data Name="Company">Microsoft Corporation</Data>
    <Data Name="OriginalFileName">msedgewebview2.exe</Data>
    <Data Name="CommandLine">&quot;C:\Program Files (x86)\Microsoft\EdgeWebView\Application\148.0.3967.96\msedgewebview2.exe&quot; --type=utility --utility-sub-type=storage.mojom.StorageService --lang=en-GB --service-sandbox-type=service --noerrdialogs --user-data-dir=&quot;C:\Users\ligac\AppData\Local\Packages\Microsoft.MicrosoftOfficeHub_8wekyb3d8bbwe\LocalState\EBWebView&quot; --webview-exe-name=M365Copilot.exe --webview-exe-version=19.2605.59121.0 --embedded-browser-webview=1 --embedded-browser-webview-dpi-awareness=2 --startup-read-main-dll --metrics-shmem-handle=2320,i,8198830724792101217,14928893711384990733,524288 --field-trial-handle=1952,i,14618696024775157890,4272247676749798958,262144 --enable-features=msSingleSignOnOSForPrimaryAccountIsShared --disable-features=msEnhancedTrackingPreventionEnabled --variations-seed-version --pseudonymization-salt-handle=1936,i,5110262822826659299,16049394193617974809,4 --trace-process-track-uuid=3190708990060038890 --mojo-platform-channel-handle=2332 /prefetch:8</Data>
    <Data Name="CurrentDirectory">C:\Program Files (x86)\Microsoft\EdgeWebView\Application\148.0.3967.96\</Data>
    <Data Name="User">DESKTOP-LGT6HFQ\ligac</Data>
    <Data Name="LogonGuid">AA26E6DE-54A9-6A22-C797-090000000000</Data>
    <Data Name="LogonId">0x997c7</Data>
    <Data Name="TerminalSessionId">1</Data>
    <Data Name="IntegrityLevel">Low</Data>
    <Data Name="Hashes">MD5=D4CCFD8B07E2EBD183E54B0E3F0C8571,SHA256=AAC9B39AE654DD0E50F9F8716217949BA8A6B70EC6EFFFE3FA83A43957D6855B,IMPHASH=733B9E748114EB977ABA1C874D8BFBC0</Data>
    <Data Name="ParentProcessGuid">AA26E6DE-54C8-6A22-D300-000000001200</Data>
    <Data Name="ParentProcessId">10948</Data>
    <Data Name="ParentImage">C:\Program Files (x86)\Microsoft\EdgeWebView\Application\148.0.3967.96\msedgewebview2.exe</Data>
    <Data Name="ParentCommandLine">&quot;C:\Program Files (x86)\Microsoft\EdgeWebView\Application\148.0.3967.96\msedgewebview2.exe&quot; --embedded-browser-webview=1 --webview-exe-name=M365Copilot.exe --webview-exe-version=19.2605.59121.0 --user-data-dir=&quot;C:\Users\ligac\AppData\Local\Packages\Microsoft.MicrosoftOfficeHub_8wekyb3d8bbwe\LocalState\EBWebView&quot; --noerrdialogs --embedded-browser-webview-dpi-awareness=2 --disable-features=msEnhancedTrackingPreventionEnabled --enable-features=msSingleSignOnOSForPrimaryAccountIsShared --mojo-named-platform-channel-pipe=10704.10936.2245840387156457433</Data>
    <Data Name="ParentUser">DESKTOP-LGT6HFQ\ligac</Data>
  </EventData>
</Event>
Record 903
<?xml version="1.0" encoding="utf-8"?>
<Event xmlns="http://schemas.microsoft.com/win/2004/08/events/event">
  <System>
    <Provider Name="Microsoft-Windows-Sysmon" Guid="5770385F-C22A-43E0-BF4C-06F5698FFBD9">
    </Provider>
    <EventID>1</EventID>
    <Version>5</Version>
    <Level>4</Level>
    <Task>1</Task>
    <Opcode>0</Opcode>
    <Keywords>0x8000000000000000</Keywords>
    <TimeCreated SystemTime="2026-06-05T04:47:06.397699Z">
    </TimeCreated>
    <EventRecordID>903</EventRecordID>
    <Correlation>
    </Correlation>
    <Execution ProcessID="3124" ThreadID="3144">
    </Execution>
    <Channel>Microsoft-Windows-Sysmon/Operational</Channel>
    <Computer>DESKTOP-LGT6HFQ</Computer>
    <Security UserID="S-1-5-18">
    </Security>
  </System>
  <EventData>
    <Data Name="RuleName">-</Data>
    <Data Name="UtcTime">2026-06-05 04:47:06.300</Data>
    <Data Name="ProcessGuid">AA26E6DE-54CA-6A22-DB00-000000001200</Data>
    <Data Name="ProcessId">10088</Data>
    <Data Name="Image">C:\Program Files (x86)\Microsoft\EdgeWebView\Application\148.0.3967.96\msedgewebview2.exe</Data>
    <Data Name="FileVersion">148.0.3967.96</Data>
    <Data Name="Description">Microsoft Edge WebView2</Data>
    <Data Name="Product">Microsoft Edge WebView2</Data>
    <Data Name="Company">Microsoft Corporation</Data>
    <Data Name="OriginalFileName">msedgewebview2.exe</Data>
    <Data Name="CommandLine">&quot;C:\Program Files (x86)\Microsoft\EdgeWebView\Application\148.0.3967.96\msedgewebview2.exe&quot; --type=renderer --noerrdialogs --user-data-dir=&quot;C:\Users\ligac\AppData\Local\Packages\Microsoft.MicrosoftOfficeHub_8wekyb3d8bbwe\LocalState\EBWebView&quot; --webview-exe-name=M365Copilot.exe --webview-exe-version=19.2605.59121.0 --embedded-browser-webview=1 --embedded-browser-webview-dpi-awareness=2 --video-capture-use-gpu-memory-buffer --lang=en-GB --device-scale-factor=1 --num-raster-threads=1 --renderer-client-id=5 --js-flags=&quot;--expose-gc --ms-user-locale=en_MY&quot; --time-ticks-at-unix-epoch=-1780634772928335 --launch-time-ticks=53367896 --ssd-no-pressure-read-main-dll --metrics-shmem-handle=3640,i,14348895621031836814,3035514518415649583,2097152 --field-trial-handle=1952,i,14618696024775157890,4272247676749798958,262144 --enable-features=msSingleSignOnOSForPrimaryAccountIsShared --disable-features=msEnhancedTrackingPreventionEnabled --variations-seed-version --pseudonymization-salt-handle=1936,i,5110262822826659299,16049394193617974809,4 --trace-process-track-uuid=3190708990997080739 --mojo-platform-channel-handle=3664 /prefetch:1</Data>
    <Data Name="CurrentDirectory">C:\Program Files (x86)\Microsoft\EdgeWebView\Application\148.0.3967.96\</Data>
    <Data Name="User">DESKTOP-LGT6HFQ\ligac</Data>
    <Data Name="LogonGuid">AA26E6DE-54A9-6A22-C797-090000000000</Data>
    <Data Name="LogonId">0x997c7</Data>
    <Data Name="TerminalSessionId">1</Data>
    <Data Name="IntegrityLevel">Low</Data>
    <Data Name="Hashes">MD5=D4CCFD8B07E2EBD183E54B0E3F0C8571,SHA256=AAC9B39AE654DD0E50F9F8716217949BA8A6B70EC6EFFFE3FA83A43957D6855B,IMPHASH=733B9E748114EB977ABA1C874D8BFBC0</Data>
    <Data Name="ParentProcessGuid">AA26E6DE-54C8-6A22-D300-000000001200</Data>
    <Data Name="ParentProcessId">10948</Data>
    <Data Name="ParentImage">C:\Program Files (x86)\Microsoft\EdgeWebView\Application\148.0.3967.96\msedgewebview2.exe</Data>
    <Data Name="ParentCommandLine">&quot;C:\Program Files (x86)\Microsoft\EdgeWebView\Application\148.0.3967.96\msedgewebview2.exe&quot; --embedded-browser-webview=1 --webview-exe-name=M365Copilot.exe --webview-exe-version=19.2605.59121.0 --user-data-dir=&quot;C:\Users\ligac\AppData\Local\Packages\Microsoft.MicrosoftOfficeHub_8wekyb3d8bbwe\LocalState\EBWebView&quot; --noerrdialogs --embedded-browser-webview-dpi-awareness=2 --disable-features=msEnhancedTrackingPreventionEnabled --enable-features=msSingleSignOnOSForPrimaryAccountIsShared --mojo-named-platform-channel-pipe=10704.10936.2245840387156457433</Data>
    <Data Name="ParentUser">DESKTOP-LGT6HFQ\ligac</Data>
  </EventData>
</Event>
Record 904
<?xml version="1.0" encoding="utf-8"?>
<Event xmlns="http://schemas.microsoft.com/win/2004/08/events/event">
  <System>
    <Provider Name="Microsoft-Windows-Sysmon" Guid="5770385F-C22A-43E0-BF4C-06F5698FFBD9">
    </Provider>
    <EventID>1</EventID>
    <Version>5</Version>
    <Level>4</Level>
    <Task>1</Task>
    <Opcode>0</Opcode>
    <Keywords>0x8000000000000000</Keywords>
    <TimeCreated SystemTime="2026-06-05T04:47:07.030583Z">
    </TimeCreated>
    <EventRecordID>904</EventRecordID>
    <Correlation>
    </Correlation>
    <Execution ProcessID="3124" ThreadID="3144">
    </Execution>
    <Channel>Microsoft-Windows-Sysmon/Operational</Channel>
    <Computer>DESKTOP-LGT6HFQ</Computer>
    <Security UserID="S-1-5-18">
    </Security>
  </System>
  <EventData>
    <Data Name="RuleName">-</Data>
    <Data Name="UtcTime">2026-06-05 04:47:07.003</Data>
    <Data Name="ProcessGuid">AA26E6DE-54CB-6A22-DC00-000000001200</Data>
    <Data Name="ProcessId">11304</Data>
    <Data Name="Image">C:\Windows\System32\cmd.exe</Data>
    <Data Name="FileVersion">10.0.19041.4355 (WinBuild.160101.0800)</Data>
    <Data Name="Description">Windows Command Processor</Data>
    <Data Name="Product">Microsoft® Windows® Operating System</Data>
    <Data Name="Company">Microsoft Corporation</Data>
    <Data Name="OriginalFileName">Cmd.Exe</Data>
    <Data Name="CommandLine">C:\Windows\system32\cmd.exe /c &quot;&quot;C:\ProgramData\Microsoft\Windows\Start Menu\Programs\StartUp\ShowIP.bat&quot; &quot;</Data>
    <Data Name="CurrentDirectory">C:\Windows\system32\</Data>
    <Data Name="User">DESKTOP-LGT6HFQ\ligac</Data>
    <Data Name="LogonGuid">AA26E6DE-54A9-6A22-C797-090000000000</Data>
    <Data Name="LogonId">0x997c7</Data>
    <Data Name="TerminalSessionId">1</Data>
    <Data Name="IntegrityLevel">Medium</Data>
    <Data Name="Hashes">MD5=2B40C98ED0F7A1D3B091A3E8353132DC,SHA256=BADF4752413CB0CBDC03FB95820CA167F0CDC63B597CCDB5EF43111180E088B0,IMPHASH=272245E2988E1E430500B852C4FB5E18</Data>
    <Data Name="ParentProcessGuid">AA26E6DE-54AB-6A22-9500-000000001200</Data>
    <Data Name="ParentProcessId">6984</Data>
    <Data Name="ParentImage">C:\Windows\explorer.exe</Data>
    <Data Name="ParentCommandLine">C:\Windows\Explorer.EXE</Data>
    <Data Name="ParentUser">DESKTOP-LGT6HFQ\ligac</Data>
  </EventData>
</Event>
Record 905
<?xml version="1.0" encoding="utf-8"?>
<Event xmlns="http://schemas.microsoft.com/win/2004/08/events/event">
  <System>
    <Provider Name="Microsoft-Windows-Sysmon" Guid="5770385F-C22A-43E0-BF4C-06F5698FFBD9">
    </Provider>
    <EventID>1</EventID>
    <Version>5</Version>
    <Level>4</Level>
    <Task>1</Task>
    <Opcode>0</Opcode>
    <Keywords>0x8000000000000000</Keywords>
    <TimeCreated SystemTime="2026-06-05T04:47:07.225510Z">
    </TimeCreated>
    <EventRecordID>905</EventRecordID>
    <Correlation>
    </Correlation>
    <Execution ProcessID="3124" ThreadID="3144">
    </Execution>
    <Channel>Microsoft-Windows-Sysmon/Operational</Channel>
    <Computer>DESKTOP-LGT6HFQ</Computer>
    <Security UserID="S-1-5-18">
    </Security>
  </System>
  <EventData>
    <Data Name="RuleName">-</Data>
    <Data Name="UtcTime">2026-06-05 04:47:07.209</Data>
    <Data Name="ProcessGuid">AA26E6DE-54CB-6A22-DF00-000000001200</Data>
    <Data Name="ProcessId">11404</Data>
    <Data Name="Image">C:\Windows\System32\cmd.exe</Data>
    <Data Name="FileVersion">10.0.19041.4355 (WinBuild.160101.0800)</Data>
    <Data Name="Description">Windows Command Processor</Data>
    <Data Name="Product">Microsoft® Windows® Operating System</Data>
    <Data Name="Company">Microsoft Corporation</Data>
    <Data Name="OriginalFileName">Cmd.Exe</Data>
    <Data Name="CommandLine">C:\Windows\system32\cmd.exe /c ipconfig | findstr /i &quot;IPv4&quot;</Data>
    <Data Name="CurrentDirectory">C:\Windows\system32\</Data>
    <Data Name="User">DESKTOP-LGT6HFQ\ligac</Data>
    <Data Name="LogonGuid">AA26E6DE-54A9-6A22-C797-090000000000</Data>
    <Data Name="LogonId">0x997c7</Data>
    <Data Name="TerminalSessionId">1</Data>
    <Data Name="IntegrityLevel">Medium</Data>
    <Data Name="Hashes">MD5=2B40C98ED0F7A1D3B091A3E8353132DC,SHA256=BADF4752413CB0CBDC03FB95820CA167F0CDC63B597CCDB5EF43111180E088B0,IMPHASH=272245E2988E1E430500B852C4FB5E18</Data>
    <Data Name="ParentProcessGuid">AA26E6DE-54CB-6A22-DC00-000000001200</Data>
    <Data Name="ParentProcessId">11304</Data>
    <Data Name="ParentImage">C:\Windows\System32\cmd.exe</Data>
    <Data Name="ParentCommandLine">C:\Windows\system32\cmd.exe /c &quot;&quot;C:\ProgramData\Microsoft\Windows\Start Menu\Programs\StartUp\ShowIP.bat&quot; &quot;</Data>
    <Data Name="ParentUser">DESKTOP-LGT6HFQ\ligac</Data>
  </EventData>
</Event>
Record 906
<?xml version="1.0" encoding="utf-8"?>
<Event xmlns="http://schemas.microsoft.com/win/2004/08/events/event">
  <System>
    <Provider Name="Microsoft-Windows-Sysmon" Guid="5770385F-C22A-43E0-BF4C-06F5698FFBD9">
    </Provider>
    <EventID>1</EventID>
    <Version>5</Version>
    <Level>4</Level>
    <Task>1</Task>
    <Opcode>0</Opcode>
    <Keywords>0x8000000000000000</Keywords>
    <TimeCreated SystemTime="2026-06-05T04:47:07.269239Z">
    </TimeCreated>
    <EventRecordID>906</EventRecordID>
    <Correlation>
    </Correlation>
    <Execution ProcessID="3124" ThreadID="3144">
    </Execution>
    <Channel>Microsoft-Windows-Sysmon/Operational</Channel>
    <Computer>DESKTOP-LGT6HFQ</Computer>
    <Security UserID="S-1-5-18">
    </Security>
  </System>
  <EventData>
    <Data Name="RuleName">-</Data>
    <Data Name="UtcTime">2026-06-05 04:47:07.254</Data>
    <Data Name="ProcessGuid">AA26E6DE-54CB-6A22-E000-000000001200</Data>
    <Data Name="ProcessId">11444</Data>
    <Data Name="Image">C:\Windows\System32\ipconfig.exe</Data>
    <Data Name="FileVersion">10.0.19041.1 (WinBuild.160101.0800)</Data>
    <Data Name="Description">IP Configuration Utility</Data>
    <Data Name="Product">Microsoft® Windows® Operating System</Data>
    <Data Name="Company">Microsoft Corporation</Data>
    <Data Name="OriginalFileName">ipconfig.exe</Data>
    <Data Name="CommandLine">ipconfig  </Data>
    <Data Name="CurrentDirectory">C:\Windows\system32\</Data>
    <Data Name="User">DESKTOP-LGT6HFQ\ligac</Data>
    <Data Name="LogonGuid">AA26E6DE-54A9-6A22-C797-090000000000</Data>
    <Data Name="LogonId">0x997c7</Data>
    <Data Name="TerminalSessionId">1</Data>
    <Data Name="IntegrityLevel">Medium</Data>
    <Data Name="Hashes">MD5=62F170FB07FDBB79CEB7147101406EB8,SHA256=53E000F5AA9B3A00934319DB8080BB99CB323BF48FC628A64F75D7847C265606,IMPHASH=1002D523645A81BC52877D82D9E88417</Data>
    <Data Name="ParentProcessGuid">AA26E6DE-54CB-6A22-DF00-000000001200</Data>
    <Data Name="ParentProcessId">11404</Data>
    <Data Name="ParentImage">C:\Windows\System32\cmd.exe</Data>
    <Data Name="ParentCommandLine">C:\Windows\system32\cmd.exe /c ipconfig | findstr /i &quot;IPv4&quot;</Data>
    <Data Name="ParentUser">DESKTOP-LGT6HFQ\ligac</Data>
  </EventData>
</Event>
Record 907
<?xml version="1.0" encoding="utf-8"?>
<Event xmlns="http://schemas.microsoft.com/win/2004/08/events/event">
  <System>
    <Provider Name="Microsoft-Windows-Sysmon" Guid="5770385F-C22A-43E0-BF4C-06F5698FFBD9">
    </Provider>
    <EventID>1</EventID>
    <Version>5</Version>
    <Level>4</Level>
    <Task>1</Task>
    <Opcode>0</Opcode>
    <Keywords>0x8000000000000000</Keywords>
    <TimeCreated SystemTime="2026-06-05T04:47:07.269692Z">
    </TimeCreated>
    <EventRecordID>907</EventRecordID>
    <Correlation>
    </Correlation>
    <Execution ProcessID="3124" ThreadID="3144">
    </Execution>
    <Channel>Microsoft-Windows-Sysmon/Operational</Channel>
    <Computer>DESKTOP-LGT6HFQ</Computer>
    <Security UserID="S-1-5-18">
    </Security>
  </System>
  <EventData>
    <Data Name="RuleName">-</Data>
    <Data Name="UtcTime">2026-06-05 04:47:07.265</Data>
    <Data Name="ProcessGuid">AA26E6DE-54CB-6A22-E100-000000001200</Data>
    <Data Name="ProcessId">11452</Data>
    <Data Name="Image">C:\Windows\System32\findstr.exe</Data>
    <Data Name="FileVersion">10.0.19041.1 (WinBuild.160101.0800)</Data>
    <Data Name="Description">Find String (QGREP) Utility</Data>
    <Data Name="Product">Microsoft® Windows® Operating System</Data>
    <Data Name="Company">Microsoft Corporation</Data>
    <Data Name="OriginalFileName">FINDSTR.EXE</Data>
    <Data Name="CommandLine">findstr  /i &quot;IPv4&quot;</Data>
    <Data Name="CurrentDirectory">C:\Windows\system32\</Data>
    <Data Name="User">DESKTOP-LGT6HFQ\ligac</Data>
    <Data Name="LogonGuid">AA26E6DE-54A9-6A22-C797-090000000000</Data>
    <Data Name="LogonId">0x997c7</Data>
    <Data Name="TerminalSessionId">1</Data>
    <Data Name="IntegrityLevel">Medium</Data>
    <Data Name="Hashes">MD5=804A6AE28E88689E0CF1946A6CB3FEE5,SHA256=B29BE6DA54121F5D9350C545ECECCE26F30A7F209CE0D9AAEA8E00C27DDA27A2,IMPHASH=A27641A39DA5A6B0717E06BA00E56B7F</Data>
    <Data Name="ParentProcessGuid">AA26E6DE-54CB-6A22-DF00-000000001200</Data>
    <Data Name="ParentProcessId">11404</Data>
    <Data Name="ParentImage">C:\Windows\System32\cmd.exe</Data>
    <Data Name="ParentCommandLine">C:\Windows\system32\cmd.exe /c ipconfig | findstr /i &quot;IPv4&quot;</Data>
    <Data Name="ParentUser">DESKTOP-LGT6HFQ\ligac</Data>
  </EventData>
</Event>
Record 908
<?xml version="1.0" encoding="utf-8"?>
<Event xmlns="http://schemas.microsoft.com/win/2004/08/events/event">
  <System>
    <Provider Name="Microsoft-Windows-Sysmon" Guid="5770385F-C22A-43E0-BF4C-06F5698FFBD9">
    </Provider>
    <EventID>5</EventID>
    <Version>3</Version>
    <Level>4</Level>
    <Task>5</Task>
    <Opcode>0</Opcode>
    <Keywords>0x8000000000000000</Keywords>
    <TimeCreated SystemTime="2026-06-05T04:47:07.360883Z">
    </TimeCreated>
    <EventRecordID>908</EventRecordID>
    <Correlation>
    </Correlation>
    <Execution ProcessID="3124" ThreadID="3144">
    </Execution>
    <Channel>Microsoft-Windows-Sysmon/Operational</Channel>
    <Computer>DESKTOP-LGT6HFQ</Computer>
    <Security UserID="S-1-5-18">
    </Security>
  </System>
  <EventData>
    <Data Name="RuleName">-</Data>
    <Data Name="UtcTime">2026-06-05 04:47:07.351</Data>
    <Data Name="ProcessGuid">AA26E6DE-54C5-6A22-C800-000000001200</Data>
    <Data Name="ProcessId">10152</Data>
    <Data Name="Image">C:\Users\ligac\AppData\Local\Microsoft\OneDrive\26.084.0504.0007\FileCoAuth.exe</Data>
    <Data Name="User">DESKTOP-LGT6HFQ\ligac</Data>
  </EventData>
</Event>
Record 909
<?xml version="1.0" encoding="utf-8"?>
<Event xmlns="http://schemas.microsoft.com/win/2004/08/events/event">
  <System>
    <Provider Name="Microsoft-Windows-Sysmon" Guid="5770385F-C22A-43E0-BF4C-06F5698FFBD9">
    </Provider>
    <EventID>22</EventID>
    <Version>5</Version>
    <Level>4</Level>
    <Task>22</Task>
    <Opcode>0</Opcode>
    <Keywords>0x8000000000000000</Keywords>
    <TimeCreated SystemTime="2026-06-05T04:47:07.884774Z">
    </TimeCreated>
    <EventRecordID>909</EventRecordID>
    <Correlation>
    </Correlation>
    <Execution ProcessID="3124" ThreadID="5188">
    </Execution>
    <Channel>Microsoft-Windows-Sysmon/Operational</Channel>
    <Computer>DESKTOP-LGT6HFQ</Computer>
    <Security UserID="S-1-5-18">
    </Security>
  </System>
  <EventData>
    <Data Name="RuleName">-</Data>
    <Data Name="UtcTime">2026-06-05 04:47:07.606</Data>
    <Data Name="ProcessGuid">AA26E6DE-54C5-6A22-CA00-000000001200</Data>
    <Data Name="ProcessId">8348</Data>
    <Data Name="QueryName">ecs.office.com</Data>
    <Data Name="QueryStatus">0</Data>
    <Data Name="QueryResults">type:  5 ecs.office.trafficmanager.net;type:  5 dual-s-0005-office.config.skype.com;type:  5 ecs-office.s-0005.dual-s-msedge.net;type:  5 s-0005.dual-s-msedge.net;::ffff:52.123.128.14;::ffff:52.123.129.14;</Data>
    <Data Name="Image">C:\Users\ligac\AppData\Local\Microsoft\OneDrive\26.084.0504.0007\OneDrive.Sync.Service.exe</Data>
    <Data Name="User">DESKTOP-LGT6HFQ\ligac</Data>
  </EventData>
</Event>
Record 910
<?xml version="1.0" encoding="utf-8"?>
<Event xmlns="http://schemas.microsoft.com/win/2004/08/events/event">
  <System>
    <Provider Name="Microsoft-Windows-Sysmon" Guid="5770385F-C22A-43E0-BF4C-06F5698FFBD9">
    </Provider>
    <EventID>11</EventID>
    <Version>2</Version>
    <Level>4</Level>
    <Task>11</Task>
    <Opcode>0</Opcode>
    <Keywords>0x8000000000000000</Keywords>
    <TimeCreated SystemTime="2026-06-05T04:47:08.166019Z">
    </TimeCreated>
    <EventRecordID>910</EventRecordID>
    <Correlation>
    </Correlation>
    <Execution ProcessID="3124" ThreadID="3144">
    </Execution>
    <Channel>Microsoft-Windows-Sysmon/Operational</Channel>
    <Computer>DESKTOP-LGT6HFQ</Computer>
    <Security UserID="S-1-5-18">
    </Security>
  </System>
  <EventData>
    <Data Name="RuleName">-</Data>
    <Data Name="UtcTime">2026-06-05 04:47:08.164</Data>
    <Data Name="ProcessGuid">AA26E6DE-549D-6A22-0C00-000000001200</Data>
    <Data Name="ProcessId">676</Data>
    <Data Name="Image">C:\Windows\system32\WerFault.exe</Data>
    <Data Name="TargetFilename">C:\ProgramData\Microsoft\Windows\WER\ReportQueue\Kernel_124_c954ba2adb681b8e55ceb3ea84f7732c58a81f2_00000000_5d01f60e-3d6d-4105-a457-76e7d155d2ad\060526-8890-01.dmp</Data>
    <Data Name="CreationUtcTime">2026-06-05 04:47:08.148</Data>
    <Data Name="User">NT AUTHORITY\SYSTEM</Data>
  </EventData>
</Event>
Record 911
<?xml version="1.0" encoding="utf-8"?>
<Event xmlns="http://schemas.microsoft.com/win/2004/08/events/event">
  <System>
    <Provider Name="Microsoft-Windows-Sysmon" Guid="5770385F-C22A-43E0-BF4C-06F5698FFBD9">
    </Provider>
    <EventID>1</EventID>
    <Version>5</Version>
    <Level>4</Level>
    <Task>1</Task>
    <Opcode>0</Opcode>
    <Keywords>0x8000000000000000</Keywords>
    <TimeCreated SystemTime="2026-06-05T04:47:08.254321Z">
    </TimeCreated>
    <EventRecordID>911</EventRecordID>
    <Correlation>
    </Correlation>
    <Execution ProcessID="3124" ThreadID="3144">
    </Execution>
    <Channel>Microsoft-Windows-Sysmon/Operational</Channel>
    <Computer>DESKTOP-LGT6HFQ</Computer>
    <Security UserID="S-1-5-18">
    </Security>
  </System>
  <EventData>
    <Data Name="RuleName">-</Data>
    <Data Name="UtcTime">2026-06-05 04:47:08.251</Data>
    <Data Name="ProcessGuid">AA26E6DE-54CC-6A22-E300-000000001200</Data>
    <Data Name="ProcessId">11648</Data>
    <Data Name="Image">C:\Windows\System32\wermgr.exe</Data>
    <Data Name="FileVersion">10.0.19041.5794 (WinBuild.160101.0800)</Data>
    <Data Name="Description">Windows Problem Reporting</Data>
    <Data Name="Product">Microsoft® Windows® Operating System</Data>
    <Data Name="Company">Microsoft Corporation</Data>
    <Data Name="OriginalFileName">WerMgr</Data>
    <Data Name="CommandLine">&quot;C:\Windows\system32\wermgr.exe&quot; -upload</Data>
    <Data Name="CurrentDirectory">C:\Windows\system32\</Data>
    <Data Name="User">NT AUTHORITY\SYSTEM</Data>
    <Data Name="LogonGuid">AA26E6DE-549D-6A22-E703-000000000000</Data>
    <Data Name="LogonId">0x3e7</Data>
    <Data Name="TerminalSessionId">0</Data>
    <Data Name="IntegrityLevel">System</Data>
    <Data Name="Hashes">MD5=250C58FBA93500526A03D5B526E48B3C,SHA256=284F38524C26F39B1DD788210E7310C8DF99EFE8A420A031DC42247E75FC646E,IMPHASH=69C608216376CA2D62C0C27FB0B423E6</Data>
    <Data Name="ParentProcessGuid">AA26E6DE-549E-6A22-1900-000000001200</Data>
    <Data Name="ParentProcessId">1128</Data>
    <Data Name="ParentImage">C:\Windows\System32\svchost.exe</Data>
    <Data Name="ParentCommandLine">C:\Windows\system32\svchost.exe -k netsvcs -p -s Schedule</Data>
    <Data Name="ParentUser">NT AUTHORITY\SYSTEM</Data>
  </EventData>
</Event>
Record 912
<?xml version="1.0" encoding="utf-8"?>
<Event xmlns="http://schemas.microsoft.com/win/2004/08/events/event">
  <System>
    <Provider Name="Microsoft-Windows-Sysmon" Guid="5770385F-C22A-43E0-BF4C-06F5698FFBD9">
    </Provider>
    <EventID>3</EventID>
    <Version>5</Version>
    <Level>4</Level>
    <Task>3</Task>
    <Opcode>0</Opcode>
    <Keywords>0x8000000000000000</Keywords>
    <TimeCreated SystemTime="2026-06-05T04:47:08.696089Z">
    </TimeCreated>
    <EventRecordID>912</EventRecordID>
    <Correlation>
    </Correlation>
    <Execution ProcessID="3124" ThreadID="3316">
    </Execution>
    <Channel>Microsoft-Windows-Sysmon/Operational</Channel>
    <Computer>DESKTOP-LGT6HFQ</Computer>
    <Security UserID="S-1-5-18">
    </Security>
  </System>
  <EventData>
    <Data Name="RuleName">Usermode</Data>
    <Data Name="UtcTime">2026-06-05 04:47:07.607</Data>
    <Data Name="ProcessGuid">AA26E6DE-54C5-6A22-CA00-000000001200</Data>
    <Data Name="ProcessId">8348</Data>
    <Data Name="Image">C:\Users\ligac\AppData\Local\Microsoft\OneDrive\26.084.0504.0007\OneDrive.Sync.Service.exe</Data>
    <Data Name="User">DESKTOP-LGT6HFQ\ligac</Data>
    <Data Name="Protocol">tcp</Data>
    <Data Name="Initiated">true</Data>
    <Data Name="SourceIsIpv6">false</Data>
    <Data Name="SourceIp">192.168.18.141</Data>
    <Data Name="SourceHostname">DESKTOP-LGT6HFQ.localdomain</Data>
    <Data Name="SourcePort">49701</Data>
    <Data Name="SourcePortName">-</Data>
    <Data Name="DestinationIsIpv6">false</Data>
    <Data Name="DestinationIp">52.123.128.14</Data>
    <Data Name="DestinationHostname">-</Data>
    <Data Name="DestinationPort">443</Data>
    <Data Name="DestinationPortName">https</Data>
  </EventData>
</Event>
Record 913
<?xml version="1.0" encoding="utf-8"?>
<Event xmlns="http://schemas.microsoft.com/win/2004/08/events/event">
  <System>
    <Provider Name="Microsoft-Windows-Sysmon" Guid="5770385F-C22A-43E0-BF4C-06F5698FFBD9">
    </Provider>
    <EventID>22</EventID>
    <Version>5</Version>
    <Level>4</Level>
    <Task>22</Task>
    <Opcode>0</Opcode>
    <Keywords>0x8000000000000000</Keywords>
    <TimeCreated SystemTime="2026-06-05T04:47:08.899032Z">
    </TimeCreated>
    <EventRecordID>913</EventRecordID>
    <Correlation>
    </Correlation>
    <Execution ProcessID="3124" ThreadID="5188">
    </Execution>
    <Channel>Microsoft-Windows-Sysmon/Operational</Channel>
    <Computer>DESKTOP-LGT6HFQ</Computer>
    <Security UserID="S-1-5-18">
    </Security>
  </System>
  <EventData>
    <Data Name="RuleName">-</Data>
    <Data Name="UtcTime">2026-06-05 04:47:07.818</Data>
    <Data Name="ProcessGuid">AA26E6DE-54B7-6A22-B600-000000001200</Data>
    <Data Name="ProcessId">8488</Data>
    <Data Name="QueryName">oneclient.sfx.ms</Data>
    <Data Name="QueryStatus">0</Data>
    <Data Name="QueryResults">type:  5 oneclient.sfx.ms.edgesuite.net;type:  5 a124.dscd.akamai.net;::ffff:203.106.85.145;::ffff:203.106.85.137;</Data>
    <Data Name="Image">C:\Windows\System32\svchost.exe</Data>
    <Data Name="User">NT AUTHORITY\SYSTEM</Data>
  </EventData>
</Event>
Record 914
<?xml version="1.0" encoding="utf-8"?>
<Event xmlns="http://schemas.microsoft.com/win/2004/08/events/event">
  <System>
    <Provider Name="Microsoft-Windows-Sysmon" Guid="5770385F-C22A-43E0-BF4C-06F5698FFBD9">
    </Provider>
    <EventID>22</EventID>
    <Version>5</Version>
    <Level>4</Level>
    <Task>22</Task>
    <Opcode>0</Opcode>
    <Keywords>0x8000000000000000</Keywords>
    <TimeCreated SystemTime="2026-06-05T04:47:14.945887Z">
    </TimeCreated>
    <EventRecordID>914</EventRecordID>
    <Correlation>
    </Correlation>
    <Execution ProcessID="3124" ThreadID="5188">
    </Execution>
    <Channel>Microsoft-Windows-Sysmon/Operational</Channel>
    <Computer>DESKTOP-LGT6HFQ</Computer>
    <Security UserID="S-1-5-18">
    </Security>
  </System>
  <EventData>
    <Data Name="RuleName">-</Data>
    <Data Name="UtcTime">2026-06-05 04:47:13.931</Data>
    <Data Name="ProcessGuid">AA26E6DE-54CA-6A22-D800-000000001200</Data>
    <Data Name="ProcessId">3672</Data>
    <Data Name="QueryName">wpad</Data>
    <Data Name="QueryStatus">1460</Data>
    <Data Name="QueryResults">-</Data>
    <Data Name="Image">C:\Program Files (x86)\Microsoft\EdgeWebView\Application\148.0.3967.96\msedgewebview2.exe</Data>
    <Data Name="User">DESKTOP-LGT6HFQ\ligac</Data>
  </EventData>
</Event>
Record 915
<?xml version="1.0" encoding="utf-8"?>
<Event xmlns="http://schemas.microsoft.com/win/2004/08/events/event">
  <System>
    <Provider Name="Microsoft-Windows-Sysmon" Guid="5770385F-C22A-43E0-BF4C-06F5698FFBD9">
    </Provider>
    <EventID>22</EventID>
    <Version>5</Version>
    <Level>4</Level>
    <Task>22</Task>
    <Opcode>0</Opcode>
    <Keywords>0x8000000000000000</Keywords>
    <TimeCreated SystemTime="2026-06-05T04:47:25.008552Z">
    </TimeCreated>
    <EventRecordID>915</EventRecordID>
    <Correlation>
    </Correlation>
    <Execution ProcessID="3124" ThreadID="5188">
    </Execution>
    <Channel>Microsoft-Windows-Sysmon/Operational</Channel>
    <Computer>DESKTOP-LGT6HFQ</Computer>
    <Security UserID="S-1-5-18">
    </Security>
  </System>
  <EventData>
    <Data Name="RuleName">-</Data>
    <Data Name="UtcTime">2026-06-05 04:47:23.060</Data>
    <Data Name="ProcessGuid">AA26E6DE-549F-6A22-2F00-000000001200</Data>
    <Data Name="ProcessId">1976</Data>
    <Data Name="QueryName">oneclient.sfx.ms</Data>
    <Data Name="QueryStatus">0</Data>
    <Data Name="QueryResults">type:  5 oneclient.sfx.ms.edgesuite.net;type:  5 a124.dscd.akamai.net;203.106.85.137;203.106.85.145;</Data>
    <Data Name="Image">C:\Windows\System32\svchost.exe</Data>
    <Data Name="User">NT AUTHORITY\NETWORK SERVICE</Data>
  </EventData>
</Event>
