Record 21
<?xml version="1.0" encoding="utf-8"?>
<Event xmlns="http://schemas.microsoft.com/win/2004/08/events/event">
  <System>
    <Provider Name="Microsoft-Windows-Sysmon" Guid="5770385F-C22A-43E0-BF4C-06F5698FFBD9">
    </Provider>
    <EventID>1</EventID>
    <Version>5</Version>
    <Level>4</Level>
    <Task>1</Task>
    <Opcode>0</Opcode>
    <Keywords>0x8000000000000000</Keywords>
    <TimeCreated SystemTime="2026-06-05T04:29:31.616089Z">
    </TimeCreated>
    <EventRecordID>21</EventRecordID>
    <Correlation>
    </Correlation>
    <Execution ProcessID="10504" ThreadID="6648">
    </Execution>
    <Channel>Microsoft-Windows-Sysmon/Operational</Channel>
    <Computer>DESKTOP-LGT6HFQ</Computer>
    <Security UserID="S-1-5-18">
    </Security>
  </System>
  <EventData>
    <Data Name="RuleName">-</Data>
    <Data Name="UtcTime">2026-06-05 04:29:31.560</Data>
    <Data Name="ProcessGuid">AA26E6DE-50AB-6A22-5B05-000000001000</Data>
    <Data Name="ProcessId">3436</Data>
    <Data Name="Image">C:\Program Files (x86)\Microsoft\EdgeWebView\Application\148.0.3967.96\msedgewebview2.exe</Data>
    <Data Name="FileVersion">148.0.3967.96</Data>
    <Data Name="Description">Microsoft Edge WebView2</Data>
    <Data Name="Product">Microsoft Edge WebView2</Data>
    <Data Name="Company">Microsoft Corporation</Data>
    <Data Name="OriginalFileName">msedgewebview2.exe</Data>
    <Data Name="CommandLine">&quot;C:\Program Files (x86)\Microsoft\EdgeWebView\Application\148.0.3967.96\msedgewebview2.exe&quot; --type=utility --utility-sub-type=storage.mojom.StorageService --lang=en-GB --service-sandbox-type=service --noerrdialogs --user-data-dir=&quot;C:\Users\ligac\AppData\Local\Microsoft\Olk\EBWebView&quot; --webview-exe-name=olk.exe --webview-exe-version=1.2026.520.400 --embedded-browser-webview=1 --embedded-browser-webview-dpi-awareness=2 --startup-read-main-dll --metrics-shmem-handle=2356,i,9652456948017107021,2477727627953224920,524288 --field-trial-handle=2008,i,6276418190994108829,15424723783844055083,262144 --enable-features=DocumentPolicyNetworkEfficiencyGuardrails,msAbydos,msAbydosGestureSupport,msAbydosHandwritingAttr,msEnhancedTextContrast,msSingleSignOnOSForPrimaryAccountIsShared --disable-features=msEnhancedTrackingPreventionEnabled --variations-seed-version --pseudonymization-salt-handle=2012,i,3617068650041157799,6122081632583103036,4 --trace-process-track-uuid=3190708990060038890 --mojo-platform-channel-handle=2436 /prefetch:8</Data>
    <Data Name="CurrentDirectory">C:\Program Files (x86)\Microsoft\EdgeWebView\Application\148.0.3967.96\</Data>
    <Data Name="User">DESKTOP-LGT6HFQ\ligac</Data>
    <Data Name="LogonGuid">AA26E6DE-45DB-6A22-091D-250000000000</Data>
    <Data Name="LogonId">0x251d09</Data>
    <Data Name="TerminalSessionId">1</Data>
    <Data Name="IntegrityLevel">Low</Data>
    <Data Name="Hashes">MD5=D4CCFD8B07E2EBD183E54B0E3F0C8571,SHA256=AAC9B39AE654DD0E50F9F8716217949BA8A6B70EC6EFFFE3FA83A43957D6855B,IMPHASH=733B9E748114EB977ABA1C874D8BFBC0</Data>
    <Data Name="ParentProcessGuid">AA26E6DE-50AB-6A22-5705-000000001000</Data>
    <Data Name="ParentProcessId">10700</Data>
    <Data Name="ParentImage">C:\Program Files (x86)\Microsoft\EdgeWebView\Application\148.0.3967.96\msedgewebview2.exe</Data>
    <Data Name="ParentCommandLine">&quot;C:\Program Files (x86)\Microsoft\EdgeWebView\Application\148.0.3967.96\msedgewebview2.exe&quot; --embedded-browser-webview=1 --webview-exe-name=olk.exe --webview-exe-version=1.2026.520.400 --user-data-dir=&quot;C:\Users\ligac\AppData\Local\Microsoft\Olk\EBWebView&quot; --noerrdialogs --embedded-browser-webview-dpi-awareness=2 --disable-features=msEnhancedTrackingPreventionEnabled --enable-features=msSingleSignOnOSForPrimaryAccountIsShared,msAbydos,msAbydosHandwritingAttr,msAbydosGestureSupport,msEnhancedTextContrast,DocumentPolicyNetworkEfficiencyGuardrails --mojo-named-platform-channel-pipe=5564.1372.1775254030503796892</Data>
    <Data Name="ParentUser">DESKTOP-LGT6HFQ\ligac</Data>
  </EventData>
</Event>
Record 22
<?xml version="1.0" encoding="utf-8"?>
<Event xmlns="http://schemas.microsoft.com/win/2004/08/events/event">
  <System>
    <Provider Name="Microsoft-Windows-Sysmon" Guid="5770385F-C22A-43E0-BF4C-06F5698FFBD9">
    </Provider>
    <EventID>1</EventID>
    <Version>5</Version>
    <Level>4</Level>
    <Task>1</Task>
    <Opcode>0</Opcode>
    <Keywords>0x8000000000000000</Keywords>
    <TimeCreated SystemTime="2026-06-05T04:29:31.682629Z">
    </TimeCreated>
    <EventRecordID>22</EventRecordID>
    <Correlation>
    </Correlation>
    <Execution ProcessID="10504" ThreadID="6648">
    </Execution>
    <Channel>Microsoft-Windows-Sysmon/Operational</Channel>
    <Computer>DESKTOP-LGT6HFQ</Computer>
    <Security UserID="S-1-5-18">
    </Security>
  </System>
  <EventData>
    <Data Name="RuleName">-</Data>
    <Data Name="UtcTime">2026-06-05 04:29:31.671</Data>
    <Data Name="ProcessGuid">AA26E6DE-50AB-6A22-5C05-000000001000</Data>
    <Data Name="ProcessId">8272</Data>
    <Data Name="Image">C:\Program Files (x86)\Microsoft\EdgeWebView\Application\148.0.3967.96\msedgewebview2.exe</Data>
    <Data Name="FileVersion">148.0.3967.96</Data>
    <Data Name="Description">Microsoft Edge WebView2</Data>
    <Data Name="Product">Microsoft Edge WebView2</Data>
    <Data Name="Company">Microsoft Corporation</Data>
    <Data Name="OriginalFileName">msedgewebview2.exe</Data>
    <Data Name="CommandLine">&quot;C:\Program Files (x86)\Microsoft\EdgeWebView\Application\148.0.3967.96\msedgewebview2.exe&quot; --type=renderer --noerrdialogs --user-data-dir=&quot;C:\Users\ligac\AppData\Local\Microsoft\Olk\EBWebView&quot; --webview-exe-name=olk.exe --webview-exe-version=1.2026.520.400 --embedded-browser-webview=1 --embedded-browser-webview-dpi-awareness=2 --video-capture-use-gpu-memory-buffer --lang=en-GB --device-scale-factor=1 --num-raster-threads=1 --renderer-client-id=5 --js-flags=&quot;--expose-gc --ms-user-locale=en_MY&quot; --time-ticks-at-unix-epoch=-1780630747417855 --launch-time-ticks=3024251553 --ssd-no-pressure-read-main-dll --metrics-shmem-handle=3760,i,1141633367303137023,15813508613669585246,2097152 --field-trial-handle=2008,i,6276418190994108829,15424723783844055083,262144 --enable-features=DocumentPolicyNetworkEfficiencyGuardrails,msAbydos,msAbydosGestureSupport,msAbydosHandwritingAttr,msEnhancedTextContrast,msSingleSignOnOSForPrimaryAccountIsShared --disable-features=msEnhancedTrackingPreventionEnabled --variations-seed-version --pseudonymization-salt-handle=2012,i,3617068650041157799,6122081632583103036,4 --trace-process-track-uuid=3190708990997080739 --mojo-platform-channel-handle=3772 /prefetch:1</Data>
    <Data Name="CurrentDirectory">C:\Program Files (x86)\Microsoft\EdgeWebView\Application\148.0.3967.96\</Data>
    <Data Name="User">DESKTOP-LGT6HFQ\ligac</Data>
    <Data Name="LogonGuid">AA26E6DE-45DB-6A22-091D-250000000000</Data>
    <Data Name="LogonId">0x251d09</Data>
    <Data Name="TerminalSessionId">1</Data>
    <Data Name="IntegrityLevel">Low</Data>
    <Data Name="Hashes">MD5=D4CCFD8B07E2EBD183E54B0E3F0C8571,SHA256=AAC9B39AE654DD0E50F9F8716217949BA8A6B70EC6EFFFE3FA83A43957D6855B,IMPHASH=733B9E748114EB977ABA1C874D8BFBC0</Data>
    <Data Name="ParentProcessGuid">AA26E6DE-50AB-6A22-5705-000000001000</Data>
    <Data Name="ParentProcessId">10700</Data>
    <Data Name="ParentImage">C:\Program Files (x86)\Microsoft\EdgeWebView\Application\148.0.3967.96\msedgewebview2.exe</Data>
    <Data Name="ParentCommandLine">&quot;C:\Program Files (x86)\Microsoft\EdgeWebView\Application\148.0.3967.96\msedgewebview2.exe&quot; --embedded-browser-webview=1 --webview-exe-name=olk.exe --webview-exe-version=1.2026.520.400 --user-data-dir=&quot;C:\Users\ligac\AppData\Local\Microsoft\Olk\EBWebView&quot; --noerrdialogs --embedded-browser-webview-dpi-awareness=2 --disable-features=msEnhancedTrackingPreventionEnabled --enable-features=msSingleSignOnOSForPrimaryAccountIsShared,msAbydos,msAbydosHandwritingAttr,msAbydosGestureSupport,msEnhancedTextContrast,DocumentPolicyNetworkEfficiencyGuardrails --mojo-named-platform-channel-pipe=5564.1372.1775254030503796892</Data>
    <Data Name="ParentUser">DESKTOP-LGT6HFQ\ligac</Data>
  </EventData>
</Event>
Record 23
<?xml version="1.0" encoding="utf-8"?>
<Event xmlns="http://schemas.microsoft.com/win/2004/08/events/event">
  <System>
    <Provider Name="Microsoft-Windows-Sysmon" Guid="5770385F-C22A-43E0-BF4C-06F5698FFBD9">
    </Provider>
    <EventID>22</EventID>
    <Version>5</Version>
    <Level>4</Level>
    <Task>22</Task>
    <Opcode>0</Opcode>
    <Keywords>0x8000000000000000</Keywords>
    <TimeCreated SystemTime="2026-06-05T04:29:32.794205Z">
    </TimeCreated>
    <EventRecordID>23</EventRecordID>
    <Correlation>
    </Correlation>
    <Execution ProcessID="10504" ThreadID="9344">
    </Execution>
    <Channel>Microsoft-Windows-Sysmon/Operational</Channel>
    <Computer>DESKTOP-LGT6HFQ</Computer>
    <Security UserID="S-1-5-18">
    </Security>
  </System>
  <EventData>
    <Data Name="RuleName">-</Data>
    <Data Name="UtcTime">2026-06-05 04:29:31.832</Data>
    <Data Name="ProcessGuid">AA26E6DE-45FE-6A22-FE02-000000001000</Data>
    <Data Name="ProcessId">9304</Data>
    <Data Name="QueryName">youtube</Data>
    <Data Name="QueryStatus">1460</Data>
    <Data Name="QueryResults">-</Data>
    <Data Name="Image">C:\Program Files (x86)\Microsoft\Edge\Application\msedge.exe</Data>
    <Data Name="User">DESKTOP-LGT6HFQ\ligac</Data>
  </EventData>
</Event>
Record 24
<?xml version="1.0" encoding="utf-8"?>
<Event xmlns="http://schemas.microsoft.com/win/2004/08/events/event">
  <System>
    <Provider Name="Microsoft-Windows-Sysmon" Guid="5770385F-C22A-43E0-BF4C-06F5698FFBD9">
    </Provider>
    <EventID>22</EventID>
    <Version>5</Version>
    <Level>4</Level>
    <Task>22</Task>
    <Opcode>0</Opcode>
    <Keywords>0x8000000000000000</Keywords>
    <TimeCreated SystemTime="2026-06-05T04:29:32.794230Z">
    </TimeCreated>
    <EventRecordID>24</EventRecordID>
    <Correlation>
    </Correlation>
    <Execution ProcessID="10504" ThreadID="9344">
    </Execution>
    <Channel>Microsoft-Windows-Sysmon/Operational</Channel>
    <Computer>DESKTOP-LGT6HFQ</Computer>
    <Security UserID="S-1-5-18">
    </Security>
  </System>
  <EventData>
    <Data Name="RuleName">-</Data>
    <Data Name="UtcTime">2026-06-05 04:29:31.842</Data>
    <Data Name="ProcessGuid">AA26E6DE-45FE-6A22-FE02-000000001000</Data>
    <Data Name="ProcessId">9304</Data>
    <Data Name="QueryName">youtube</Data>
    <Data Name="QueryStatus">1460</Data>
    <Data Name="QueryResults">-</Data>
    <Data Name="Image">C:\Program Files (x86)\Microsoft\Edge\Application\msedge.exe</Data>
    <Data Name="User">DESKTOP-LGT6HFQ\ligac</Data>
  </EventData>
</Event>
Record 25
<?xml version="1.0" encoding="utf-8"?>
<Event xmlns="http://schemas.microsoft.com/win/2004/08/events/event">
  <System>
    <Provider Name="Microsoft-Windows-Sysmon" Guid="5770385F-C22A-43E0-BF4C-06F5698FFBD9">
    </Provider>
    <EventID>1</EventID>
    <Version>5</Version>
    <Level>4</Level>
    <Task>1</Task>
    <Opcode>0</Opcode>
    <Keywords>0x8000000000000000</Keywords>
    <TimeCreated SystemTime="2026-06-05T04:29:33.606847Z">
    </TimeCreated>
    <EventRecordID>25</EventRecordID>
    <Correlation>
    </Correlation>
    <Execution ProcessID="10504" ThreadID="6648">
    </Execution>
    <Channel>Microsoft-Windows-Sysmon/Operational</Channel>
    <Computer>DESKTOP-LGT6HFQ</Computer>
    <Security UserID="S-1-5-18">
    </Security>
  </System>
  <EventData>
    <Data Name="RuleName">-</Data>
    <Data Name="UtcTime">2026-06-05 04:29:33.594</Data>
    <Data Name="ProcessGuid">AA26E6DE-50AD-6A22-5E05-000000001000</Data>
    <Data Name="ProcessId">5752</Data>
    <Data Name="Image">C:\Program Files (x86)\Microsoft\EdgeWebView\Application\148.0.3967.96\msedgewebview2.exe</Data>
    <Data Name="FileVersion">148.0.3967.96</Data>
    <Data Name="Description">Microsoft Edge WebView2</Data>
    <Data Name="Product">Microsoft Edge WebView2</Data>
    <Data Name="Company">Microsoft Corporation</Data>
    <Data Name="OriginalFileName">msedgewebview2.exe</Data>
    <Data Name="CommandLine">&quot;C:\Program Files (x86)\Microsoft\EdgeWebView\Application\148.0.3967.96\msedgewebview2.exe&quot; --type=renderer --noerrdialogs --user-data-dir=&quot;C:\Users\ligac\AppData\Local\Microsoft\Olk\EBWebView&quot; --webview-exe-name=olk.exe --webview-exe-version=1.2026.520.400 --embedded-browser-webview=1 --embedded-browser-webview-dpi-awareness=2 --disable-gpu-compositing --video-capture-use-gpu-memory-buffer --lang=en-GB --device-scale-factor=1 --num-raster-threads=1 --renderer-client-id=6 --js-flags=&quot;--expose-gc --ms-user-locale=en_MY&quot; --time-ticks-at-unix-epoch=-1780630747417855 --launch-time-ticks=3026174139 --skip-read-main-dll --metrics-shmem-handle=4516,i,468196689717415646,14317018700303700865,2097152 --field-trial-handle=2008,i,6276418190994108829,15424723783844055083,262144 --enable-features=DocumentPolicyNetworkEfficiencyGuardrails,msAbydos,msAbydosGestureSupport,msAbydosHandwritingAttr,msEnhancedTextContrast,msSingleSignOnOSForPrimaryAccountIsShared --disable-features=msEnhancedTrackingPreventionEnabled --variations-seed-version --pseudonymization-salt-handle=2012,i,3617068650041157799,6122081632583103036,4 --trace-process-track-uuid=3190708991934122588 --mojo-platform-channel-handle=4528 /prefetch:1</Data>
    <Data Name="CurrentDirectory">C:\Program Files (x86)\Microsoft\EdgeWebView\Application\148.0.3967.96\</Data>
    <Data Name="User">DESKTOP-LGT6HFQ\ligac</Data>
    <Data Name="LogonGuid">AA26E6DE-45DB-6A22-091D-250000000000</Data>
    <Data Name="LogonId">0x251d09</Data>
    <Data Name="TerminalSessionId">1</Data>
    <Data Name="IntegrityLevel">Low</Data>
    <Data Name="Hashes">MD5=D4CCFD8B07E2EBD183E54B0E3F0C8571,SHA256=AAC9B39AE654DD0E50F9F8716217949BA8A6B70EC6EFFFE3FA83A43957D6855B,IMPHASH=733B9E748114EB977ABA1C874D8BFBC0</Data>
    <Data Name="ParentProcessGuid">AA26E6DE-50AB-6A22-5705-000000001000</Data>
    <Data Name="ParentProcessId">10700</Data>
    <Data Name="ParentImage">C:\Program Files (x86)\Microsoft\EdgeWebView\Application\148.0.3967.96\msedgewebview2.exe</Data>
    <Data Name="ParentCommandLine">&quot;C:\Program Files (x86)\Microsoft\EdgeWebView\Application\148.0.3967.96\msedgewebview2.exe&quot; --embedded-browser-webview=1 --webview-exe-name=olk.exe --webview-exe-version=1.2026.520.400 --user-data-dir=&quot;C:\Users\ligac\AppData\Local\Microsoft\Olk\EBWebView&quot; --noerrdialogs --embedded-browser-webview-dpi-awareness=2 --disable-features=msEnhancedTrackingPreventionEnabled --enable-features=msSingleSignOnOSForPrimaryAccountIsShared,msAbydos,msAbydosHandwritingAttr,msAbydosGestureSupport,msEnhancedTextContrast,DocumentPolicyNetworkEfficiencyGuardrails --mojo-named-platform-channel-pipe=5564.1372.1775254030503796892</Data>
    <Data Name="ParentUser">DESKTOP-LGT6HFQ\ligac</Data>
  </EventData>
</Event>
Record 26
<?xml version="1.0" encoding="utf-8"?>
<Event xmlns="http://schemas.microsoft.com/win/2004/08/events/event">
  <System>
    <Provider Name="Microsoft-Windows-Sysmon" Guid="5770385F-C22A-43E0-BF4C-06F5698FFBD9">
    </Provider>
    <EventID>1</EventID>
    <Version>5</Version>
    <Level>4</Level>
    <Task>1</Task>
    <Opcode>0</Opcode>
    <Keywords>0x8000000000000000</Keywords>
    <TimeCreated SystemTime="2026-06-05T04:29:46.983656Z">
    </TimeCreated>
    <EventRecordID>26</EventRecordID>
    <Correlation>
    </Correlation>
    <Execution ProcessID="10504" ThreadID="6648">
    </Execution>
    <Channel>Microsoft-Windows-Sysmon/Operational</Channel>
    <Computer>DESKTOP-LGT6HFQ</Computer>
    <Security UserID="S-1-5-18">
    </Security>
  </System>
  <EventData>
    <Data Name="RuleName">-</Data>
    <Data Name="UtcTime">2026-06-05 04:29:46.958</Data>
    <Data Name="ProcessGuid">AA26E6DE-50BA-6A22-6005-000000001000</Data>
    <Data Name="ProcessId">9824</Data>
    <Data Name="Image">C:\Windows\System32\notepad.exe</Data>
    <Data Name="FileVersion">10.0.19041.5794 (WinBuild.160101.0800)</Data>
    <Data Name="Description">Notepad</Data>
    <Data Name="Product">Microsoft® Windows® Operating System</Data>
    <Data Name="Company">Microsoft Corporation</Data>
    <Data Name="OriginalFileName">NOTEPAD.EXE</Data>
    <Data Name="CommandLine">&quot;C:\Windows\system32\notepad.exe&quot; </Data>
    <Data Name="CurrentDirectory">C:\Users\ligac\</Data>
    <Data Name="User">DESKTOP-LGT6HFQ\ligac</Data>
    <Data Name="LogonGuid">AA26E6DE-45DB-6A22-091D-250000000000</Data>
    <Data Name="LogonId">0x251d09</Data>
    <Data Name="TerminalSessionId">1</Data>
    <Data Name="IntegrityLevel">Medium</Data>
    <Data Name="Hashes">MD5=6F51BCABF1B2B34AD7E670AEE6DA451F,SHA256=DA5807BB0997CC6B5132950EC87EDA2B33B1AC4533CF1F7A22A6F3B576ED7C5B,IMPHASH=09ED737A03DB7295BF734A9953F6EB5E</Data>
    <Data Name="ParentProcessGuid">AA26E6DE-4ADB-6A22-4304-000000001000</Data>
    <Data Name="ParentProcessId">12064</Data>
    <Data Name="ParentImage">C:\Windows\explorer.exe</Data>
    <Data Name="ParentCommandLine">explorer.exe</Data>
    <Data Name="ParentUser">DESKTOP-LGT6HFQ\ligac</Data>
  </EventData>
</Event>
Record 27
<?xml version="1.0" encoding="utf-8"?>
<Event xmlns="http://schemas.microsoft.com/win/2004/08/events/event">
  <System>
    <Provider Name="Microsoft-Windows-Sysmon" Guid="5770385F-C22A-43E0-BF4C-06F5698FFBD9">
    </Provider>
    <EventID>1</EventID>
    <Version>5</Version>
    <Level>4</Level>
    <Task>1</Task>
    <Opcode>0</Opcode>
    <Keywords>0x8000000000000000</Keywords>
    <TimeCreated SystemTime="2026-06-05T04:30:32.764356Z">
    </TimeCreated>
    <EventRecordID>27</EventRecordID>
    <Correlation>
    </Correlation>
    <Execution ProcessID="10504" ThreadID="6648">
    </Execution>
    <Channel>Microsoft-Windows-Sysmon/Operational</Channel>
    <Computer>DESKTOP-LGT6HFQ</Computer>
    <Security UserID="S-1-5-18">
    </Security>
  </System>
  <EventData>
    <Data Name="RuleName">-</Data>
    <Data Name="UtcTime">2026-06-05 04:30:32.762</Data>
    <Data Name="ProcessGuid">AA26E6DE-50E8-6A22-6405-000000001000</Data>
    <Data Name="ProcessId">1136</Data>
    <Data Name="Image">C:\Users\ligac\Downloads\phc.exe</Data>
    <Data Name="FileVersion">-</Data>
    <Data Name="Description">-</Data>
    <Data Name="Product">-</Data>
    <Data Name="Company">-</Data>
    <Data Name="OriginalFileName">-</Data>
    <Data Name="CommandLine">phc.exe  10424</Data>
    <Data Name="CurrentDirectory">C:\Users\ligac\Downloads\</Data>
    <Data Name="User">DESKTOP-LGT6HFQ\ligac</Data>
    <Data Name="LogonGuid">AA26E6DE-45DB-6A22-091D-250000000000</Data>
    <Data Name="LogonId">0x251d09</Data>
    <Data Name="TerminalSessionId">1</Data>
    <Data Name="IntegrityLevel">Medium</Data>
    <Data Name="Hashes">MD5=8860ABA82B387B39E79A8C7FC43D42A6,SHA256=5D9F8486675F46DBC85FD4323F80C580D090BF16510762F0647B4A36F11BDD78,IMPHASH=6D7793E48A21560E731D6B5AE1D0433A</Data>
    <Data Name="ParentProcessGuid">AA26E6DE-4AB2-6A22-3504-000000001000</Data>
    <Data Name="ParentProcessId">7032</Data>
    <Data Name="ParentImage">C:\Windows\System32\cmd.exe</Data>
    <Data Name="ParentCommandLine">&quot;C:\Windows\System32\cmd.exe&quot; </Data>
    <Data Name="ParentUser">DESKTOP-LGT6HFQ\ligac</Data>
  </EventData>
</Event>
Record 28
<?xml version="1.0" encoding="utf-8"?>
<Event xmlns="http://schemas.microsoft.com/win/2004/08/events/event">
  <System>
    <Provider Name="Microsoft-Windows-Sysmon" Guid="5770385F-C22A-43E0-BF4C-06F5698FFBD9">
    </Provider>
    <EventID>11</EventID>
    <Version>2</Version>
    <Level>4</Level>
    <Task>11</Task>
    <Opcode>0</Opcode>
    <Keywords>0x8000000000000000</Keywords>
    <TimeCreated SystemTime="2026-06-05T04:30:33.092829Z">
    </TimeCreated>
    <EventRecordID>28</EventRecordID>
    <Correlation>
    </Correlation>
    <Execution ProcessID="10504" ThreadID="6648">
    </Execution>
    <Channel>Microsoft-Windows-Sysmon/Operational</Channel>
    <Computer>DESKTOP-LGT6HFQ</Computer>
    <Security UserID="S-1-5-18">
    </Security>
  </System>
  <EventData>
    <Data Name="RuleName">DLL</Data>
    <Data Name="UtcTime">2026-06-05 04:30:33.091</Data>
    <Data Name="ProcessGuid">AA26E6DE-50E8-6A22-6405-000000001000</Data>
    <Data Name="ProcessId">1136</Data>
    <Data Name="Image">C:\Users\ligac\Downloads\phc.exe</Data>
    <Data Name="TargetFilename">C:\Users\ligac\AppData\Local\Microsoft\Windows\INetCache\IE\UAZCI1K7\maindll[1].dll</Data>
    <Data Name="CreationUtcTime">2026-06-05 04:30:33.091</Data>
    <Data Name="User">DESKTOP-LGT6HFQ\ligac</Data>
  </EventData>
</Event>
Record 29
<?xml version="1.0" encoding="utf-8"?>
<Event xmlns="http://schemas.microsoft.com/win/2004/08/events/event">
  <System>
    <Provider Name="Microsoft-Windows-Sysmon" Guid="5770385F-C22A-43E0-BF4C-06F5698FFBD9">
    </Provider>
    <EventID>11</EventID>
    <Version>2</Version>
    <Level>4</Level>
    <Task>11</Task>
    <Opcode>0</Opcode>
    <Keywords>0x8000000000000000</Keywords>
    <TimeCreated SystemTime="2026-06-05T04:30:33.093912Z">
    </TimeCreated>
    <EventRecordID>29</EventRecordID>
    <Correlation>
    </Correlation>
    <Execution ProcessID="10504" ThreadID="6648">
    </Execution>
    <Channel>Microsoft-Windows-Sysmon/Operational</Channel>
    <Computer>DESKTOP-LGT6HFQ</Computer>
    <Security UserID="S-1-5-18">
    </Security>
  </System>
  <EventData>
    <Data Name="RuleName">DLL</Data>
    <Data Name="UtcTime">2026-06-05 04:30:33.093</Data>
    <Data Name="ProcessGuid">AA26E6DE-50E8-6A22-6405-000000001000</Data>
    <Data Name="ProcessId">1136</Data>
    <Data Name="Image">C:\Users\ligac\Downloads\phc.exe</Data>
    <Data Name="TargetFilename">C:\Users\ligac\AppData\Local\Temp\maindll.dll</Data>
    <Data Name="CreationUtcTime">2026-06-04 18:53:22.402</Data>
    <Data Name="User">DESKTOP-LGT6HFQ\ligac</Data>
  </EventData>
</Event>
Record 30
<?xml version="1.0" encoding="utf-8"?>
<Event xmlns="http://schemas.microsoft.com/win/2004/08/events/event">
  <System>
    <Provider Name="Microsoft-Windows-Sysmon" Guid="5770385F-C22A-43E0-BF4C-06F5698FFBD9">
    </Provider>
    <EventID>5</EventID>
    <Version>3</Version>
    <Level>4</Level>
    <Task>5</Task>
    <Opcode>0</Opcode>
    <Keywords>0x8000000000000000</Keywords>
    <TimeCreated SystemTime="2026-06-05T04:30:33.109761Z">
    </TimeCreated>
    <EventRecordID>30</EventRecordID>
    <Correlation>
    </Correlation>
    <Execution ProcessID="10504" ThreadID="6648">
    </Execution>
    <Channel>Microsoft-Windows-Sysmon/Operational</Channel>
    <Computer>DESKTOP-LGT6HFQ</Computer>
    <Security UserID="S-1-5-18">
    </Security>
  </System>
  <EventData>
    <Data Name="RuleName">-</Data>
    <Data Name="UtcTime">2026-06-05 04:30:33.108</Data>
    <Data Name="ProcessGuid">AA26E6DE-50E8-6A22-6405-000000001000</Data>
    <Data Name="ProcessId">1136</Data>
    <Data Name="Image">C:\Users\ligac\Downloads\phc.exe</Data>
    <Data Name="User">DESKTOP-LGT6HFQ\ligac</Data>
  </EventData>
</Event>
Record 31
<?xml version="1.0" encoding="utf-8"?>
<Event xmlns="http://schemas.microsoft.com/win/2004/08/events/event">
  <System>
    <Provider Name="Microsoft-Windows-Sysmon" Guid="5770385F-C22A-43E0-BF4C-06F5698FFBD9">
    </Provider>
    <EventID>22</EventID>
    <Version>5</Version>
    <Level>4</Level>
    <Task>22</Task>
    <Opcode>0</Opcode>
    <Keywords>0x8000000000000000</Keywords>
    <TimeCreated SystemTime="2026-06-05T04:30:33.817466Z">
    </TimeCreated>
    <EventRecordID>31</EventRecordID>
    <Correlation>
    </Correlation>
    <Execution ProcessID="10504" ThreadID="9344">
    </Execution>
    <Channel>Microsoft-Windows-Sysmon/Operational</Channel>
    <Computer>DESKTOP-LGT6HFQ</Computer>
    <Security UserID="S-1-5-18">
    </Security>
  </System>
  <EventData>
    <Data Name="RuleName">-</Data>
    <Data Name="UtcTime">2026-06-05 04:30:32.833</Data>
    <Data Name="ProcessGuid">AA26E6DE-50E8-6A22-6405-000000001000</Data>
    <Data Name="ProcessId">1136</Data>
    <Data Name="QueryName">appsecmy.3cc83feaa3b37384a190dd84b25a4592.xyz</Data>
    <Data Name="QueryStatus">0</Data>
    <Data Name="QueryResults">::ffff:104.21.54.36;::ffff:172.67.223.30;</Data>
    <Data Name="Image">C:\Users\ligac\Downloads\phc.exe</Data>
    <Data Name="User">DESKTOP-LGT6HFQ\ligac</Data>
  </EventData>
</Event>
Record 32
<?xml version="1.0" encoding="utf-8"?>
<Event xmlns="http://schemas.microsoft.com/win/2004/08/events/event">
  <System>
    <Provider Name="Microsoft-Windows-Sysmon" Guid="5770385F-C22A-43E0-BF4C-06F5698FFBD9">
    </Provider>
    <EventID>22</EventID>
    <Version>5</Version>
    <Level>4</Level>
    <Task>22</Task>
    <Opcode>0</Opcode>
    <Keywords>0x8000000000000000</Keywords>
    <TimeCreated SystemTime="2026-06-05T04:30:33.819364Z">
    </TimeCreated>
    <EventRecordID>32</EventRecordID>
    <Correlation>
    </Correlation>
    <Execution ProcessID="10504" ThreadID="9344">
    </Execution>
    <Channel>Microsoft-Windows-Sysmon/Operational</Channel>
    <Computer>DESKTOP-LGT6HFQ</Computer>
    <Security UserID="S-1-5-18">
    </Security>
  </System>
  <EventData>
    <Data Name="RuleName">-</Data>
    <Data Name="UtcTime">2026-06-05 04:30:33.256</Data>
    <Data Name="ProcessGuid">AA26E6DE-4F6B-6A22-1805-000000001000</Data>
    <Data Name="ProcessId">10424</Data>
    <Data Name="QueryName">owaspkl.3cc83feaa3b37384a190dd84b25a4592.xyz</Data>
    <Data Name="QueryStatus">0</Data>
    <Data Name="QueryResults">::ffff:172.67.223.30;::ffff:104.21.54.36;</Data>
    <Data Name="Image">C:\Program Files\WindowsApps\Microsoft.MicrosoftOfficeHub_19.2605.59121.0_x64__8wekyb3d8bbwe\M365Copilot.exe</Data>
    <Data Name="User">DESKTOP-LGT6HFQ\ligac</Data>
  </EventData>
</Event>
Record 33
<?xml version="1.0" encoding="utf-8"?>
<Event xmlns="http://schemas.microsoft.com/win/2004/08/events/event">
  <System>
    <Provider Name="Microsoft-Windows-Sysmon" Guid="5770385F-C22A-43E0-BF4C-06F5698FFBD9">
    </Provider>
    <EventID>3</EventID>
    <Version>5</Version>
    <Level>4</Level>
    <Task>3</Task>
    <Opcode>0</Opcode>
    <Keywords>0x8000000000000000</Keywords>
    <TimeCreated SystemTime="2026-06-05T04:30:34.290792Z">
    </TimeCreated>
    <EventRecordID>33</EventRecordID>
    <Correlation>
    </Correlation>
    <Execution ProcessID="10504" ThreadID="11736">
    </Execution>
    <Channel>Microsoft-Windows-Sysmon/Operational</Channel>
    <Computer>DESKTOP-LGT6HFQ</Computer>
    <Security UserID="S-1-5-18">
    </Security>
  </System>
  <EventData>
    <Data Name="RuleName">Usermode</Data>
    <Data Name="UtcTime">2026-06-05 04:30:32.850</Data>
    <Data Name="ProcessGuid">AA26E6DE-50E8-6A22-6405-000000001000</Data>
    <Data Name="ProcessId">1136</Data>
    <Data Name="Image">C:\Users\ligac\Downloads\phc.exe</Data>
    <Data Name="User">DESKTOP-LGT6HFQ\ligac</Data>
    <Data Name="Protocol">tcp</Data>
    <Data Name="Initiated">true</Data>
    <Data Name="SourceIsIpv6">false</Data>
    <Data Name="SourceIp">192.168.18.141</Data>
    <Data Name="SourceHostname">DESKTOP-LGT6HFQ.localdomain</Data>
    <Data Name="SourcePort">50423</Data>
    <Data Name="SourcePortName">-</Data>
    <Data Name="DestinationIsIpv6">false</Data>
    <Data Name="DestinationIp">104.21.54.36</Data>
    <Data Name="DestinationHostname">-</Data>
    <Data Name="DestinationPort">8443</Data>
    <Data Name="DestinationPortName">-</Data>
  </EventData>
</Event>
Record 34
<?xml version="1.0" encoding="utf-8"?>
<Event xmlns="http://schemas.microsoft.com/win/2004/08/events/event">
  <System>
    <Provider Name="Microsoft-Windows-Sysmon" Guid="5770385F-C22A-43E0-BF4C-06F5698FFBD9">
    </Provider>
    <EventID>22</EventID>
    <Version>5</Version>
    <Level>4</Level>
    <Task>22</Task>
    <Opcode>0</Opcode>
    <Keywords>0x8000000000000000</Keywords>
    <TimeCreated SystemTime="2026-06-05T04:30:40.883455Z">
    </TimeCreated>
    <EventRecordID>34</EventRecordID>
    <Correlation>
    </Correlation>
    <Execution ProcessID="10504" ThreadID="9344">
    </Execution>
    <Channel>Microsoft-Windows-Sysmon/Operational</Channel>
    <Computer>DESKTOP-LGT6HFQ</Computer>
    <Security UserID="S-1-5-18">
    </Security>
  </System>
  <EventData>
    <Data Name="RuleName">-</Data>
    <Data Name="UtcTime">2026-06-05 04:30:39.015</Data>
    <Data Name="ProcessGuid">AA26E6DE-4F6B-6A22-1805-000000001000</Data>
    <Data Name="ProcessId">10424</Data>
    <Data Name="QueryName">owaspkl.3cc83feaa3b37384a190dd84b25a4592.xyz</Data>
    <Data Name="QueryStatus">0</Data>
    <Data Name="QueryResults">::ffff:104.21.54.36;::ffff:172.67.223.30;</Data>
    <Data Name="Image">C:\Program Files\WindowsApps\Microsoft.MicrosoftOfficeHub_19.2605.59121.0_x64__8wekyb3d8bbwe\M365Copilot.exe</Data>
    <Data Name="User">DESKTOP-LGT6HFQ\ligac</Data>
  </EventData>
</Event>
Record 35
<?xml version="1.0" encoding="utf-8"?>
<Event xmlns="http://schemas.microsoft.com/win/2004/08/events/event">
  <System>
    <Provider Name="Microsoft-Windows-Sysmon" Guid="5770385F-C22A-43E0-BF4C-06F5698FFBD9">
    </Provider>
    <EventID>1</EventID>
    <Version>5</Version>
    <Level>4</Level>
    <Task>1</Task>
    <Opcode>0</Opcode>
    <Keywords>0x8000000000000000</Keywords>
    <TimeCreated SystemTime="2026-06-05T04:31:06.428840Z">
    </TimeCreated>
    <EventRecordID>35</EventRecordID>
    <Correlation>
    </Correlation>
    <Execution ProcessID="10504" ThreadID="6648">
    </Execution>
    <Channel>Microsoft-Windows-Sysmon/Operational</Channel>
    <Computer>DESKTOP-LGT6HFQ</Computer>
    <Security UserID="S-1-5-18">
    </Security>
  </System>
  <EventData>
    <Data Name="RuleName">-</Data>
    <Data Name="UtcTime">2026-06-05 04:31:06.427</Data>
    <Data Name="ProcessGuid">AA26E6DE-510A-6A22-6505-000000001000</Data>
    <Data Name="ProcessId">3288</Data>
    <Data Name="Image">C:\Windows\System32\cmd.exe</Data>
    <Data Name="FileVersion">10.0.19041.4355 (WinBuild.160101.0800)</Data>
    <Data Name="Description">Windows Command Processor</Data>
    <Data Name="Product">Microsoft® Windows® Operating System</Data>
    <Data Name="Company">Microsoft Corporation</Data>
    <Data Name="OriginalFileName">Cmd.Exe</Data>
    <Data Name="CommandLine">C:\Windows\system32\cmd.exe </Data>
    <Data Name="CurrentDirectory">C:\Windows\system32\</Data>
    <Data Name="User">DESKTOP-LGT6HFQ\ligac</Data>
    <Data Name="LogonGuid">AA26E6DE-45DB-6A22-091D-250000000000</Data>
    <Data Name="LogonId">0x251d09</Data>
    <Data Name="TerminalSessionId">1</Data>
    <Data Name="IntegrityLevel">Medium</Data>
    <Data Name="Hashes">MD5=2B40C98ED0F7A1D3B091A3E8353132DC,SHA256=BADF4752413CB0CBDC03FB95820CA167F0CDC63B597CCDB5EF43111180E088B0,IMPHASH=272245E2988E1E430500B852C4FB5E18</Data>
    <Data Name="ParentProcessGuid">AA26E6DE-4F6B-6A22-1805-000000001000</Data>
    <Data Name="ParentProcessId">10424</Data>
    <Data Name="ParentImage">C:\Program Files\WindowsApps\Microsoft.MicrosoftOfficeHub_19.2605.59121.0_x64__8wekyb3d8bbwe\M365Copilot.exe</Data>
    <Data Name="ParentCommandLine">&quot;C:\Program Files\WindowsApps\Microsoft.MicrosoftOfficeHub_19.2605.59121.0_x64__8wekyb3d8bbwe\M365Copilot.exe&quot; autorestart reason=failure</Data>
    <Data Name="ParentUser">DESKTOP-LGT6HFQ\ligac</Data>
  </EventData>
</Event>
Record 36
<?xml version="1.0" encoding="utf-8"?>
<Event xmlns="http://schemas.microsoft.com/win/2004/08/events/event">
  <System>
    <Provider Name="Microsoft-Windows-Sysmon" Guid="5770385F-C22A-43E0-BF4C-06F5698FFBD9">
    </Provider>
    <EventID>1</EventID>
    <Version>5</Version>
    <Level>4</Level>
    <Task>1</Task>
    <Opcode>0</Opcode>
    <Keywords>0x8000000000000000</Keywords>
    <TimeCreated SystemTime="2026-06-05T04:31:11.454278Z">
    </TimeCreated>
    <EventRecordID>36</EventRecordID>
    <Correlation>
    </Correlation>
    <Execution ProcessID="10504" ThreadID="6648">
    </Execution>
    <Channel>Microsoft-Windows-Sysmon/Operational</Channel>
    <Computer>DESKTOP-LGT6HFQ</Computer>
    <Security UserID="S-1-5-18">
    </Security>
  </System>
  <EventData>
    <Data Name="RuleName">-</Data>
    <Data Name="UtcTime">2026-06-05 04:31:11.452</Data>
    <Data Name="ProcessGuid">AA26E6DE-510F-6A22-6705-000000001000</Data>
    <Data Name="ProcessId">3436</Data>
    <Data Name="Image">C:\Windows\System32\whoami.exe</Data>
    <Data Name="FileVersion">10.0.19041.1 (WinBuild.160101.0800)</Data>
    <Data Name="Description">whoami - displays logged on user information</Data>
    <Data Name="Product">Microsoft® Windows® Operating System</Data>
    <Data Name="Company">Microsoft Corporation</Data>
    <Data Name="OriginalFileName">whoami.exe</Data>
    <Data Name="CommandLine">whoami  /priv</Data>
    <Data Name="CurrentDirectory">C:\Windows\system32\</Data>
    <Data Name="User">DESKTOP-LGT6HFQ\ligac</Data>
    <Data Name="LogonGuid">AA26E6DE-45DB-6A22-091D-250000000000</Data>
    <Data Name="LogonId">0x251d09</Data>
    <Data Name="TerminalSessionId">1</Data>
    <Data Name="IntegrityLevel">Medium</Data>
    <Data Name="Hashes">MD5=A4A6924F3EAF97981323703D38FD99C4,SHA256=1D4902A04D99E8CCBFE7085E63155955FEE397449D386453F6C452AE407B8743,IMPHASH=7FF0758B766F747CE57DFAC70743FB88</Data>
    <Data Name="ParentProcessGuid">AA26E6DE-510A-6A22-6505-000000001000</Data>
    <Data Name="ParentProcessId">3288</Data>
    <Data Name="ParentImage">C:\Windows\System32\cmd.exe</Data>
    <Data Name="ParentCommandLine">C:\Windows\system32\cmd.exe </Data>
    <Data Name="ParentUser">DESKTOP-LGT6HFQ\ligac</Data>
  </EventData>
</Event>
Record 37
<?xml version="1.0" encoding="utf-8"?>
<Event xmlns="http://schemas.microsoft.com/win/2004/08/events/event">
  <System>
    <Provider Name="Microsoft-Windows-Sysmon" Guid="5770385F-C22A-43E0-BF4C-06F5698FFBD9">
    </Provider>
    <EventID>1</EventID>
    <Version>5</Version>
    <Level>4</Level>
    <Task>1</Task>
    <Opcode>0</Opcode>
    <Keywords>0x8000000000000000</Keywords>
    <TimeCreated SystemTime="2026-06-05T04:32:51.120200Z">
    </TimeCreated>
    <EventRecordID>37</EventRecordID>
    <Correlation>
    </Correlation>
    <Execution ProcessID="10504" ThreadID="6648">
    </Execution>
    <Channel>Microsoft-Windows-Sysmon/Operational</Channel>
    <Computer>DESKTOP-LGT6HFQ</Computer>
    <Security UserID="S-1-5-18">
    </Security>
  </System>
  <EventData>
    <Data Name="RuleName">-</Data>
    <Data Name="UtcTime">2026-06-05 04:32:51.118</Data>
    <Data Name="ProcessGuid">AA26E6DE-5173-6A22-6805-000000001000</Data>
    <Data Name="ProcessId">11872</Data>
    <Data Name="Image">C:\Windows\System32\NETSTAT.EXE</Data>
    <Data Name="FileVersion">10.0.19041.1 (WinBuild.160101.0800)</Data>
    <Data Name="Description">TCP/IP Netstat Command</Data>
    <Data Name="Product">Microsoft® Windows® Operating System</Data>
    <Data Name="Company">Microsoft Corporation</Data>
    <Data Name="OriginalFileName">netstat.exe</Data>
    <Data Name="CommandLine">netstat  -a</Data>
    <Data Name="CurrentDirectory">C:\Windows\system32\</Data>
    <Data Name="User">DESKTOP-LGT6HFQ\ligac</Data>
    <Data Name="LogonGuid">AA26E6DE-45DB-6A22-091D-250000000000</Data>
    <Data Name="LogonId">0x251d09</Data>
    <Data Name="TerminalSessionId">1</Data>
    <Data Name="IntegrityLevel">Medium</Data>
    <Data Name="Hashes">MD5=7FDDD6681EA81CE26E64452336F479E6,SHA256=B094E827AF70241D71BED9767EC1A254FDC4164A646B2BA4C7105CD783ADBA0D,IMPHASH=F495C58FFEE3A623AD7AAA6BE78756D5</Data>
    <Data Name="ParentProcessGuid">AA26E6DE-510A-6A22-6505-000000001000</Data>
    <Data Name="ParentProcessId">3288</Data>
    <Data Name="ParentImage">C:\Windows\System32\cmd.exe</Data>
    <Data Name="ParentCommandLine">C:\Windows\system32\cmd.exe </Data>
    <Data Name="ParentUser">DESKTOP-LGT6HFQ\ligac</Data>
  </EventData>
</Event>
Record 38
<?xml version="1.0" encoding="utf-8"?>
<Event xmlns="http://schemas.microsoft.com/win/2004/08/events/event">
  <System>
    <Provider Name="Microsoft-Windows-Sysmon" Guid="5770385F-C22A-43E0-BF4C-06F5698FFBD9">
    </Provider>
    <EventID>13</EventID>
    <Version>2</Version>
    <Level>4</Level>
    <Task>13</Task>
    <Opcode>0</Opcode>
    <Keywords>0x8000000000000000</Keywords>
    <TimeCreated SystemTime="2026-06-05T04:32:52.898278Z">
    </TimeCreated>
    <EventRecordID>38</EventRecordID>
    <Correlation>
    </Correlation>
    <Execution ProcessID="10504" ThreadID="6648">
    </Execution>
    <Channel>Microsoft-Windows-Sysmon/Operational</Channel>
    <Computer>DESKTOP-LGT6HFQ</Computer>
    <Security UserID="S-1-5-18">
    </Security>
  </System>
  <EventData>
    <Data Name="RuleName">InvDB-Path</Data>
    <Data Name="EventType">SetValue</Data>
    <Data Name="UtcTime">2026-06-05 04:32:52.897</Data>
    <Data Name="ProcessGuid">AA26E6DE-44E7-6A22-4400-000000001000</Data>
    <Data Name="ProcessId">2712</Data>
    <Data Name="Image">C:\Windows\System32\svchost.exe</Data>
    <Data Name="TargetObject">\REGISTRY\A\{97a8e967-c659-51de-507b-7ecb3274368c}\Root\InventoryApplicationFile\netstat.exe|ce8db1f5bbf4e72d\LowerCaseLongPath</Data>
    <Data Name="Details">c:\windows\system32\netstat.exe</Data>
    <Data Name="User">NT AUTHORITY\SYSTEM</Data>
  </EventData>
</Event>
Record 39
<?xml version="1.0" encoding="utf-8"?>
<Event xmlns="http://schemas.microsoft.com/win/2004/08/events/event">
  <System>
    <Provider Name="Microsoft-Windows-Sysmon" Guid="5770385F-C22A-43E0-BF4C-06F5698FFBD9">
    </Provider>
    <EventID>13</EventID>
    <Version>2</Version>
    <Level>4</Level>
    <Task>13</Task>
    <Opcode>0</Opcode>
    <Keywords>0x8000000000000000</Keywords>
    <TimeCreated SystemTime="2026-06-05T04:32:52.898490Z">
    </TimeCreated>
    <EventRecordID>39</EventRecordID>
    <Correlation>
    </Correlation>
    <Execution ProcessID="10504" ThreadID="6648">
    </Execution>
    <Channel>Microsoft-Windows-Sysmon/Operational</Channel>
    <Computer>DESKTOP-LGT6HFQ</Computer>
    <Security UserID="S-1-5-18">
    </Security>
  </System>
  <EventData>
    <Data Name="RuleName">InvDB-Pub</Data>
    <Data Name="EventType">SetValue</Data>
    <Data Name="UtcTime">2026-06-05 04:32:52.897</Data>
    <Data Name="ProcessGuid">AA26E6DE-44E7-6A22-4400-000000001000</Data>
    <Data Name="ProcessId">2712</Data>
    <Data Name="Image">C:\Windows\System32\svchost.exe</Data>
    <Data Name="TargetObject">\REGISTRY\A\{97a8e967-c659-51de-507b-7ecb3274368c}\Root\InventoryApplicationFile\netstat.exe|ce8db1f5bbf4e72d\Publisher</Data>
    <Data Name="Details">microsoft corporation</Data>
    <Data Name="User">NT AUTHORITY\SYSTEM</Data>
  </EventData>
</Event>
Record 40
<?xml version="1.0" encoding="utf-8"?>
<Event xmlns="http://schemas.microsoft.com/win/2004/08/events/event">
  <System>
    <Provider Name="Microsoft-Windows-Sysmon" Guid="5770385F-C22A-43E0-BF4C-06F5698FFBD9">
    </Provider>
    <EventID>13</EventID>
    <Version>2</Version>
    <Level>4</Level>
    <Task>13</Task>
    <Opcode>0</Opcode>
    <Keywords>0x8000000000000000</Keywords>
    <TimeCreated SystemTime="2026-06-05T04:32:52.898698Z">
    </TimeCreated>
    <EventRecordID>40</EventRecordID>
    <Correlation>
    </Correlation>
    <Execution ProcessID="10504" ThreadID="6648">
    </Execution>
    <Channel>Microsoft-Windows-Sysmon/Operational</Channel>
    <Computer>DESKTOP-LGT6HFQ</Computer>
    <Security UserID="S-1-5-18">
    </Security>
  </System>
  <EventData>
    <Data Name="RuleName">InvDB-CompileTimeClaim</Data>
    <Data Name="EventType">SetValue</Data>
    <Data Name="UtcTime">2026-06-05 04:32:52.898</Data>
    <Data Name="ProcessGuid">AA26E6DE-44E7-6A22-4400-000000001000</Data>
    <Data Name="ProcessId">2712</Data>
    <Data Name="Image">C:\Windows\System32\svchost.exe</Data>
    <Data Name="TargetObject">\REGISTRY\A\{97a8e967-c659-51de-507b-7ecb3274368c}\Root\InventoryApplicationFile\netstat.exe|ce8db1f5bbf4e72d\LinkDate</Data>
    <Data Name="Details">05/20/2052 10:39:55</Data>
    <Data Name="User">NT AUTHORITY\SYSTEM</Data>
  </EventData>
</Event>
Record 41
<?xml version="1.0" encoding="utf-8"?>
<Event xmlns="http://schemas.microsoft.com/win/2004/08/events/event">
  <System>
    <Provider Name="Microsoft-Windows-Sysmon" Guid="5770385F-C22A-43E0-BF4C-06F5698FFBD9">
    </Provider>
    <EventID>13</EventID>
    <Version>2</Version>
    <Level>4</Level>
    <Task>13</Task>
    <Opcode>0</Opcode>
    <Keywords>0x8000000000000000</Keywords>
    <TimeCreated SystemTime="2026-06-05T04:32:52.898735Z">
    </TimeCreated>
    <EventRecordID>41</EventRecordID>
    <Correlation>
    </Correlation>
    <Execution ProcessID="10504" ThreadID="6648">
    </Execution>
    <Channel>Microsoft-Windows-Sysmon/Operational</Channel>
    <Computer>DESKTOP-LGT6HFQ</Computer>
    <Security UserID="S-1-5-18">
    </Security>
  </System>
  <EventData>
    <Data Name="RuleName">InvDB-Ver</Data>
    <Data Name="EventType">SetValue</Data>
    <Data Name="UtcTime">2026-06-05 04:32:52.898</Data>
    <Data Name="ProcessGuid">AA26E6DE-44E7-6A22-4400-000000001000</Data>
    <Data Name="ProcessId">2712</Data>
    <Data Name="Image">C:\Windows\System32\svchost.exe</Data>
    <Data Name="TargetObject">\REGISTRY\A\{97a8e967-c659-51de-507b-7ecb3274368c}\Root\InventoryApplicationFile\netstat.exe|ce8db1f5bbf4e72d\BinProductVersion</Data>
    <Data Name="Details">10.0.19041.1</Data>
    <Data Name="User">NT AUTHORITY\SYSTEM</Data>
  </EventData>
</Event>
Record 42
<?xml version="1.0" encoding="utf-8"?>
<Event xmlns="http://schemas.microsoft.com/win/2004/08/events/event">
  <System>
    <Provider Name="Microsoft-Windows-Sysmon" Guid="5770385F-C22A-43E0-BF4C-06F5698FFBD9">
    </Provider>
    <EventID>1</EventID>
    <Version>5</Version>
    <Level>4</Level>
    <Task>1</Task>
    <Opcode>0</Opcode>
    <Keywords>0x8000000000000000</Keywords>
    <TimeCreated SystemTime="2026-06-05T04:33:10.788681Z">
    </TimeCreated>
    <EventRecordID>42</EventRecordID>
    <Correlation>
    </Correlation>
    <Execution ProcessID="10504" ThreadID="6648">
    </Execution>
    <Channel>Microsoft-Windows-Sysmon/Operational</Channel>
    <Computer>DESKTOP-LGT6HFQ</Computer>
    <Security UserID="S-1-5-18">
    </Security>
  </System>
  <EventData>
    <Data Name="RuleName">-</Data>
    <Data Name="UtcTime">2026-06-05 04:33:10.787</Data>
    <Data Name="ProcessGuid">AA26E6DE-5186-6A22-6905-000000001000</Data>
    <Data Name="ProcessId">9972</Data>
    <Data Name="Image">C:\Windows\System32\ROUTE.EXE</Data>
    <Data Name="FileVersion">10.0.19041.1 (WinBuild.160101.0800)</Data>
    <Data Name="Description">TCP/IP Route Command</Data>
    <Data Name="Product">Microsoft® Windows® Operating System</Data>
    <Data Name="Company">Microsoft Corporation</Data>
    <Data Name="OriginalFileName">route.exe</Data>
    <Data Name="CommandLine">route  addr</Data>
    <Data Name="CurrentDirectory">C:\Windows\system32\</Data>
    <Data Name="User">DESKTOP-LGT6HFQ\ligac</Data>
    <Data Name="LogonGuid">AA26E6DE-45DB-6A22-091D-250000000000</Data>
    <Data Name="LogonId">0x251d09</Data>
    <Data Name="TerminalSessionId">1</Data>
    <Data Name="IntegrityLevel">Medium</Data>
    <Data Name="Hashes">MD5=3C97E63423E527BA8381E81CBA00B8CD,SHA256=B8A28AEB6345CA88B04FF3D9FADF30EACF26958C991BD8E4FB1DF12A68F60EAE,IMPHASH=95110DF86CE2E63EB457CE5860C12E57</Data>
    <Data Name="ParentProcessGuid">AA26E6DE-510A-6A22-6505-000000001000</Data>
    <Data Name="ParentProcessId">3288</Data>
    <Data Name="ParentImage">C:\Windows\System32\cmd.exe</Data>
    <Data Name="ParentCommandLine">C:\Windows\system32\cmd.exe </Data>
    <Data Name="ParentUser">DESKTOP-LGT6HFQ\ligac</Data>
  </EventData>
</Event>
Record 43
<?xml version="1.0" encoding="utf-8"?>
<Event xmlns="http://schemas.microsoft.com/win/2004/08/events/event">
  <System>
    <Provider Name="Microsoft-Windows-Sysmon" Guid="5770385F-C22A-43E0-BF4C-06F5698FFBD9">
    </Provider>
    <EventID>13</EventID>
    <Version>2</Version>
    <Level>4</Level>
    <Task>13</Task>
    <Opcode>0</Opcode>
    <Keywords>0x8000000000000000</Keywords>
    <TimeCreated SystemTime="2026-06-05T04:33:11.266084Z">
    </TimeCreated>
    <EventRecordID>43</EventRecordID>
    <Correlation>
    </Correlation>
    <Execution ProcessID="10504" ThreadID="6648">
    </Execution>
    <Channel>Microsoft-Windows-Sysmon/Operational</Channel>
    <Computer>DESKTOP-LGT6HFQ</Computer>
    <Security UserID="S-1-5-18">
    </Security>
  </System>
  <EventData>
    <Data Name="RuleName">InvDB-Path</Data>
    <Data Name="EventType">SetValue</Data>
    <Data Name="UtcTime">2026-06-05 04:33:11.265</Data>
    <Data Name="ProcessGuid">AA26E6DE-44E7-6A22-4400-000000001000</Data>
    <Data Name="ProcessId">2712</Data>
    <Data Name="Image">C:\Windows\System32\svchost.exe</Data>
    <Data Name="TargetObject">\REGISTRY\A\{97a8e967-c659-51de-507b-7ecb3274368c}\Root\InventoryApplicationFile\route.exe|c39a217c65bfde5c\LowerCaseLongPath</Data>
    <Data Name="Details">c:\windows\system32\route.exe</Data>
    <Data Name="User">NT AUTHORITY\SYSTEM</Data>
  </EventData>
</Event>
Record 44
<?xml version="1.0" encoding="utf-8"?>
<Event xmlns="http://schemas.microsoft.com/win/2004/08/events/event">
  <System>
    <Provider Name="Microsoft-Windows-Sysmon" Guid="5770385F-C22A-43E0-BF4C-06F5698FFBD9">
    </Provider>
    <EventID>13</EventID>
    <Version>2</Version>
    <Level>4</Level>
    <Task>13</Task>
    <Opcode>0</Opcode>
    <Keywords>0x8000000000000000</Keywords>
    <TimeCreated SystemTime="2026-06-05T04:33:11.266332Z">
    </TimeCreated>
    <EventRecordID>44</EventRecordID>
    <Correlation>
    </Correlation>
    <Execution ProcessID="10504" ThreadID="6648">
    </Execution>
    <Channel>Microsoft-Windows-Sysmon/Operational</Channel>
    <Computer>DESKTOP-LGT6HFQ</Computer>
    <Security UserID="S-1-5-18">
    </Security>
  </System>
  <EventData>
    <Data Name="RuleName">InvDB-Pub</Data>
    <Data Name="EventType">SetValue</Data>
    <Data Name="UtcTime">2026-06-05 04:33:11.265</Data>
    <Data Name="ProcessGuid">AA26E6DE-44E7-6A22-4400-000000001000</Data>
    <Data Name="ProcessId">2712</Data>
    <Data Name="Image">C:\Windows\System32\svchost.exe</Data>
    <Data Name="TargetObject">\REGISTRY\A\{97a8e967-c659-51de-507b-7ecb3274368c}\Root\InventoryApplicationFile\route.exe|c39a217c65bfde5c\Publisher</Data>
    <Data Name="Details">microsoft corporation</Data>
    <Data Name="User">NT AUTHORITY\SYSTEM</Data>
  </EventData>
</Event>
Record 45
<?xml version="1.0" encoding="utf-8"?>
<Event xmlns="http://schemas.microsoft.com/win/2004/08/events/event">
  <System>
    <Provider Name="Microsoft-Windows-Sysmon" Guid="5770385F-C22A-43E0-BF4C-06F5698FFBD9">
    </Provider>
    <EventID>13</EventID>
    <Version>2</Version>
    <Level>4</Level>
    <Task>13</Task>
    <Opcode>0</Opcode>
    <Keywords>0x8000000000000000</Keywords>
    <TimeCreated SystemTime="2026-06-05T04:33:11.266551Z">
    </TimeCreated>
    <EventRecordID>45</EventRecordID>
    <Correlation>
    </Correlation>
    <Execution ProcessID="10504" ThreadID="6648">
    </Execution>
    <Channel>Microsoft-Windows-Sysmon/Operational</Channel>
    <Computer>DESKTOP-LGT6HFQ</Computer>
    <Security UserID="S-1-5-18">
    </Security>
  </System>
  <EventData>
    <Data Name="RuleName">InvDB-CompileTimeClaim</Data>
    <Data Name="EventType">SetValue</Data>
    <Data Name="UtcTime">2026-06-05 04:33:11.265</Data>
    <Data Name="ProcessGuid">AA26E6DE-44E7-6A22-4400-000000001000</Data>
    <Data Name="ProcessId">2712</Data>
    <Data Name="Image">C:\Windows\System32\svchost.exe</Data>
    <Data Name="TargetObject">\REGISTRY\A\{97a8e967-c659-51de-507b-7ecb3274368c}\Root\InventoryApplicationFile\route.exe|c39a217c65bfde5c\LinkDate</Data>
    <Data Name="Details">10/01/2023 05:28:53</Data>
    <Data Name="User">NT AUTHORITY\SYSTEM</Data>
  </EventData>
</Event>
Record 46
<?xml version="1.0" encoding="utf-8"?>
<Event xmlns="http://schemas.microsoft.com/win/2004/08/events/event">
  <System>
    <Provider Name="Microsoft-Windows-Sysmon" Guid="5770385F-C22A-43E0-BF4C-06F5698FFBD9">
    </Provider>
    <EventID>13</EventID>
    <Version>2</Version>
    <Level>4</Level>
    <Task>13</Task>
    <Opcode>0</Opcode>
    <Keywords>0x8000000000000000</Keywords>
    <TimeCreated SystemTime="2026-06-05T04:33:11.266594Z">
    </TimeCreated>
    <EventRecordID>46</EventRecordID>
    <Correlation>
    </Correlation>
    <Execution ProcessID="10504" ThreadID="6648">
    </Execution>
    <Channel>Microsoft-Windows-Sysmon/Operational</Channel>
    <Computer>DESKTOP-LGT6HFQ</Computer>
    <Security UserID="S-1-5-18">
    </Security>
  </System>
  <EventData>
    <Data Name="RuleName">InvDB-Ver</Data>
    <Data Name="EventType">SetValue</Data>
    <Data Name="UtcTime">2026-06-05 04:33:11.265</Data>
    <Data Name="ProcessGuid">AA26E6DE-44E7-6A22-4400-000000001000</Data>
    <Data Name="ProcessId">2712</Data>
    <Data Name="Image">C:\Windows\System32\svchost.exe</Data>
    <Data Name="TargetObject">\REGISTRY\A\{97a8e967-c659-51de-507b-7ecb3274368c}\Root\InventoryApplicationFile\route.exe|c39a217c65bfde5c\BinProductVersion</Data>
    <Data Name="Details">10.0.19041.1</Data>
    <Data Name="User">NT AUTHORITY\SYSTEM</Data>
  </EventData>
</Event>
