Record 515
<?xml version="1.0" encoding="utf-8"?>
<Event xmlns="http://schemas.microsoft.com/win/2004/08/events/event">
  <System>
    <Provider Name="Microsoft-Windows-Sysmon" Guid="5770385F-C22A-43E0-BF4C-06F5698FFBD9">
    </Provider>
    <EventID>1</EventID>
    <Version>5</Version>
    <Level>4</Level>
    <Task>1</Task>
    <Opcode>0</Opcode>
    <Keywords>0x8000000000000000</Keywords>
    <TimeCreated SystemTime="2026-06-05T04:40:54.131002Z">
    </TimeCreated>
    <EventRecordID>515</EventRecordID>
    <Correlation>
    </Correlation>
    <Execution ProcessID="3064" ThreadID="5012">
    </Execution>
    <Channel>Microsoft-Windows-Sysmon/Operational</Channel>
    <Computer>DESKTOP-LGT6HFQ</Computer>
    <Security UserID="S-1-5-18">
    </Security>
  </System>
  <EventData>
    <Data Name="RuleName">-</Data>
    <Data Name="UtcTime">2026-06-05 04:40:54.120</Data>
    <Data Name="ProcessGuid">AA26E6DE-5356-6A22-4201-000000001100</Data>
    <Data Name="ProcessId">13264</Data>
    <Data Name="Image">C:\Program Files (x86)\Microsoft\EdgeWebView\Application\148.0.3967.96\msedgewebview2.exe</Data>
    <Data Name="FileVersion">148.0.3967.96</Data>
    <Data Name="Description">Microsoft Edge WebView2</Data>
    <Data Name="Product">Microsoft Edge WebView2</Data>
    <Data Name="Company">Microsoft Corporation</Data>
    <Data Name="OriginalFileName">msedgewebview2.exe</Data>
    <Data Name="CommandLine">&quot;C:\Program Files (x86)\Microsoft\EdgeWebView\Application\148.0.3967.96\msedgewebview2.exe&quot; --type=utility --utility-sub-type=network.mojom.NetworkService --lang=en-GB --service-sandbox-type=none --noerrdialogs --user-data-dir=&quot;C:\Users\ligac\AppData\Local\Microsoft\Olk\EBWebView&quot; --webview-exe-name=olk.exe --webview-exe-version=1.2026.520.400 --embedded-browser-webview=1 --embedded-browser-webview-dpi-awareness=2 --startup-read-main-dll --metrics-shmem-handle=1724,i,13617578404880742851,7561556856597299569,524288 --field-trial-handle=1948,i,7163149312498446042,16971923319367414998,262144 --enable-features=DocumentPolicyNetworkEfficiencyGuardrails,msAbydos,msAbydosGestureSupport,msAbydosHandwritingAttr,msEnhancedTextContrast,msSingleSignOnOSForPrimaryAccountIsShared --disable-features=msEnhancedTrackingPreventionEnabled --variations-seed-version --pseudonymization-salt-handle=1952,i,2519039989899320605,17195583251027144839,4 --trace-process-track-uuid=3190708989122997041 --mojo-platform-channel-handle=2176 /prefetch:3</Data>
    <Data Name="CurrentDirectory">C:\Program Files (x86)\Microsoft\EdgeWebView\Application\148.0.3967.96\</Data>
    <Data Name="User">DESKTOP-LGT6HFQ\ligac</Data>
    <Data Name="LogonGuid">AA26E6DE-523C-6A22-3CB2-010000000000</Data>
    <Data Name="LogonId">0x1b23c</Data>
    <Data Name="TerminalSessionId">1</Data>
    <Data Name="IntegrityLevel">Medium</Data>
    <Data Name="Hashes">MD5=D4CCFD8B07E2EBD183E54B0E3F0C8571,SHA256=AAC9B39AE654DD0E50F9F8716217949BA8A6B70EC6EFFFE3FA83A43957D6855B,IMPHASH=733B9E748114EB977ABA1C874D8BFBC0</Data>
    <Data Name="ParentProcessGuid">AA26E6DE-5355-6A22-3F01-000000001100</Data>
    <Data Name="ParentProcessId">7416</Data>
    <Data Name="ParentImage">C:\Program Files (x86)\Microsoft\EdgeWebView\Application\148.0.3967.96\msedgewebview2.exe</Data>
    <Data Name="ParentCommandLine">&quot;C:\Program Files (x86)\Microsoft\EdgeWebView\Application\148.0.3967.96\msedgewebview2.exe&quot; --embedded-browser-webview=1 --webview-exe-name=olk.exe --webview-exe-version=1.2026.520.400 --user-data-dir=&quot;C:\Users\ligac\AppData\Local\Microsoft\Olk\EBWebView&quot; --noerrdialogs --embedded-browser-webview-dpi-awareness=2 --disable-features=msEnhancedTrackingPreventionEnabled --enable-features=msSingleSignOnOSForPrimaryAccountIsShared,msAbydos,msAbydosHandwritingAttr,msAbydosGestureSupport,msEnhancedTextContrast,DocumentPolicyNetworkEfficiencyGuardrails --mojo-named-platform-channel-pipe=1372.9440.11545821181983812378</Data>
    <Data Name="ParentUser">DESKTOP-LGT6HFQ\ligac</Data>
  </EventData>
</Event>
Record 516
<?xml version="1.0" encoding="utf-8"?>
<Event xmlns="http://schemas.microsoft.com/win/2004/08/events/event">
  <System>
    <Provider Name="Microsoft-Windows-Sysmon" Guid="5770385F-C22A-43E0-BF4C-06F5698FFBD9">
    </Provider>
    <EventID>1</EventID>
    <Version>5</Version>
    <Level>4</Level>
    <Task>1</Task>
    <Opcode>0</Opcode>
    <Keywords>0x8000000000000000</Keywords>
    <TimeCreated SystemTime="2026-06-05T04:40:54.214446Z">
    </TimeCreated>
    <EventRecordID>516</EventRecordID>
    <Correlation>
    </Correlation>
    <Execution ProcessID="3064" ThreadID="5012">
    </Execution>
    <Channel>Microsoft-Windows-Sysmon/Operational</Channel>
    <Computer>DESKTOP-LGT6HFQ</Computer>
    <Security UserID="S-1-5-18">
    </Security>
  </System>
  <EventData>
    <Data Name="RuleName">-</Data>
    <Data Name="UtcTime">2026-06-05 04:40:54.160</Data>
    <Data Name="ProcessGuid">AA26E6DE-5356-6A22-4301-000000001100</Data>
    <Data Name="ProcessId">12840</Data>
    <Data Name="Image">C:\Program Files (x86)\Microsoft\EdgeWebView\Application\148.0.3967.96\msedgewebview2.exe</Data>
    <Data Name="FileVersion">148.0.3967.96</Data>
    <Data Name="Description">Microsoft Edge WebView2</Data>
    <Data Name="Product">Microsoft Edge WebView2</Data>
    <Data Name="Company">Microsoft Corporation</Data>
    <Data Name="OriginalFileName">msedgewebview2.exe</Data>
    <Data Name="CommandLine">&quot;C:\Program Files (x86)\Microsoft\EdgeWebView\Application\148.0.3967.96\msedgewebview2.exe&quot; --type=utility --utility-sub-type=storage.mojom.StorageService --lang=en-GB --service-sandbox-type=service --noerrdialogs --user-data-dir=&quot;C:\Users\ligac\AppData\Local\Microsoft\Olk\EBWebView&quot; --webview-exe-name=olk.exe --webview-exe-version=1.2026.520.400 --embedded-browser-webview=1 --embedded-browser-webview-dpi-awareness=2 --startup-read-main-dll --metrics-shmem-handle=2352,i,17366377634808076926,16730689648626998808,524288 --field-trial-handle=1948,i,7163149312498446042,16971923319367414998,262144 --enable-features=DocumentPolicyNetworkEfficiencyGuardrails,msAbydos,msAbydosGestureSupport,msAbydosHandwritingAttr,msEnhancedTextContrast,msSingleSignOnOSForPrimaryAccountIsShared --disable-features=msEnhancedTrackingPreventionEnabled --variations-seed-version --pseudonymization-salt-handle=1952,i,2519039989899320605,17195583251027144839,4 --trace-process-track-uuid=3190708990060038890 --mojo-platform-channel-handle=2460 /prefetch:8</Data>
    <Data Name="CurrentDirectory">C:\Program Files (x86)\Microsoft\EdgeWebView\Application\148.0.3967.96\</Data>
    <Data Name="User">DESKTOP-LGT6HFQ\ligac</Data>
    <Data Name="LogonGuid">AA26E6DE-523C-6A22-3CB2-010000000000</Data>
    <Data Name="LogonId">0x1b23c</Data>
    <Data Name="TerminalSessionId">1</Data>
    <Data Name="IntegrityLevel">Low</Data>
    <Data Name="Hashes">MD5=D4CCFD8B07E2EBD183E54B0E3F0C8571,SHA256=AAC9B39AE654DD0E50F9F8716217949BA8A6B70EC6EFFFE3FA83A43957D6855B,IMPHASH=733B9E748114EB977ABA1C874D8BFBC0</Data>
    <Data Name="ParentProcessGuid">AA26E6DE-5355-6A22-3F01-000000001100</Data>
    <Data Name="ParentProcessId">7416</Data>
    <Data Name="ParentImage">C:\Program Files (x86)\Microsoft\EdgeWebView\Application\148.0.3967.96\msedgewebview2.exe</Data>
    <Data Name="ParentCommandLine">&quot;C:\Program Files (x86)\Microsoft\EdgeWebView\Application\148.0.3967.96\msedgewebview2.exe&quot; --embedded-browser-webview=1 --webview-exe-name=olk.exe --webview-exe-version=1.2026.520.400 --user-data-dir=&quot;C:\Users\ligac\AppData\Local\Microsoft\Olk\EBWebView&quot; --noerrdialogs --embedded-browser-webview-dpi-awareness=2 --disable-features=msEnhancedTrackingPreventionEnabled --enable-features=msSingleSignOnOSForPrimaryAccountIsShared,msAbydos,msAbydosHandwritingAttr,msAbydosGestureSupport,msEnhancedTextContrast,DocumentPolicyNetworkEfficiencyGuardrails --mojo-named-platform-channel-pipe=1372.9440.11545821181983812378</Data>
    <Data Name="ParentUser">DESKTOP-LGT6HFQ\ligac</Data>
  </EventData>
</Event>
Record 517
<?xml version="1.0" encoding="utf-8"?>
<Event xmlns="http://schemas.microsoft.com/win/2004/08/events/event">
  <System>
    <Provider Name="Microsoft-Windows-Sysmon" Guid="5770385F-C22A-43E0-BF4C-06F5698FFBD9">
    </Provider>
    <EventID>1</EventID>
    <Version>5</Version>
    <Level>4</Level>
    <Task>1</Task>
    <Opcode>0</Opcode>
    <Keywords>0x8000000000000000</Keywords>
    <TimeCreated SystemTime="2026-06-05T04:40:54.349228Z">
    </TimeCreated>
    <EventRecordID>517</EventRecordID>
    <Correlation>
    </Correlation>
    <Execution ProcessID="3064" ThreadID="5012">
    </Execution>
    <Channel>Microsoft-Windows-Sysmon/Operational</Channel>
    <Computer>DESKTOP-LGT6HFQ</Computer>
    <Security UserID="S-1-5-18">
    </Security>
  </System>
  <EventData>
    <Data Name="RuleName">-</Data>
    <Data Name="UtcTime">2026-06-05 04:40:54.321</Data>
    <Data Name="ProcessGuid">AA26E6DE-5356-6A22-4401-000000001100</Data>
    <Data Name="ProcessId">9900</Data>
    <Data Name="Image">C:\Program Files (x86)\Microsoft\EdgeWebView\Application\148.0.3967.96\msedgewebview2.exe</Data>
    <Data Name="FileVersion">148.0.3967.96</Data>
    <Data Name="Description">Microsoft Edge WebView2</Data>
    <Data Name="Product">Microsoft Edge WebView2</Data>
    <Data Name="Company">Microsoft Corporation</Data>
    <Data Name="OriginalFileName">msedgewebview2.exe</Data>
    <Data Name="CommandLine">&quot;C:\Program Files (x86)\Microsoft\EdgeWebView\Application\148.0.3967.96\msedgewebview2.exe&quot; --type=renderer --noerrdialogs --user-data-dir=&quot;C:\Users\ligac\AppData\Local\Microsoft\Olk\EBWebView&quot; --webview-exe-name=olk.exe --webview-exe-version=1.2026.520.400 --embedded-browser-webview=1 --embedded-browser-webview-dpi-awareness=2 --video-capture-use-gpu-memory-buffer --lang=en-GB --device-scale-factor=1 --num-raster-threads=1 --renderer-client-id=5 --js-flags=&quot;--expose-gc --ms-user-locale=en_MY&quot; --time-ticks-at-unix-epoch=-1780634161889262 --launch-time-ticks=292430477 --ssd-no-pressure-read-main-dll --metrics-shmem-handle=3624,i,15829243804914600816,14147627566559405156,2097152 --field-trial-handle=1948,i,7163149312498446042,16971923319367414998,262144 --enable-features=DocumentPolicyNetworkEfficiencyGuardrails,msAbydos,msAbydosGestureSupport,msAbydosHandwritingAttr,msEnhancedTextContrast,msSingleSignOnOSForPrimaryAccountIsShared --disable-features=msEnhancedTrackingPreventionEnabled --variations-seed-version --pseudonymization-salt-handle=1952,i,2519039989899320605,17195583251027144839,4 --trace-process-track-uuid=3190708990997080739 --mojo-platform-channel-handle=3632 /prefetch:1</Data>
    <Data Name="CurrentDirectory">C:\Program Files (x86)\Microsoft\EdgeWebView\Application\148.0.3967.96\</Data>
    <Data Name="User">DESKTOP-LGT6HFQ\ligac</Data>
    <Data Name="LogonGuid">AA26E6DE-523C-6A22-3CB2-010000000000</Data>
    <Data Name="LogonId">0x1b23c</Data>
    <Data Name="TerminalSessionId">1</Data>
    <Data Name="IntegrityLevel">Low</Data>
    <Data Name="Hashes">MD5=D4CCFD8B07E2EBD183E54B0E3F0C8571,SHA256=AAC9B39AE654DD0E50F9F8716217949BA8A6B70EC6EFFFE3FA83A43957D6855B,IMPHASH=733B9E748114EB977ABA1C874D8BFBC0</Data>
    <Data Name="ParentProcessGuid">AA26E6DE-5355-6A22-3F01-000000001100</Data>
    <Data Name="ParentProcessId">7416</Data>
    <Data Name="ParentImage">C:\Program Files (x86)\Microsoft\EdgeWebView\Application\148.0.3967.96\msedgewebview2.exe</Data>
    <Data Name="ParentCommandLine">&quot;C:\Program Files (x86)\Microsoft\EdgeWebView\Application\148.0.3967.96\msedgewebview2.exe&quot; --embedded-browser-webview=1 --webview-exe-name=olk.exe --webview-exe-version=1.2026.520.400 --user-data-dir=&quot;C:\Users\ligac\AppData\Local\Microsoft\Olk\EBWebView&quot; --noerrdialogs --embedded-browser-webview-dpi-awareness=2 --disable-features=msEnhancedTrackingPreventionEnabled --enable-features=msSingleSignOnOSForPrimaryAccountIsShared,msAbydos,msAbydosHandwritingAttr,msAbydosGestureSupport,msEnhancedTextContrast,DocumentPolicyNetworkEfficiencyGuardrails --mojo-named-platform-channel-pipe=1372.9440.11545821181983812378</Data>
    <Data Name="ParentUser">DESKTOP-LGT6HFQ\ligac</Data>
  </EventData>
</Event>
Record 518
<?xml version="1.0" encoding="utf-8"?>
<Event xmlns="http://schemas.microsoft.com/win/2004/08/events/event">
  <System>
    <Provider Name="Microsoft-Windows-Sysmon" Guid="5770385F-C22A-43E0-BF4C-06F5698FFBD9">
    </Provider>
    <EventID>1</EventID>
    <Version>5</Version>
    <Level>4</Level>
    <Task>1</Task>
    <Opcode>0</Opcode>
    <Keywords>0x8000000000000000</Keywords>
    <TimeCreated SystemTime="2026-06-05T04:40:55.929836Z">
    </TimeCreated>
    <EventRecordID>518</EventRecordID>
    <Correlation>
    </Correlation>
    <Execution ProcessID="3064" ThreadID="5012">
    </Execution>
    <Channel>Microsoft-Windows-Sysmon/Operational</Channel>
    <Computer>DESKTOP-LGT6HFQ</Computer>
    <Security UserID="S-1-5-18">
    </Security>
  </System>
  <EventData>
    <Data Name="RuleName">-</Data>
    <Data Name="UtcTime">2026-06-05 04:40:55.901</Data>
    <Data Name="ProcessGuid">AA26E6DE-5357-6A22-4601-000000001100</Data>
    <Data Name="ProcessId">1876</Data>
    <Data Name="Image">C:\Program Files (x86)\Microsoft\EdgeWebView\Application\148.0.3967.96\msedgewebview2.exe</Data>
    <Data Name="FileVersion">148.0.3967.96</Data>
    <Data Name="Description">Microsoft Edge WebView2</Data>
    <Data Name="Product">Microsoft Edge WebView2</Data>
    <Data Name="Company">Microsoft Corporation</Data>
    <Data Name="OriginalFileName">msedgewebview2.exe</Data>
    <Data Name="CommandLine">&quot;C:\Program Files (x86)\Microsoft\EdgeWebView\Application\148.0.3967.96\msedgewebview2.exe&quot; --type=renderer --noerrdialogs --user-data-dir=&quot;C:\Users\ligac\AppData\Local\Microsoft\Olk\EBWebView&quot; --webview-exe-name=olk.exe --webview-exe-version=1.2026.520.400 --embedded-browser-webview=1 --embedded-browser-webview-dpi-awareness=2 --disable-gpu-compositing --video-capture-use-gpu-memory-buffer --lang=en-GB --device-scale-factor=1 --num-raster-threads=1 --renderer-client-id=6 --js-flags=&quot;--expose-gc --ms-user-locale=en_MY&quot; --time-ticks-at-unix-epoch=-1780634161889262 --launch-time-ticks=294011391 --skip-read-main-dll --metrics-shmem-handle=4328,i,5501182635853015882,3643798342593223063,2097152 --field-trial-handle=1948,i,7163149312498446042,16971923319367414998,262144 --enable-features=DocumentPolicyNetworkEfficiencyGuardrails,msAbydos,msAbydosGestureSupport,msAbydosHandwritingAttr,msEnhancedTextContrast,msSingleSignOnOSForPrimaryAccountIsShared --disable-features=msEnhancedTrackingPreventionEnabled --variations-seed-version --pseudonymization-salt-handle=1952,i,2519039989899320605,17195583251027144839,4 --trace-process-track-uuid=3190708991934122588 --mojo-platform-channel-handle=4336 /prefetch:1</Data>
    <Data Name="CurrentDirectory">C:\Program Files (x86)\Microsoft\EdgeWebView\Application\148.0.3967.96\</Data>
    <Data Name="User">DESKTOP-LGT6HFQ\ligac</Data>
    <Data Name="LogonGuid">AA26E6DE-523C-6A22-3CB2-010000000000</Data>
    <Data Name="LogonId">0x1b23c</Data>
    <Data Name="TerminalSessionId">1</Data>
    <Data Name="IntegrityLevel">Low</Data>
    <Data Name="Hashes">MD5=D4CCFD8B07E2EBD183E54B0E3F0C8571,SHA256=AAC9B39AE654DD0E50F9F8716217949BA8A6B70EC6EFFFE3FA83A43957D6855B,IMPHASH=733B9E748114EB977ABA1C874D8BFBC0</Data>
    <Data Name="ParentProcessGuid">AA26E6DE-5355-6A22-3F01-000000001100</Data>
    <Data Name="ParentProcessId">7416</Data>
    <Data Name="ParentImage">C:\Program Files (x86)\Microsoft\EdgeWebView\Application\148.0.3967.96\msedgewebview2.exe</Data>
    <Data Name="ParentCommandLine">&quot;C:\Program Files (x86)\Microsoft\EdgeWebView\Application\148.0.3967.96\msedgewebview2.exe&quot; --embedded-browser-webview=1 --webview-exe-name=olk.exe --webview-exe-version=1.2026.520.400 --user-data-dir=&quot;C:\Users\ligac\AppData\Local\Microsoft\Olk\EBWebView&quot; --noerrdialogs --embedded-browser-webview-dpi-awareness=2 --disable-features=msEnhancedTrackingPreventionEnabled --enable-features=msSingleSignOnOSForPrimaryAccountIsShared,msAbydos,msAbydosHandwritingAttr,msAbydosGestureSupport,msEnhancedTextContrast,DocumentPolicyNetworkEfficiencyGuardrails --mojo-named-platform-channel-pipe=1372.9440.11545821181983812378</Data>
    <Data Name="ParentUser">DESKTOP-LGT6HFQ\ligac</Data>
  </EventData>
</Event>
Record 519
<?xml version="1.0" encoding="utf-8"?>
<Event xmlns="http://schemas.microsoft.com/win/2004/08/events/event">
  <System>
    <Provider Name="Microsoft-Windows-Sysmon" Guid="5770385F-C22A-43E0-BF4C-06F5698FFBD9">
    </Provider>
    <EventID>1</EventID>
    <Version>5</Version>
    <Level>4</Level>
    <Task>1</Task>
    <Opcode>0</Opcode>
    <Keywords>0x8000000000000000</Keywords>
    <TimeCreated SystemTime="2026-06-05T04:40:58.153415Z">
    </TimeCreated>
    <EventRecordID>519</EventRecordID>
    <Correlation>
    </Correlation>
    <Execution ProcessID="3064" ThreadID="5012">
    </Execution>
    <Channel>Microsoft-Windows-Sysmon/Operational</Channel>
    <Computer>DESKTOP-LGT6HFQ</Computer>
    <Security UserID="S-1-5-18">
    </Security>
  </System>
  <EventData>
    <Data Name="RuleName">-</Data>
    <Data Name="UtcTime">2026-06-05 04:40:58.128</Data>
    <Data Name="ProcessGuid">AA26E6DE-535A-6A22-4801-000000001100</Data>
    <Data Name="ProcessId">2816</Data>
    <Data Name="Image">C:\Program Files\WindowsApps\Microsoft.DesktopAppInstaller_1.28.240.0_x64__8wekyb3d8bbwe\WindowsPackageManagerServer.exe</Data>
    <Data Name="FileVersion">-</Data>
    <Data Name="Description">-</Data>
    <Data Name="Product">-</Data>
    <Data Name="Company">-</Data>
    <Data Name="OriginalFileName">-</Data>
    <Data Name="CommandLine">&quot;C:\Program Files\WindowsApps\Microsoft.DesktopAppInstaller_1.28.240.0_x64__8wekyb3d8bbwe\WindowsPackageManagerServer.exe&quot; -Embedding</Data>
    <Data Name="CurrentDirectory">C:\Windows\system32\</Data>
    <Data Name="User">DESKTOP-LGT6HFQ\ligac</Data>
    <Data Name="LogonGuid">AA26E6DE-523C-6A22-3CB2-010000000000</Data>
    <Data Name="LogonId">0x1b23c</Data>
    <Data Name="TerminalSessionId">1</Data>
    <Data Name="IntegrityLevel">Medium</Data>
    <Data Name="Hashes">MD5=586B5B68E9B4BB71501E8432245242C2,SHA256=666229C5D74004F478E85A9AFE7D90EAE05A4D0F4695DE76FE66480CDEE7FCC8,IMPHASH=33CBAF2999A0821B4BFD053FFFDE813E</Data>
    <Data Name="ParentProcessGuid">AA26E6DE-523B-6A22-0D00-000000001100</Data>
    <Data Name="ParentProcessId">772</Data>
    <Data Name="ParentImage">C:\Windows\System32\svchost.exe</Data>
    <Data Name="ParentCommandLine">C:\Windows\system32\svchost.exe -k DcomLaunch -p</Data>
    <Data Name="ParentUser">NT AUTHORITY\SYSTEM</Data>
  </EventData>
</Event>
Record 520
<?xml version="1.0" encoding="utf-8"?>
<Event xmlns="http://schemas.microsoft.com/win/2004/08/events/event">
  <System>
    <Provider Name="Microsoft-Windows-Sysmon" Guid="5770385F-C22A-43E0-BF4C-06F5698FFBD9">
    </Provider>
    <EventID>1</EventID>
    <Version>5</Version>
    <Level>4</Level>
    <Task>1</Task>
    <Opcode>0</Opcode>
    <Keywords>0x8000000000000000</Keywords>
    <TimeCreated SystemTime="2026-06-05T04:40:58.814838Z">
    </TimeCreated>
    <EventRecordID>520</EventRecordID>
    <Correlation>
    </Correlation>
    <Execution ProcessID="3064" ThreadID="5012">
    </Execution>
    <Channel>Microsoft-Windows-Sysmon/Operational</Channel>
    <Computer>DESKTOP-LGT6HFQ</Computer>
    <Security UserID="S-1-5-18">
    </Security>
  </System>
  <EventData>
    <Data Name="RuleName">-</Data>
    <Data Name="UtcTime">2026-06-05 04:40:58.728</Data>
    <Data Name="ProcessGuid">AA26E6DE-535A-6A22-4901-000000001100</Data>
    <Data Name="ProcessId">3352</Data>
    <Data Name="Image">C:\Program Files (x86)\Microsoft\Edge\Application\msedge.exe</Data>
    <Data Name="FileVersion">148.0.3967.96</Data>
    <Data Name="Description">Microsoft Edge</Data>
    <Data Name="Product">Microsoft Edge</Data>
    <Data Name="Company">Microsoft Corporation</Data>
    <Data Name="OriginalFileName">msedge.exe</Data>
    <Data Name="CommandLine">&quot;C:\Program Files (x86)\Microsoft\Edge\Application\msedge.exe&quot; </Data>
    <Data Name="CurrentDirectory">C:\Program Files (x86)\Microsoft\Edge\Application\</Data>
    <Data Name="User">DESKTOP-LGT6HFQ\ligac</Data>
    <Data Name="LogonGuid">AA26E6DE-523C-6A22-3CB2-010000000000</Data>
    <Data Name="LogonId">0x1b23c</Data>
    <Data Name="TerminalSessionId">1</Data>
    <Data Name="IntegrityLevel">Medium</Data>
    <Data Name="Hashes">MD5=73852A4C1E06FDC8765C274CEF7821A4,SHA256=795C0BAD80131305007ABD7544311909C138551231B0316D94406A380108D366,IMPHASH=733B9E748114EB977ABA1C874D8BFBC0</Data>
    <Data Name="ParentProcessGuid">AA26E6DE-5244-6A22-8D00-000000001100</Data>
    <Data Name="ParentProcessId">6724</Data>
    <Data Name="ParentImage">C:\Windows\explorer.exe</Data>
    <Data Name="ParentCommandLine">C:\Windows\Explorer.EXE</Data>
    <Data Name="ParentUser">DESKTOP-LGT6HFQ\ligac</Data>
  </EventData>
</Event>
Record 521
<?xml version="1.0" encoding="utf-8"?>
<Event xmlns="http://schemas.microsoft.com/win/2004/08/events/event">
  <System>
    <Provider Name="Microsoft-Windows-Sysmon" Guid="5770385F-C22A-43E0-BF4C-06F5698FFBD9">
    </Provider>
    <EventID>1</EventID>
    <Version>5</Version>
    <Level>4</Level>
    <Task>1</Task>
    <Opcode>0</Opcode>
    <Keywords>0x8000000000000000</Keywords>
    <TimeCreated SystemTime="2026-06-05T04:40:59.015397Z">
    </TimeCreated>
    <EventRecordID>521</EventRecordID>
    <Correlation>
    </Correlation>
    <Execution ProcessID="3064" ThreadID="5012">
    </Execution>
    <Channel>Microsoft-Windows-Sysmon/Operational</Channel>
    <Computer>DESKTOP-LGT6HFQ</Computer>
    <Security UserID="S-1-5-18">
    </Security>
  </System>
  <EventData>
    <Data Name="RuleName">-</Data>
    <Data Name="UtcTime">2026-06-05 04:40:59.003</Data>
    <Data Name="ProcessGuid">AA26E6DE-535B-6A22-4A01-000000001100</Data>
    <Data Name="ProcessId">6432</Data>
    <Data Name="Image">C:\Program Files\WindowsApps\Microsoft.WindowsStore_22604.1401.8.0_x64__8wekyb3d8bbwe\StoreDesktopExtension.exe</Data>
    <Data Name="FileVersion">-</Data>
    <Data Name="Description">-</Data>
    <Data Name="Product">-</Data>
    <Data Name="Company">-</Data>
    <Data Name="OriginalFileName">-</Data>
    <Data Name="CommandLine">&quot;C:\Program Files\WindowsApps\Microsoft.WindowsStore_22604.1401.8.0_x64__8wekyb3d8bbwe\StoreDesktopExtension.exe&quot; /InvokerPRAID: App</Data>
    <Data Name="CurrentDirectory">C:\Windows\system32\</Data>
    <Data Name="User">DESKTOP-LGT6HFQ\ligac</Data>
    <Data Name="LogonGuid">AA26E6DE-523C-6A22-3CB2-010000000000</Data>
    <Data Name="LogonId">0x1b23c</Data>
    <Data Name="TerminalSessionId">1</Data>
    <Data Name="IntegrityLevel">Medium</Data>
    <Data Name="Hashes">MD5=03DA4D8FF9F1A6AEEF73DB0548465CB1,SHA256=C9BABDCA4EC55491E069391A7681085E7DD84FD214ED32313A03E298C01C92CD,IMPHASH=F40AE1CA50B86784D88AA0ABE493DAAB</Data>
    <Data Name="ParentProcessGuid">AA26E6DE-5243-6A22-7600-000000001100</Data>
    <Data Name="ParentProcessId">5952</Data>
    <Data Name="ParentImage">C:\Windows\System32\sihost.exe</Data>
    <Data Name="ParentCommandLine">sihost.exe</Data>
    <Data Name="ParentUser">DESKTOP-LGT6HFQ\ligac</Data>
  </EventData>
</Event>
Record 522
<?xml version="1.0" encoding="utf-8"?>
<Event xmlns="http://schemas.microsoft.com/win/2004/08/events/event">
  <System>
    <Provider Name="Microsoft-Windows-Sysmon" Guid="5770385F-C22A-43E0-BF4C-06F5698FFBD9">
    </Provider>
    <EventID>1</EventID>
    <Version>5</Version>
    <Level>4</Level>
    <Task>1</Task>
    <Opcode>0</Opcode>
    <Keywords>0x8000000000000000</Keywords>
    <TimeCreated SystemTime="2026-06-05T04:41:00.632066Z">
    </TimeCreated>
    <EventRecordID>522</EventRecordID>
    <Correlation>
    </Correlation>
    <Execution ProcessID="3064" ThreadID="5012">
    </Execution>
    <Channel>Microsoft-Windows-Sysmon/Operational</Channel>
    <Computer>DESKTOP-LGT6HFQ</Computer>
    <Security UserID="S-1-5-18">
    </Security>
  </System>
  <EventData>
    <Data Name="RuleName">-</Data>
    <Data Name="UtcTime">2026-06-05 04:41:00.580</Data>
    <Data Name="ProcessGuid">AA26E6DE-535C-6A22-4B01-000000001100</Data>
    <Data Name="ProcessId">3632</Data>
    <Data Name="Image">C:\Program Files (x86)\Microsoft\Edge\Application\msedge.exe</Data>
    <Data Name="FileVersion">148.0.3967.96</Data>
    <Data Name="Description">Microsoft Edge</Data>
    <Data Name="Product">Microsoft Edge</Data>
    <Data Name="Company">Microsoft Corporation</Data>
    <Data Name="OriginalFileName">msedge.exe</Data>
    <Data Name="CommandLine">&quot;C:\Program Files (x86)\Microsoft\Edge\Application\msedge.exe&quot; --type=utility --utility-sub-type=PooledProcess2 --lang=en-GB --service-sandbox-type=utility --ssd-no-pressure-read-main-dll --metrics-shmem-handle=5932,i,9725730666781803560,12618524364968226527,524288 --field-trial-handle=2012,i,8085284069907855490,1424023652786435116,262144 --variations-seed-version --pseudonymization-salt-handle=2016,i,2644391947108513151,298202443761779283,4 --trace-process-track-uuid=3190708999430457380 --mojo-platform-channel-handle=5896 /prefetch:8</Data>
    <Data Name="CurrentDirectory">C:\Program Files (x86)\Microsoft\Edge\Application\148.0.3967.96\</Data>
    <Data Name="User">DESKTOP-LGT6HFQ\ligac</Data>
    <Data Name="LogonGuid">AA26E6DE-523C-6A22-3CB2-010000000000</Data>
    <Data Name="LogonId">0x1b23c</Data>
    <Data Name="TerminalSessionId">1</Data>
    <Data Name="IntegrityLevel">Low</Data>
    <Data Name="Hashes">MD5=73852A4C1E06FDC8765C274CEF7821A4,SHA256=795C0BAD80131305007ABD7544311909C138551231B0316D94406A380108D366,IMPHASH=733B9E748114EB977ABA1C874D8BFBC0</Data>
    <Data Name="ParentProcessGuid">AA26E6DE-525F-6A22-D100-000000001100</Data>
    <Data Name="ParentProcessId">10356</Data>
    <Data Name="ParentImage">C:\Program Files (x86)\Microsoft\Edge\Application\msedge.exe</Data>
    <Data Name="ParentCommandLine">&quot;C:\Program Files (x86)\Microsoft\Edge\Application\msedge.exe&quot; --no-startup-window --win-session-start</Data>
    <Data Name="ParentUser">DESKTOP-LGT6HFQ\ligac</Data>
  </EventData>
</Event>
Record 523
<?xml version="1.0" encoding="utf-8"?>
<Event xmlns="http://schemas.microsoft.com/win/2004/08/events/event">
  <System>
    <Provider Name="Microsoft-Windows-Sysmon" Guid="5770385F-C22A-43E0-BF4C-06F5698FFBD9">
    </Provider>
    <EventID>13</EventID>
    <Version>2</Version>
    <Level>4</Level>
    <Task>13</Task>
    <Opcode>0</Opcode>
    <Keywords>0x8000000000000000</Keywords>
    <TimeCreated SystemTime="2026-06-05T04:41:01.312494Z">
    </TimeCreated>
    <EventRecordID>523</EventRecordID>
    <Correlation>
    </Correlation>
    <Execution ProcessID="3064" ThreadID="5012">
    </Execution>
    <Channel>Microsoft-Windows-Sysmon/Operational</Channel>
    <Computer>DESKTOP-LGT6HFQ</Computer>
    <Security UserID="S-1-5-18">
    </Security>
  </System>
  <EventData>
    <Data Name="RuleName">InvDB</Data>
    <Data Name="EventType">SetValue</Data>
    <Data Name="UtcTime">2026-06-05 04:41:01.285</Data>
    <Data Name="ProcessGuid">AA26E6DE-5262-6A22-DB00-000000001100</Data>
    <Data Name="ProcessId">11228</Data>
    <Data Name="Image">C:\Windows\system32\svchost.exe</Data>
    <Data Name="TargetObject">HKU\S-1-5-21-2516843948-3941376540-2047217349-1001\SOFTWARE\Microsoft\Windows NT\CurrentVersion\AppCompatFlags\Compatibility Assistant\Store\C:\Program Files (x86)\Microsoft\Edge\Application\msedge.exe</Data>
    <Data Name="Details">Binary Data</Data>
    <Data Name="User">NT AUTHORITY\SYSTEM</Data>
  </EventData>
</Event>
Record 524
<?xml version="1.0" encoding="utf-8"?>
<Event xmlns="http://schemas.microsoft.com/win/2004/08/events/event">
  <System>
    <Provider Name="Microsoft-Windows-Sysmon" Guid="5770385F-C22A-43E0-BF4C-06F5698FFBD9">
    </Provider>
    <EventID>22</EventID>
    <Version>5</Version>
    <Level>4</Level>
    <Task>22</Task>
    <Opcode>0</Opcode>
    <Keywords>0x8000000000000000</Keywords>
    <TimeCreated SystemTime="2026-06-05T04:41:02.284983Z">
    </TimeCreated>
    <EventRecordID>524</EventRecordID>
    <Correlation>
    </Correlation>
    <Execution ProcessID="3064" ThreadID="5168">
    </Execution>
    <Channel>Microsoft-Windows-Sysmon/Operational</Channel>
    <Computer>DESKTOP-LGT6HFQ</Computer>
    <Security UserID="S-1-5-18">
    </Security>
  </System>
  <EventData>
    <Data Name="RuleName">-</Data>
    <Data Name="UtcTime">2026-06-05 04:41:01.762</Data>
    <Data Name="ProcessGuid">AA26E6DE-5356-6A22-4201-000000001100</Data>
    <Data Name="ProcessId">13264</Data>
    <Data Name="QueryName">wpad</Data>
    <Data Name="QueryStatus">1460</Data>
    <Data Name="QueryResults">-</Data>
    <Data Name="Image">C:\Program Files (x86)\Microsoft\EdgeWebView\Application\148.0.3967.96\msedgewebview2.exe</Data>
    <Data Name="User">DESKTOP-LGT6HFQ\ligac</Data>
  </EventData>
</Event>
Record 525
<?xml version="1.0" encoding="utf-8"?>
<Event xmlns="http://schemas.microsoft.com/win/2004/08/events/event">
  <System>
    <Provider Name="Microsoft-Windows-Sysmon" Guid="5770385F-C22A-43E0-BF4C-06F5698FFBD9">
    </Provider>
    <EventID>1</EventID>
    <Version>5</Version>
    <Level>4</Level>
    <Task>1</Task>
    <Opcode>0</Opcode>
    <Keywords>0x8000000000000000</Keywords>
    <TimeCreated SystemTime="2026-06-05T04:41:05.787346Z">
    </TimeCreated>
    <EventRecordID>525</EventRecordID>
    <Correlation>
    </Correlation>
    <Execution ProcessID="3064" ThreadID="5012">
    </Execution>
    <Channel>Microsoft-Windows-Sysmon/Operational</Channel>
    <Computer>DESKTOP-LGT6HFQ</Computer>
    <Security UserID="S-1-5-18">
    </Security>
  </System>
  <EventData>
    <Data Name="RuleName">-</Data>
    <Data Name="UtcTime">2026-06-05 04:41:05.731</Data>
    <Data Name="ProcessGuid">AA26E6DE-5361-6A22-4F01-000000001100</Data>
    <Data Name="ProcessId">584</Data>
    <Data Name="Image">C:\Program Files (x86)\Microsoft\Edge\Application\msedge.exe</Data>
    <Data Name="FileVersion">148.0.3967.96</Data>
    <Data Name="Description">Microsoft Edge</Data>
    <Data Name="Product">Microsoft Edge</Data>
    <Data Name="Company">Microsoft Corporation</Data>
    <Data Name="OriginalFileName">msedge.exe</Data>
    <Data Name="CommandLine">&quot;C:\Program Files (x86)\Microsoft\Edge\Application\msedge.exe&quot; --type=utility --utility-sub-type=edge_xpay_wallet.mojom.EdgeXPayWalletService --lang=en-GB --service-sandbox-type=utility --skip-read-main-dll --metrics-shmem-handle=7048,i,7554457487993861758,1564238443860894685,524288 --field-trial-handle=2012,i,8085284069907855490,1424023652786435116,262144 --variations-seed-version --pseudonymization-salt-handle=2016,i,2644391947108513151,298202443761779283,4 --trace-process-track-uuid=3190709003178624776 --mojo-platform-channel-handle=6608 /prefetch:8</Data>
    <Data Name="CurrentDirectory">C:\Program Files (x86)\Microsoft\Edge\Application\148.0.3967.96\</Data>
    <Data Name="User">DESKTOP-LGT6HFQ\ligac</Data>
    <Data Name="LogonGuid">AA26E6DE-523C-6A22-3CB2-010000000000</Data>
    <Data Name="LogonId">0x1b23c</Data>
    <Data Name="TerminalSessionId">1</Data>
    <Data Name="IntegrityLevel">Low</Data>
    <Data Name="Hashes">MD5=73852A4C1E06FDC8765C274CEF7821A4,SHA256=795C0BAD80131305007ABD7544311909C138551231B0316D94406A380108D366,IMPHASH=733B9E748114EB977ABA1C874D8BFBC0</Data>
    <Data Name="ParentProcessGuid">AA26E6DE-525F-6A22-D100-000000001100</Data>
    <Data Name="ParentProcessId">10356</Data>
    <Data Name="ParentImage">C:\Program Files (x86)\Microsoft\Edge\Application\msedge.exe</Data>
    <Data Name="ParentCommandLine">&quot;C:\Program Files (x86)\Microsoft\Edge\Application\msedge.exe&quot; --no-startup-window --win-session-start</Data>
    <Data Name="ParentUser">DESKTOP-LGT6HFQ\ligac</Data>
  </EventData>
</Event>
Record 526
<?xml version="1.0" encoding="utf-8"?>
<Event xmlns="http://schemas.microsoft.com/win/2004/08/events/event">
  <System>
    <Provider Name="Microsoft-Windows-Sysmon" Guid="5770385F-C22A-43E0-BF4C-06F5698FFBD9">
    </Provider>
    <EventID>1</EventID>
    <Version>5</Version>
    <Level>4</Level>
    <Task>1</Task>
    <Opcode>0</Opcode>
    <Keywords>0x8000000000000000</Keywords>
    <TimeCreated SystemTime="2026-06-05T04:41:05.787948Z">
    </TimeCreated>
    <EventRecordID>526</EventRecordID>
    <Correlation>
    </Correlation>
    <Execution ProcessID="3064" ThreadID="5012">
    </Execution>
    <Channel>Microsoft-Windows-Sysmon/Operational</Channel>
    <Computer>DESKTOP-LGT6HFQ</Computer>
    <Security UserID="S-1-5-18">
    </Security>
  </System>
  <EventData>
    <Data Name="RuleName">-</Data>
    <Data Name="UtcTime">2026-06-05 04:41:05.785</Data>
    <Data Name="ProcessGuid">AA26E6DE-5361-6A22-5001-000000001100</Data>
    <Data Name="ProcessId">5724</Data>
    <Data Name="Image">C:\Program Files (x86)\Microsoft\Edge\Application\msedge.exe</Data>
    <Data Name="FileVersion">148.0.3967.96</Data>
    <Data Name="Description">Microsoft Edge</Data>
    <Data Name="Product">Microsoft Edge</Data>
    <Data Name="Company">Microsoft Corporation</Data>
    <Data Name="OriginalFileName">msedge.exe</Data>
    <Data Name="CommandLine">&quot;C:\Program Files (x86)\Microsoft\Edge\Application\msedge.exe&quot; --type=utility --utility-sub-type=audio.mojom.AudioService --lang=en-GB --service-sandbox-type=audio --skip-read-main-dll --metrics-shmem-handle=7112,i,12899125377120837593,5091701723626071174,524288 --field-trial-handle=2012,i,8085284069907855490,1424023652786435116,262144 --variations-seed-version --pseudonymization-salt-handle=2016,i,2644391947108513151,298202443761779283,4 --trace-process-track-uuid=3190709004115666625 --mojo-platform-channel-handle=7100 /prefetch:8</Data>
    <Data Name="CurrentDirectory">C:\Program Files (x86)\Microsoft\Edge\Application\148.0.3967.96\</Data>
    <Data Name="User">DESKTOP-LGT6HFQ\ligac</Data>
    <Data Name="LogonGuid">AA26E6DE-523C-6A22-3CB2-010000000000</Data>
    <Data Name="LogonId">0x1b23c</Data>
    <Data Name="TerminalSessionId">1</Data>
    <Data Name="IntegrityLevel">Low</Data>
    <Data Name="Hashes">MD5=73852A4C1E06FDC8765C274CEF7821A4,SHA256=795C0BAD80131305007ABD7544311909C138551231B0316D94406A380108D366,IMPHASH=733B9E748114EB977ABA1C874D8BFBC0</Data>
    <Data Name="ParentProcessGuid">AA26E6DE-525F-6A22-D100-000000001100</Data>
    <Data Name="ParentProcessId">10356</Data>
    <Data Name="ParentImage">C:\Program Files (x86)\Microsoft\Edge\Application\msedge.exe</Data>
    <Data Name="ParentCommandLine">&quot;C:\Program Files (x86)\Microsoft\Edge\Application\msedge.exe&quot; --no-startup-window --win-session-start</Data>
    <Data Name="ParentUser">DESKTOP-LGT6HFQ\ligac</Data>
  </EventData>
</Event>
Record 527
<?xml version="1.0" encoding="utf-8"?>
<Event xmlns="http://schemas.microsoft.com/win/2004/08/events/event">
  <System>
    <Provider Name="Microsoft-Windows-Sysmon" Guid="5770385F-C22A-43E0-BF4C-06F5698FFBD9">
    </Provider>
    <EventID>1</EventID>
    <Version>5</Version>
    <Level>4</Level>
    <Task>1</Task>
    <Opcode>0</Opcode>
    <Keywords>0x8000000000000000</Keywords>
    <TimeCreated SystemTime="2026-06-05T04:41:06.027244Z">
    </TimeCreated>
    <EventRecordID>527</EventRecordID>
    <Correlation>
    </Correlation>
    <Execution ProcessID="3064" ThreadID="5012">
    </Execution>
    <Channel>Microsoft-Windows-Sysmon/Operational</Channel>
    <Computer>DESKTOP-LGT6HFQ</Computer>
    <Security UserID="S-1-5-18">
    </Security>
  </System>
  <EventData>
    <Data Name="RuleName">-</Data>
    <Data Name="UtcTime">2026-06-05 04:41:06.004</Data>
    <Data Name="ProcessGuid">AA26E6DE-5362-6A22-5101-000000001100</Data>
    <Data Name="ProcessId">12892</Data>
    <Data Name="Image">C:\Program Files (x86)\Microsoft\Edge\Application\msedge.exe</Data>
    <Data Name="FileVersion">148.0.3967.96</Data>
    <Data Name="Description">Microsoft Edge</Data>
    <Data Name="Product">Microsoft Edge</Data>
    <Data Name="Company">Microsoft Corporation</Data>
    <Data Name="OriginalFileName">msedge.exe</Data>
    <Data Name="CommandLine">&quot;C:\Program Files (x86)\Microsoft\Edge\Application\msedge.exe&quot; --type=utility --utility-sub-type=video_capture.mojom.VideoCaptureService --lang=en-GB --service-sandbox-type=none --skip-read-main-dll --metrics-shmem-handle=7304,i,12511110650677799848,11720969170167421396,524288 --field-trial-handle=2012,i,8085284069907855490,1424023652786435116,262144 --variations-seed-version --pseudonymization-salt-handle=2016,i,2644391947108513151,298202443761779283,4 --trace-process-track-uuid=3190709005052708474 --mojo-platform-channel-handle=7308 /prefetch:8</Data>
    <Data Name="CurrentDirectory">C:\Program Files (x86)\Microsoft\Edge\Application\148.0.3967.96\</Data>
    <Data Name="User">DESKTOP-LGT6HFQ\ligac</Data>
    <Data Name="LogonGuid">AA26E6DE-523C-6A22-3CB2-010000000000</Data>
    <Data Name="LogonId">0x1b23c</Data>
    <Data Name="TerminalSessionId">1</Data>
    <Data Name="IntegrityLevel">Medium</Data>
    <Data Name="Hashes">MD5=73852A4C1E06FDC8765C274CEF7821A4,SHA256=795C0BAD80131305007ABD7544311909C138551231B0316D94406A380108D366,IMPHASH=733B9E748114EB977ABA1C874D8BFBC0</Data>
    <Data Name="ParentProcessGuid">AA26E6DE-525F-6A22-D100-000000001100</Data>
    <Data Name="ParentProcessId">10356</Data>
    <Data Name="ParentImage">C:\Program Files (x86)\Microsoft\Edge\Application\msedge.exe</Data>
    <Data Name="ParentCommandLine">&quot;C:\Program Files (x86)\Microsoft\Edge\Application\msedge.exe&quot; --no-startup-window --win-session-start</Data>
    <Data Name="ParentUser">DESKTOP-LGT6HFQ\ligac</Data>
  </EventData>
</Event>
Record 528
<?xml version="1.0" encoding="utf-8"?>
<Event xmlns="http://schemas.microsoft.com/win/2004/08/events/event">
  <System>
    <Provider Name="Microsoft-Windows-Sysmon" Guid="5770385F-C22A-43E0-BF4C-06F5698FFBD9">
    </Provider>
    <EventID>22</EventID>
    <Version>5</Version>
    <Level>4</Level>
    <Task>22</Task>
    <Opcode>0</Opcode>
    <Keywords>0x8000000000000000</Keywords>
    <TimeCreated SystemTime="2026-06-05T04:41:08.429187Z">
    </TimeCreated>
    <EventRecordID>528</EventRecordID>
    <Correlation>
    </Correlation>
    <Execution ProcessID="3064" ThreadID="5168">
    </Execution>
    <Channel>Microsoft-Windows-Sysmon/Operational</Channel>
    <Computer>DESKTOP-LGT6HFQ</Computer>
    <Security UserID="S-1-5-18">
    </Security>
  </System>
  <EventData>
    <Data Name="RuleName">-</Data>
    <Data Name="UtcTime">2026-06-05 04:41:07.737</Data>
    <Data Name="ProcessGuid">AA26E6DE-5354-6A22-3901-000000001100</Data>
    <Data Name="ProcessId">3148</Data>
    <Data Name="QueryName">da.xboxservices.com</Data>
    <Data Name="QueryStatus">0</Data>
    <Data Name="QueryResults">type:  5 xpci-global-prod.trafficmanager.net;type:  5 afd-xpci-prod-gxguabfaahdhg2gk.b02.azurefd.net;type:  5 mr-b02.tm-azurefd.net;::ffff:150.171.110.103;</Data>
    <Data Name="Image">C:\Program Files\WindowsApps\Microsoft.WindowsStore_22604.1401.8.0_x64__8wekyb3d8bbwe\WinStore.App.exe</Data>
    <Data Name="User">DESKTOP-LGT6HFQ\ligac</Data>
  </EventData>
</Event>
Record 529
<?xml version="1.0" encoding="utf-8"?>
<Event xmlns="http://schemas.microsoft.com/win/2004/08/events/event">
  <System>
    <Provider Name="Microsoft-Windows-Sysmon" Guid="5770385F-C22A-43E0-BF4C-06F5698FFBD9">
    </Provider>
    <EventID>13</EventID>
    <Version>2</Version>
    <Level>4</Level>
    <Task>13</Task>
    <Opcode>0</Opcode>
    <Keywords>0x8000000000000000</Keywords>
    <TimeCreated SystemTime="2026-06-05T04:41:09.268107Z">
    </TimeCreated>
    <EventRecordID>529</EventRecordID>
    <Correlation>
    </Correlation>
    <Execution ProcessID="3064" ThreadID="5012">
    </Execution>
    <Channel>Microsoft-Windows-Sysmon/Operational</Channel>
    <Computer>DESKTOP-LGT6HFQ</Computer>
    <Security UserID="S-1-5-18">
    </Security>
  </System>
  <EventData>
    <Data Name="RuleName">T1060,RunKey</Data>
    <Data Name="EventType">SetValue</Data>
    <Data Name="UtcTime">2026-06-05 04:41:09.251</Data>
    <Data Name="ProcessGuid">AA26E6DE-525F-6A22-D100-000000001100</Data>
    <Data Name="ProcessId">10356</Data>
    <Data Name="Image">C:\Program Files (x86)\Microsoft\Edge\Application\msedge.exe</Data>
    <Data Name="TargetObject">HKU\S-1-5-21-2516843948-3941376540-2047217349-1001\SOFTWARE\Microsoft\Windows\CurrentVersion\Run\MicrosoftEdgeAutoLaunch_84913AE46D47B442476B6709A0E10C40</Data>
    <Data Name="Details">&quot;C:\Program Files (x86)\Microsoft\Edge\Application\msedge.exe&quot; --no-startup-window --win-session-start</Data>
    <Data Name="User">DESKTOP-LGT6HFQ\ligac</Data>
  </EventData>
</Event>
Record 530
<?xml version="1.0" encoding="utf-8"?>
<Event xmlns="http://schemas.microsoft.com/win/2004/08/events/event">
  <System>
    <Provider Name="Microsoft-Windows-Sysmon" Guid="5770385F-C22A-43E0-BF4C-06F5698FFBD9">
    </Provider>
    <EventID>1</EventID>
    <Version>5</Version>
    <Level>4</Level>
    <Task>1</Task>
    <Opcode>0</Opcode>
    <Keywords>0x8000000000000000</Keywords>
    <TimeCreated SystemTime="2026-06-05T04:41:10.051581Z">
    </TimeCreated>
    <EventRecordID>530</EventRecordID>
    <Correlation>
    </Correlation>
    <Execution ProcessID="3064" ThreadID="5012">
    </Execution>
    <Channel>Microsoft-Windows-Sysmon/Operational</Channel>
    <Computer>DESKTOP-LGT6HFQ</Computer>
    <Security UserID="S-1-5-18">
    </Security>
  </System>
  <EventData>
    <Data Name="RuleName">-</Data>
    <Data Name="UtcTime">2026-06-05 04:41:10.048</Data>
    <Data Name="ProcessGuid">AA26E6DE-5366-6A22-5301-000000001100</Data>
    <Data Name="ProcessId">11376</Data>
    <Data Name="Image">C:\Program Files (x86)\Microsoft\Edge\Application\msedge.exe</Data>
    <Data Name="FileVersion">148.0.3967.96</Data>
    <Data Name="Description">Microsoft Edge</Data>
    <Data Name="Product">Microsoft Edge</Data>
    <Data Name="Company">Microsoft Corporation</Data>
    <Data Name="OriginalFileName">msedge.exe</Data>
    <Data Name="CommandLine">&quot;C:\Program Files (x86)\Microsoft\Edge\Application\msedge.exe&quot; --no-startup-window</Data>
    <Data Name="CurrentDirectory">C:\Program Files (x86)\Microsoft\Edge\Application\</Data>
    <Data Name="User">DESKTOP-LGT6HFQ\ligac</Data>
    <Data Name="LogonGuid">AA26E6DE-523C-6A22-3CB2-010000000000</Data>
    <Data Name="LogonId">0x1b23c</Data>
    <Data Name="TerminalSessionId">1</Data>
    <Data Name="IntegrityLevel">Medium</Data>
    <Data Name="Hashes">MD5=73852A4C1E06FDC8765C274CEF7821A4,SHA256=795C0BAD80131305007ABD7544311909C138551231B0316D94406A380108D366,IMPHASH=733B9E748114EB977ABA1C874D8BFBC0</Data>
    <Data Name="ParentProcessGuid">AA26E6DE-525F-6A22-D100-000000001100</Data>
    <Data Name="ParentProcessId">10356</Data>
    <Data Name="ParentImage">C:\Program Files (x86)\Microsoft\Edge\Application\msedge.exe</Data>
    <Data Name="ParentCommandLine">&quot;C:\Program Files (x86)\Microsoft\Edge\Application\msedge.exe&quot; --no-startup-window --win-session-start</Data>
    <Data Name="ParentUser">DESKTOP-LGT6HFQ\ligac</Data>
  </EventData>
</Event>
Record 531
<?xml version="1.0" encoding="utf-8"?>
<Event xmlns="http://schemas.microsoft.com/win/2004/08/events/event">
  <System>
    <Provider Name="Microsoft-Windows-Sysmon" Guid="5770385F-C22A-43E0-BF4C-06F5698FFBD9">
    </Provider>
    <EventID>1</EventID>
    <Version>5</Version>
    <Level>4</Level>
    <Task>1</Task>
    <Opcode>0</Opcode>
    <Keywords>0x8000000000000000</Keywords>
    <TimeCreated SystemTime="2026-06-05T04:41:10.145964Z">
    </TimeCreated>
    <EventRecordID>531</EventRecordID>
    <Correlation>
    </Correlation>
    <Execution ProcessID="3064" ThreadID="5012">
    </Execution>
    <Channel>Microsoft-Windows-Sysmon/Operational</Channel>
    <Computer>DESKTOP-LGT6HFQ</Computer>
    <Security UserID="S-1-5-18">
    </Security>
  </System>
  <EventData>
    <Data Name="RuleName">-</Data>
    <Data Name="UtcTime">2026-06-05 04:41:10.144</Data>
    <Data Name="ProcessGuid">AA26E6DE-5366-6A22-5401-000000001100</Data>
    <Data Name="ProcessId">2732</Data>
    <Data Name="Image">C:\Program Files (x86)\Microsoft\Edge\Application\msedge.exe</Data>
    <Data Name="FileVersion">148.0.3967.96</Data>
    <Data Name="Description">Microsoft Edge</Data>
    <Data Name="Product">Microsoft Edge</Data>
    <Data Name="Company">Microsoft Corporation</Data>
    <Data Name="OriginalFileName">msedge.exe</Data>
    <Data Name="CommandLine">&quot;C:\Program Files (x86)\Microsoft\Edge\Application\msedge.exe&quot; --type=crashpad-handler &quot;--user-data-dir=C:\Users\ligac\AppData\Local\Microsoft\Edge\User Data&quot; /prefetch:4 --monitor-self-annotation=ptype=crashpad-handler &quot;--database=C:\Users\ligac\AppData\Local\Microsoft\Edge\User Data\Crashpad&quot; --annotation=IsOfficialBuild=1 --annotation=channel= --annotation=chromium-version=148.0.7778.217 &quot;--annotation=exe=C:\Program Files (x86)\Microsoft\Edge\Application\msedge.exe&quot; --annotation=plat=Win64 --annotation=prod=Edge --annotation=ver=148.0.3967.96 --initial-client-data=0x264,0x268,0x26c,0x260,0x274,0x7ffa2bc85d58,0x7ffa2bc85d64,0x7ffa2bc85d70</Data>
    <Data Name="CurrentDirectory">C:\Program Files (x86)\Microsoft\Edge\Application\148.0.3967.96\</Data>
    <Data Name="User">DESKTOP-LGT6HFQ\ligac</Data>
    <Data Name="LogonGuid">AA26E6DE-523C-6A22-3CB2-010000000000</Data>
    <Data Name="LogonId">0x1b23c</Data>
    <Data Name="TerminalSessionId">1</Data>
    <Data Name="IntegrityLevel">Medium</Data>
    <Data Name="Hashes">MD5=73852A4C1E06FDC8765C274CEF7821A4,SHA256=795C0BAD80131305007ABD7544311909C138551231B0316D94406A380108D366,IMPHASH=733B9E748114EB977ABA1C874D8BFBC0</Data>
    <Data Name="ParentProcessGuid">AA26E6DE-5366-6A22-5301-000000001100</Data>
    <Data Name="ParentProcessId">11376</Data>
    <Data Name="ParentImage">C:\Program Files (x86)\Microsoft\Edge\Application\msedge.exe</Data>
    <Data Name="ParentCommandLine">&quot;C:\Program Files (x86)\Microsoft\Edge\Application\msedge.exe&quot; --no-startup-window</Data>
    <Data Name="ParentUser">DESKTOP-LGT6HFQ\ligac</Data>
  </EventData>
</Event>
Record 532
<?xml version="1.0" encoding="utf-8"?>
<Event xmlns="http://schemas.microsoft.com/win/2004/08/events/event">
  <System>
    <Provider Name="Microsoft-Windows-Sysmon" Guid="5770385F-C22A-43E0-BF4C-06F5698FFBD9">
    </Provider>
    <EventID>1</EventID>
    <Version>5</Version>
    <Level>4</Level>
    <Task>1</Task>
    <Opcode>0</Opcode>
    <Keywords>0x8000000000000000</Keywords>
    <TimeCreated SystemTime="2026-06-05T04:41:10.379595Z">
    </TimeCreated>
    <EventRecordID>532</EventRecordID>
    <Correlation>
    </Correlation>
    <Execution ProcessID="3064" ThreadID="5012">
    </Execution>
    <Channel>Microsoft-Windows-Sysmon/Operational</Channel>
    <Computer>DESKTOP-LGT6HFQ</Computer>
    <Security UserID="S-1-5-18">
    </Security>
  </System>
  <EventData>
    <Data Name="RuleName">-</Data>
    <Data Name="UtcTime">2026-06-05 04:41:10.377</Data>
    <Data Name="ProcessGuid">AA26E6DE-5366-6A22-5501-000000001100</Data>
    <Data Name="ProcessId">7848</Data>
    <Data Name="Image">C:\Program Files (x86)\Microsoft\Edge\Application\msedge.exe</Data>
    <Data Name="FileVersion">148.0.3967.96</Data>
    <Data Name="Description">Microsoft Edge</Data>
    <Data Name="Product">Microsoft Edge</Data>
    <Data Name="Company">Microsoft Corporation</Data>
    <Data Name="OriginalFileName">msedge.exe</Data>
    <Data Name="CommandLine">&quot;C:\Program Files (x86)\Microsoft\Edge\Application\msedge.exe&quot; --type=gpu-process --gpu-preferences=SAAAAAAAAADgAAAEAAAAAAAAAAAAAGAAAQAAAAAAAAAAAAAAAAAAAAIAAAAAAAAAAAAAAAAAAAAQAAAAAAAAABAAAAAAAAAACAAAAAAAAAAIAAAAAAAAAA== --startup-read-main-dll --metrics-shmem-handle=1876,i,17726460278326895500,8968501855506098186,262144 --field-trial-handle=2252,i,10245381432705136794,15634631853417899755,262144 --variations-seed-version --pseudonymization-salt-handle=2256,i,14979894745695204596,13056280414425601045,4 --trace-process-track-uuid=3190708988185955192 --mojo-platform-channel-handle=2248 /prefetch:2</Data>
    <Data Name="CurrentDirectory">C:\Program Files (x86)\Microsoft\Edge\Application\148.0.3967.96\</Data>
    <Data Name="User">DESKTOP-LGT6HFQ\ligac</Data>
    <Data Name="LogonGuid">AA26E6DE-523C-6A22-3CB2-010000000000</Data>
    <Data Name="LogonId">0x1b23c</Data>
    <Data Name="TerminalSessionId">1</Data>
    <Data Name="IntegrityLevel">Low</Data>
    <Data Name="Hashes">MD5=73852A4C1E06FDC8765C274CEF7821A4,SHA256=795C0BAD80131305007ABD7544311909C138551231B0316D94406A380108D366,IMPHASH=733B9E748114EB977ABA1C874D8BFBC0</Data>
    <Data Name="ParentProcessGuid">AA26E6DE-5366-6A22-5301-000000001100</Data>
    <Data Name="ParentProcessId">11376</Data>
    <Data Name="ParentImage">C:\Program Files (x86)\Microsoft\Edge\Application\msedge.exe</Data>
    <Data Name="ParentCommandLine">&quot;C:\Program Files (x86)\Microsoft\Edge\Application\msedge.exe&quot; --no-startup-window</Data>
    <Data Name="ParentUser">DESKTOP-LGT6HFQ\ligac</Data>
  </EventData>
</Event>
