Record 1
<?xml version="1.0" encoding="utf-8"?>
<Event xmlns="http://schemas.microsoft.com/win/2004/08/events/event">
  <System>
    <Provider Name="Microsoft-Windows-Sysmon" Guid="5770385F-C22A-43E0-BF4C-06F5698FFBD9">
    </Provider>
    <EventID>16</EventID>
    <Version>3</Version>
    <Level>4</Level>
    <Task>16</Task>
    <Opcode>0</Opcode>
    <Keywords>0x8000000000000000</Keywords>
    <TimeCreated SystemTime="2026-06-05T04:28:31.105832Z">
    </TimeCreated>
    <EventRecordID>1</EventRecordID>
    <Correlation>
    </Correlation>
    <Execution ProcessID="7500" ThreadID="8096">
    </Execution>
    <Channel>Microsoft-Windows-Sysmon/Operational</Channel>
    <Computer>DESKTOP-LGT6HFQ</Computer>
    <Security UserID="S-1-5-21-2516843948-3941376540-2047217349-1001">
    </Security>
  </System>
  <EventData>
    <Data Name="UtcTime">2026-06-05 04:28:31.104</Data>
    <Data Name="Configuration">C:\Users\ligac\Downloads\Sysmon\sysmonconfig.xml</Data>
    <Data Name="ConfigurationFileHash">SHA256=055FEBC600E6D7448CDF3812307275912927A62B1F94D0D933B64B294BC87162</Data>
  </EventData>
</Event>
Record 2
<?xml version="1.0" encoding="utf-8"?>
<Event xmlns="http://schemas.microsoft.com/win/2004/08/events/event">
  <System>
    <Provider Name="Microsoft-Windows-Sysmon" Guid="5770385F-C22A-43E0-BF4C-06F5698FFBD9">
    </Provider>
    <EventID>4</EventID>
    <Version>3</Version>
    <Level>4</Level>
    <Task>4</Task>
    <Opcode>0</Opcode>
    <Keywords>0x8000000000000000</Keywords>
    <TimeCreated SystemTime="2026-06-05T04:28:31.227594Z">
    </TimeCreated>
    <EventRecordID>2</EventRecordID>
    <Correlation>
    </Correlation>
    <Execution ProcessID="10504" ThreadID="6648">
    </Execution>
    <Channel>Microsoft-Windows-Sysmon/Operational</Channel>
    <Computer>DESKTOP-LGT6HFQ</Computer>
    <Security UserID="S-1-5-18">
    </Security>
  </System>
  <EventData>
    <Data Name="UtcTime">2026-06-05 04:28:31.226</Data>
    <Data Name="State">Started</Data>
    <Data Name="Version">15.20</Data>
    <Data Name="SchemaVersion">4.91</Data>
  </EventData>
</Event>
Record 3
<?xml version="1.0" encoding="utf-8"?>
<Event xmlns="http://schemas.microsoft.com/win/2004/08/events/event">
  <System>
    <Provider Name="Microsoft-Windows-Sysmon" Guid="5770385F-C22A-43E0-BF4C-06F5698FFBD9">
    </Provider>
    <EventID>1</EventID>
    <Version>5</Version>
    <Level>4</Level>
    <Task>1</Task>
    <Opcode>0</Opcode>
    <Keywords>0x8000000000000000</Keywords>
    <TimeCreated SystemTime="2026-06-05T04:28:31.232114Z">
    </TimeCreated>
    <EventRecordID>3</EventRecordID>
    <Correlation>
    </Correlation>
    <Execution ProcessID="10504" ThreadID="6648">
    </Execution>
    <Channel>Microsoft-Windows-Sysmon/Operational</Channel>
    <Computer>DESKTOP-LGT6HFQ</Computer>
    <Security UserID="S-1-5-18">
    </Security>
  </System>
  <EventData>
    <Data Name="RuleName">-</Data>
    <Data Name="UtcTime">2026-06-05 04:28:31.130</Data>
    <Data Name="ProcessGuid">AA26E6DE-506F-6A22-3D05-000000001000</Data>
    <Data Name="ProcessId">10504</Data>
    <Data Name="Image">C:\Windows\Sysmon64.exe</Data>
    <Data Name="FileVersion">15.20</Data>
    <Data Name="Description">System activity monitor</Data>
    <Data Name="Product">Sysinternals Sysmon</Data>
    <Data Name="Company">Sysinternals - www.sysinternals.com</Data>
    <Data Name="OriginalFileName">-</Data>
    <Data Name="CommandLine">C:\Windows\Sysmon64.exe</Data>
    <Data Name="CurrentDirectory">C:\Windows\system32\</Data>
    <Data Name="User">NT AUTHORITY\SYSTEM</Data>
    <Data Name="LogonGuid">AA26E6DE-44E2-6A22-E703-000000000000</Data>
    <Data Name="LogonId">0x3e7</Data>
    <Data Name="TerminalSessionId">0</Data>
    <Data Name="IntegrityLevel">System</Data>
    <Data Name="Hashes">MD5=B1581E884727B450C4DBFA9360F3DB7C,SHA256=D8115212A7747010593DE813404B02D05B915E4B1D0231502B856B9ACE9274E8,IMPHASH=5C31CFDE3181A762CA91D21902DEF1B4</Data>
    <Data Name="ParentProcessGuid">AA26E6DE-44E2-6A22-0A00-000000001000</Data>
    <Data Name="ParentProcessId">576</Data>
    <Data Name="ParentImage">C:\Windows\System32\services.exe</Data>
    <Data Name="ParentCommandLine">C:\Windows\system32\services.exe</Data>
    <Data Name="ParentUser">NT AUTHORITY\SYSTEM</Data>
  </EventData>
</Event>
Record 4
<?xml version="1.0" encoding="utf-8"?>
<Event xmlns="http://schemas.microsoft.com/win/2004/08/events/event">
  <System>
    <Provider Name="Microsoft-Windows-Sysmon" Guid="5770385F-C22A-43E0-BF4C-06F5698FFBD9">
    </Provider>
    <EventID>1</EventID>
    <Version>5</Version>
    <Level>4</Level>
    <Task>1</Task>
    <Opcode>0</Opcode>
    <Keywords>0x8000000000000000</Keywords>
    <TimeCreated SystemTime="2026-06-05T04:28:31.232708Z">
    </TimeCreated>
    <EventRecordID>4</EventRecordID>
    <Correlation>
    </Correlation>
    <Execution ProcessID="10504" ThreadID="6648">
    </Execution>
    <Channel>Microsoft-Windows-Sysmon/Operational</Channel>
    <Computer>DESKTOP-LGT6HFQ</Computer>
    <Security UserID="S-1-5-18">
    </Security>
  </System>
  <EventData>
    <Data Name="RuleName">-</Data>
    <Data Name="UtcTime">2026-06-05 04:28:31.195</Data>
    <Data Name="ProcessGuid">AA26E6DE-506F-6A22-3E05-000000001000</Data>
    <Data Name="ProcessId">2356</Data>
    <Data Name="Image">C:\Windows\System32\wbem\unsecapp.exe</Data>
    <Data Name="FileVersion">10.0.19041.4474 (WinBuild.160101.0800)</Data>
    <Data Name="Description">Sink to receive asynchronous callbacks for WMI client application</Data>
    <Data Name="Product">Microsoft® Windows® Operating System</Data>
    <Data Name="Company">Microsoft Corporation</Data>
    <Data Name="OriginalFileName">unsecapp.dll</Data>
    <Data Name="CommandLine">C:\Windows\system32\wbem\unsecapp.exe -Embedding</Data>
    <Data Name="CurrentDirectory">C:\Windows\system32\</Data>
    <Data Name="User">NT AUTHORITY\SYSTEM</Data>
    <Data Name="LogonGuid">AA26E6DE-44E2-6A22-E703-000000000000</Data>
    <Data Name="LogonId">0x3e7</Data>
    <Data Name="TerminalSessionId">0</Data>
    <Data Name="IntegrityLevel">System</Data>
    <Data Name="Hashes">MD5=074BC779F1A16A04A92D15C8A42C4FA9,SHA256=8A70E6F48EA1F05CE55CC5473491D344C8C194041F876C5892BFB05E94A9CBDF,IMPHASH=87E54E3D04D772F26002D8B564B2426C</Data>
    <Data Name="ParentProcessGuid">AA26E6DE-44E2-6A22-0F00-000000001000</Data>
    <Data Name="ParentProcessId">768</Data>
    <Data Name="ParentImage">C:\Windows\System32\svchost.exe</Data>
    <Data Name="ParentCommandLine">C:\Windows\system32\svchost.exe -k DcomLaunch -p</Data>
    <Data Name="ParentUser">NT AUTHORITY\SYSTEM</Data>
  </EventData>
</Event>
Record 5
<?xml version="1.0" encoding="utf-8"?>
<Event xmlns="http://schemas.microsoft.com/win/2004/08/events/event">
  <System>
    <Provider Name="Microsoft-Windows-Sysmon" Guid="5770385F-C22A-43E0-BF4C-06F5698FFBD9">
    </Provider>
    <EventID>5</EventID>
    <Version>3</Version>
    <Level>4</Level>
    <Task>5</Task>
    <Opcode>0</Opcode>
    <Keywords>0x8000000000000000</Keywords>
    <TimeCreated SystemTime="2026-06-05T04:28:32.194336Z">
    </TimeCreated>
    <EventRecordID>5</EventRecordID>
    <Correlation>
    </Correlation>
    <Execution ProcessID="10504" ThreadID="6648">
    </Execution>
    <Channel>Microsoft-Windows-Sysmon/Operational</Channel>
    <Computer>DESKTOP-LGT6HFQ</Computer>
    <Security UserID="S-1-5-18">
    </Security>
  </System>
  <EventData>
    <Data Name="RuleName">-</Data>
    <Data Name="UtcTime">2026-06-05 04:28:32.192</Data>
    <Data Name="ProcessGuid">AA26E6DE-506E-6A22-3705-000000001000</Data>
    <Data Name="ProcessId">7500</Data>
    <Data Name="Image">C:\Users\ligac\Downloads\Sysmon\Sysmon64.exe</Data>
    <Data Name="User">DESKTOP-LGT6HFQ\ligac</Data>
  </EventData>
</Event>
Record 6
<?xml version="1.0" encoding="utf-8"?>
<Event xmlns="http://schemas.microsoft.com/win/2004/08/events/event">
  <System>
    <Provider Name="Microsoft-Windows-Sysmon" Guid="5770385F-C22A-43E0-BF4C-06F5698FFBD9">
    </Provider>
    <EventID>1</EventID>
    <Version>5</Version>
    <Level>4</Level>
    <Task>1</Task>
    <Opcode>0</Opcode>
    <Keywords>0x8000000000000000</Keywords>
    <TimeCreated SystemTime="2026-06-05T04:29:04.490147Z">
    </TimeCreated>
    <EventRecordID>6</EventRecordID>
    <Correlation>
    </Correlation>
    <Execution ProcessID="10504" ThreadID="6648">
    </Execution>
    <Channel>Microsoft-Windows-Sysmon/Operational</Channel>
    <Computer>DESKTOP-LGT6HFQ</Computer>
    <Security UserID="S-1-5-18">
    </Security>
  </System>
  <EventData>
    <Data Name="RuleName">-</Data>
    <Data Name="UtcTime">2026-06-05 04:29:04.481</Data>
    <Data Name="ProcessGuid">AA26E6DE-5090-6A22-4005-000000001000</Data>
    <Data Name="ProcessId">356</Data>
    <Data Name="Image">C:\Program Files\WindowsApps\Microsoft.DesktopAppInstaller_1.28.240.0_x64__8wekyb3d8bbwe\WindowsPackageManagerServer.exe</Data>
    <Data Name="FileVersion">-</Data>
    <Data Name="Description">-</Data>
    <Data Name="Product">-</Data>
    <Data Name="Company">-</Data>
    <Data Name="OriginalFileName">-</Data>
    <Data Name="CommandLine">&quot;C:\Program Files\WindowsApps\Microsoft.DesktopAppInstaller_1.28.240.0_x64__8wekyb3d8bbwe\WindowsPackageManagerServer.exe&quot; -Embedding</Data>
    <Data Name="CurrentDirectory">C:\Windows\system32\</Data>
    <Data Name="User">DESKTOP-LGT6HFQ\ligac</Data>
    <Data Name="LogonGuid">AA26E6DE-45DB-6A22-091D-250000000000</Data>
    <Data Name="LogonId">0x251d09</Data>
    <Data Name="TerminalSessionId">1</Data>
    <Data Name="IntegrityLevel">Medium</Data>
    <Data Name="Hashes">MD5=586B5B68E9B4BB71501E8432245242C2,SHA256=666229C5D74004F478E85A9AFE7D90EAE05A4D0F4695DE76FE66480CDEE7FCC8,IMPHASH=33CBAF2999A0821B4BFD053FFFDE813E</Data>
    <Data Name="ParentProcessGuid">AA26E6DE-44E2-6A22-0F00-000000001000</Data>
    <Data Name="ParentProcessId">768</Data>
    <Data Name="ParentImage">C:\Windows\System32\svchost.exe</Data>
    <Data Name="ParentCommandLine">C:\Windows\system32\svchost.exe -k DcomLaunch -p</Data>
    <Data Name="ParentUser">NT AUTHORITY\SYSTEM</Data>
  </EventData>
</Event>
Record 7
<?xml version="1.0" encoding="utf-8"?>
<Event xmlns="http://schemas.microsoft.com/win/2004/08/events/event">
  <System>
    <Provider Name="Microsoft-Windows-Sysmon" Guid="5770385F-C22A-43E0-BF4C-06F5698FFBD9">
    </Provider>
    <EventID>1</EventID>
    <Version>5</Version>
    <Level>4</Level>
    <Task>1</Task>
    <Opcode>0</Opcode>
    <Keywords>0x8000000000000000</Keywords>
    <TimeCreated SystemTime="2026-06-05T04:29:06.500483Z">
    </TimeCreated>
    <EventRecordID>7</EventRecordID>
    <Correlation>
    </Correlation>
    <Execution ProcessID="10504" ThreadID="6648">
    </Execution>
    <Channel>Microsoft-Windows-Sysmon/Operational</Channel>
    <Computer>DESKTOP-LGT6HFQ</Computer>
    <Security UserID="S-1-5-18">
    </Security>
  </System>
  <EventData>
    <Data Name="RuleName">-</Data>
    <Data Name="UtcTime">2026-06-05 04:29:06.499</Data>
    <Data Name="ProcessGuid">AA26E6DE-5092-6A22-4505-000000001000</Data>
    <Data Name="ProcessId">11416</Data>
    <Data Name="Image">C:\Windows\System32\taskhostw.exe</Data>
    <Data Name="FileVersion">10.0.19041.5794 (WinBuild.160101.0800)</Data>
    <Data Name="Description">Host Process for Windows Tasks</Data>
    <Data Name="Product">Microsoft® Windows® Operating System</Data>
    <Data Name="Company">Microsoft Corporation</Data>
    <Data Name="OriginalFileName">taskhostw.exe</Data>
    <Data Name="CommandLine">taskhostw.exe</Data>
    <Data Name="CurrentDirectory">C:\Windows\system32\</Data>
    <Data Name="User">NT AUTHORITY\SYSTEM</Data>
    <Data Name="LogonGuid">AA26E6DE-44E2-6A22-E703-000000000000</Data>
    <Data Name="LogonId">0x3e7</Data>
    <Data Name="TerminalSessionId">0</Data>
    <Data Name="IntegrityLevel">System</Data>
    <Data Name="Hashes">MD5=D71630DA4364F89F36B47581D4162639,SHA256=4D84D1DB6C572DA841307B814CCF26478429D3A29F304755CE1BAF110E639F64,IMPHASH=3A0C6863CDE566AF997DB2DEFFF9D924</Data>
    <Data Name="ParentProcessGuid">AA26E6DE-44E4-6A22-2300-000000001000</Data>
    <Data Name="ParentProcessId">1360</Data>
    <Data Name="ParentImage">C:\Windows\System32\svchost.exe</Data>
    <Data Name="ParentCommandLine">C:\Windows\system32\svchost.exe -k netsvcs -p -s Schedule</Data>
    <Data Name="ParentUser">NT AUTHORITY\SYSTEM</Data>
  </EventData>
</Event>
Record 8
<?xml version="1.0" encoding="utf-8"?>
<Event xmlns="http://schemas.microsoft.com/win/2004/08/events/event">
  <System>
    <Provider Name="Microsoft-Windows-Sysmon" Guid="5770385F-C22A-43E0-BF4C-06F5698FFBD9">
    </Provider>
    <EventID>1</EventID>
    <Version>5</Version>
    <Level>4</Level>
    <Task>1</Task>
    <Opcode>0</Opcode>
    <Keywords>0x8000000000000000</Keywords>
    <TimeCreated SystemTime="2026-06-05T04:29:11.066372Z">
    </TimeCreated>
    <EventRecordID>8</EventRecordID>
    <Correlation>
    </Correlation>
    <Execution ProcessID="10504" ThreadID="6648">
    </Execution>
    <Channel>Microsoft-Windows-Sysmon/Operational</Channel>
    <Computer>DESKTOP-LGT6HFQ</Computer>
    <Security UserID="S-1-5-18">
    </Security>
  </System>
  <EventData>
    <Data Name="RuleName">-</Data>
    <Data Name="UtcTime">2026-06-05 04:29:10.996</Data>
    <Data Name="ProcessGuid">AA26E6DE-5096-6A22-4905-000000001000</Data>
    <Data Name="ProcessId">9348</Data>
    <Data Name="Image">C:\Program Files (x86)\Microsoft\Edge\Application\msedge.exe</Data>
    <Data Name="FileVersion">148.0.3967.96</Data>
    <Data Name="Description">Microsoft Edge</Data>
    <Data Name="Product">Microsoft Edge</Data>
    <Data Name="Company">Microsoft Corporation</Data>
    <Data Name="OriginalFileName">msedge.exe</Data>
    <Data Name="CommandLine">&quot;C:\Program Files (x86)\Microsoft\Edge\Application\msedge.exe&quot; --type=utility --utility-sub-type=PooledProcess2 --lang=en-GB --service-sandbox-type=utility --ssd-no-pressure-read-main-dll --metrics-shmem-handle=8764,i,15503108158837571100,11922254670985591761,524288 --field-trial-handle=2160,i,10951072356334109064,1191380400481033935,262144 --variations-seed-version --pseudonymization-salt-handle=2164,i,5018163880319663648,13766609357174080296,4 --trace-process-track-uuid=3190709070645637904 --mojo-platform-channel-handle=8684 /prefetch:8</Data>
    <Data Name="CurrentDirectory">C:\Program Files (x86)\Microsoft\Edge\Application\148.0.3967.96\</Data>
    <Data Name="User">DESKTOP-LGT6HFQ\ligac</Data>
    <Data Name="LogonGuid">AA26E6DE-45DB-6A22-091D-250000000000</Data>
    <Data Name="LogonId">0x251d09</Data>
    <Data Name="TerminalSessionId">1</Data>
    <Data Name="IntegrityLevel">Low</Data>
    <Data Name="Hashes">MD5=73852A4C1E06FDC8765C274CEF7821A4,SHA256=795C0BAD80131305007ABD7544311909C138551231B0316D94406A380108D366,IMPHASH=733B9E748114EB977ABA1C874D8BFBC0</Data>
    <Data Name="ParentProcessGuid">AA26E6DE-45FC-6A22-FB02-000000001000</Data>
    <Data Name="ParentProcessId">9112</Data>
    <Data Name="ParentImage">C:\Program Files (x86)\Microsoft\Edge\Application\msedge.exe</Data>
    <Data Name="ParentCommandLine">&quot;C:\Program Files (x86)\Microsoft\Edge\Application\msedge.exe&quot; --profile-directory=Default</Data>
    <Data Name="ParentUser">DESKTOP-LGT6HFQ\ligac</Data>
  </EventData>
</Event>
Record 9
<?xml version="1.0" encoding="utf-8"?>
<Event xmlns="http://schemas.microsoft.com/win/2004/08/events/event">
  <System>
    <Provider Name="Microsoft-Windows-Sysmon" Guid="5770385F-C22A-43E0-BF4C-06F5698FFBD9">
    </Provider>
    <EventID>1</EventID>
    <Version>5</Version>
    <Level>4</Level>
    <Task>1</Task>
    <Opcode>0</Opcode>
    <Keywords>0x8000000000000000</Keywords>
    <TimeCreated SystemTime="2026-06-05T04:29:11.144110Z">
    </TimeCreated>
    <EventRecordID>9</EventRecordID>
    <Correlation>
    </Correlation>
    <Execution ProcessID="10504" ThreadID="6648">
    </Execution>
    <Channel>Microsoft-Windows-Sysmon/Operational</Channel>
    <Computer>DESKTOP-LGT6HFQ</Computer>
    <Security UserID="S-1-5-18">
    </Security>
  </System>
  <EventData>
    <Data Name="RuleName">-</Data>
    <Data Name="UtcTime">2026-06-05 04:29:11.143</Data>
    <Data Name="ProcessGuid">AA26E6DE-5097-6A22-4A05-000000001000</Data>
    <Data Name="ProcessId">9824</Data>
    <Data Name="Image">C:\Program Files\WindowsApps\Microsoft.DesktopAppInstaller_1.28.240.0_x64__8wekyb3d8bbwe\WindowsPackageManagerServer.exe</Data>
    <Data Name="FileVersion">-</Data>
    <Data Name="Description">-</Data>
    <Data Name="Product">-</Data>
    <Data Name="Company">-</Data>
    <Data Name="OriginalFileName">-</Data>
    <Data Name="CommandLine">&quot;C:\Program Files\WindowsApps\Microsoft.DesktopAppInstaller_1.28.240.0_x64__8wekyb3d8bbwe\WindowsPackageManagerServer.exe&quot; -Embedding</Data>
    <Data Name="CurrentDirectory">C:\Windows\system32\</Data>
    <Data Name="User">DESKTOP-LGT6HFQ\ligac</Data>
    <Data Name="LogonGuid">AA26E6DE-45DB-6A22-091D-250000000000</Data>
    <Data Name="LogonId">0x251d09</Data>
    <Data Name="TerminalSessionId">1</Data>
    <Data Name="IntegrityLevel">Medium</Data>
    <Data Name="Hashes">MD5=586B5B68E9B4BB71501E8432245242C2,SHA256=666229C5D74004F478E85A9AFE7D90EAE05A4D0F4695DE76FE66480CDEE7FCC8,IMPHASH=33CBAF2999A0821B4BFD053FFFDE813E</Data>
    <Data Name="ParentProcessGuid">AA26E6DE-44E2-6A22-0F00-000000001000</Data>
    <Data Name="ParentProcessId">768</Data>
    <Data Name="ParentImage">C:\Windows\System32\svchost.exe</Data>
    <Data Name="ParentCommandLine">C:\Windows\system32\svchost.exe -k DcomLaunch -p</Data>
    <Data Name="ParentUser">NT AUTHORITY\SYSTEM</Data>
  </EventData>
</Event>
Record 10
<?xml version="1.0" encoding="utf-8"?>
<Event xmlns="http://schemas.microsoft.com/win/2004/08/events/event">
  <System>
    <Provider Name="Microsoft-Windows-Sysmon" Guid="5770385F-C22A-43E0-BF4C-06F5698FFBD9">
    </Provider>
    <EventID>1</EventID>
    <Version>5</Version>
    <Level>4</Level>
    <Task>1</Task>
    <Opcode>0</Opcode>
    <Keywords>0x8000000000000000</Keywords>
    <TimeCreated SystemTime="2026-06-05T04:29:16.807007Z">
    </TimeCreated>
    <EventRecordID>10</EventRecordID>
    <Correlation>
    </Correlation>
    <Execution ProcessID="10504" ThreadID="6648">
    </Execution>
    <Channel>Microsoft-Windows-Sysmon/Operational</Channel>
    <Computer>DESKTOP-LGT6HFQ</Computer>
    <Security UserID="S-1-5-18">
    </Security>
  </System>
  <EventData>
    <Data Name="RuleName">-</Data>
    <Data Name="UtcTime">2026-06-05 04:29:16.806</Data>
    <Data Name="ProcessGuid">AA26E6DE-509C-6A22-4B05-000000001000</Data>
    <Data Name="ProcessId">8268</Data>
    <Data Name="Image">C:\Program Files\WindowsApps\Microsoft.DesktopAppInstaller_1.28.240.0_x64__8wekyb3d8bbwe\WindowsPackageManagerServer.exe</Data>
    <Data Name="FileVersion">-</Data>
    <Data Name="Description">-</Data>
    <Data Name="Product">-</Data>
    <Data Name="Company">-</Data>
    <Data Name="OriginalFileName">-</Data>
    <Data Name="CommandLine">&quot;C:\Program Files\WindowsApps\Microsoft.DesktopAppInstaller_1.28.240.0_x64__8wekyb3d8bbwe\WindowsPackageManagerServer.exe&quot; -Embedding</Data>
    <Data Name="CurrentDirectory">C:\Windows\system32\</Data>
    <Data Name="User">DESKTOP-LGT6HFQ\ligac</Data>
    <Data Name="LogonGuid">AA26E6DE-45DB-6A22-091D-250000000000</Data>
    <Data Name="LogonId">0x251d09</Data>
    <Data Name="TerminalSessionId">1</Data>
    <Data Name="IntegrityLevel">Medium</Data>
    <Data Name="Hashes">MD5=586B5B68E9B4BB71501E8432245242C2,SHA256=666229C5D74004F478E85A9AFE7D90EAE05A4D0F4695DE76FE66480CDEE7FCC8,IMPHASH=33CBAF2999A0821B4BFD053FFFDE813E</Data>
    <Data Name="ParentProcessGuid">AA26E6DE-44E2-6A22-0F00-000000001000</Data>
    <Data Name="ParentProcessId">768</Data>
    <Data Name="ParentImage">C:\Windows\System32\svchost.exe</Data>
    <Data Name="ParentCommandLine">C:\Windows\system32\svchost.exe -k DcomLaunch -p</Data>
    <Data Name="ParentUser">NT AUTHORITY\SYSTEM</Data>
  </EventData>
</Event>
Record 11
<?xml version="1.0" encoding="utf-8"?>
<Event xmlns="http://schemas.microsoft.com/win/2004/08/events/event">
  <System>
    <Provider Name="Microsoft-Windows-Sysmon" Guid="5770385F-C22A-43E0-BF4C-06F5698FFBD9">
    </Provider>
    <EventID>1</EventID>
    <Version>5</Version>
    <Level>4</Level>
    <Task>1</Task>
    <Opcode>0</Opcode>
    <Keywords>0x8000000000000000</Keywords>
    <TimeCreated SystemTime="2026-06-05T04:29:25.198945Z">
    </TimeCreated>
    <EventRecordID>11</EventRecordID>
    <Correlation>
    </Correlation>
    <Execution ProcessID="10504" ThreadID="6648">
    </Execution>
    <Channel>Microsoft-Windows-Sysmon/Operational</Channel>
    <Computer>DESKTOP-LGT6HFQ</Computer>
    <Security UserID="S-1-5-18">
    </Security>
  </System>
  <EventData>
    <Data Name="RuleName">-</Data>
    <Data Name="UtcTime">2026-06-05 04:29:25.193</Data>
    <Data Name="ProcessGuid">AA26E6DE-50A5-6A22-5005-000000001000</Data>
    <Data Name="ProcessId">11480</Data>
    <Data Name="Image">C:\Program Files (x86)\Microsoft\Edge\Application\msedge.exe</Data>
    <Data Name="FileVersion">148.0.3967.96</Data>
    <Data Name="Description">Microsoft Edge</Data>
    <Data Name="Product">Microsoft Edge</Data>
    <Data Name="Company">Microsoft Corporation</Data>
    <Data Name="OriginalFileName">msedge.exe</Data>
    <Data Name="CommandLine">&quot;C:\Program Files (x86)\Microsoft\Edge\Application\msedge.exe&quot; --type=utility --utility-sub-type=audio.mojom.AudioService --lang=en-GB --service-sandbox-type=audio --skip-read-main-dll --metrics-shmem-handle=9036,i,18367014341404614844,9558658648183987850,524288 --field-trial-handle=2160,i,10951072356334109064,1191380400481033935,262144 --variations-seed-version --pseudonymization-salt-handle=2164,i,5018163880319663648,13766609357174080296,4 --trace-process-track-uuid=3190709075330847149 --mojo-platform-channel-handle=8688 /prefetch:8</Data>
    <Data Name="CurrentDirectory">C:\Program Files (x86)\Microsoft\Edge\Application\148.0.3967.96\</Data>
    <Data Name="User">DESKTOP-LGT6HFQ\ligac</Data>
    <Data Name="LogonGuid">AA26E6DE-45DB-6A22-091D-250000000000</Data>
    <Data Name="LogonId">0x251d09</Data>
    <Data Name="TerminalSessionId">1</Data>
    <Data Name="IntegrityLevel">Low</Data>
    <Data Name="Hashes">MD5=73852A4C1E06FDC8765C274CEF7821A4,SHA256=795C0BAD80131305007ABD7544311909C138551231B0316D94406A380108D366,IMPHASH=733B9E748114EB977ABA1C874D8BFBC0</Data>
    <Data Name="ParentProcessGuid">AA26E6DE-45FC-6A22-FB02-000000001000</Data>
    <Data Name="ParentProcessId">9112</Data>
    <Data Name="ParentImage">C:\Program Files (x86)\Microsoft\Edge\Application\msedge.exe</Data>
    <Data Name="ParentCommandLine">&quot;C:\Program Files (x86)\Microsoft\Edge\Application\msedge.exe&quot; --profile-directory=Default</Data>
    <Data Name="ParentUser">DESKTOP-LGT6HFQ\ligac</Data>
  </EventData>
</Event>
Record 12
<?xml version="1.0" encoding="utf-8"?>
<Event xmlns="http://schemas.microsoft.com/win/2004/08/events/event">
  <System>
    <Provider Name="Microsoft-Windows-Sysmon" Guid="5770385F-C22A-43E0-BF4C-06F5698FFBD9">
    </Provider>
    <EventID>1</EventID>
    <Version>5</Version>
    <Level>4</Level>
    <Task>1</Task>
    <Opcode>0</Opcode>
    <Keywords>0x8000000000000000</Keywords>
    <TimeCreated SystemTime="2026-06-05T04:29:25.262621Z">
    </TimeCreated>
    <EventRecordID>12</EventRecordID>
    <Correlation>
    </Correlation>
    <Execution ProcessID="10504" ThreadID="6648">
    </Execution>
    <Channel>Microsoft-Windows-Sysmon/Operational</Channel>
    <Computer>DESKTOP-LGT6HFQ</Computer>
    <Security UserID="S-1-5-18">
    </Security>
  </System>
  <EventData>
    <Data Name="RuleName">-</Data>
    <Data Name="UtcTime">2026-06-05 04:29:25.236</Data>
    <Data Name="ProcessGuid">AA26E6DE-50A5-6A22-5105-000000001000</Data>
    <Data Name="ProcessId">628</Data>
    <Data Name="Image">C:\Program Files (x86)\Microsoft\Edge\Application\msedge.exe</Data>
    <Data Name="FileVersion">148.0.3967.96</Data>
    <Data Name="Description">Microsoft Edge</Data>
    <Data Name="Product">Microsoft Edge</Data>
    <Data Name="Company">Microsoft Corporation</Data>
    <Data Name="OriginalFileName">msedge.exe</Data>
    <Data Name="CommandLine">&quot;C:\Program Files (x86)\Microsoft\Edge\Application\msedge.exe&quot; --type=utility --utility-sub-type=edge_xpay_wallet.mojom.EdgeXPayWalletService --lang=en-GB --service-sandbox-type=utility --skip-read-main-dll --metrics-shmem-handle=7020,i,12547463626302997169,11034184516901985395,524288 --field-trial-handle=2160,i,10951072356334109064,1191380400481033935,262144 --variations-seed-version --pseudonymization-salt-handle=2164,i,5018163880319663648,13766609357174080296,4 --trace-process-track-uuid=3190709077204930847 --mojo-platform-channel-handle=8916 /prefetch:8</Data>
    <Data Name="CurrentDirectory">C:\Program Files (x86)\Microsoft\Edge\Application\148.0.3967.96\</Data>
    <Data Name="User">DESKTOP-LGT6HFQ\ligac</Data>
    <Data Name="LogonGuid">AA26E6DE-45DB-6A22-091D-250000000000</Data>
    <Data Name="LogonId">0x251d09</Data>
    <Data Name="TerminalSessionId">1</Data>
    <Data Name="IntegrityLevel">Low</Data>
    <Data Name="Hashes">MD5=73852A4C1E06FDC8765C274CEF7821A4,SHA256=795C0BAD80131305007ABD7544311909C138551231B0316D94406A380108D366,IMPHASH=733B9E748114EB977ABA1C874D8BFBC0</Data>
    <Data Name="ParentProcessGuid">AA26E6DE-45FC-6A22-FB02-000000001000</Data>
    <Data Name="ParentProcessId">9112</Data>
    <Data Name="ParentImage">C:\Program Files (x86)\Microsoft\Edge\Application\msedge.exe</Data>
    <Data Name="ParentCommandLine">&quot;C:\Program Files (x86)\Microsoft\Edge\Application\msedge.exe&quot; --profile-directory=Default</Data>
    <Data Name="ParentUser">DESKTOP-LGT6HFQ\ligac</Data>
  </EventData>
</Event>
Record 13
<?xml version="1.0" encoding="utf-8"?>
<Event xmlns="http://schemas.microsoft.com/win/2004/08/events/event">
  <System>
    <Provider Name="Microsoft-Windows-Sysmon" Guid="5770385F-C22A-43E0-BF4C-06F5698FFBD9">
    </Provider>
    <EventID>1</EventID>
    <Version>5</Version>
    <Level>4</Level>
    <Task>1</Task>
    <Opcode>0</Opcode>
    <Keywords>0x8000000000000000</Keywords>
    <TimeCreated SystemTime="2026-06-05T04:29:25.704048Z">
    </TimeCreated>
    <EventRecordID>13</EventRecordID>
    <Correlation>
    </Correlation>
    <Execution ProcessID="10504" ThreadID="6648">
    </Execution>
    <Channel>Microsoft-Windows-Sysmon/Operational</Channel>
    <Computer>DESKTOP-LGT6HFQ</Computer>
    <Security UserID="S-1-5-18">
    </Security>
  </System>
  <EventData>
    <Data Name="RuleName">-</Data>
    <Data Name="UtcTime">2026-06-05 04:29:25.572</Data>
    <Data Name="ProcessGuid">AA26E6DE-50A5-6A22-5305-000000001000</Data>
    <Data Name="ProcessId">8440</Data>
    <Data Name="Image">C:\Program Files (x86)\Microsoft\Edge\Application\msedge.exe</Data>
    <Data Name="FileVersion">148.0.3967.96</Data>
    <Data Name="Description">Microsoft Edge</Data>
    <Data Name="Product">Microsoft Edge</Data>
    <Data Name="Company">Microsoft Corporation</Data>
    <Data Name="OriginalFileName">msedge.exe</Data>
    <Data Name="CommandLine">&quot;C:\Program Files (x86)\Microsoft\Edge\Application\msedge.exe&quot; --type=utility --utility-sub-type=video_capture.mojom.VideoCaptureService --lang=en-GB --service-sandbox-type=none --skip-read-main-dll --metrics-shmem-handle=8176,i,10051390660897875198,13869929789718447991,524288 --field-trial-handle=2160,i,10951072356334109064,1191380400481033935,262144 --variations-seed-version --pseudonymization-salt-handle=2164,i,5018163880319663648,13766609357174080296,4 --trace-process-track-uuid=3190709078141972696 --mojo-platform-channel-handle=8460 /prefetch:8</Data>
    <Data Name="CurrentDirectory">C:\Program Files (x86)\Microsoft\Edge\Application\148.0.3967.96\</Data>
    <Data Name="User">DESKTOP-LGT6HFQ\ligac</Data>
    <Data Name="LogonGuid">AA26E6DE-45DB-6A22-091D-250000000000</Data>
    <Data Name="LogonId">0x251d09</Data>
    <Data Name="TerminalSessionId">1</Data>
    <Data Name="IntegrityLevel">Medium</Data>
    <Data Name="Hashes">MD5=73852A4C1E06FDC8765C274CEF7821A4,SHA256=795C0BAD80131305007ABD7544311909C138551231B0316D94406A380108D366,IMPHASH=733B9E748114EB977ABA1C874D8BFBC0</Data>
    <Data Name="ParentProcessGuid">AA26E6DE-45FC-6A22-FB02-000000001000</Data>
    <Data Name="ParentProcessId">9112</Data>
    <Data Name="ParentImage">C:\Program Files (x86)\Microsoft\Edge\Application\msedge.exe</Data>
    <Data Name="ParentCommandLine">&quot;C:\Program Files (x86)\Microsoft\Edge\Application\msedge.exe&quot; --profile-directory=Default</Data>
    <Data Name="ParentUser">DESKTOP-LGT6HFQ\ligac</Data>
  </EventData>
</Event>
Record 14
<?xml version="1.0" encoding="utf-8"?>
<Event xmlns="http://schemas.microsoft.com/win/2004/08/events/event">
  <System>
    <Provider Name="Microsoft-Windows-Sysmon" Guid="5770385F-C22A-43E0-BF4C-06F5698FFBD9">
    </Provider>
    <EventID>1</EventID>
    <Version>5</Version>
    <Level>4</Level>
    <Task>1</Task>
    <Opcode>0</Opcode>
    <Keywords>0x8000000000000000</Keywords>
    <TimeCreated SystemTime="2026-06-05T04:29:29.510674Z">
    </TimeCreated>
    <EventRecordID>14</EventRecordID>
    <Correlation>
    </Correlation>
    <Execution ProcessID="10504" ThreadID="6648">
    </Execution>
    <Channel>Microsoft-Windows-Sysmon/Operational</Channel>
    <Computer>DESKTOP-LGT6HFQ</Computer>
    <Security UserID="S-1-5-18">
    </Security>
  </System>
  <EventData>
    <Data Name="RuleName">-</Data>
    <Data Name="UtcTime">2026-06-05 04:29:29.508</Data>
    <Data Name="ProcessGuid">AA26E6DE-50A9-6A22-5405-000000001000</Data>
    <Data Name="ProcessId">8424</Data>
    <Data Name="Image">C:\Program Files (x86)\Microsoft\EdgeUpdate\MicrosoftEdgeUpdate.exe</Data>
    <Data Name="FileVersion">1.3.233.3</Data>
    <Data Name="Description">Microsoft Edge Update</Data>
    <Data Name="Product">Microsoft Edge Update</Data>
    <Data Name="Company">Microsoft Corporation</Data>
    <Data Name="OriginalFileName">MicrosoftEdgeUpdate.exe</Data>
    <Data Name="CommandLine">&quot;C:\Program Files (x86)\Microsoft\EdgeUpdate\MicrosoftEdgeUpdate.exe&quot; /ua /installsource scheduler</Data>
    <Data Name="CurrentDirectory">C:\Windows\system32\</Data>
    <Data Name="User">NT AUTHORITY\SYSTEM</Data>
    <Data Name="LogonGuid">AA26E6DE-44E2-6A22-E703-000000000000</Data>
    <Data Name="LogonId">0x3e7</Data>
    <Data Name="TerminalSessionId">0</Data>
    <Data Name="IntegrityLevel">System</Data>
    <Data Name="Hashes">MD5=7A87637CC4D114EA49A30323FEB799F1,SHA256=A8FFAB0B134E177655DD255F9B05296BB5CA7C40C5C1A2157DB81FC68B350FFD,IMPHASH=CD3B2D99C6655A5D4A14E30E380F5BF9</Data>
    <Data Name="ParentProcessGuid">AA26E6DE-44E4-6A22-2300-000000001000</Data>
    <Data Name="ParentProcessId">1360</Data>
    <Data Name="ParentImage">C:\Windows\System32\svchost.exe</Data>
    <Data Name="ParentCommandLine">C:\Windows\system32\svchost.exe -k netsvcs -p -s Schedule</Data>
    <Data Name="ParentUser">NT AUTHORITY\SYSTEM</Data>
  </EventData>
</Event>
Record 15
<?xml version="1.0" encoding="utf-8"?>
<Event xmlns="http://schemas.microsoft.com/win/2004/08/events/event">
  <System>
    <Provider Name="Microsoft-Windows-Sysmon" Guid="5770385F-C22A-43E0-BF4C-06F5698FFBD9">
    </Provider>
    <EventID>13</EventID>
    <Version>2</Version>
    <Level>4</Level>
    <Task>13</Task>
    <Opcode>0</Opcode>
    <Keywords>0x8000000000000000</Keywords>
    <TimeCreated SystemTime="2026-06-05T04:29:30.932017Z">
    </TimeCreated>
    <EventRecordID>15</EventRecordID>
    <Correlation>
    </Correlation>
    <Execution ProcessID="10504" ThreadID="6648">
    </Execution>
    <Channel>Microsoft-Windows-Sysmon/Operational</Channel>
    <Computer>DESKTOP-LGT6HFQ</Computer>
    <Security UserID="S-1-5-18">
    </Security>
  </System>
  <EventData>
    <Data Name="RuleName">-</Data>
    <Data Name="EventType">SetValue</Data>
    <Data Name="UtcTime">2026-06-05 04:29:30.931</Data>
    <Data Name="ProcessGuid">AA26E6DE-4ADB-6A22-4304-000000001000</Data>
    <Data Name="ProcessId">12064</Data>
    <Data Name="Image">C:\Windows\explorer.exe</Data>
    <Data Name="TargetObject">HKU\S-1-5-21-2516843948-3941376540-2047217349-1001\SOFTWARE\Microsoft\Windows\CurrentVersion\Shell Extensions\Cached\{A9249952-F4C6-4BCD-9B44-6A5BA9B5209E} {7F9185B0-CB92-43C5-80A9-92277A4F7B54} 0xFFFF</Data>
    <Data Name="Details">Binary Data</Data>
    <Data Name="User">DESKTOP-LGT6HFQ\ligac</Data>
  </EventData>
</Event>
Record 16
<?xml version="1.0" encoding="utf-8"?>
<Event xmlns="http://schemas.microsoft.com/win/2004/08/events/event">
  <System>
    <Provider Name="Microsoft-Windows-Sysmon" Guid="5770385F-C22A-43E0-BF4C-06F5698FFBD9">
    </Provider>
    <EventID>1</EventID>
    <Version>5</Version>
    <Level>4</Level>
    <Task>1</Task>
    <Opcode>0</Opcode>
    <Keywords>0x8000000000000000</Keywords>
    <TimeCreated SystemTime="2026-06-05T04:29:30.965102Z">
    </TimeCreated>
    <EventRecordID>16</EventRecordID>
    <Correlation>
    </Correlation>
    <Execution ProcessID="10504" ThreadID="6648">
    </Execution>
    <Channel>Microsoft-Windows-Sysmon/Operational</Channel>
    <Computer>DESKTOP-LGT6HFQ</Computer>
    <Security UserID="S-1-5-18">
    </Security>
  </System>
  <EventData>
    <Data Name="RuleName">-</Data>
    <Data Name="UtcTime">2026-06-05 04:29:30.962</Data>
    <Data Name="ProcessGuid">AA26E6DE-50AA-6A22-5605-000000001000</Data>
    <Data Name="ProcessId">5564</Data>
    <Data Name="Image">C:\Program Files\WindowsApps\Microsoft.OutlookForWindows_1.2026.520.0_x64__8wekyb3d8bbwe\olk.exe</Data>
    <Data Name="FileVersion">1.2026.520.400</Data>
    <Data Name="Description">Microsoft Outlook</Data>
    <Data Name="Product">Outlook</Data>
    <Data Name="Company">Microsoft Corporation</Data>
    <Data Name="OriginalFileName">olk.exe</Data>
    <Data Name="CommandLine">&quot;C:\Program Files\WindowsApps\Microsoft.OutlookForWindows_1.2026.520.0_x64__8wekyb3d8bbwe\olk.exe&quot; </Data>
    <Data Name="CurrentDirectory">C:\Windows\system32\</Data>
    <Data Name="User">DESKTOP-LGT6HFQ\ligac</Data>
    <Data Name="LogonGuid">AA26E6DE-45DB-6A22-091D-250000000000</Data>
    <Data Name="LogonId">0x251d09</Data>
    <Data Name="TerminalSessionId">1</Data>
    <Data Name="IntegrityLevel">Medium</Data>
    <Data Name="Hashes">MD5=E2FD0CE144511CFD775014E256544504,SHA256=6C6C25978C82D4C343161D9CFEDA4003A6138D68A2D32B5BA0FF092F97C577E1,IMPHASH=CB7D73775B0B8297F60B8FAC033D01A1</Data>
    <Data Name="ParentProcessGuid">AA26E6DE-4ADB-6A22-4304-000000001000</Data>
    <Data Name="ParentProcessId">12064</Data>
    <Data Name="ParentImage">C:\Windows\explorer.exe</Data>
    <Data Name="ParentCommandLine">explorer.exe</Data>
    <Data Name="ParentUser">DESKTOP-LGT6HFQ\ligac</Data>
  </EventData>
</Event>
Record 17
<?xml version="1.0" encoding="utf-8"?>
<Event xmlns="http://schemas.microsoft.com/win/2004/08/events/event">
  <System>
    <Provider Name="Microsoft-Windows-Sysmon" Guid="5770385F-C22A-43E0-BF4C-06F5698FFBD9">
    </Provider>
    <EventID>1</EventID>
    <Version>5</Version>
    <Level>4</Level>
    <Task>1</Task>
    <Opcode>0</Opcode>
    <Keywords>0x8000000000000000</Keywords>
    <TimeCreated SystemTime="2026-06-05T04:29:31.405275Z">
    </TimeCreated>
    <EventRecordID>17</EventRecordID>
    <Correlation>
    </Correlation>
    <Execution ProcessID="10504" ThreadID="6648">
    </Execution>
    <Channel>Microsoft-Windows-Sysmon/Operational</Channel>
    <Computer>DESKTOP-LGT6HFQ</Computer>
    <Security UserID="S-1-5-18">
    </Security>
  </System>
  <EventData>
    <Data Name="RuleName">-</Data>
    <Data Name="UtcTime">2026-06-05 04:29:31.367</Data>
    <Data Name="ProcessGuid">AA26E6DE-50AB-6A22-5705-000000001000</Data>
    <Data Name="ProcessId">10700</Data>
    <Data Name="Image">C:\Program Files (x86)\Microsoft\EdgeWebView\Application\148.0.3967.96\msedgewebview2.exe</Data>
    <Data Name="FileVersion">148.0.3967.96</Data>
    <Data Name="Description">Microsoft Edge WebView2</Data>
    <Data Name="Product">Microsoft Edge WebView2</Data>
    <Data Name="Company">Microsoft Corporation</Data>
    <Data Name="OriginalFileName">msedgewebview2.exe</Data>
    <Data Name="CommandLine">&quot;C:\Program Files (x86)\Microsoft\EdgeWebView\Application\148.0.3967.96\msedgewebview2.exe&quot; --embedded-browser-webview=1 --webview-exe-name=olk.exe --webview-exe-version=1.2026.520.400 --user-data-dir=&quot;C:\Users\ligac\AppData\Local\Microsoft\Olk\EBWebView&quot; --noerrdialogs --embedded-browser-webview-dpi-awareness=2 --disable-features=msEnhancedTrackingPreventionEnabled --enable-features=msSingleSignOnOSForPrimaryAccountIsShared,msAbydos,msAbydosHandwritingAttr,msAbydosGestureSupport,msEnhancedTextContrast,DocumentPolicyNetworkEfficiencyGuardrails --mojo-named-platform-channel-pipe=5564.1372.1775254030503796892</Data>
    <Data Name="CurrentDirectory">C:\Windows\system32\</Data>
    <Data Name="User">DESKTOP-LGT6HFQ\ligac</Data>
    <Data Name="LogonGuid">AA26E6DE-45DB-6A22-091D-250000000000</Data>
    <Data Name="LogonId">0x251d09</Data>
    <Data Name="TerminalSessionId">1</Data>
    <Data Name="IntegrityLevel">Medium</Data>
    <Data Name="Hashes">MD5=D4CCFD8B07E2EBD183E54B0E3F0C8571,SHA256=AAC9B39AE654DD0E50F9F8716217949BA8A6B70EC6EFFFE3FA83A43957D6855B,IMPHASH=733B9E748114EB977ABA1C874D8BFBC0</Data>
    <Data Name="ParentProcessGuid">AA26E6DE-50AA-6A22-5605-000000001000</Data>
    <Data Name="ParentProcessId">5564</Data>
    <Data Name="ParentImage">C:\Program Files\WindowsApps\Microsoft.OutlookForWindows_1.2026.520.0_x64__8wekyb3d8bbwe\olk.exe</Data>
    <Data Name="ParentCommandLine">&quot;C:\Program Files\WindowsApps\Microsoft.OutlookForWindows_1.2026.520.0_x64__8wekyb3d8bbwe\olk.exe&quot; </Data>
    <Data Name="ParentUser">DESKTOP-LGT6HFQ\ligac</Data>
  </EventData>
</Event>
Record 18
<?xml version="1.0" encoding="utf-8"?>
<Event xmlns="http://schemas.microsoft.com/win/2004/08/events/event">
  <System>
    <Provider Name="Microsoft-Windows-Sysmon" Guid="5770385F-C22A-43E0-BF4C-06F5698FFBD9">
    </Provider>
    <EventID>1</EventID>
    <Version>5</Version>
    <Level>4</Level>
    <Task>1</Task>
    <Opcode>0</Opcode>
    <Keywords>0x8000000000000000</Keywords>
    <TimeCreated SystemTime="2026-06-05T04:29:31.416904Z">
    </TimeCreated>
    <EventRecordID>18</EventRecordID>
    <Correlation>
    </Correlation>
    <Execution ProcessID="10504" ThreadID="6648">
    </Execution>
    <Channel>Microsoft-Windows-Sysmon/Operational</Channel>
    <Computer>DESKTOP-LGT6HFQ</Computer>
    <Security UserID="S-1-5-18">
    </Security>
  </System>
  <EventData>
    <Data Name="RuleName">-</Data>
    <Data Name="UtcTime">2026-06-05 04:29:31.415</Data>
    <Data Name="ProcessGuid">AA26E6DE-50AB-6A22-5805-000000001000</Data>
    <Data Name="ProcessId">11416</Data>
    <Data Name="Image">C:\Program Files (x86)\Microsoft\EdgeWebView\Application\148.0.3967.96\msedgewebview2.exe</Data>
    <Data Name="FileVersion">148.0.3967.96</Data>
    <Data Name="Description">Microsoft Edge WebView2</Data>
    <Data Name="Product">Microsoft Edge WebView2</Data>
    <Data Name="Company">Microsoft Corporation</Data>
    <Data Name="OriginalFileName">msedgewebview2.exe</Data>
    <Data Name="CommandLine">&quot;C:\Program Files (x86)\Microsoft\EdgeWebView\Application\148.0.3967.96\msedgewebview2.exe&quot; --type=crashpad-handler --user-data-dir=C:\Users\ligac\AppData\Local\Microsoft\Olk\EBWebView /prefetch:4 --monitor-self-annotation=ptype=crashpad-handler --database=C:\Users\ligac\AppData\Local\Microsoft\Olk\EBWebView\Crashpad --annotation=IsOfficialBuild=1 --annotation=channel= --annotation=chromium-version=148.0.7778.217 &quot;--annotation=exe=C:\Program Files (x86)\Microsoft\EdgeWebView\Application\148.0.3967.96\msedgewebview2.exe&quot; --annotation=plat=Win64 &quot;--annotation=prod=Edge WebView2&quot; --annotation=ver=148.0.3967.96 --initial-client-data=0x178,0x17c,0x180,0x154,0x188,0x7fff96835d58,0x7fff96835d64,0x7fff96835d70</Data>
    <Data Name="CurrentDirectory">C:\Program Files (x86)\Microsoft\EdgeWebView\Application\148.0.3967.96\</Data>
    <Data Name="User">DESKTOP-LGT6HFQ\ligac</Data>
    <Data Name="LogonGuid">AA26E6DE-45DB-6A22-091D-250000000000</Data>
    <Data Name="LogonId">0x251d09</Data>
    <Data Name="TerminalSessionId">1</Data>
    <Data Name="IntegrityLevel">Medium</Data>
    <Data Name="Hashes">MD5=D4CCFD8B07E2EBD183E54B0E3F0C8571,SHA256=AAC9B39AE654DD0E50F9F8716217949BA8A6B70EC6EFFFE3FA83A43957D6855B,IMPHASH=733B9E748114EB977ABA1C874D8BFBC0</Data>
    <Data Name="ParentProcessGuid">AA26E6DE-50AB-6A22-5705-000000001000</Data>
    <Data Name="ParentProcessId">10700</Data>
    <Data Name="ParentImage">C:\Program Files (x86)\Microsoft\EdgeWebView\Application\148.0.3967.96\msedgewebview2.exe</Data>
    <Data Name="ParentCommandLine">&quot;C:\Program Files (x86)\Microsoft\EdgeWebView\Application\148.0.3967.96\msedgewebview2.exe&quot; --embedded-browser-webview=1 --webview-exe-name=olk.exe --webview-exe-version=1.2026.520.400 --user-data-dir=&quot;C:\Users\ligac\AppData\Local\Microsoft\Olk\EBWebView&quot; --noerrdialogs --embedded-browser-webview-dpi-awareness=2 --disable-features=msEnhancedTrackingPreventionEnabled --enable-features=msSingleSignOnOSForPrimaryAccountIsShared,msAbydos,msAbydosHandwritingAttr,msAbydosGestureSupport,msEnhancedTextContrast,DocumentPolicyNetworkEfficiencyGuardrails --mojo-named-platform-channel-pipe=5564.1372.1775254030503796892</Data>
    <Data Name="ParentUser">DESKTOP-LGT6HFQ\ligac</Data>
  </EventData>
</Event>
Record 19
<?xml version="1.0" encoding="utf-8"?>
<Event xmlns="http://schemas.microsoft.com/win/2004/08/events/event">
  <System>
    <Provider Name="Microsoft-Windows-Sysmon" Guid="5770385F-C22A-43E0-BF4C-06F5698FFBD9">
    </Provider>
    <EventID>1</EventID>
    <Version>5</Version>
    <Level>4</Level>
    <Task>1</Task>
    <Opcode>0</Opcode>
    <Keywords>0x8000000000000000</Keywords>
    <TimeCreated SystemTime="2026-06-05T04:29:31.554527Z">
    </TimeCreated>
    <EventRecordID>19</EventRecordID>
    <Correlation>
    </Correlation>
    <Execution ProcessID="10504" ThreadID="6648">
    </Execution>
    <Channel>Microsoft-Windows-Sysmon/Operational</Channel>
    <Computer>DESKTOP-LGT6HFQ</Computer>
    <Security UserID="S-1-5-18">
    </Security>
  </System>
  <EventData>
    <Data Name="RuleName">-</Data>
    <Data Name="UtcTime">2026-06-05 04:29:31.544</Data>
    <Data Name="ProcessGuid">AA26E6DE-50AB-6A22-5905-000000001000</Data>
    <Data Name="ProcessId">5744</Data>
    <Data Name="Image">C:\Program Files (x86)\Microsoft\EdgeWebView\Application\148.0.3967.96\msedgewebview2.exe</Data>
    <Data Name="FileVersion">148.0.3967.96</Data>
    <Data Name="Description">Microsoft Edge WebView2</Data>
    <Data Name="Product">Microsoft Edge WebView2</Data>
    <Data Name="Company">Microsoft Corporation</Data>
    <Data Name="OriginalFileName">msedgewebview2.exe</Data>
    <Data Name="CommandLine">&quot;C:\Program Files (x86)\Microsoft\EdgeWebView\Application\148.0.3967.96\msedgewebview2.exe&quot; --type=utility --utility-sub-type=network.mojom.NetworkService --lang=en-GB --service-sandbox-type=none --noerrdialogs --user-data-dir=&quot;C:\Users\ligac\AppData\Local\Microsoft\Olk\EBWebView&quot; --webview-exe-name=olk.exe --webview-exe-version=1.2026.520.400 --embedded-browser-webview=1 --embedded-browser-webview-dpi-awareness=2 --startup-read-main-dll --metrics-shmem-handle=1892,i,3477218239811243207,220112302565486259,524288 --field-trial-handle=2008,i,6276418190994108829,15424723783844055083,262144 --enable-features=DocumentPolicyNetworkEfficiencyGuardrails,msAbydos,msAbydosGestureSupport,msAbydosHandwritingAttr,msEnhancedTextContrast,msSingleSignOnOSForPrimaryAccountIsShared --disable-features=msEnhancedTrackingPreventionEnabled --variations-seed-version --pseudonymization-salt-handle=2012,i,3617068650041157799,6122081632583103036,4 --trace-process-track-uuid=3190708989122997041 --mojo-platform-channel-handle=2072 /prefetch:3</Data>
    <Data Name="CurrentDirectory">C:\Program Files (x86)\Microsoft\EdgeWebView\Application\148.0.3967.96\</Data>
    <Data Name="User">DESKTOP-LGT6HFQ\ligac</Data>
    <Data Name="LogonGuid">AA26E6DE-45DB-6A22-091D-250000000000</Data>
    <Data Name="LogonId">0x251d09</Data>
    <Data Name="TerminalSessionId">1</Data>
    <Data Name="IntegrityLevel">Medium</Data>
    <Data Name="Hashes">MD5=D4CCFD8B07E2EBD183E54B0E3F0C8571,SHA256=AAC9B39AE654DD0E50F9F8716217949BA8A6B70EC6EFFFE3FA83A43957D6855B,IMPHASH=733B9E748114EB977ABA1C874D8BFBC0</Data>
    <Data Name="ParentProcessGuid">AA26E6DE-50AB-6A22-5705-000000001000</Data>
    <Data Name="ParentProcessId">10700</Data>
    <Data Name="ParentImage">C:\Program Files (x86)\Microsoft\EdgeWebView\Application\148.0.3967.96\msedgewebview2.exe</Data>
    <Data Name="ParentCommandLine">&quot;C:\Program Files (x86)\Microsoft\EdgeWebView\Application\148.0.3967.96\msedgewebview2.exe&quot; --embedded-browser-webview=1 --webview-exe-name=olk.exe --webview-exe-version=1.2026.520.400 --user-data-dir=&quot;C:\Users\ligac\AppData\Local\Microsoft\Olk\EBWebView&quot; --noerrdialogs --embedded-browser-webview-dpi-awareness=2 --disable-features=msEnhancedTrackingPreventionEnabled --enable-features=msSingleSignOnOSForPrimaryAccountIsShared,msAbydos,msAbydosHandwritingAttr,msAbydosGestureSupport,msEnhancedTextContrast,DocumentPolicyNetworkEfficiencyGuardrails --mojo-named-platform-channel-pipe=5564.1372.1775254030503796892</Data>
    <Data Name="ParentUser">DESKTOP-LGT6HFQ\ligac</Data>
  </EventData>
</Event>
Record 20
<?xml version="1.0" encoding="utf-8"?>
<Event xmlns="http://schemas.microsoft.com/win/2004/08/events/event">
  <System>
    <Provider Name="Microsoft-Windows-Sysmon" Guid="5770385F-C22A-43E0-BF4C-06F5698FFBD9">
    </Provider>
    <EventID>1</EventID>
    <Version>5</Version>
    <Level>4</Level>
    <Task>1</Task>
    <Opcode>0</Opcode>
    <Keywords>0x8000000000000000</Keywords>
    <TimeCreated SystemTime="2026-06-05T04:29:31.554920Z">
    </TimeCreated>
    <EventRecordID>20</EventRecordID>
    <Correlation>
    </Correlation>
    <Execution ProcessID="10504" ThreadID="6648">
    </Execution>
    <Channel>Microsoft-Windows-Sysmon/Operational</Channel>
    <Computer>DESKTOP-LGT6HFQ</Computer>
    <Security UserID="S-1-5-18">
    </Security>
  </System>
  <EventData>
    <Data Name="RuleName">-</Data>
    <Data Name="UtcTime">2026-06-05 04:29:31.548</Data>
    <Data Name="ProcessGuid">AA26E6DE-50AB-6A22-5A05-000000001000</Data>
    <Data Name="ProcessId">6224</Data>
    <Data Name="Image">C:\Program Files (x86)\Microsoft\EdgeWebView\Application\148.0.3967.96\msedgewebview2.exe</Data>
    <Data Name="FileVersion">148.0.3967.96</Data>
    <Data Name="Description">Microsoft Edge WebView2</Data>
    <Data Name="Product">Microsoft Edge WebView2</Data>
    <Data Name="Company">Microsoft Corporation</Data>
    <Data Name="OriginalFileName">msedgewebview2.exe</Data>
    <Data Name="CommandLine">&quot;C:\Program Files (x86)\Microsoft\EdgeWebView\Application\148.0.3967.96\msedgewebview2.exe&quot; --type=gpu-process --noerrdialogs --user-data-dir=&quot;C:\Users\ligac\AppData\Local\Microsoft\Olk\EBWebView&quot; --webview-exe-name=olk.exe --webview-exe-version=1.2026.520.400 --embedded-browser-webview=1 --embedded-browser-webview-dpi-awareness=2 --gpu-preferences=SAAAAAAAAADgAAAEAAAAAAAAAAAAAGAAAQAAAAAAAAAAAAAAAAAAAAIAAAAAAAAAAAAAAAAAAAAQAAAAAAAAABAAAAAAAAAACAAAAAAAAAAIAAAAAAAAAA== --startup-read-main-dll --metrics-shmem-handle=1728,i,2524910171597481261,1878856396016115177,262144 --field-trial-handle=2008,i,6276418190994108829,15424723783844055083,262144 --enable-features=DocumentPolicyNetworkEfficiencyGuardrails,msAbydos,msAbydosGestureSupport,msAbydosHandwritingAttr,msEnhancedTextContrast,msSingleSignOnOSForPrimaryAccountIsShared --disable-features=msEnhancedTrackingPreventionEnabled --variations-seed-version --pseudonymization-salt-handle=2012,i,3617068650041157799,6122081632583103036,4 --trace-process-track-uuid=3190708988185955192 --mojo-platform-channel-handle=2004 /prefetch:2</Data>
    <Data Name="CurrentDirectory">C:\Program Files (x86)\Microsoft\EdgeWebView\Application\148.0.3967.96\</Data>
    <Data Name="User">DESKTOP-LGT6HFQ\ligac</Data>
    <Data Name="LogonGuid">AA26E6DE-45DB-6A22-091D-250000000000</Data>
    <Data Name="LogonId">0x251d09</Data>
    <Data Name="TerminalSessionId">1</Data>
    <Data Name="IntegrityLevel">Low</Data>
    <Data Name="Hashes">MD5=D4CCFD8B07E2EBD183E54B0E3F0C8571,SHA256=AAC9B39AE654DD0E50F9F8716217949BA8A6B70EC6EFFFE3FA83A43957D6855B,IMPHASH=733B9E748114EB977ABA1C874D8BFBC0</Data>
    <Data Name="ParentProcessGuid">AA26E6DE-50AB-6A22-5705-000000001000</Data>
    <Data Name="ParentProcessId">10700</Data>
    <Data Name="ParentImage">C:\Program Files (x86)\Microsoft\EdgeWebView\Application\148.0.3967.96\msedgewebview2.exe</Data>
    <Data Name="ParentCommandLine">&quot;C:\Program Files (x86)\Microsoft\EdgeWebView\Application\148.0.3967.96\msedgewebview2.exe&quot; --embedded-browser-webview=1 --webview-exe-name=olk.exe --webview-exe-version=1.2026.520.400 --user-data-dir=&quot;C:\Users\ligac\AppData\Local\Microsoft\Olk\EBWebView&quot; --noerrdialogs --embedded-browser-webview-dpi-awareness=2 --disable-features=msEnhancedTrackingPreventionEnabled --enable-features=msSingleSignOnOSForPrimaryAccountIsShared,msAbydos,msAbydosHandwritingAttr,msAbydosGestureSupport,msEnhancedTextContrast,DocumentPolicyNetworkEfficiencyGuardrails --mojo-named-platform-channel-pipe=5564.1372.1775254030503796892</Data>
    <Data Name="ParentUser">DESKTOP-LGT6HFQ\ligac</Data>
  </EventData>
</Event>
