Record 533
<?xml version="1.0" encoding="utf-8"?>
<Event xmlns="http://schemas.microsoft.com/win/2004/08/events/event">
  <System>
    <Provider Name="Microsoft-Windows-Sysmon" Guid="5770385F-C22A-43E0-BF4C-06F5698FFBD9">
    </Provider>
    <EventID>1</EventID>
    <Version>5</Version>
    <Level>4</Level>
    <Task>1</Task>
    <Opcode>0</Opcode>
    <Keywords>0x8000000000000000</Keywords>
    <TimeCreated SystemTime="2026-06-05T04:41:10.379881Z">
    </TimeCreated>
    <EventRecordID>533</EventRecordID>
    <Correlation>
    </Correlation>
    <Execution ProcessID="3064" ThreadID="5012">
    </Execution>
    <Channel>Microsoft-Windows-Sysmon/Operational</Channel>
    <Computer>DESKTOP-LGT6HFQ</Computer>
    <Security UserID="S-1-5-18">
    </Security>
  </System>
  <EventData>
    <Data Name="RuleName">-</Data>
    <Data Name="UtcTime">2026-06-05 04:41:10.378</Data>
    <Data Name="ProcessGuid">AA26E6DE-5366-6A22-5601-000000001100</Data>
    <Data Name="ProcessId">12692</Data>
    <Data Name="Image">C:\Program Files (x86)\Microsoft\Edge\Application\msedge.exe</Data>
    <Data Name="FileVersion">148.0.3967.96</Data>
    <Data Name="Description">Microsoft Edge</Data>
    <Data Name="Product">Microsoft Edge</Data>
    <Data Name="Company">Microsoft Corporation</Data>
    <Data Name="OriginalFileName">msedge.exe</Data>
    <Data Name="CommandLine">&quot;C:\Program Files (x86)\Microsoft\Edge\Application\msedge.exe&quot; --type=utility --utility-sub-type=network.mojom.NetworkService --lang=en-GB --service-sandbox-type=none --startup-read-main-dll --metrics-shmem-handle=2100,i,10014203241747970975,13545124163854298450,524288 --field-trial-handle=2252,i,10245381432705136794,15634631853417899755,262144 --variations-seed-version --pseudonymization-salt-handle=2256,i,14979894745695204596,13056280414425601045,4 --trace-process-track-uuid=3190708989122997041 --mojo-platform-channel-handle=3464 /prefetch:3</Data>
    <Data Name="CurrentDirectory">C:\Program Files (x86)\Microsoft\Edge\Application\148.0.3967.96\</Data>
    <Data Name="User">DESKTOP-LGT6HFQ\ligac</Data>
    <Data Name="LogonGuid">AA26E6DE-523C-6A22-3CB2-010000000000</Data>
    <Data Name="LogonId">0x1b23c</Data>
    <Data Name="TerminalSessionId">1</Data>
    <Data Name="IntegrityLevel">Medium</Data>
    <Data Name="Hashes">MD5=73852A4C1E06FDC8765C274CEF7821A4,SHA256=795C0BAD80131305007ABD7544311909C138551231B0316D94406A380108D366,IMPHASH=733B9E748114EB977ABA1C874D8BFBC0</Data>
    <Data Name="ParentProcessGuid">AA26E6DE-5366-6A22-5301-000000001100</Data>
    <Data Name="ParentProcessId">11376</Data>
    <Data Name="ParentImage">C:\Program Files (x86)\Microsoft\Edge\Application\msedge.exe</Data>
    <Data Name="ParentCommandLine">&quot;C:\Program Files (x86)\Microsoft\Edge\Application\msedge.exe&quot; --no-startup-window</Data>
    <Data Name="ParentUser">DESKTOP-LGT6HFQ\ligac</Data>
  </EventData>
</Event>
Record 534
<?xml version="1.0" encoding="utf-8"?>
<Event xmlns="http://schemas.microsoft.com/win/2004/08/events/event">
  <System>
    <Provider Name="Microsoft-Windows-Sysmon" Guid="5770385F-C22A-43E0-BF4C-06F5698FFBD9">
    </Provider>
    <EventID>1</EventID>
    <Version>5</Version>
    <Level>4</Level>
    <Task>1</Task>
    <Opcode>0</Opcode>
    <Keywords>0x8000000000000000</Keywords>
    <TimeCreated SystemTime="2026-06-05T04:41:10.397441Z">
    </TimeCreated>
    <EventRecordID>534</EventRecordID>
    <Correlation>
    </Correlation>
    <Execution ProcessID="3064" ThreadID="5012">
    </Execution>
    <Channel>Microsoft-Windows-Sysmon/Operational</Channel>
    <Computer>DESKTOP-LGT6HFQ</Computer>
    <Security UserID="S-1-5-18">
    </Security>
  </System>
  <EventData>
    <Data Name="RuleName">-</Data>
    <Data Name="UtcTime">2026-06-05 04:41:10.380</Data>
    <Data Name="ProcessGuid">AA26E6DE-5366-6A22-5701-000000001100</Data>
    <Data Name="ProcessId">7476</Data>
    <Data Name="Image">C:\Program Files (x86)\Microsoft\Edge\Application\msedge.exe</Data>
    <Data Name="FileVersion">148.0.3967.96</Data>
    <Data Name="Description">Microsoft Edge</Data>
    <Data Name="Product">Microsoft Edge</Data>
    <Data Name="Company">Microsoft Corporation</Data>
    <Data Name="OriginalFileName">msedge.exe</Data>
    <Data Name="CommandLine">&quot;C:\Program Files (x86)\Microsoft\Edge\Application\msedge.exe&quot; --type=utility --utility-sub-type=storage.mojom.StorageService --lang=en-GB --service-sandbox-type=service --startup-read-main-dll --metrics-shmem-handle=1620,i,4628095997147444291,13038063179358006666,524288 --field-trial-handle=2252,i,10245381432705136794,15634631853417899755,262144 --variations-seed-version --pseudonymization-salt-handle=2256,i,14979894745695204596,13056280414425601045,4 --trace-process-track-uuid=3190708990060038890 --mojo-platform-channel-handle=3492 /prefetch:8</Data>
    <Data Name="CurrentDirectory">C:\Program Files (x86)\Microsoft\Edge\Application\148.0.3967.96\</Data>
    <Data Name="User">DESKTOP-LGT6HFQ\ligac</Data>
    <Data Name="LogonGuid">AA26E6DE-523C-6A22-3CB2-010000000000</Data>
    <Data Name="LogonId">0x1b23c</Data>
    <Data Name="TerminalSessionId">1</Data>
    <Data Name="IntegrityLevel">Low</Data>
    <Data Name="Hashes">MD5=73852A4C1E06FDC8765C274CEF7821A4,SHA256=795C0BAD80131305007ABD7544311909C138551231B0316D94406A380108D366,IMPHASH=733B9E748114EB977ABA1C874D8BFBC0</Data>
    <Data Name="ParentProcessGuid">AA26E6DE-5366-6A22-5301-000000001100</Data>
    <Data Name="ParentProcessId">11376</Data>
    <Data Name="ParentImage">C:\Program Files (x86)\Microsoft\Edge\Application\msedge.exe</Data>
    <Data Name="ParentCommandLine">&quot;C:\Program Files (x86)\Microsoft\Edge\Application\msedge.exe&quot; --no-startup-window</Data>
    <Data Name="ParentUser">DESKTOP-LGT6HFQ\ligac</Data>
  </EventData>
</Event>
Record 535
<?xml version="1.0" encoding="utf-8"?>
<Event xmlns="http://schemas.microsoft.com/win/2004/08/events/event">
  <System>
    <Provider Name="Microsoft-Windows-Sysmon" Guid="5770385F-C22A-43E0-BF4C-06F5698FFBD9">
    </Provider>
    <EventID>1</EventID>
    <Version>5</Version>
    <Level>4</Level>
    <Task>1</Task>
    <Opcode>0</Opcode>
    <Keywords>0x8000000000000000</Keywords>
    <TimeCreated SystemTime="2026-06-05T04:41:10.397919Z">
    </TimeCreated>
    <EventRecordID>535</EventRecordID>
    <Correlation>
    </Correlation>
    <Execution ProcessID="3064" ThreadID="5012">
    </Execution>
    <Channel>Microsoft-Windows-Sysmon/Operational</Channel>
    <Computer>DESKTOP-LGT6HFQ</Computer>
    <Security UserID="S-1-5-18">
    </Security>
  </System>
  <EventData>
    <Data Name="RuleName">-</Data>
    <Data Name="UtcTime">2026-06-05 04:41:10.382</Data>
    <Data Name="ProcessGuid">AA26E6DE-5366-6A22-5801-000000001100</Data>
    <Data Name="ProcessId">6300</Data>
    <Data Name="Image">C:\Program Files (x86)\Microsoft\Edge\Application\msedge.exe</Data>
    <Data Name="FileVersion">148.0.3967.96</Data>
    <Data Name="Description">Microsoft Edge</Data>
    <Data Name="Product">Microsoft Edge</Data>
    <Data Name="Company">Microsoft Corporation</Data>
    <Data Name="OriginalFileName">msedge.exe</Data>
    <Data Name="CommandLine">&quot;C:\Program Files (x86)\Microsoft\Edge\Application\msedge.exe&quot; --type=utility --utility-sub-type=edge_collections.mojom.CollectionsDataManager --lang=en-GB --service-sandbox-type=collections --ssd-no-pressure-read-main-dll --metrics-shmem-handle=2756,i,16957606099609068827,7177127187770797156,524288 --field-trial-handle=2252,i,10245381432705136794,15634631853417899755,262144 --variations-seed-version --pseudonymization-salt-handle=2256,i,14979894745695204596,13056280414425601045,4 --trace-process-track-uuid=3190708990997080739 --mojo-platform-channel-handle=3564 /prefetch:8</Data>
    <Data Name="CurrentDirectory">C:\Program Files (x86)\Microsoft\Edge\Application\148.0.3967.96\</Data>
    <Data Name="User">DESKTOP-LGT6HFQ\ligac</Data>
    <Data Name="LogonGuid">AA26E6DE-523C-6A22-3CB2-010000000000</Data>
    <Data Name="LogonId">0x1b23c</Data>
    <Data Name="TerminalSessionId">1</Data>
    <Data Name="IntegrityLevel">Low</Data>
    <Data Name="Hashes">MD5=73852A4C1E06FDC8765C274CEF7821A4,SHA256=795C0BAD80131305007ABD7544311909C138551231B0316D94406A380108D366,IMPHASH=733B9E748114EB977ABA1C874D8BFBC0</Data>
    <Data Name="ParentProcessGuid">AA26E6DE-5366-6A22-5301-000000001100</Data>
    <Data Name="ParentProcessId">11376</Data>
    <Data Name="ParentImage">C:\Program Files (x86)\Microsoft\Edge\Application\msedge.exe</Data>
    <Data Name="ParentCommandLine">&quot;C:\Program Files (x86)\Microsoft\Edge\Application\msedge.exe&quot; --no-startup-window</Data>
    <Data Name="ParentUser">DESKTOP-LGT6HFQ\ligac</Data>
  </EventData>
</Event>
Record 536
<?xml version="1.0" encoding="utf-8"?>
<Event xmlns="http://schemas.microsoft.com/win/2004/08/events/event">
  <System>
    <Provider Name="Microsoft-Windows-Sysmon" Guid="5770385F-C22A-43E0-BF4C-06F5698FFBD9">
    </Provider>
    <EventID>1</EventID>
    <Version>5</Version>
    <Level>4</Level>
    <Task>1</Task>
    <Opcode>0</Opcode>
    <Keywords>0x8000000000000000</Keywords>
    <TimeCreated SystemTime="2026-06-05T04:41:10.440554Z">
    </TimeCreated>
    <EventRecordID>536</EventRecordID>
    <Correlation>
    </Correlation>
    <Execution ProcessID="3064" ThreadID="5012">
    </Execution>
    <Channel>Microsoft-Windows-Sysmon/Operational</Channel>
    <Computer>DESKTOP-LGT6HFQ</Computer>
    <Security UserID="S-1-5-18">
    </Security>
  </System>
  <EventData>
    <Data Name="RuleName">-</Data>
    <Data Name="UtcTime">2026-06-05 04:41:10.438</Data>
    <Data Name="ProcessGuid">AA26E6DE-5366-6A22-5901-000000001100</Data>
    <Data Name="ProcessId">5428</Data>
    <Data Name="Image">C:\Program Files (x86)\Microsoft\Edge\Application\148.0.3967.96\elevation_service.exe</Data>
    <Data Name="FileVersion">148.0.3967.96</Data>
    <Data Name="Description">Microsoft Edge</Data>
    <Data Name="Product">Microsoft Edge</Data>
    <Data Name="Company">Microsoft Corporation</Data>
    <Data Name="OriginalFileName">elevation_service.exe</Data>
    <Data Name="CommandLine">&quot;C:\Program Files (x86)\Microsoft\Edge\Application\148.0.3967.96\elevation_service.exe&quot;</Data>
    <Data Name="CurrentDirectory">C:\Windows\system32\</Data>
    <Data Name="User">NT AUTHORITY\SYSTEM</Data>
    <Data Name="LogonGuid">AA26E6DE-523A-6A22-E703-000000000000</Data>
    <Data Name="LogonId">0x3e7</Data>
    <Data Name="TerminalSessionId">0</Data>
    <Data Name="IntegrityLevel">System</Data>
    <Data Name="Hashes">MD5=F6948C2CA2F38B0E6CBB2AF51B7DE302,SHA256=135D1A14DEBBFBEB1FB63F001C230119489B8EE9ED3731501903AF0EFBA4EF3B,IMPHASH=234223F964CBBCB626E9F356EA975FDD</Data>
    <Data Name="ParentProcessGuid">AA26E6DE-523A-6A22-0B00-000000001100</Data>
    <Data Name="ParentProcessId">648</Data>
    <Data Name="ParentImage">C:\Windows\System32\services.exe</Data>
    <Data Name="ParentCommandLine">C:\Windows\system32\services.exe</Data>
    <Data Name="ParentUser">NT AUTHORITY\SYSTEM</Data>
  </EventData>
</Event>
Record 537
<?xml version="1.0" encoding="utf-8"?>
<Event xmlns="http://schemas.microsoft.com/win/2004/08/events/event">
  <System>
    <Provider Name="Microsoft-Windows-Sysmon" Guid="5770385F-C22A-43E0-BF4C-06F5698FFBD9">
    </Provider>
    <EventID>12</EventID>
    <Version>2</Version>
    <Level>4</Level>
    <Task>12</Task>
    <Opcode>0</Opcode>
    <Keywords>0x8000000000000000</Keywords>
    <TimeCreated SystemTime="2026-06-05T04:41:10.830825Z">
    </TimeCreated>
    <EventRecordID>537</EventRecordID>
    <Correlation>
    </Correlation>
    <Execution ProcessID="3064" ThreadID="5012">
    </Execution>
    <Channel>Microsoft-Windows-Sysmon/Operational</Channel>
    <Computer>DESKTOP-LGT6HFQ</Computer>
    <Security UserID="S-1-5-18">
    </Security>
  </System>
  <EventData>
    <Data Name="RuleName">T1060,RunKey</Data>
    <Data Name="EventType">DeleteValue</Data>
    <Data Name="UtcTime">2026-06-05 04:41:10.824</Data>
    <Data Name="ProcessGuid">AA26E6DE-5366-6A22-5301-000000001100</Data>
    <Data Name="ProcessId">11376</Data>
    <Data Name="Image">C:\Program Files (x86)\Microsoft\Edge\Application\msedge.exe</Data>
    <Data Name="TargetObject">HKU\S-1-5-21-2516843948-3941376540-2047217349-1001\SOFTWARE\Microsoft\Windows\CurrentVersion\Run\MicrosoftEdgeAutoLaunch_84913AE46D47B442476B6709A0E10C40</Data>
    <Data Name="User">DESKTOP-LGT6HFQ\ligac</Data>
  </EventData>
</Event>
Record 538
<?xml version="1.0" encoding="utf-8"?>
<Event xmlns="http://schemas.microsoft.com/win/2004/08/events/event">
  <System>
    <Provider Name="Microsoft-Windows-Sysmon" Guid="5770385F-C22A-43E0-BF4C-06F5698FFBD9">
    </Provider>
    <EventID>1</EventID>
    <Version>5</Version>
    <Level>4</Level>
    <Task>1</Task>
    <Opcode>0</Opcode>
    <Keywords>0x8000000000000000</Keywords>
    <TimeCreated SystemTime="2026-06-05T04:41:10.910564Z">
    </TimeCreated>
    <EventRecordID>538</EventRecordID>
    <Correlation>
    </Correlation>
    <Execution ProcessID="3064" ThreadID="5012">
    </Execution>
    <Channel>Microsoft-Windows-Sysmon/Operational</Channel>
    <Computer>DESKTOP-LGT6HFQ</Computer>
    <Security UserID="S-1-5-18">
    </Security>
  </System>
  <EventData>
    <Data Name="RuleName">-</Data>
    <Data Name="UtcTime">2026-06-05 04:41:10.909</Data>
    <Data Name="ProcessGuid">AA26E6DE-5366-6A22-5A01-000000001100</Data>
    <Data Name="ProcessId">13228</Data>
    <Data Name="Image">C:\Program Files (x86)\Microsoft\Edge\Application\148.0.3967.96\identity_helper.exe</Data>
    <Data Name="FileVersion">148.0.3967.96</Data>
    <Data Name="Description">PWA Identity Proxy Host</Data>
    <Data Name="Product">Microsoft Edge</Data>
    <Data Name="Company">Microsoft Corporation</Data>
    <Data Name="OriginalFileName">identity_helper.exe</Data>
    <Data Name="CommandLine">&quot;C:\Program Files (x86)\Microsoft\Edge\Application\148.0.3967.96\identity_helper.exe&quot; --type=utility --utility-sub-type=winrt_app_id.mojom.WinrtAppIdService --lang=en-GB --service-sandbox-type=windows_package_identity --video-capture-use-gpu-memory-buffer --skip-read-main-dll --metrics-shmem-handle=4736,i,11298970426923542579,325276551374151911,524288 --field-trial-handle=2252,i,10245381432705136794,15634631853417899755,262144 --variations-seed-version --pseudonymization-salt-handle=2256,i,14979894745695204596,13056280414425601045,4 --trace-process-track-uuid=3190708991934122588 --mojo-platform-channel-handle=4776 /prefetch:8</Data>
    <Data Name="CurrentDirectory">C:\Program Files (x86)\Microsoft\Edge\Application\148.0.3967.96\</Data>
    <Data Name="User">DESKTOP-LGT6HFQ\ligac</Data>
    <Data Name="LogonGuid">AA26E6DE-523C-6A22-3CB2-010000000000</Data>
    <Data Name="LogonId">0x1b23c</Data>
    <Data Name="TerminalSessionId">1</Data>
    <Data Name="IntegrityLevel">Medium</Data>
    <Data Name="Hashes">MD5=9B92ABD456D5ED4A2650D2F678797F9D,SHA256=72A7C6A492A3CACCE1994C675F5E94339F9C5E323E29D36E2ED2C5C988BBFD0D,IMPHASH=ED0BB26A51E2F9B9842B9784EFD65E6B</Data>
    <Data Name="ParentProcessGuid">AA26E6DE-5366-6A22-5301-000000001100</Data>
    <Data Name="ParentProcessId">11376</Data>
    <Data Name="ParentImage">C:\Program Files (x86)\Microsoft\Edge\Application\msedge.exe</Data>
    <Data Name="ParentCommandLine">&quot;C:\Program Files (x86)\Microsoft\Edge\Application\msedge.exe&quot; --no-startup-window</Data>
    <Data Name="ParentUser">DESKTOP-LGT6HFQ\ligac</Data>
  </EventData>
</Event>
Record 539
<?xml version="1.0" encoding="utf-8"?>
<Event xmlns="http://schemas.microsoft.com/win/2004/08/events/event">
  <System>
    <Provider Name="Microsoft-Windows-Sysmon" Guid="5770385F-C22A-43E0-BF4C-06F5698FFBD9">
    </Provider>
    <EventID>1</EventID>
    <Version>5</Version>
    <Level>4</Level>
    <Task>1</Task>
    <Opcode>0</Opcode>
    <Keywords>0x8000000000000000</Keywords>
    <TimeCreated SystemTime="2026-06-05T04:41:10.917796Z">
    </TimeCreated>
    <EventRecordID>539</EventRecordID>
    <Correlation>
    </Correlation>
    <Execution ProcessID="3064" ThreadID="5012">
    </Execution>
    <Channel>Microsoft-Windows-Sysmon/Operational</Channel>
    <Computer>DESKTOP-LGT6HFQ</Computer>
    <Security UserID="S-1-5-18">
    </Security>
  </System>
  <EventData>
    <Data Name="RuleName">-</Data>
    <Data Name="UtcTime">2026-06-05 04:41:10.916</Data>
    <Data Name="ProcessGuid">AA26E6DE-5366-6A22-5B01-000000001100</Data>
    <Data Name="ProcessId">10012</Data>
    <Data Name="Image">C:\Program Files (x86)\Microsoft\Edge\Application\148.0.3967.96\identity_helper.exe</Data>
    <Data Name="FileVersion">148.0.3967.96</Data>
    <Data Name="Description">PWA Identity Proxy Host</Data>
    <Data Name="Product">Microsoft Edge</Data>
    <Data Name="Company">Microsoft Corporation</Data>
    <Data Name="OriginalFileName">identity_helper.exe</Data>
    <Data Name="CommandLine">&quot;C:\Program Files (x86)\Microsoft\Edge\Application\148.0.3967.96\identity_helper.exe&quot; --type=utility --utility-sub-type=winrt_app_id.mojom.WinrtAppIdService --lang=en-GB --service-sandbox-type=windows_package_identity --video-capture-use-gpu-memory-buffer --skip-read-main-dll --metrics-shmem-handle=4736,i,11298970426923542579,325276551374151911,524288 --field-trial-handle=2252,i,10245381432705136794,15634631853417899755,262144 --variations-seed-version --pseudonymization-salt-handle=2256,i,14979894745695204596,13056280414425601045,4 --trace-process-track-uuid=3190708991934122588 --mojo-platform-channel-handle=4776 /prefetch:8</Data>
    <Data Name="CurrentDirectory">C:\Program Files (x86)\Microsoft\Edge\Application\148.0.3967.96\</Data>
    <Data Name="User">DESKTOP-LGT6HFQ\ligac</Data>
    <Data Name="LogonGuid">AA26E6DE-523C-6A22-3CB2-010000000000</Data>
    <Data Name="LogonId">0x1b23c</Data>
    <Data Name="TerminalSessionId">1</Data>
    <Data Name="IntegrityLevel">Medium</Data>
    <Data Name="Hashes">MD5=9B92ABD456D5ED4A2650D2F678797F9D,SHA256=72A7C6A492A3CACCE1994C675F5E94339F9C5E323E29D36E2ED2C5C988BBFD0D,IMPHASH=ED0BB26A51E2F9B9842B9784EFD65E6B</Data>
    <Data Name="ParentProcessGuid">AA26E6DE-5366-6A22-5301-000000001100</Data>
    <Data Name="ParentProcessId">11376</Data>
    <Data Name="ParentImage">C:\Program Files (x86)\Microsoft\Edge\Application\msedge.exe</Data>
    <Data Name="ParentCommandLine">&quot;C:\Program Files (x86)\Microsoft\Edge\Application\msedge.exe&quot; --no-startup-window</Data>
    <Data Name="ParentUser">DESKTOP-LGT6HFQ\ligac</Data>
  </EventData>
</Event>
Record 540
<?xml version="1.0" encoding="utf-8"?>
<Event xmlns="http://schemas.microsoft.com/win/2004/08/events/event">
  <System>
    <Provider Name="Microsoft-Windows-Sysmon" Guid="5770385F-C22A-43E0-BF4C-06F5698FFBD9">
    </Provider>
    <EventID>1</EventID>
    <Version>5</Version>
    <Level>4</Level>
    <Task>1</Task>
    <Opcode>0</Opcode>
    <Keywords>0x8000000000000000</Keywords>
    <TimeCreated SystemTime="2026-06-05T04:41:11.526383Z">
    </TimeCreated>
    <EventRecordID>540</EventRecordID>
    <Correlation>
    </Correlation>
    <Execution ProcessID="3064" ThreadID="5012">
    </Execution>
    <Channel>Microsoft-Windows-Sysmon/Operational</Channel>
    <Computer>DESKTOP-LGT6HFQ</Computer>
    <Security UserID="S-1-5-18">
    </Security>
  </System>
  <EventData>
    <Data Name="RuleName">-</Data>
    <Data Name="UtcTime">2026-06-05 04:41:11.494</Data>
    <Data Name="ProcessGuid">AA26E6DE-5367-6A22-5C01-000000001100</Data>
    <Data Name="ProcessId">1296</Data>
    <Data Name="Image">C:\Windows\System32\cmd.exe</Data>
    <Data Name="FileVersion">10.0.19041.4355 (WinBuild.160101.0800)</Data>
    <Data Name="Description">Windows Command Processor</Data>
    <Data Name="Product">Microsoft® Windows® Operating System</Data>
    <Data Name="Company">Microsoft Corporation</Data>
    <Data Name="OriginalFileName">Cmd.Exe</Data>
    <Data Name="CommandLine">&quot;C:\Windows\system32\cmd.exe&quot; </Data>
    <Data Name="CurrentDirectory">C:\Users\ligac\</Data>
    <Data Name="User">DESKTOP-LGT6HFQ\ligac</Data>
    <Data Name="LogonGuid">AA26E6DE-523C-6A22-3CB2-010000000000</Data>
    <Data Name="LogonId">0x1b23c</Data>
    <Data Name="TerminalSessionId">1</Data>
    <Data Name="IntegrityLevel">Medium</Data>
    <Data Name="Hashes">MD5=2B40C98ED0F7A1D3B091A3E8353132DC,SHA256=BADF4752413CB0CBDC03FB95820CA167F0CDC63B597CCDB5EF43111180E088B0,IMPHASH=272245E2988E1E430500B852C4FB5E18</Data>
    <Data Name="ParentProcessGuid">AA26E6DE-5244-6A22-8D00-000000001100</Data>
    <Data Name="ParentProcessId">6724</Data>
    <Data Name="ParentImage">C:\Windows\explorer.exe</Data>
    <Data Name="ParentCommandLine">C:\Windows\Explorer.EXE</Data>
    <Data Name="ParentUser">DESKTOP-LGT6HFQ\ligac</Data>
  </EventData>
</Event>
Record 541
<?xml version="1.0" encoding="utf-8"?>
<Event xmlns="http://schemas.microsoft.com/win/2004/08/events/event">
  <System>
    <Provider Name="Microsoft-Windows-Sysmon" Guid="5770385F-C22A-43E0-BF4C-06F5698FFBD9">
    </Provider>
    <EventID>22</EventID>
    <Version>5</Version>
    <Level>4</Level>
    <Task>22</Task>
    <Opcode>0</Opcode>
    <Keywords>0x8000000000000000</Keywords>
    <TimeCreated SystemTime="2026-06-05T04:41:11.568080Z">
    </TimeCreated>
    <EventRecordID>541</EventRecordID>
    <Correlation>
    </Correlation>
    <Execution ProcessID="3064" ThreadID="5168">
    </Execution>
    <Channel>Microsoft-Windows-Sysmon/Operational</Channel>
    <Computer>DESKTOP-LGT6HFQ</Computer>
    <Security UserID="S-1-5-18">
    </Security>
  </System>
  <EventData>
    <Data Name="RuleName">-</Data>
    <Data Name="UtcTime">2026-06-05 04:41:10.755</Data>
    <Data Name="ProcessGuid">AA26E6DE-5366-6A22-5601-000000001100</Data>
    <Data Name="ProcessId">12692</Data>
    <Data Name="QueryName">wpad</Data>
    <Data Name="QueryStatus">1460</Data>
    <Data Name="QueryResults">-</Data>
    <Data Name="Image">C:\Program Files (x86)\Microsoft\Edge\Application\msedge.exe</Data>
    <Data Name="User">DESKTOP-LGT6HFQ\ligac</Data>
  </EventData>
</Event>
Record 542
<?xml version="1.0" encoding="utf-8"?>
<Event xmlns="http://schemas.microsoft.com/win/2004/08/events/event">
  <System>
    <Provider Name="Microsoft-Windows-Sysmon" Guid="5770385F-C22A-43E0-BF4C-06F5698FFBD9">
    </Provider>
    <EventID>1</EventID>
    <Version>5</Version>
    <Level>4</Level>
    <Task>1</Task>
    <Opcode>0</Opcode>
    <Keywords>0x8000000000000000</Keywords>
    <TimeCreated SystemTime="2026-06-05T04:41:12.953883Z">
    </TimeCreated>
    <EventRecordID>542</EventRecordID>
    <Correlation>
    </Correlation>
    <Execution ProcessID="3064" ThreadID="5012">
    </Execution>
    <Channel>Microsoft-Windows-Sysmon/Operational</Channel>
    <Computer>DESKTOP-LGT6HFQ</Computer>
    <Security UserID="S-1-5-18">
    </Security>
  </System>
  <EventData>
    <Data Name="RuleName">-</Data>
    <Data Name="UtcTime">2026-06-05 04:41:12.952</Data>
    <Data Name="ProcessGuid">AA26E6DE-5368-6A22-5E01-000000001100</Data>
    <Data Name="ProcessId">1764</Data>
    <Data Name="Image">C:\Windows\System32\taskhostw.exe</Data>
    <Data Name="FileVersion">10.0.19041.5794 (WinBuild.160101.0800)</Data>
    <Data Name="Description">Host Process for Windows Tasks</Data>
    <Data Name="Product">Microsoft® Windows® Operating System</Data>
    <Data Name="Company">Microsoft Corporation</Data>
    <Data Name="OriginalFileName">taskhostw.exe</Data>
    <Data Name="CommandLine">taskhostw.exe SBServicing</Data>
    <Data Name="CurrentDirectory">C:\Windows\system32\</Data>
    <Data Name="User">NT AUTHORITY\SYSTEM</Data>
    <Data Name="LogonGuid">AA26E6DE-523A-6A22-E703-000000000000</Data>
    <Data Name="LogonId">0x3e7</Data>
    <Data Name="TerminalSessionId">0</Data>
    <Data Name="IntegrityLevel">System</Data>
    <Data Name="Hashes">MD5=D71630DA4364F89F36B47581D4162639,SHA256=4D84D1DB6C572DA841307B814CCF26478429D3A29F304755CE1BAF110E639F64,IMPHASH=3A0C6863CDE566AF997DB2DEFFF9D924</Data>
    <Data Name="ParentProcessGuid">AA26E6DE-523B-6A22-1900-000000001100</Data>
    <Data Name="ParentProcessId">1144</Data>
    <Data Name="ParentImage">C:\Windows\System32\svchost.exe</Data>
    <Data Name="ParentCommandLine">C:\Windows\system32\svchost.exe -k netsvcs -p -s Schedule</Data>
    <Data Name="ParentUser">NT AUTHORITY\SYSTEM</Data>
  </EventData>
</Event>
Record 543
<?xml version="1.0" encoding="utf-8"?>
<Event xmlns="http://schemas.microsoft.com/win/2004/08/events/event">
  <System>
    <Provider Name="Microsoft-Windows-Sysmon" Guid="5770385F-C22A-43E0-BF4C-06F5698FFBD9">
    </Provider>
    <EventID>1</EventID>
    <Version>5</Version>
    <Level>4</Level>
    <Task>1</Task>
    <Opcode>0</Opcode>
    <Keywords>0x8000000000000000</Keywords>
    <TimeCreated SystemTime="2026-06-05T04:41:16.411283Z">
    </TimeCreated>
    <EventRecordID>543</EventRecordID>
    <Correlation>
    </Correlation>
    <Execution ProcessID="3064" ThreadID="5012">
    </Execution>
    <Channel>Microsoft-Windows-Sysmon/Operational</Channel>
    <Computer>DESKTOP-LGT6HFQ</Computer>
    <Security UserID="S-1-5-18">
    </Security>
  </System>
  <EventData>
    <Data Name="RuleName">-</Data>
    <Data Name="UtcTime">2026-06-05 04:41:16.410</Data>
    <Data Name="ProcessGuid">AA26E6DE-536C-6A22-5F01-000000001100</Data>
    <Data Name="ProcessId">1768</Data>
    <Data Name="Image">C:\Windows\System32\ipconfig.exe</Data>
    <Data Name="FileVersion">10.0.19041.1 (WinBuild.160101.0800)</Data>
    <Data Name="Description">IP Configuration Utility</Data>
    <Data Name="Product">Microsoft® Windows® Operating System</Data>
    <Data Name="Company">Microsoft Corporation</Data>
    <Data Name="OriginalFileName">ipconfig.exe</Data>
    <Data Name="CommandLine">ipconfig</Data>
    <Data Name="CurrentDirectory">C:\Users\ligac\</Data>
    <Data Name="User">DESKTOP-LGT6HFQ\ligac</Data>
    <Data Name="LogonGuid">AA26E6DE-523C-6A22-3CB2-010000000000</Data>
    <Data Name="LogonId">0x1b23c</Data>
    <Data Name="TerminalSessionId">1</Data>
    <Data Name="IntegrityLevel">Medium</Data>
    <Data Name="Hashes">MD5=62F170FB07FDBB79CEB7147101406EB8,SHA256=53E000F5AA9B3A00934319DB8080BB99CB323BF48FC628A64F75D7847C265606,IMPHASH=1002D523645A81BC52877D82D9E88417</Data>
    <Data Name="ParentProcessGuid">AA26E6DE-5367-6A22-5C01-000000001100</Data>
    <Data Name="ParentProcessId">1296</Data>
    <Data Name="ParentImage">C:\Windows\System32\cmd.exe</Data>
    <Data Name="ParentCommandLine">&quot;C:\Windows\system32\cmd.exe&quot; </Data>
    <Data Name="ParentUser">DESKTOP-LGT6HFQ\ligac</Data>
  </EventData>
</Event>
Record 544
<?xml version="1.0" encoding="utf-8"?>
<Event xmlns="http://schemas.microsoft.com/win/2004/08/events/event">
  <System>
    <Provider Name="Microsoft-Windows-Sysmon" Guid="5770385F-C22A-43E0-BF4C-06F5698FFBD9">
    </Provider>
    <EventID>1</EventID>
    <Version>5</Version>
    <Level>4</Level>
    <Task>1</Task>
    <Opcode>0</Opcode>
    <Keywords>0x8000000000000000</Keywords>
    <TimeCreated SystemTime="2026-06-05T04:41:17.505061Z">
    </TimeCreated>
    <EventRecordID>544</EventRecordID>
    <Correlation>
    </Correlation>
    <Execution ProcessID="3064" ThreadID="5012">
    </Execution>
    <Channel>Microsoft-Windows-Sysmon/Operational</Channel>
    <Computer>DESKTOP-LGT6HFQ</Computer>
    <Security UserID="S-1-5-18">
    </Security>
  </System>
  <EventData>
    <Data Name="RuleName">-</Data>
    <Data Name="UtcTime">2026-06-05 04:41:17.503</Data>
    <Data Name="ProcessGuid">AA26E6DE-536D-6A22-6001-000000001100</Data>
    <Data Name="ProcessId">1772</Data>
    <Data Name="Image">C:\Windows\System32\whoami.exe</Data>
    <Data Name="FileVersion">10.0.19041.1 (WinBuild.160101.0800)</Data>
    <Data Name="Description">whoami - displays logged on user information</Data>
    <Data Name="Product">Microsoft® Windows® Operating System</Data>
    <Data Name="Company">Microsoft Corporation</Data>
    <Data Name="OriginalFileName">whoami.exe</Data>
    <Data Name="CommandLine">whoami</Data>
    <Data Name="CurrentDirectory">C:\Users\ligac\</Data>
    <Data Name="User">DESKTOP-LGT6HFQ\ligac</Data>
    <Data Name="LogonGuid">AA26E6DE-523C-6A22-3CB2-010000000000</Data>
    <Data Name="LogonId">0x1b23c</Data>
    <Data Name="TerminalSessionId">1</Data>
    <Data Name="IntegrityLevel">Medium</Data>
    <Data Name="Hashes">MD5=A4A6924F3EAF97981323703D38FD99C4,SHA256=1D4902A04D99E8CCBFE7085E63155955FEE397449D386453F6C452AE407B8743,IMPHASH=7FF0758B766F747CE57DFAC70743FB88</Data>
    <Data Name="ParentProcessGuid">AA26E6DE-5367-6A22-5C01-000000001100</Data>
    <Data Name="ParentProcessId">1296</Data>
    <Data Name="ParentImage">C:\Windows\System32\cmd.exe</Data>
    <Data Name="ParentCommandLine">&quot;C:\Windows\system32\cmd.exe&quot; </Data>
    <Data Name="ParentUser">DESKTOP-LGT6HFQ\ligac</Data>
  </EventData>
</Event>
Record 545
<?xml version="1.0" encoding="utf-8"?>
<Event xmlns="http://schemas.microsoft.com/win/2004/08/events/event">
  <System>
    <Provider Name="Microsoft-Windows-Sysmon" Guid="5770385F-C22A-43E0-BF4C-06F5698FFBD9">
    </Provider>
    <EventID>1</EventID>
    <Version>5</Version>
    <Level>4</Level>
    <Task>1</Task>
    <Opcode>0</Opcode>
    <Keywords>0x8000000000000000</Keywords>
    <TimeCreated SystemTime="2026-06-05T04:41:19.973069Z">
    </TimeCreated>
    <EventRecordID>545</EventRecordID>
    <Correlation>
    </Correlation>
    <Execution ProcessID="3064" ThreadID="5012">
    </Execution>
    <Channel>Microsoft-Windows-Sysmon/Operational</Channel>
    <Computer>DESKTOP-LGT6HFQ</Computer>
    <Security UserID="S-1-5-18">
    </Security>
  </System>
  <EventData>
    <Data Name="RuleName">-</Data>
    <Data Name="UtcTime">2026-06-05 04:41:19.970</Data>
    <Data Name="ProcessGuid">AA26E6DE-536F-6A22-6101-000000001100</Data>
    <Data Name="ProcessId">11548</Data>
    <Data Name="Image">C:\Windows\System32\sc.exe</Data>
    <Data Name="FileVersion">10.0.19041.1 (WinBuild.160101.0800)</Data>
    <Data Name="Description">Service Control Manager Configuration Tool</Data>
    <Data Name="Product">Microsoft® Windows® Operating System</Data>
    <Data Name="Company">Microsoft Corporation</Data>
    <Data Name="OriginalFileName">sc.exe</Data>
    <Data Name="CommandLine">&quot;C:\Windows\system32\sc.exe&quot; start pushtoinstall login</Data>
    <Data Name="CurrentDirectory">C:\Windows\system32\</Data>
    <Data Name="User">NT AUTHORITY\SYSTEM</Data>
    <Data Name="LogonGuid">AA26E6DE-523A-6A22-E703-000000000000</Data>
    <Data Name="LogonId">0x3e7</Data>
    <Data Name="TerminalSessionId">0</Data>
    <Data Name="IntegrityLevel">System</Data>
    <Data Name="Hashes">MD5=3FB5CF71F7E7EB49790CB0E663434D80,SHA256=41F067C3A11B02FE39947F9EBA68AE5C7CB5BD1872A6009A4CD1506554A9ABA9,IMPHASH=803254E010814E69947095A2725B2AFD</Data>
    <Data Name="ParentProcessGuid">AA26E6DE-523B-6A22-1900-000000001100</Data>
    <Data Name="ParentProcessId">1144</Data>
    <Data Name="ParentImage">C:\Windows\System32\svchost.exe</Data>
    <Data Name="ParentCommandLine">C:\Windows\system32\svchost.exe -k netsvcs -p -s Schedule</Data>
    <Data Name="ParentUser">NT AUTHORITY\SYSTEM</Data>
  </EventData>
</Event>
Record 546
<?xml version="1.0" encoding="utf-8"?>
<Event xmlns="http://schemas.microsoft.com/win/2004/08/events/event">
  <System>
    <Provider Name="Microsoft-Windows-Sysmon" Guid="5770385F-C22A-43E0-BF4C-06F5698FFBD9">
    </Provider>
    <EventID>1</EventID>
    <Version>5</Version>
    <Level>4</Level>
    <Task>1</Task>
    <Opcode>0</Opcode>
    <Keywords>0x8000000000000000</Keywords>
    <TimeCreated SystemTime="2026-06-05T04:41:19.973343Z">
    </TimeCreated>
    <EventRecordID>546</EventRecordID>
    <Correlation>
    </Correlation>
    <Execution ProcessID="3064" ThreadID="5012">
    </Execution>
    <Channel>Microsoft-Windows-Sysmon/Operational</Channel>
    <Computer>DESKTOP-LGT6HFQ</Computer>
    <Security UserID="S-1-5-18">
    </Security>
  </System>
  <EventData>
    <Data Name="RuleName">-</Data>
    <Data Name="UtcTime">2026-06-05 04:41:19.971</Data>
    <Data Name="ProcessGuid">AA26E6DE-536F-6A22-6201-000000001100</Data>
    <Data Name="ProcessId">2536</Data>
    <Data Name="Image">C:\Windows\System32\taskhostw.exe</Data>
    <Data Name="FileVersion">10.0.19041.5794 (WinBuild.160101.0800)</Data>
    <Data Name="Description">Host Process for Windows Tasks</Data>
    <Data Name="Product">Microsoft® Windows® Operating System</Data>
    <Data Name="Company">Microsoft Corporation</Data>
    <Data Name="OriginalFileName">taskhostw.exe</Data>
    <Data Name="CommandLine">taskhostw.exe Logon</Data>
    <Data Name="CurrentDirectory">C:\Windows\system32\</Data>
    <Data Name="User">DESKTOP-LGT6HFQ\ligac</Data>
    <Data Name="LogonGuid">AA26E6DE-523C-6A22-3CB2-010000000000</Data>
    <Data Name="LogonId">0x1b23c</Data>
    <Data Name="TerminalSessionId">1</Data>
    <Data Name="IntegrityLevel">Medium</Data>
    <Data Name="Hashes">MD5=D71630DA4364F89F36B47581D4162639,SHA256=4D84D1DB6C572DA841307B814CCF26478429D3A29F304755CE1BAF110E639F64,IMPHASH=3A0C6863CDE566AF997DB2DEFFF9D924</Data>
    <Data Name="ParentProcessGuid">AA26E6DE-523B-6A22-1900-000000001100</Data>
    <Data Name="ParentProcessId">1144</Data>
    <Data Name="ParentImage">C:\Windows\System32\svchost.exe</Data>
    <Data Name="ParentCommandLine">C:\Windows\system32\svchost.exe -k netsvcs -p -s Schedule</Data>
    <Data Name="ParentUser">NT AUTHORITY\SYSTEM</Data>
  </EventData>
</Event>
Record 547
<?xml version="1.0" encoding="utf-8"?>
<Event xmlns="http://schemas.microsoft.com/win/2004/08/events/event">
  <System>
    <Provider Name="Microsoft-Windows-Sysmon" Guid="5770385F-C22A-43E0-BF4C-06F5698FFBD9">
    </Provider>
    <EventID>1</EventID>
    <Version>5</Version>
    <Level>4</Level>
    <Task>1</Task>
    <Opcode>0</Opcode>
    <Keywords>0x8000000000000000</Keywords>
    <TimeCreated SystemTime="2026-06-05T04:41:20.012611Z">
    </TimeCreated>
    <EventRecordID>547</EventRecordID>
    <Correlation>
    </Correlation>
    <Execution ProcessID="3064" ThreadID="5012">
    </Execution>
    <Channel>Microsoft-Windows-Sysmon/Operational</Channel>
    <Computer>DESKTOP-LGT6HFQ</Computer>
    <Security UserID="S-1-5-18">
    </Security>
  </System>
  <EventData>
    <Data Name="RuleName">-</Data>
    <Data Name="UtcTime">2026-06-05 04:41:20.011</Data>
    <Data Name="ProcessGuid">AA26E6DE-5370-6A22-6401-000000001100</Data>
    <Data Name="ProcessId">11368</Data>
    <Data Name="Image">C:\Windows\System32\svchost.exe</Data>
    <Data Name="FileVersion">10.0.19041.5794 (WinBuild.160101.0800)</Data>
    <Data Name="Description">Host Process for Windows Services</Data>
    <Data Name="Product">Microsoft® Windows® Operating System</Data>
    <Data Name="Company">Microsoft Corporation</Data>
    <Data Name="OriginalFileName">svchost.exe</Data>
    <Data Name="CommandLine">C:\Windows\System32\svchost.exe -k netsvcs -p -s PushToInstall</Data>
    <Data Name="CurrentDirectory">C:\Windows\system32\</Data>
    <Data Name="User">NT AUTHORITY\SYSTEM</Data>
    <Data Name="LogonGuid">AA26E6DE-523A-6A22-E703-000000000000</Data>
    <Data Name="LogonId">0x3e7</Data>
    <Data Name="TerminalSessionId">0</Data>
    <Data Name="IntegrityLevel">System</Data>
    <Data Name="Hashes">MD5=3D1034D6ED3DAED60816A25C561E8C83,SHA256=B0B36BFF7AE4057F687D839CD4B3D81159AB646F1EE1B22106A927E93DECBB61,IMPHASH=F9BBD96FAE53B7A31264A703CAFA0666</Data>
    <Data Name="ParentProcessGuid">AA26E6DE-523A-6A22-0B00-000000001100</Data>
    <Data Name="ParentProcessId">648</Data>
    <Data Name="ParentImage">C:\Windows\System32\services.exe</Data>
    <Data Name="ParentCommandLine">C:\Windows\system32\services.exe</Data>
    <Data Name="ParentUser">NT AUTHORITY\SYSTEM</Data>
  </EventData>
</Event>
Record 548
<?xml version="1.0" encoding="utf-8"?>
<Event xmlns="http://schemas.microsoft.com/win/2004/08/events/event">
  <System>
    <Provider Name="Microsoft-Windows-Sysmon" Guid="5770385F-C22A-43E0-BF4C-06F5698FFBD9">
    </Provider>
    <EventID>1</EventID>
    <Version>5</Version>
    <Level>4</Level>
    <Task>1</Task>
    <Opcode>0</Opcode>
    <Keywords>0x8000000000000000</Keywords>
    <TimeCreated SystemTime="2026-06-05T04:41:22.470133Z">
    </TimeCreated>
    <EventRecordID>548</EventRecordID>
    <Correlation>
    </Correlation>
    <Execution ProcessID="3064" ThreadID="5012">
    </Execution>
    <Channel>Microsoft-Windows-Sysmon/Operational</Channel>
    <Computer>DESKTOP-LGT6HFQ</Computer>
    <Security UserID="S-1-5-18">
    </Security>
  </System>
  <EventData>
    <Data Name="RuleName">-</Data>
    <Data Name="UtcTime">2026-06-05 04:41:22.465</Data>
    <Data Name="ProcessGuid">AA26E6DE-5372-6A22-6501-000000001100</Data>
    <Data Name="ProcessId">4896</Data>
    <Data Name="Image">C:\Program Files (x86)\Microsoft\Edge\Application\msedge.exe</Data>
    <Data Name="FileVersion">148.0.3967.96</Data>
    <Data Name="Description">Microsoft Edge</Data>
    <Data Name="Product">Microsoft Edge</Data>
    <Data Name="Company">Microsoft Corporation</Data>
    <Data Name="OriginalFileName">msedge.exe</Data>
    <Data Name="CommandLine">&quot;C:\Program Files (x86)\Microsoft\Edge\Application\msedge.exe&quot; --type=utility --utility-sub-type=entity_extraction_service.mojom.Extractor --lang=en-GB --service-sandbox-type=entity_extraction --onnx-enabled-for-ee --video-capture-use-gpu-memory-buffer --skip-read-main-dll --metrics-shmem-handle=5272,i,120032984328144466,6260646393033972153,524288 --field-trial-handle=2252,i,10245381432705136794,15634631853417899755,262144 --variations-seed-version --pseudonymization-salt-handle=2256,i,14979894745695204596,13056280414425601045,4 --trace-process-track-uuid=3190708994745248135 --mojo-platform-channel-handle=5300 /prefetch:8</Data>
    <Data Name="CurrentDirectory">C:\Program Files (x86)\Microsoft\Edge\Application\148.0.3967.96\</Data>
    <Data Name="User">DESKTOP-LGT6HFQ\ligac</Data>
    <Data Name="LogonGuid">AA26E6DE-523C-6A22-3CB2-010000000000</Data>
    <Data Name="LogonId">0x1b23c</Data>
    <Data Name="TerminalSessionId">1</Data>
    <Data Name="IntegrityLevel">Low</Data>
    <Data Name="Hashes">MD5=73852A4C1E06FDC8765C274CEF7821A4,SHA256=795C0BAD80131305007ABD7544311909C138551231B0316D94406A380108D366,IMPHASH=733B9E748114EB977ABA1C874D8BFBC0</Data>
    <Data Name="ParentProcessGuid">AA26E6DE-5366-6A22-5301-000000001100</Data>
    <Data Name="ParentProcessId">11376</Data>
    <Data Name="ParentImage">C:\Program Files (x86)\Microsoft\Edge\Application\msedge.exe</Data>
    <Data Name="ParentCommandLine">&quot;C:\Program Files (x86)\Microsoft\Edge\Application\msedge.exe&quot; --no-startup-window</Data>
    <Data Name="ParentUser">DESKTOP-LGT6HFQ\ligac</Data>
  </EventData>
</Event>
Record 549
<?xml version="1.0" encoding="utf-8"?>
<Event xmlns="http://schemas.microsoft.com/win/2004/08/events/event">
  <System>
    <Provider Name="Microsoft-Windows-Sysmon" Guid="5770385F-C22A-43E0-BF4C-06F5698FFBD9">
    </Provider>
    <EventID>1</EventID>
    <Version>5</Version>
    <Level>4</Level>
    <Task>1</Task>
    <Opcode>0</Opcode>
    <Keywords>0x8000000000000000</Keywords>
    <TimeCreated SystemTime="2026-06-05T04:41:29.743819Z">
    </TimeCreated>
    <EventRecordID>549</EventRecordID>
    <Correlation>
    </Correlation>
    <Execution ProcessID="3064" ThreadID="5012">
    </Execution>
    <Channel>Microsoft-Windows-Sysmon/Operational</Channel>
    <Computer>DESKTOP-LGT6HFQ</Computer>
    <Security UserID="S-1-5-18">
    </Security>
  </System>
  <EventData>
    <Data Name="RuleName">-</Data>
    <Data Name="UtcTime">2026-06-05 04:41:29.740</Data>
    <Data Name="ProcessGuid">AA26E6DE-5379-6A22-6801-000000001100</Data>
    <Data Name="ProcessId">9524</Data>
    <Data Name="Image">C:\Program Files (x86)\Microsoft\Edge\Application\msedge.exe</Data>
    <Data Name="FileVersion">148.0.3967.96</Data>
    <Data Name="Description">Microsoft Edge</Data>
    <Data Name="Product">Microsoft Edge</Data>
    <Data Name="Company">Microsoft Corporation</Data>
    <Data Name="OriginalFileName">msedge.exe</Data>
    <Data Name="CommandLine">&quot;C:\Program Files (x86)\Microsoft\Edge\Application\msedge.exe&quot; --profile-directory=Default</Data>
    <Data Name="CurrentDirectory">C:\Program Files (x86)\Microsoft\Edge\Application\</Data>
    <Data Name="User">DESKTOP-LGT6HFQ\ligac</Data>
    <Data Name="LogonGuid">AA26E6DE-523C-6A22-3CB2-010000000000</Data>
    <Data Name="LogonId">0x1b23c</Data>
    <Data Name="TerminalSessionId">1</Data>
    <Data Name="IntegrityLevel">Medium</Data>
    <Data Name="Hashes">MD5=73852A4C1E06FDC8765C274CEF7821A4,SHA256=795C0BAD80131305007ABD7544311909C138551231B0316D94406A380108D366,IMPHASH=733B9E748114EB977ABA1C874D8BFBC0</Data>
    <Data Name="ParentProcessGuid">AA26E6DE-5244-6A22-8D00-000000001100</Data>
    <Data Name="ParentProcessId">6724</Data>
    <Data Name="ParentImage">C:\Windows\explorer.exe</Data>
    <Data Name="ParentCommandLine">C:\Windows\Explorer.EXE</Data>
    <Data Name="ParentUser">DESKTOP-LGT6HFQ\ligac</Data>
  </EventData>
</Event>
Record 550
<?xml version="1.0" encoding="utf-8"?>
<Event xmlns="http://schemas.microsoft.com/win/2004/08/events/event">
  <System>
    <Provider Name="Microsoft-Windows-Sysmon" Guid="5770385F-C22A-43E0-BF4C-06F5698FFBD9">
    </Provider>
    <EventID>1</EventID>
    <Version>5</Version>
    <Level>4</Level>
    <Task>1</Task>
    <Opcode>0</Opcode>
    <Keywords>0x8000000000000000</Keywords>
    <TimeCreated SystemTime="2026-06-05T04:41:31.013075Z">
    </TimeCreated>
    <EventRecordID>550</EventRecordID>
    <Correlation>
    </Correlation>
    <Execution ProcessID="3064" ThreadID="5012">
    </Execution>
    <Channel>Microsoft-Windows-Sysmon/Operational</Channel>
    <Computer>DESKTOP-LGT6HFQ</Computer>
    <Security UserID="S-1-5-18">
    </Security>
  </System>
  <EventData>
    <Data Name="RuleName">-</Data>
    <Data Name="UtcTime">2026-06-05 04:41:31.004</Data>
    <Data Name="ProcessGuid">AA26E6DE-537B-6A22-6901-000000001100</Data>
    <Data Name="ProcessId">8776</Data>
    <Data Name="Image">C:\Program Files (x86)\Microsoft\Edge\Application\msedge.exe</Data>
    <Data Name="FileVersion">148.0.3967.96</Data>
    <Data Name="Description">Microsoft Edge</Data>
    <Data Name="Product">Microsoft Edge</Data>
    <Data Name="Company">Microsoft Corporation</Data>
    <Data Name="OriginalFileName">msedge.exe</Data>
    <Data Name="CommandLine">&quot;C:\Program Files (x86)\Microsoft\Edge\Application\msedge.exe&quot; --type=utility --utility-sub-type=PooledProcess2 --lang=en-GB --service-sandbox-type=utility --skip-read-main-dll --metrics-shmem-handle=5504,i,9075200061355101932,1879921305495175629,524288 --field-trial-handle=2252,i,10245381432705136794,15634631853417899755,262144 --variations-seed-version --pseudonymization-salt-handle=2256,i,14979894745695204596,13056280414425601045,4 --trace-process-track-uuid=3190708997556373682 --mojo-platform-channel-handle=5100 /prefetch:8</Data>
    <Data Name="CurrentDirectory">C:\Program Files (x86)\Microsoft\Edge\Application\148.0.3967.96\</Data>
    <Data Name="User">DESKTOP-LGT6HFQ\ligac</Data>
    <Data Name="LogonGuid">AA26E6DE-523C-6A22-3CB2-010000000000</Data>
    <Data Name="LogonId">0x1b23c</Data>
    <Data Name="TerminalSessionId">1</Data>
    <Data Name="IntegrityLevel">Low</Data>
    <Data Name="Hashes">MD5=73852A4C1E06FDC8765C274CEF7821A4,SHA256=795C0BAD80131305007ABD7544311909C138551231B0316D94406A380108D366,IMPHASH=733B9E748114EB977ABA1C874D8BFBC0</Data>
    <Data Name="ParentProcessGuid">AA26E6DE-5366-6A22-5301-000000001100</Data>
    <Data Name="ParentProcessId">11376</Data>
    <Data Name="ParentImage">C:\Program Files (x86)\Microsoft\Edge\Application\msedge.exe</Data>
    <Data Name="ParentCommandLine">&quot;C:\Program Files (x86)\Microsoft\Edge\Application\msedge.exe&quot; --no-startup-window</Data>
    <Data Name="ParentUser">DESKTOP-LGT6HFQ\ligac</Data>
  </EventData>
</Event>
Record 551
<?xml version="1.0" encoding="utf-8"?>
<Event xmlns="http://schemas.microsoft.com/win/2004/08/events/event">
  <System>
    <Provider Name="Microsoft-Windows-Sysmon" Guid="5770385F-C22A-43E0-BF4C-06F5698FFBD9">
    </Provider>
    <EventID>13</EventID>
    <Version>2</Version>
    <Level>4</Level>
    <Task>13</Task>
    <Opcode>0</Opcode>
    <Keywords>0x8000000000000000</Keywords>
    <TimeCreated SystemTime="2026-06-05T04:41:31.797711Z">
    </TimeCreated>
    <EventRecordID>551</EventRecordID>
    <Correlation>
    </Correlation>
    <Execution ProcessID="3064" ThreadID="5012">
    </Execution>
    <Channel>Microsoft-Windows-Sysmon/Operational</Channel>
    <Computer>DESKTOP-LGT6HFQ</Computer>
    <Security UserID="S-1-5-18">
    </Security>
  </System>
  <EventData>
    <Data Name="RuleName">InvDB</Data>
    <Data Name="EventType">SetValue</Data>
    <Data Name="UtcTime">2026-06-05 04:41:31.797</Data>
    <Data Name="ProcessGuid">AA26E6DE-5262-6A22-DB00-000000001100</Data>
    <Data Name="ProcessId">11228</Data>
    <Data Name="Image">C:\Windows\system32\svchost.exe</Data>
    <Data Name="TargetObject">HKU\S-1-5-21-2516843948-3941376540-2047217349-1001\SOFTWARE\Microsoft\Windows NT\CurrentVersion\AppCompatFlags\Compatibility Assistant\Store\C:\Program Files (x86)\Microsoft\Edge\Application\msedge.exe</Data>
    <Data Name="Details">Binary Data</Data>
    <Data Name="User">NT AUTHORITY\SYSTEM</Data>
  </EventData>
</Event>
Record 552
<?xml version="1.0" encoding="utf-8"?>
<Event xmlns="http://schemas.microsoft.com/win/2004/08/events/event">
  <System>
    <Provider Name="Microsoft-Windows-Sysmon" Guid="5770385F-C22A-43E0-BF4C-06F5698FFBD9">
    </Provider>
    <EventID>13</EventID>
    <Version>2</Version>
    <Level>4</Level>
    <Task>13</Task>
    <Opcode>0</Opcode>
    <Keywords>0x8000000000000000</Keywords>
    <TimeCreated SystemTime="2026-06-05T04:41:34.246834Z">
    </TimeCreated>
    <EventRecordID>552</EventRecordID>
    <Correlation>
    </Correlation>
    <Execution ProcessID="3064" ThreadID="5012">
    </Execution>
    <Channel>Microsoft-Windows-Sysmon/Operational</Channel>
    <Computer>DESKTOP-LGT6HFQ</Computer>
    <Security UserID="S-1-5-18">
    </Security>
  </System>
  <EventData>
    <Data Name="RuleName">T1042</Data>
    <Data Name="EventType">SetValue</Data>
    <Data Name="UtcTime">2026-06-05 04:41:34.245</Data>
    <Data Name="ProcessGuid">AA26E6DE-5244-6A22-8D00-000000001100</Data>
    <Data Name="ProcessId">6724</Data>
    <Data Name="Image">C:\Windows\Explorer.EXE</Data>
    <Data Name="TargetObject">HKU\S-1-5-21-2516843948-3941376540-2047217349-1001\SOFTWARE\Microsoft\Windows\CurrentVersion\Explorer\FileExts\.exe\OpenWithProgids\exefile</Data>
    <Data Name="Details">Binary Data</Data>
    <Data Name="User">DESKTOP-LGT6HFQ\ligac</Data>
  </EventData>
</Event>
Record 553
<?xml version="1.0" encoding="utf-8"?>
<Event xmlns="http://schemas.microsoft.com/win/2004/08/events/event">
  <System>
    <Provider Name="Microsoft-Windows-Sysmon" Guid="5770385F-C22A-43E0-BF4C-06F5698FFBD9">
    </Provider>
    <EventID>1</EventID>
    <Version>5</Version>
    <Level>4</Level>
    <Task>1</Task>
    <Opcode>0</Opcode>
    <Keywords>0x8000000000000000</Keywords>
    <TimeCreated SystemTime="2026-06-05T04:41:40.223173Z">
    </TimeCreated>
    <EventRecordID>553</EventRecordID>
    <Correlation>
    </Correlation>
    <Execution ProcessID="3064" ThreadID="5012">
    </Execution>
    <Channel>Microsoft-Windows-Sysmon/Operational</Channel>
    <Computer>DESKTOP-LGT6HFQ</Computer>
    <Security UserID="S-1-5-18">
    </Security>
  </System>
  <EventData>
    <Data Name="RuleName">-</Data>
    <Data Name="UtcTime">2026-06-05 04:41:40.218</Data>
    <Data Name="ProcessGuid">AA26E6DE-5384-6A22-7401-000000001100</Data>
    <Data Name="ProcessId">10680</Data>
    <Data Name="Image">C:\Program Files (x86)\Microsoft\Edge\Application\msedge.exe</Data>
    <Data Name="FileVersion">148.0.3967.96</Data>
    <Data Name="Description">Microsoft Edge</Data>
    <Data Name="Product">Microsoft Edge</Data>
    <Data Name="Company">Microsoft Corporation</Data>
    <Data Name="OriginalFileName">msedge.exe</Data>
    <Data Name="CommandLine">&quot;C:\Program Files (x86)\Microsoft\Edge\Application\msedge.exe&quot; --type=utility --utility-sub-type=chrome.mojom.UtilWin --lang=en-GB --service-sandbox-type=none --message-loop-type-ui --skip-read-main-dll --metrics-shmem-handle=7524,i,18132168144192429013,11904627346337988502,524288 --field-trial-handle=2252,i,10245381432705136794,15634631853417899755,262144 --variations-seed-version --pseudonymization-salt-handle=2256,i,14979894745695204596,13056280414425601045,4 --trace-process-track-uuid=3190709007863834021 --mojo-platform-channel-handle=8056 /prefetch:8</Data>
    <Data Name="CurrentDirectory">C:\Program Files (x86)\Microsoft\Edge\Application\148.0.3967.96\</Data>
    <Data Name="User">DESKTOP-LGT6HFQ\ligac</Data>
    <Data Name="LogonGuid">AA26E6DE-523C-6A22-3CB2-010000000000</Data>
    <Data Name="LogonId">0x1b23c</Data>
    <Data Name="TerminalSessionId">1</Data>
    <Data Name="IntegrityLevel">Medium</Data>
    <Data Name="Hashes">MD5=73852A4C1E06FDC8765C274CEF7821A4,SHA256=795C0BAD80131305007ABD7544311909C138551231B0316D94406A380108D366,IMPHASH=733B9E748114EB977ABA1C874D8BFBC0</Data>
    <Data Name="ParentProcessGuid">AA26E6DE-5366-6A22-5301-000000001100</Data>
    <Data Name="ParentProcessId">11376</Data>
    <Data Name="ParentImage">C:\Program Files (x86)\Microsoft\Edge\Application\msedge.exe</Data>
    <Data Name="ParentCommandLine">&quot;C:\Program Files (x86)\Microsoft\Edge\Application\msedge.exe&quot; --no-startup-window</Data>
    <Data Name="ParentUser">DESKTOP-LGT6HFQ\ligac</Data>
  </EventData>
</Event>
