Record 78
<?xml version="1.0" encoding="utf-8"?>
<Event xmlns="http://schemas.microsoft.com/win/2004/08/events/event">
  <System>
    <Provider Name="Microsoft-Windows-Sysmon" Guid="5770385F-C22A-43E0-BF4C-06F5698FFBD9">
    </Provider>
    <EventID>8</EventID>
    <Version>2</Version>
    <Level>4</Level>
    <Task>8</Task>
    <Opcode>0</Opcode>
    <Keywords>0x8000000000000000</Keywords>
    <TimeCreated SystemTime="2026-06-05T04:35:33.879244Z">
    </TimeCreated>
    <EventRecordID>78</EventRecordID>
    <Correlation>
    </Correlation>
    <Execution ProcessID="10504" ThreadID="6648">
    </Execution>
    <Channel>Microsoft-Windows-Sysmon/Operational</Channel>
    <Computer>DESKTOP-LGT6HFQ</Computer>
    <Security UserID="S-1-5-18">
    </Security>
  </System>
  <EventData>
    <Data Name="RuleName">-</Data>
    <Data Name="UtcTime">2026-06-05 04:35:33.872</Data>
    <Data Name="SourceProcessGuid">AA26E6DE-44E2-6A22-0600-000000001000</Data>
    <Data Name="SourceProcessId">420</Data>
    <Data Name="SourceImage">&lt;unknown process&gt;</Data>
    <Data Name="TargetProcessGuid">AA26E6DE-44E6-6A22-3F00-000000001000</Data>
    <Data Name="TargetProcessId">2516</Data>
    <Data Name="TargetImage">C:\Windows\system32\svchost.exe</Data>
    <Data Name="NewThreadId">8280</Data>
    <Data Name="StartAddress">0x00007FFFD3C8C140</Data>
    <Data Name="StartModule">C:\Windows\System32\KERNELBASE.dll</Data>
    <Data Name="StartFunction">CtrlRoutine</Data>
    <Data Name="SourceUser">NT AUTHORITY\SYSTEM</Data>
    <Data Name="TargetUser">NT AUTHORITY\SYSTEM</Data>
  </EventData>
</Event>
Record 79
<?xml version="1.0" encoding="utf-8"?>
<Event xmlns="http://schemas.microsoft.com/win/2004/08/events/event">
  <System>
    <Provider Name="Microsoft-Windows-Sysmon" Guid="5770385F-C22A-43E0-BF4C-06F5698FFBD9">
    </Provider>
    <EventID>4</EventID>
    <Version>3</Version>
    <Level>4</Level>
    <Task>4</Task>
    <Opcode>0</Opcode>
    <Keywords>0x8000000000000000</Keywords>
    <TimeCreated SystemTime="2026-06-05T04:36:17.092257Z">
    </TimeCreated>
    <EventRecordID>79</EventRecordID>
    <Correlation>
    </Correlation>
    <Execution ProcessID="3064" ThreadID="5012">
    </Execution>
    <Channel>Microsoft-Windows-Sysmon/Operational</Channel>
    <Computer>DESKTOP-LGT6HFQ</Computer>
    <Security UserID="S-1-5-18">
    </Security>
  </System>
  <EventData>
    <Data Name="UtcTime">2026-06-05 04:36:17.087</Data>
    <Data Name="State">Started</Data>
    <Data Name="Version">15.20</Data>
    <Data Name="SchemaVersion">4.91</Data>
  </EventData>
</Event>
Record 80
<?xml version="1.0" encoding="utf-8"?>
<Event xmlns="http://schemas.microsoft.com/win/2004/08/events/event">
  <System>
    <Provider Name="Microsoft-Windows-Sysmon" Guid="5770385F-C22A-43E0-BF4C-06F5698FFBD9">
    </Provider>
    <EventID>13</EventID>
    <Version>2</Version>
    <Level>4</Level>
    <Task>13</Task>
    <Opcode>0</Opcode>
    <Keywords>0x8000000000000000</Keywords>
    <TimeCreated SystemTime="2026-06-05T04:36:17.138364Z">
    </TimeCreated>
    <EventRecordID>80</EventRecordID>
    <Correlation>
    </Correlation>
    <Execution ProcessID="3064" ThreadID="5012">
    </Execution>
    <Channel>Microsoft-Windows-Sysmon/Operational</Channel>
    <Computer>DESKTOP-LGT6HFQ</Computer>
    <Security UserID="S-1-5-18">
    </Security>
  </System>
  <EventData>
    <Data Name="RuleName">Context,DeviceConnectedOrUpdated</Data>
    <Data Name="EventType">SetValue</Data>
    <Data Name="UtcTime">2026-06-05 04:36:09.171</Data>
    <Data Name="ProcessGuid">AA26E6DE-5238-6A22-EB03-000000000000</Data>
    <Data Name="ProcessId">4</Data>
    <Data Name="Image">System</Data>
    <Data Name="TargetObject">HKLM\System\CurrentControlSet\Control\DeviceClasses\{0a4252a0-7e70-11d0-a5d6-28db04c10000}\##?#ROOT#SYSTEM#0000#{0a4252a0-7e70-11d0-a5d6-28db04c10000}\#{cfd669f1-9bc2-11d0-8299-0000f822fe8a}&amp;{0A4252A0-7E70-11D0-A5D6-28DB04C10000}\Device Parameters\FriendlyName</Data>
    <Data Name="Details">Tee/Sink-to-Sink Converter</Data>
    <Data Name="User">NT AUTHORITY\SYSTEM</Data>
  </EventData>
</Event>
Record 81
<?xml version="1.0" encoding="utf-8"?>
<Event xmlns="http://schemas.microsoft.com/win/2004/08/events/event">
  <System>
    <Provider Name="Microsoft-Windows-Sysmon" Guid="5770385F-C22A-43E0-BF4C-06F5698FFBD9">
    </Provider>
    <EventID>13</EventID>
    <Version>2</Version>
    <Level>4</Level>
    <Task>13</Task>
    <Opcode>0</Opcode>
    <Keywords>0x8000000000000000</Keywords>
    <TimeCreated SystemTime="2026-06-05T04:36:17.138507Z">
    </TimeCreated>
    <EventRecordID>81</EventRecordID>
    <Correlation>
    </Correlation>
    <Execution ProcessID="3064" ThreadID="5012">
    </Execution>
    <Channel>Microsoft-Windows-Sysmon/Operational</Channel>
    <Computer>DESKTOP-LGT6HFQ</Computer>
    <Security UserID="S-1-5-18">
    </Security>
  </System>
  <EventData>
    <Data Name="RuleName">Context,DeviceConnectedOrUpdated</Data>
    <Data Name="EventType">SetValue</Data>
    <Data Name="UtcTime">2026-06-05 04:36:09.171</Data>
    <Data Name="ProcessGuid">AA26E6DE-5238-6A22-EB03-000000000000</Data>
    <Data Name="ProcessId">4</Data>
    <Data Name="Image">System</Data>
    <Data Name="TargetObject">HKLM\System\CurrentControlSet\Control\DeviceClasses\{cf1dda2c-9743-11d0-a3ee-00a0c9223196}\##?#ROOT#SYSTEM#0000#{cf1dda2c-9743-11d0-a3ee-00a0c9223196}\#{cfd669f1-9bc2-11d0-8299-0000f822fe8a}&amp;{CF1DDA2C-9743-11D0-A3EE-00A0C9223196}\Device Parameters\FriendlyName</Data>
    <Data Name="Details">Tee/Sink-to-Sink Converter</Data>
    <Data Name="User">NT AUTHORITY\SYSTEM</Data>
  </EventData>
</Event>
Record 82
<?xml version="1.0" encoding="utf-8"?>
<Event xmlns="http://schemas.microsoft.com/win/2004/08/events/event">
  <System>
    <Provider Name="Microsoft-Windows-Sysmon" Guid="5770385F-C22A-43E0-BF4C-06F5698FFBD9">
    </Provider>
    <EventID>13</EventID>
    <Version>2</Version>
    <Level>4</Level>
    <Task>13</Task>
    <Opcode>0</Opcode>
    <Keywords>0x8000000000000000</Keywords>
    <TimeCreated SystemTime="2026-06-05T04:36:17.138640Z">
    </TimeCreated>
    <EventRecordID>82</EventRecordID>
    <Correlation>
    </Correlation>
    <Execution ProcessID="3064" ThreadID="5012">
    </Execution>
    <Channel>Microsoft-Windows-Sysmon/Operational</Channel>
    <Computer>DESKTOP-LGT6HFQ</Computer>
    <Security UserID="S-1-5-18">
    </Security>
  </System>
  <EventData>
    <Data Name="RuleName">Context,DeviceConnectedOrUpdated</Data>
    <Data Name="EventType">SetValue</Data>
    <Data Name="UtcTime">2026-06-05 04:36:09.171</Data>
    <Data Name="ProcessGuid">AA26E6DE-5238-6A22-EB03-000000000000</Data>
    <Data Name="ProcessId">4</Data>
    <Data Name="Image">System</Data>
    <Data Name="TargetObject">HKLM\System\CurrentControlSet\Control\DeviceClasses\{ffbb6e3f-ccfe-4d84-90d9-421418b03a8e}\##?#ROOT#SYSTEM#0000#{ffbb6e3f-ccfe-4d84-90d9-421418b03a8e}\#{EEC12DB6-AD9C-4168-8658-B03DAEF417FE}&amp;{ABD61E00-9350-47e2-A632-4438B90C6641}\Device Parameters\FriendlyName</Data>
    <Data Name="Details">Microsoft Trusted Audio Drivers</Data>
    <Data Name="User">NT AUTHORITY\SYSTEM</Data>
  </EventData>
</Event>
Record 83
<?xml version="1.0" encoding="utf-8"?>
<Event xmlns="http://schemas.microsoft.com/win/2004/08/events/event">
  <System>
    <Provider Name="Microsoft-Windows-Sysmon" Guid="5770385F-C22A-43E0-BF4C-06F5698FFBD9">
    </Provider>
    <EventID>1</EventID>
    <Version>5</Version>
    <Level>4</Level>
    <Task>1</Task>
    <Opcode>0</Opcode>
    <Keywords>0x8000000000000000</Keywords>
    <TimeCreated SystemTime="2026-06-05T04:36:17.182090Z">
    </TimeCreated>
    <EventRecordID>83</EventRecordID>
    <Correlation>
    </Correlation>
    <Execution ProcessID="3064" ThreadID="5012">
    </Execution>
    <Channel>Microsoft-Windows-Sysmon/Operational</Channel>
    <Computer>DESKTOP-LGT6HFQ</Computer>
    <Security UserID="S-1-5-18">
    </Security>
  </System>
  <EventData>
    <Data Name="RuleName">-</Data>
    <Data Name="UtcTime">2026-06-05 04:36:10.244</Data>
    <Data Name="ProcessGuid">AA26E6DE-523A-6A22-0500-000000001100</Data>
    <Data Name="ProcessId">416</Data>
    <Data Name="Image">C:\Windows\System32\smss.exe</Data>
    <Data Name="FileVersion">10.0.19041.5794 (WinBuild.160101.0800)</Data>
    <Data Name="Description">Windows Session Manager</Data>
    <Data Name="Product">Microsoft® Windows® Operating System</Data>
    <Data Name="Company">Microsoft Corporation</Data>
    <Data Name="OriginalFileName">smss.exe</Data>
    <Data Name="CommandLine">\SystemRoot\System32\smss.exe 00000084 00000088 </Data>
    <Data Name="CurrentDirectory">C:\Windows\</Data>
    <Data Name="User">NT AUTHORITY\SYSTEM</Data>
    <Data Name="LogonGuid">AA26E6DE-523A-6A22-E703-000000000000</Data>
    <Data Name="LogonId">0x3e7</Data>
    <Data Name="TerminalSessionId">0</Data>
    <Data Name="IntegrityLevel">System</Data>
    <Data Name="Hashes">MD5=090F2262AC94479C8BF7EA2205937481,SHA256=7FD480E87A53902476A8803A7932156601B349B7F9A5618E7739AEB340666A6D,IMPHASH=95A378AF22B714F575D8F211C9E0281E</Data>
    <Data Name="ParentProcessGuid">AA26E6DE-5238-6A22-0300-000000001100</Data>
    <Data Name="ParentProcessId">320</Data>
    <Data Name="ParentImage">C:\Windows\System32\smss.exe</Data>
    <Data Name="ParentCommandLine">\SystemRoot\System32\smss.exe</Data>
    <Data Name="ParentUser">NT AUTHORITY\SYSTEM</Data>
  </EventData>
</Event>
Record 84
<?xml version="1.0" encoding="utf-8"?>
<Event xmlns="http://schemas.microsoft.com/win/2004/08/events/event">
  <System>
    <Provider Name="Microsoft-Windows-Sysmon" Guid="5770385F-C22A-43E0-BF4C-06F5698FFBD9">
    </Provider>
    <EventID>1</EventID>
    <Version>5</Version>
    <Level>4</Level>
    <Task>1</Task>
    <Opcode>0</Opcode>
    <Keywords>0x8000000000000000</Keywords>
    <TimeCreated SystemTime="2026-06-05T04:36:17.183661Z">
    </TimeCreated>
    <EventRecordID>84</EventRecordID>
    <Correlation>
    </Correlation>
    <Execution ProcessID="3064" ThreadID="5012">
    </Execution>
    <Channel>Microsoft-Windows-Sysmon/Operational</Channel>
    <Computer>DESKTOP-LGT6HFQ</Computer>
    <Security UserID="S-1-5-18">
    </Security>
  </System>
  <EventData>
    <Data Name="RuleName">-</Data>
    <Data Name="UtcTime">2026-06-05 04:36:10.389</Data>
    <Data Name="ProcessGuid">AA26E6DE-523A-6A22-0600-000000001100</Data>
    <Data Name="ProcessId">428</Data>
    <Data Name="Image">C:\Windows\System32\csrss.exe</Data>
    <Data Name="FileVersion">10.0.19041.3636 (WinBuild.160101.0800)</Data>
    <Data Name="Description">Client Server Runtime Process</Data>
    <Data Name="Product">Microsoft® Windows® Operating System</Data>
    <Data Name="Company">Microsoft Corporation</Data>
    <Data Name="OriginalFileName">CSRSS.Exe</Data>
    <Data Name="CommandLine">%%SystemRoot%%\system32\csrss.exe ObjectDirectory=\Windows SharedSection=1024,20480,768 Windows=On SubSystemType=Windows ServerDll=basesrv,1 ServerDll=winsrv:UserServerDllInitialization,3 ServerDll=sxssrv,4 ProfileControl=Off MaxRequestThreads=16</Data>
    <Data Name="CurrentDirectory">C:\Windows\system32\</Data>
    <Data Name="User">NT AUTHORITY\SYSTEM</Data>
    <Data Name="LogonGuid">AA26E6DE-523A-6A22-E703-000000000000</Data>
    <Data Name="LogonId">0x3e7</Data>
    <Data Name="TerminalSessionId">0</Data>
    <Data Name="IntegrityLevel">System</Data>
    <Data Name="Hashes">MD5=ECFD9B55800AEBB164A07D9A402DC9DD,SHA256=9E63D657B41E13B75AEBB261E7F93C0655D52EE82811B37E7470F4119E5B6054,IMPHASH=A96FA9912E09E361274AD77F1A4B252C</Data>
    <Data Name="ParentProcessGuid">AA26E6DE-523A-6A22-0500-000000001100</Data>
    <Data Name="ParentProcessId">416</Data>
    <Data Name="ParentImage">C:\Windows\System32\smss.exe</Data>
    <Data Name="ParentCommandLine">\SystemRoot\System32\smss.exe 00000084 00000088 </Data>
    <Data Name="ParentUser">NT AUTHORITY\SYSTEM</Data>
  </EventData>
</Event>
Record 85
<?xml version="1.0" encoding="utf-8"?>
<Event xmlns="http://schemas.microsoft.com/win/2004/08/events/event">
  <System>
    <Provider Name="Microsoft-Windows-Sysmon" Guid="5770385F-C22A-43E0-BF4C-06F5698FFBD9">
    </Provider>
    <EventID>1</EventID>
    <Version>5</Version>
    <Level>4</Level>
    <Task>1</Task>
    <Opcode>0</Opcode>
    <Keywords>0x8000000000000000</Keywords>
    <TimeCreated SystemTime="2026-06-05T04:36:17.194715Z">
    </TimeCreated>
    <EventRecordID>85</EventRecordID>
    <Correlation>
    </Correlation>
    <Execution ProcessID="3064" ThreadID="5012">
    </Execution>
    <Channel>Microsoft-Windows-Sysmon/Operational</Channel>
    <Computer>DESKTOP-LGT6HFQ</Computer>
    <Security UserID="S-1-5-18">
    </Security>
  </System>
  <EventData>
    <Data Name="RuleName">-</Data>
    <Data Name="UtcTime">2026-06-05 04:36:10.636</Data>
    <Data Name="ProcessGuid">AA26E6DE-523A-6A22-0700-000000001100</Data>
    <Data Name="ProcessId">500</Data>
    <Data Name="Image">C:\Windows\System32\smss.exe</Data>
    <Data Name="FileVersion">10.0.19041.5794 (WinBuild.160101.0800)</Data>
    <Data Name="Description">Windows Session Manager</Data>
    <Data Name="Product">Microsoft® Windows® Operating System</Data>
    <Data Name="Company">Microsoft Corporation</Data>
    <Data Name="OriginalFileName">smss.exe</Data>
    <Data Name="CommandLine">\SystemRoot\System32\smss.exe 000000e0 00000088 </Data>
    <Data Name="CurrentDirectory">C:\Windows\</Data>
    <Data Name="User">NT AUTHORITY\SYSTEM</Data>
    <Data Name="LogonGuid">AA26E6DE-523A-6A22-E703-000000000000</Data>
    <Data Name="LogonId">0x3e7</Data>
    <Data Name="TerminalSessionId">1</Data>
    <Data Name="IntegrityLevel">System</Data>
    <Data Name="Hashes">MD5=090F2262AC94479C8BF7EA2205937481,SHA256=7FD480E87A53902476A8803A7932156601B349B7F9A5618E7739AEB340666A6D,IMPHASH=95A378AF22B714F575D8F211C9E0281E</Data>
    <Data Name="ParentProcessGuid">AA26E6DE-5238-6A22-0300-000000001100</Data>
    <Data Name="ParentProcessId">320</Data>
    <Data Name="ParentImage">C:\Windows\System32\smss.exe</Data>
    <Data Name="ParentCommandLine">\SystemRoot\System32\smss.exe</Data>
    <Data Name="ParentUser">NT AUTHORITY\SYSTEM</Data>
  </EventData>
</Event>
Record 86
<?xml version="1.0" encoding="utf-8"?>
<Event xmlns="http://schemas.microsoft.com/win/2004/08/events/event">
  <System>
    <Provider Name="Microsoft-Windows-Sysmon" Guid="5770385F-C22A-43E0-BF4C-06F5698FFBD9">
    </Provider>
    <EventID>1</EventID>
    <Version>5</Version>
    <Level>4</Level>
    <Task>1</Task>
    <Opcode>0</Opcode>
    <Keywords>0x8000000000000000</Keywords>
    <TimeCreated SystemTime="2026-06-05T04:36:17.195202Z">
    </TimeCreated>
    <EventRecordID>86</EventRecordID>
    <Correlation>
    </Correlation>
    <Execution ProcessID="3064" ThreadID="5012">
    </Execution>
    <Channel>Microsoft-Windows-Sysmon/Operational</Channel>
    <Computer>DESKTOP-LGT6HFQ</Computer>
    <Security UserID="S-1-5-18">
    </Security>
  </System>
  <EventData>
    <Data Name="RuleName">-</Data>
    <Data Name="UtcTime">2026-06-05 04:36:10.648</Data>
    <Data Name="ProcessGuid">AA26E6DE-523A-6A22-0900-000000001100</Data>
    <Data Name="ProcessId">516</Data>
    <Data Name="Image">C:\Windows\System32\csrss.exe</Data>
    <Data Name="FileVersion">10.0.19041.3636 (WinBuild.160101.0800)</Data>
    <Data Name="Description">Client Server Runtime Process</Data>
    <Data Name="Product">Microsoft® Windows® Operating System</Data>
    <Data Name="Company">Microsoft Corporation</Data>
    <Data Name="OriginalFileName">CSRSS.Exe</Data>
    <Data Name="CommandLine">%%SystemRoot%%\system32\csrss.exe ObjectDirectory=\Windows SharedSection=1024,20480,768 Windows=On SubSystemType=Windows ServerDll=basesrv,1 ServerDll=winsrv:UserServerDllInitialization,3 ServerDll=sxssrv,4 ProfileControl=Off MaxRequestThreads=16</Data>
    <Data Name="CurrentDirectory">C:\Windows\system32\</Data>
    <Data Name="User">NT AUTHORITY\SYSTEM</Data>
    <Data Name="LogonGuid">AA26E6DE-523A-6A22-E703-000000000000</Data>
    <Data Name="LogonId">0x3e7</Data>
    <Data Name="TerminalSessionId">1</Data>
    <Data Name="IntegrityLevel">System</Data>
    <Data Name="Hashes">MD5=ECFD9B55800AEBB164A07D9A402DC9DD,SHA256=9E63D657B41E13B75AEBB261E7F93C0655D52EE82811B37E7470F4119E5B6054,IMPHASH=A96FA9912E09E361274AD77F1A4B252C</Data>
    <Data Name="ParentProcessGuid">AA26E6DE-523A-6A22-0700-000000001100</Data>
    <Data Name="ParentProcessId">500</Data>
    <Data Name="ParentImage">C:\Windows\System32\smss.exe</Data>
    <Data Name="ParentCommandLine">\SystemRoot\System32\smss.exe 000000e0 00000088 </Data>
    <Data Name="ParentUser">NT AUTHORITY\SYSTEM</Data>
  </EventData>
</Event>
Record 87
<?xml version="1.0" encoding="utf-8"?>
<Event xmlns="http://schemas.microsoft.com/win/2004/08/events/event">
  <System>
    <Provider Name="Microsoft-Windows-Sysmon" Guid="5770385F-C22A-43E0-BF4C-06F5698FFBD9">
    </Provider>
    <EventID>1</EventID>
    <Version>5</Version>
    <Level>4</Level>
    <Task>1</Task>
    <Opcode>0</Opcode>
    <Keywords>0x8000000000000000</Keywords>
    <TimeCreated SystemTime="2026-06-05T04:36:17.195462Z">
    </TimeCreated>
    <EventRecordID>87</EventRecordID>
    <Correlation>
    </Correlation>
    <Execution ProcessID="3064" ThreadID="5012">
    </Execution>
    <Channel>Microsoft-Windows-Sysmon/Operational</Channel>
    <Computer>DESKTOP-LGT6HFQ</Computer>
    <Security UserID="S-1-5-18">
    </Security>
  </System>
  <EventData>
    <Data Name="RuleName">-</Data>
    <Data Name="UtcTime">2026-06-05 04:36:10.640</Data>
    <Data Name="ProcessGuid">AA26E6DE-523A-6A22-0800-000000001100</Data>
    <Data Name="ProcessId">508</Data>
    <Data Name="Image">C:\Windows\System32\wininit.exe</Data>
    <Data Name="FileVersion">10.0.19041.6280 (WinBuild.160101.0800)</Data>
    <Data Name="Description">Windows Start-Up Application</Data>
    <Data Name="Product">Microsoft® Windows® Operating System</Data>
    <Data Name="Company">Microsoft Corporation</Data>
    <Data Name="OriginalFileName">WinInit.exe</Data>
    <Data Name="CommandLine">wininit.exe</Data>
    <Data Name="CurrentDirectory">C:\Windows\system32\</Data>
    <Data Name="User">NT AUTHORITY\SYSTEM</Data>
    <Data Name="LogonGuid">AA26E6DE-523A-6A22-E703-000000000000</Data>
    <Data Name="LogonId">0x3e7</Data>
    <Data Name="TerminalSessionId">0</Data>
    <Data Name="IntegrityLevel">System</Data>
    <Data Name="Hashes">MD5=0774F3CE67B739AA9511254686259324,SHA256=BA26910BE549B8700C08FBE2F160952288864470A30DD35C3C6B7782F7DBF857,IMPHASH=57C9C46FD0F232DAA80EBECFD7758FB6</Data>
    <Data Name="ParentProcessGuid">AA26E6DE-523A-6A22-0500-000000001100</Data>
    <Data Name="ParentProcessId">416</Data>
    <Data Name="ParentImage">C:\Windows\System32\smss.exe</Data>
    <Data Name="ParentCommandLine">\SystemRoot\System32\smss.exe 00000084 00000088 </Data>
    <Data Name="ParentUser">NT AUTHORITY\SYSTEM</Data>
  </EventData>
</Event>
Record 88
<?xml version="1.0" encoding="utf-8"?>
<Event xmlns="http://schemas.microsoft.com/win/2004/08/events/event">
  <System>
    <Provider Name="Microsoft-Windows-Sysmon" Guid="5770385F-C22A-43E0-BF4C-06F5698FFBD9">
    </Provider>
    <EventID>1</EventID>
    <Version>5</Version>
    <Level>4</Level>
    <Task>1</Task>
    <Opcode>0</Opcode>
    <Keywords>0x8000000000000000</Keywords>
    <TimeCreated SystemTime="2026-06-05T04:36:17.197783Z">
    </TimeCreated>
    <EventRecordID>88</EventRecordID>
    <Correlation>
    </Correlation>
    <Execution ProcessID="3064" ThreadID="5012">
    </Execution>
    <Channel>Microsoft-Windows-Sysmon/Operational</Channel>
    <Computer>DESKTOP-LGT6HFQ</Computer>
    <Security UserID="S-1-5-18">
    </Security>
  </System>
  <EventData>
    <Data Name="RuleName">-</Data>
    <Data Name="UtcTime">2026-06-05 04:36:10.795</Data>
    <Data Name="ProcessGuid">AA26E6DE-523A-6A22-0A00-000000001100</Data>
    <Data Name="ProcessId">608</Data>
    <Data Name="Image">C:\Windows\System32\winlogon.exe</Data>
    <Data Name="FileVersion">10.0.19041.6280 (WinBuild.160101.0800)</Data>
    <Data Name="Description">Windows Logon Application</Data>
    <Data Name="Product">Microsoft® Windows® Operating System</Data>
    <Data Name="Company">Microsoft Corporation</Data>
    <Data Name="OriginalFileName">WINLOGON.EXE</Data>
    <Data Name="CommandLine">winlogon.exe</Data>
    <Data Name="CurrentDirectory">C:\Windows\system32\</Data>
    <Data Name="User">NT AUTHORITY\SYSTEM</Data>
    <Data Name="LogonGuid">AA26E6DE-523A-6A22-E703-000000000000</Data>
    <Data Name="LogonId">0x3e7</Data>
    <Data Name="TerminalSessionId">1</Data>
    <Data Name="IntegrityLevel">System</Data>
    <Data Name="Hashes">MD5=969130F8C1E0648A40C4AD95AD9103DF,SHA256=888AC24EEAEA44FCF0AA54CAB7DF82C1DDD3A5CEE500715763E5CA01E0B049FF,IMPHASH=A6FD3D17EDE49C75B2947C6DF7635AFF</Data>
    <Data Name="ParentProcessGuid">AA26E6DE-523A-6A22-0700-000000001100</Data>
    <Data Name="ParentProcessId">500</Data>
    <Data Name="ParentImage">C:\Windows\System32\smss.exe</Data>
    <Data Name="ParentCommandLine">\SystemRoot\System32\smss.exe 000000e0 00000088 </Data>
    <Data Name="ParentUser">NT AUTHORITY\SYSTEM</Data>
  </EventData>
</Event>
Record 89
<?xml version="1.0" encoding="utf-8"?>
<Event xmlns="http://schemas.microsoft.com/win/2004/08/events/event">
  <System>
    <Provider Name="Microsoft-Windows-Sysmon" Guid="5770385F-C22A-43E0-BF4C-06F5698FFBD9">
    </Provider>
    <EventID>1</EventID>
    <Version>5</Version>
    <Level>4</Level>
    <Task>1</Task>
    <Opcode>0</Opcode>
    <Keywords>0x8000000000000000</Keywords>
    <TimeCreated SystemTime="2026-06-05T04:36:17.198274Z">
    </TimeCreated>
    <EventRecordID>89</EventRecordID>
    <Correlation>
    </Correlation>
    <Execution ProcessID="3064" ThreadID="5012">
    </Execution>
    <Channel>Microsoft-Windows-Sysmon/Operational</Channel>
    <Computer>DESKTOP-LGT6HFQ</Computer>
    <Security UserID="S-1-5-18">
    </Security>
  </System>
  <EventData>
    <Data Name="RuleName">-</Data>
    <Data Name="UtcTime">2026-06-05 04:36:10.831</Data>
    <Data Name="ProcessGuid">AA26E6DE-523A-6A22-0B00-000000001100</Data>
    <Data Name="ProcessId">648</Data>
    <Data Name="Image">C:\Windows\System32\services.exe</Data>
    <Data Name="FileVersion">10.0.19041.5794 (WinBuild.160101.0800)</Data>
    <Data Name="Description">Services and Controller app</Data>
    <Data Name="Product">Microsoft® Windows® Operating System</Data>
    <Data Name="Company">Microsoft Corporation</Data>
    <Data Name="OriginalFileName">services.exe</Data>
    <Data Name="CommandLine">C:\Windows\system32\services.exe</Data>
    <Data Name="CurrentDirectory">C:\Windows\system32\</Data>
    <Data Name="User">NT AUTHORITY\SYSTEM</Data>
    <Data Name="LogonGuid">AA26E6DE-523A-6A22-E703-000000000000</Data>
    <Data Name="LogonId">0x3e7</Data>
    <Data Name="TerminalSessionId">0</Data>
    <Data Name="IntegrityLevel">System</Data>
    <Data Name="Hashes">MD5=852EE5587D6CB0B8B17E981FE84A31D4,SHA256=4A912DC98C977788131AAD0AE468D86792211ED225F80B2C344A3690B4437428,IMPHASH=D1098E3A37F227B6FF6BD36C1801EDFA</Data>
    <Data Name="ParentProcessGuid">AA26E6DE-523A-6A22-0800-000000001100</Data>
    <Data Name="ParentProcessId">508</Data>
    <Data Name="ParentImage">C:\Windows\System32\wininit.exe</Data>
    <Data Name="ParentCommandLine">wininit.exe</Data>
    <Data Name="ParentUser">NT AUTHORITY\SYSTEM</Data>
  </EventData>
</Event>
Record 90
<?xml version="1.0" encoding="utf-8"?>
<Event xmlns="http://schemas.microsoft.com/win/2004/08/events/event">
  <System>
    <Provider Name="Microsoft-Windows-Sysmon" Guid="5770385F-C22A-43E0-BF4C-06F5698FFBD9">
    </Provider>
    <EventID>1</EventID>
    <Version>5</Version>
    <Level>4</Level>
    <Task>1</Task>
    <Opcode>0</Opcode>
    <Keywords>0x8000000000000000</Keywords>
    <TimeCreated SystemTime="2026-06-05T04:36:17.198797Z">
    </TimeCreated>
    <EventRecordID>90</EventRecordID>
    <Correlation>
    </Correlation>
    <Execution ProcessID="3064" ThreadID="5012">
    </Execution>
    <Channel>Microsoft-Windows-Sysmon/Operational</Channel>
    <Computer>DESKTOP-LGT6HFQ</Computer>
    <Security UserID="S-1-5-18">
    </Security>
  </System>
  <EventData>
    <Data Name="RuleName">-</Data>
    <Data Name="UtcTime">2026-06-05 04:36:10.889</Data>
    <Data Name="ProcessGuid">AA26E6DE-523A-6A22-0C00-000000001100</Data>
    <Data Name="ProcessId">676</Data>
    <Data Name="Image">C:\Windows\System32\lsass.exe</Data>
    <Data Name="FileVersion">10.0.19041.6328 (WinBuild.160101.0800)</Data>
    <Data Name="Description">Local Security Authority Process</Data>
    <Data Name="Product">Microsoft® Windows® Operating System</Data>
    <Data Name="Company">Microsoft Corporation</Data>
    <Data Name="OriginalFileName">lsass.exe</Data>
    <Data Name="CommandLine">C:\Windows\system32\lsass.exe</Data>
    <Data Name="CurrentDirectory">C:\Windows\system32\</Data>
    <Data Name="User">NT AUTHORITY\SYSTEM</Data>
    <Data Name="LogonGuid">AA26E6DE-523A-6A22-E703-000000000000</Data>
    <Data Name="LogonId">0x3e7</Data>
    <Data Name="TerminalSessionId">0</Data>
    <Data Name="IntegrityLevel">System</Data>
    <Data Name="Hashes">MD5=AB99FC696EABB46C10E79E3A17D0FDE9,SHA256=055A1226A769948A79ED0972BDEE2D91937C4B521E0B9046F9B8CCC63D110115,IMPHASH=3924D1606F44D90586A3EC75785C2730</Data>
    <Data Name="ParentProcessGuid">AA26E6DE-523A-6A22-0800-000000001100</Data>
    <Data Name="ParentProcessId">508</Data>
    <Data Name="ParentImage">C:\Windows\System32\wininit.exe</Data>
    <Data Name="ParentCommandLine">wininit.exe</Data>
    <Data Name="ParentUser">NT AUTHORITY\SYSTEM</Data>
  </EventData>
</Event>
Record 91
<?xml version="1.0" encoding="utf-8"?>
<Event xmlns="http://schemas.microsoft.com/win/2004/08/events/event">
  <System>
    <Provider Name="Microsoft-Windows-Sysmon" Guid="5770385F-C22A-43E0-BF4C-06F5698FFBD9">
    </Provider>
    <EventID>13</EventID>
    <Version>2</Version>
    <Level>4</Level>
    <Task>13</Task>
    <Opcode>0</Opcode>
    <Keywords>0x8000000000000000</Keywords>
    <TimeCreated SystemTime="2026-06-05T04:36:17.199174Z">
    </TimeCreated>
    <EventRecordID>91</EventRecordID>
    <Correlation>
    </Correlation>
    <Execution ProcessID="3064" ThreadID="5012">
    </Execution>
    <Channel>Microsoft-Windows-Sysmon/Operational</Channel>
    <Computer>DESKTOP-LGT6HFQ</Computer>
    <Security UserID="S-1-5-18">
    </Security>
  </System>
  <EventData>
    <Data Name="RuleName">T1101</Data>
    <Data Name="EventType">SetValue</Data>
    <Data Name="UtcTime">2026-06-05 04:36:11.149</Data>
    <Data Name="ProcessGuid">AA26E6DE-523A-6A22-0C00-000000001100</Data>
    <Data Name="ProcessId">676</Data>
    <Data Name="Image">C:\Windows\system32\lsass.exe</Data>
    <Data Name="TargetObject">HKLM\System\CurrentControlSet\Control\Lsa\ProductType</Data>
    <Data Name="Details">DWORD (0x00000003)</Data>
    <Data Name="User">NT AUTHORITY\SYSTEM</Data>
  </EventData>
</Event>
Record 92
<?xml version="1.0" encoding="utf-8"?>
<Event xmlns="http://schemas.microsoft.com/win/2004/08/events/event">
  <System>
    <Provider Name="Microsoft-Windows-Sysmon" Guid="5770385F-C22A-43E0-BF4C-06F5698FFBD9">
    </Provider>
    <EventID>1</EventID>
    <Version>5</Version>
    <Level>4</Level>
    <Task>1</Task>
    <Opcode>0</Opcode>
    <Keywords>0x8000000000000000</Keywords>
    <TimeCreated SystemTime="2026-06-05T04:36:17.199642Z">
    </TimeCreated>
    <EventRecordID>92</EventRecordID>
    <Correlation>
    </Correlation>
    <Execution ProcessID="3064" ThreadID="5012">
    </Execution>
    <Channel>Microsoft-Windows-Sysmon/Operational</Channel>
    <Computer>DESKTOP-LGT6HFQ</Computer>
    <Security UserID="S-1-5-18">
    </Security>
  </System>
  <EventData>
    <Data Name="RuleName">-</Data>
    <Data Name="UtcTime">2026-06-05 04:36:11.204</Data>
    <Data Name="ProcessGuid">AA26E6DE-523B-6A22-0D00-000000001100</Data>
    <Data Name="ProcessId">772</Data>
    <Data Name="Image">C:\Windows\System32\svchost.exe</Data>
    <Data Name="FileVersion">10.0.19041.5794 (WinBuild.160101.0800)</Data>
    <Data Name="Description">Host Process for Windows Services</Data>
    <Data Name="Product">Microsoft® Windows® Operating System</Data>
    <Data Name="Company">Microsoft Corporation</Data>
    <Data Name="OriginalFileName">svchost.exe</Data>
    <Data Name="CommandLine">C:\Windows\system32\svchost.exe -k DcomLaunch -p</Data>
    <Data Name="CurrentDirectory">C:\Windows\system32\</Data>
    <Data Name="User">NT AUTHORITY\SYSTEM</Data>
    <Data Name="LogonGuid">AA26E6DE-523A-6A22-E703-000000000000</Data>
    <Data Name="LogonId">0x3e7</Data>
    <Data Name="TerminalSessionId">0</Data>
    <Data Name="IntegrityLevel">System</Data>
    <Data Name="Hashes">MD5=3D1034D6ED3DAED60816A25C561E8C83,SHA256=B0B36BFF7AE4057F687D839CD4B3D81159AB646F1EE1B22106A927E93DECBB61,IMPHASH=F9BBD96FAE53B7A31264A703CAFA0666</Data>
    <Data Name="ParentProcessGuid">AA26E6DE-523A-6A22-0B00-000000001100</Data>
    <Data Name="ParentProcessId">648</Data>
    <Data Name="ParentImage">C:\Windows\System32\services.exe</Data>
    <Data Name="ParentCommandLine">C:\Windows\system32\services.exe</Data>
    <Data Name="ParentUser">NT AUTHORITY\SYSTEM</Data>
  </EventData>
</Event>
Record 93
<?xml version="1.0" encoding="utf-8"?>
<Event xmlns="http://schemas.microsoft.com/win/2004/08/events/event">
  <System>
    <Provider Name="Microsoft-Windows-Sysmon" Guid="5770385F-C22A-43E0-BF4C-06F5698FFBD9">
    </Provider>
    <EventID>1</EventID>
    <Version>5</Version>
    <Level>4</Level>
    <Task>1</Task>
    <Opcode>0</Opcode>
    <Keywords>0x8000000000000000</Keywords>
    <TimeCreated SystemTime="2026-06-05T04:36:17.201360Z">
    </TimeCreated>
    <EventRecordID>93</EventRecordID>
    <Correlation>
    </Correlation>
    <Execution ProcessID="3064" ThreadID="5012">
    </Execution>
    <Channel>Microsoft-Windows-Sysmon/Operational</Channel>
    <Computer>DESKTOP-LGT6HFQ</Computer>
    <Security UserID="S-1-5-18">
    </Security>
  </System>
  <EventData>
    <Data Name="RuleName">-</Data>
    <Data Name="UtcTime">2026-06-05 04:36:11.398</Data>
    <Data Name="ProcessGuid">AA26E6DE-523B-6A22-1000-000000001100</Data>
    <Data Name="ProcessId">896</Data>
    <Data Name="Image">C:\Windows\System32\svchost.exe</Data>
    <Data Name="FileVersion">10.0.19041.5794 (WinBuild.160101.0800)</Data>
    <Data Name="Description">Host Process for Windows Services</Data>
    <Data Name="Product">Microsoft® Windows® Operating System</Data>
    <Data Name="Company">Microsoft Corporation</Data>
    <Data Name="OriginalFileName">svchost.exe</Data>
    <Data Name="CommandLine">C:\Windows\system32\svchost.exe -k RPCSS -p</Data>
    <Data Name="CurrentDirectory">C:\Windows\system32\</Data>
    <Data Name="User">NT AUTHORITY\NETWORK SERVICE</Data>
    <Data Name="LogonGuid">AA26E6DE-523B-6A22-E403-000000000000</Data>
    <Data Name="LogonId">0x3e4</Data>
    <Data Name="TerminalSessionId">0</Data>
    <Data Name="IntegrityLevel">System</Data>
    <Data Name="Hashes">MD5=3D1034D6ED3DAED60816A25C561E8C83,SHA256=B0B36BFF7AE4057F687D839CD4B3D81159AB646F1EE1B22106A927E93DECBB61,IMPHASH=F9BBD96FAE53B7A31264A703CAFA0666</Data>
    <Data Name="ParentProcessGuid">AA26E6DE-523A-6A22-0B00-000000001100</Data>
    <Data Name="ParentProcessId">648</Data>
    <Data Name="ParentImage">C:\Windows\System32\services.exe</Data>
    <Data Name="ParentCommandLine">C:\Windows\system32\services.exe</Data>
    <Data Name="ParentUser">NT AUTHORITY\SYSTEM</Data>
  </EventData>
</Event>
Record 94
<?xml version="1.0" encoding="utf-8"?>
<Event xmlns="http://schemas.microsoft.com/win/2004/08/events/event">
  <System>
    <Provider Name="Microsoft-Windows-Sysmon" Guid="5770385F-C22A-43E0-BF4C-06F5698FFBD9">
    </Provider>
    <EventID>1</EventID>
    <Version>5</Version>
    <Level>4</Level>
    <Task>1</Task>
    <Opcode>0</Opcode>
    <Keywords>0x8000000000000000</Keywords>
    <TimeCreated SystemTime="2026-06-05T04:36:17.201886Z">
    </TimeCreated>
    <EventRecordID>94</EventRecordID>
    <Correlation>
    </Correlation>
    <Execution ProcessID="3064" ThreadID="5012">
    </Execution>
    <Channel>Microsoft-Windows-Sysmon/Operational</Channel>
    <Computer>DESKTOP-LGT6HFQ</Computer>
    <Security UserID="S-1-5-18">
    </Security>
  </System>
  <EventData>
    <Data Name="RuleName">-</Data>
    <Data Name="UtcTime">2026-06-05 04:36:11.458</Data>
    <Data Name="ProcessGuid">AA26E6DE-523B-6A22-1100-000000001100</Data>
    <Data Name="ProcessId">944</Data>
    <Data Name="Image">C:\Windows\System32\svchost.exe</Data>
    <Data Name="FileVersion">10.0.19041.5794 (WinBuild.160101.0800)</Data>
    <Data Name="Description">Host Process for Windows Services</Data>
    <Data Name="Product">Microsoft® Windows® Operating System</Data>
    <Data Name="Company">Microsoft Corporation</Data>
    <Data Name="OriginalFileName">svchost.exe</Data>
    <Data Name="CommandLine">C:\Windows\system32\svchost.exe -k DcomLaunch -p -s LSM</Data>
    <Data Name="CurrentDirectory">C:\Windows\system32\</Data>
    <Data Name="User">NT AUTHORITY\SYSTEM</Data>
    <Data Name="LogonGuid">AA26E6DE-523A-6A22-E703-000000000000</Data>
    <Data Name="LogonId">0x3e7</Data>
    <Data Name="TerminalSessionId">0</Data>
    <Data Name="IntegrityLevel">System</Data>
    <Data Name="Hashes">MD5=3D1034D6ED3DAED60816A25C561E8C83,SHA256=B0B36BFF7AE4057F687D839CD4B3D81159AB646F1EE1B22106A927E93DECBB61,IMPHASH=F9BBD96FAE53B7A31264A703CAFA0666</Data>
    <Data Name="ParentProcessGuid">AA26E6DE-523A-6A22-0B00-000000001100</Data>
    <Data Name="ParentProcessId">648</Data>
    <Data Name="ParentImage">C:\Windows\System32\services.exe</Data>
    <Data Name="ParentCommandLine">C:\Windows\system32\services.exe</Data>
    <Data Name="ParentUser">NT AUTHORITY\SYSTEM</Data>
  </EventData>
</Event>
Record 95
<?xml version="1.0" encoding="utf-8"?>
<Event xmlns="http://schemas.microsoft.com/win/2004/08/events/event">
  <System>
    <Provider Name="Microsoft-Windows-Sysmon" Guid="5770385F-C22A-43E0-BF4C-06F5698FFBD9">
    </Provider>
    <EventID>1</EventID>
    <Version>5</Version>
    <Level>4</Level>
    <Task>1</Task>
    <Opcode>0</Opcode>
    <Keywords>0x8000000000000000</Keywords>
    <TimeCreated SystemTime="2026-06-05T04:36:17.204319Z">
    </TimeCreated>
    <EventRecordID>95</EventRecordID>
    <Correlation>
    </Correlation>
    <Execution ProcessID="3064" ThreadID="5012">
    </Execution>
    <Channel>Microsoft-Windows-Sysmon/Operational</Channel>
    <Computer>DESKTOP-LGT6HFQ</Computer>
    <Security UserID="S-1-5-18">
    </Security>
  </System>
  <EventData>
    <Data Name="RuleName">-</Data>
    <Data Name="UtcTime">2026-06-05 04:36:11.663</Data>
    <Data Name="ProcessGuid">AA26E6DE-523B-6A22-1200-000000001100</Data>
    <Data Name="ProcessId">352</Data>
    <Data Name="Image">C:\Windows\System32\svchost.exe</Data>
    <Data Name="FileVersion">10.0.19041.5794 (WinBuild.160101.0800)</Data>
    <Data Name="Description">Host Process for Windows Services</Data>
    <Data Name="Product">Microsoft® Windows® Operating System</Data>
    <Data Name="Company">Microsoft Corporation</Data>
    <Data Name="OriginalFileName">svchost.exe</Data>
    <Data Name="CommandLine">C:\Windows\System32\svchost.exe -k LocalServiceNetworkRestricted -p -s lmhosts</Data>
    <Data Name="CurrentDirectory">C:\Windows\system32\</Data>
    <Data Name="User">NT AUTHORITY\LOCAL SERVICE</Data>
    <Data Name="LogonGuid">AA26E6DE-523B-6A22-E503-000000000000</Data>
    <Data Name="LogonId">0x3e5</Data>
    <Data Name="TerminalSessionId">0</Data>
    <Data Name="IntegrityLevel">System</Data>
    <Data Name="Hashes">MD5=3D1034D6ED3DAED60816A25C561E8C83,SHA256=B0B36BFF7AE4057F687D839CD4B3D81159AB646F1EE1B22106A927E93DECBB61,IMPHASH=F9BBD96FAE53B7A31264A703CAFA0666</Data>
    <Data Name="ParentProcessGuid">AA26E6DE-523A-6A22-0B00-000000001100</Data>
    <Data Name="ParentProcessId">648</Data>
    <Data Name="ParentImage">C:\Windows\System32\services.exe</Data>
    <Data Name="ParentCommandLine">C:\Windows\system32\services.exe</Data>
    <Data Name="ParentUser">NT AUTHORITY\SYSTEM</Data>
  </EventData>
</Event>
Record 96
<?xml version="1.0" encoding="utf-8"?>
<Event xmlns="http://schemas.microsoft.com/win/2004/08/events/event">
  <System>
    <Provider Name="Microsoft-Windows-Sysmon" Guid="5770385F-C22A-43E0-BF4C-06F5698FFBD9">
    </Provider>
    <EventID>1</EventID>
    <Version>5</Version>
    <Level>4</Level>
    <Task>1</Task>
    <Opcode>0</Opcode>
    <Keywords>0x8000000000000000</Keywords>
    <TimeCreated SystemTime="2026-06-05T04:36:17.205204Z">
    </TimeCreated>
    <EventRecordID>96</EventRecordID>
    <Correlation>
    </Correlation>
    <Execution ProcessID="3064" ThreadID="5012">
    </Execution>
    <Channel>Microsoft-Windows-Sysmon/Operational</Channel>
    <Computer>DESKTOP-LGT6HFQ</Computer>
    <Security UserID="S-1-5-18">
    </Security>
  </System>
  <EventData>
    <Data Name="RuleName">-</Data>
    <Data Name="UtcTime">2026-06-05 04:36:11.700</Data>
    <Data Name="ProcessGuid">AA26E6DE-523B-6A22-1400-000000001100</Data>
    <Data Name="ProcessId">360</Data>
    <Data Name="Image">C:\Windows\System32\svchost.exe</Data>
    <Data Name="FileVersion">10.0.19041.5794 (WinBuild.160101.0800)</Data>
    <Data Name="Description">Host Process for Windows Services</Data>
    <Data Name="Product">Microsoft® Windows® Operating System</Data>
    <Data Name="Company">Microsoft Corporation</Data>
    <Data Name="OriginalFileName">svchost.exe</Data>
    <Data Name="CommandLine">C:\Windows\system32\svchost.exe -k LocalServiceNetworkRestricted -p -s TimeBrokerSvc</Data>
    <Data Name="CurrentDirectory">C:\Windows\system32\</Data>
    <Data Name="User">NT AUTHORITY\LOCAL SERVICE</Data>
    <Data Name="LogonGuid">AA26E6DE-523B-6A22-E503-000000000000</Data>
    <Data Name="LogonId">0x3e5</Data>
    <Data Name="TerminalSessionId">0</Data>
    <Data Name="IntegrityLevel">System</Data>
    <Data Name="Hashes">MD5=3D1034D6ED3DAED60816A25C561E8C83,SHA256=B0B36BFF7AE4057F687D839CD4B3D81159AB646F1EE1B22106A927E93DECBB61,IMPHASH=F9BBD96FAE53B7A31264A703CAFA0666</Data>
    <Data Name="ParentProcessGuid">AA26E6DE-523A-6A22-0B00-000000001100</Data>
    <Data Name="ParentProcessId">648</Data>
    <Data Name="ParentImage">C:\Windows\System32\services.exe</Data>
    <Data Name="ParentCommandLine">C:\Windows\system32\services.exe</Data>
    <Data Name="ParentUser">NT AUTHORITY\SYSTEM</Data>
  </EventData>
</Event>
Record 97
<?xml version="1.0" encoding="utf-8"?>
<Event xmlns="http://schemas.microsoft.com/win/2004/08/events/event">
  <System>
    <Provider Name="Microsoft-Windows-Sysmon" Guid="5770385F-C22A-43E0-BF4C-06F5698FFBD9">
    </Provider>
    <EventID>1</EventID>
    <Version>5</Version>
    <Level>4</Level>
    <Task>1</Task>
    <Opcode>0</Opcode>
    <Keywords>0x8000000000000000</Keywords>
    <TimeCreated SystemTime="2026-06-05T04:36:17.235966Z">
    </TimeCreated>
    <EventRecordID>97</EventRecordID>
    <Correlation>
    </Correlation>
    <Execution ProcessID="3064" ThreadID="5012">
    </Execution>
    <Channel>Microsoft-Windows-Sysmon/Operational</Channel>
    <Computer>DESKTOP-LGT6HFQ</Computer>
    <Security UserID="S-1-5-18">
    </Security>
  </System>
  <EventData>
    <Data Name="RuleName">-</Data>
    <Data Name="UtcTime">2026-06-05 04:36:11.718</Data>
    <Data Name="ProcessGuid">AA26E6DE-523B-6A22-1500-000000001100</Data>
    <Data Name="ProcessId">712</Data>
    <Data Name="Image">C:\Windows\System32\dwm.exe</Data>
    <Data Name="FileVersion">10.0.19041.4355 (WinBuild.160101.0800)</Data>
    <Data Name="Description">Desktop Window Manager</Data>
    <Data Name="Product">Microsoft® Windows® Operating System</Data>
    <Data Name="Company">Microsoft Corporation</Data>
    <Data Name="OriginalFileName">dwm.exe</Data>
    <Data Name="CommandLine">&quot;dwm.exe&quot;</Data>
    <Data Name="CurrentDirectory">C:\Windows\system32\</Data>
    <Data Name="User">Window Manager\DWM-1</Data>
    <Data Name="LogonGuid">AA26E6DE-523B-6A22-0141-010000000000</Data>
    <Data Name="LogonId">0x14101</Data>
    <Data Name="TerminalSessionId">1</Data>
    <Data Name="IntegrityLevel">System</Data>
    <Data Name="Hashes">MD5=544E0AE12BFD2609495FB7139B3D2B96,SHA256=DE3D734F5CC52C9B58FEDF1591C7F9AC28899E96D6834F73ECCEF9A156838756,IMPHASH=154ED7B525A399CB7070EB8FD0DFC4DE</Data>
    <Data Name="ParentProcessGuid">AA26E6DE-523A-6A22-0A00-000000001100</Data>
    <Data Name="ParentProcessId">608</Data>
    <Data Name="ParentImage">C:\Windows\System32\winlogon.exe</Data>
    <Data Name="ParentCommandLine">winlogon.exe</Data>
    <Data Name="ParentUser">NT AUTHORITY\SYSTEM</Data>
  </EventData>
</Event>
Record 98
<?xml version="1.0" encoding="utf-8"?>
<Event xmlns="http://schemas.microsoft.com/win/2004/08/events/event">
  <System>
    <Provider Name="Microsoft-Windows-Sysmon" Guid="5770385F-C22A-43E0-BF4C-06F5698FFBD9">
    </Provider>
    <EventID>1</EventID>
    <Version>5</Version>
    <Level>4</Level>
    <Task>1</Task>
    <Opcode>0</Opcode>
    <Keywords>0x8000000000000000</Keywords>
    <TimeCreated SystemTime="2026-06-05T04:36:17.236262Z">
    </TimeCreated>
    <EventRecordID>98</EventRecordID>
    <Correlation>
    </Correlation>
    <Execution ProcessID="3064" ThreadID="5012">
    </Execution>
    <Channel>Microsoft-Windows-Sysmon/Operational</Channel>
    <Computer>DESKTOP-LGT6HFQ</Computer>
    <Security UserID="S-1-5-18">
    </Security>
  </System>
  <EventData>
    <Data Name="RuleName">-</Data>
    <Data Name="UtcTime">2026-06-05 04:36:11.721</Data>
    <Data Name="ProcessGuid">AA26E6DE-523B-6A22-1600-000000001100</Data>
    <Data Name="ProcessId">860</Data>
    <Data Name="Image">C:\Windows\System32\LogonUI.exe</Data>
    <Data Name="FileVersion">10.0.19041.1 (WinBuild.160101.0800)</Data>
    <Data Name="Description">Windows Logon User Interface Host</Data>
    <Data Name="Product">Microsoft® Windows® Operating System</Data>
    <Data Name="Company">Microsoft Corporation</Data>
    <Data Name="OriginalFileName">logonui.exe</Data>
    <Data Name="CommandLine">&quot;LogonUI.exe&quot; /flags:0x2 /state0:0xa3b34855 /state1:0x41c64e6d</Data>
    <Data Name="CurrentDirectory">C:\Windows\system32\</Data>
    <Data Name="User">NT AUTHORITY\SYSTEM</Data>
    <Data Name="LogonGuid">AA26E6DE-523A-6A22-E703-000000000000</Data>
    <Data Name="LogonId">0x3e7</Data>
    <Data Name="TerminalSessionId">1</Data>
    <Data Name="IntegrityLevel">System</Data>
    <Data Name="Hashes">MD5=893144FE49AA16124B5BD3034E79BBC6,SHA256=CF01E46C146699F6C0E3DD447043F59BC9438DBBCB9563AF6C60EBC6D82727F2,IMPHASH=B9B0B64B08B38276711093CA94348D39</Data>
    <Data Name="ParentProcessGuid">AA26E6DE-523A-6A22-0A00-000000001100</Data>
    <Data Name="ParentProcessId">608</Data>
    <Data Name="ParentImage">C:\Windows\System32\winlogon.exe</Data>
    <Data Name="ParentCommandLine">winlogon.exe</Data>
    <Data Name="ParentUser">NT AUTHORITY\SYSTEM</Data>
  </EventData>
</Event>
Record 99
<?xml version="1.0" encoding="utf-8"?>
<Event xmlns="http://schemas.microsoft.com/win/2004/08/events/event">
  <System>
    <Provider Name="Microsoft-Windows-Sysmon" Guid="5770385F-C22A-43E0-BF4C-06F5698FFBD9">
    </Provider>
    <EventID>1</EventID>
    <Version>5</Version>
    <Level>4</Level>
    <Task>1</Task>
    <Opcode>0</Opcode>
    <Keywords>0x8000000000000000</Keywords>
    <TimeCreated SystemTime="2026-06-05T04:36:17.236813Z">
    </TimeCreated>
    <EventRecordID>99</EventRecordID>
    <Correlation>
    </Correlation>
    <Execution ProcessID="3064" ThreadID="5012">
    </Execution>
    <Channel>Microsoft-Windows-Sysmon/Operational</Channel>
    <Computer>DESKTOP-LGT6HFQ</Computer>
    <Security UserID="S-1-5-18">
    </Security>
  </System>
  <EventData>
    <Data Name="RuleName">-</Data>
    <Data Name="UtcTime">2026-06-05 04:36:11.731</Data>
    <Data Name="ProcessGuid">AA26E6DE-523B-6A22-1700-000000001100</Data>
    <Data Name="ProcessId">940</Data>
    <Data Name="Image">C:\Windows\System32\svchost.exe</Data>
    <Data Name="FileVersion">10.0.19041.5794 (WinBuild.160101.0800)</Data>
    <Data Name="Description">Host Process for Windows Services</Data>
    <Data Name="Product">Microsoft® Windows® Operating System</Data>
    <Data Name="Company">Microsoft Corporation</Data>
    <Data Name="OriginalFileName">svchost.exe</Data>
    <Data Name="CommandLine">C:\Windows\system32\svchost.exe -k netsvcs -p -s gpsvc</Data>
    <Data Name="CurrentDirectory">C:\Windows\system32\</Data>
    <Data Name="User">NT AUTHORITY\SYSTEM</Data>
    <Data Name="LogonGuid">AA26E6DE-523A-6A22-E703-000000000000</Data>
    <Data Name="LogonId">0x3e7</Data>
    <Data Name="TerminalSessionId">0</Data>
    <Data Name="IntegrityLevel">System</Data>
    <Data Name="Hashes">MD5=3D1034D6ED3DAED60816A25C561E8C83,SHA256=B0B36BFF7AE4057F687D839CD4B3D81159AB646F1EE1B22106A927E93DECBB61,IMPHASH=F9BBD96FAE53B7A31264A703CAFA0666</Data>
    <Data Name="ParentProcessGuid">AA26E6DE-523A-6A22-0B00-000000001100</Data>
    <Data Name="ParentProcessId">648</Data>
    <Data Name="ParentImage">C:\Windows\System32\services.exe</Data>
    <Data Name="ParentCommandLine">C:\Windows\system32\services.exe</Data>
    <Data Name="ParentUser">NT AUTHORITY\SYSTEM</Data>
  </EventData>
</Event>
Record 100
<?xml version="1.0" encoding="utf-8"?>
<Event xmlns="http://schemas.microsoft.com/win/2004/08/events/event">
  <System>
    <Provider Name="Microsoft-Windows-Sysmon" Guid="5770385F-C22A-43E0-BF4C-06F5698FFBD9">
    </Provider>
    <EventID>1</EventID>
    <Version>5</Version>
    <Level>4</Level>
    <Task>1</Task>
    <Opcode>0</Opcode>
    <Keywords>0x8000000000000000</Keywords>
    <TimeCreated SystemTime="2026-06-05T04:36:17.238470Z">
    </TimeCreated>
    <EventRecordID>100</EventRecordID>
    <Correlation>
    </Correlation>
    <Execution ProcessID="3064" ThreadID="5012">
    </Execution>
    <Channel>Microsoft-Windows-Sysmon/Operational</Channel>
    <Computer>DESKTOP-LGT6HFQ</Computer>
    <Security UserID="S-1-5-18">
    </Security>
  </System>
  <EventData>
    <Data Name="RuleName">-</Data>
    <Data Name="UtcTime">2026-06-05 04:36:11.817</Data>
    <Data Name="ProcessGuid">AA26E6DE-523B-6A22-1800-000000001100</Data>
    <Data Name="ProcessId">1120</Data>
    <Data Name="Image">C:\Windows\System32\svchost.exe</Data>
    <Data Name="FileVersion">10.0.19041.5794 (WinBuild.160101.0800)</Data>
    <Data Name="Description">Host Process for Windows Services</Data>
    <Data Name="Product">Microsoft® Windows® Operating System</Data>
    <Data Name="Company">Microsoft Corporation</Data>
    <Data Name="OriginalFileName">svchost.exe</Data>
    <Data Name="CommandLine">C:\Windows\System32\svchost.exe -k LocalServiceNetworkRestricted -p -s EventLog</Data>
    <Data Name="CurrentDirectory">C:\Windows\system32\</Data>
    <Data Name="User">NT AUTHORITY\LOCAL SERVICE</Data>
    <Data Name="LogonGuid">AA26E6DE-523B-6A22-E503-000000000000</Data>
    <Data Name="LogonId">0x3e5</Data>
    <Data Name="TerminalSessionId">0</Data>
    <Data Name="IntegrityLevel">System</Data>
    <Data Name="Hashes">MD5=3D1034D6ED3DAED60816A25C561E8C83,SHA256=B0B36BFF7AE4057F687D839CD4B3D81159AB646F1EE1B22106A927E93DECBB61,IMPHASH=F9BBD96FAE53B7A31264A703CAFA0666</Data>
    <Data Name="ParentProcessGuid">AA26E6DE-523A-6A22-0B00-000000001100</Data>
    <Data Name="ParentProcessId">648</Data>
    <Data Name="ParentImage">C:\Windows\System32\services.exe</Data>
    <Data Name="ParentCommandLine">C:\Windows\system32\services.exe</Data>
    <Data Name="ParentUser">NT AUTHORITY\SYSTEM</Data>
  </EventData>
</Event>
