Record 252
<?xml version="1.0" encoding="utf-8"?>
<Event xmlns="http://schemas.microsoft.com/win/2004/08/events/event">
  <System>
    <Provider Name="Microsoft-Windows-Sysmon" Guid="5770385F-C22A-43E0-BF4C-06F5698FFBD9">
    </Provider>
    <EventID>13</EventID>
    <Version>2</Version>
    <Level>4</Level>
    <Task>13</Task>
    <Opcode>0</Opcode>
    <Keywords>0x8000000000000000</Keywords>
    <TimeCreated SystemTime="2026-06-05T04:36:20.177364Z">
    </TimeCreated>
    <EventRecordID>252</EventRecordID>
    <Correlation>
    </Correlation>
    <Execution ProcessID="3064" ThreadID="5012">
    </Execution>
    <Channel>Microsoft-Windows-Sysmon/Operational</Channel>
    <Computer>DESKTOP-LGT6HFQ</Computer>
    <Security UserID="S-1-5-18">
    </Security>
  </System>
  <EventData>
    <Data Name="RuleName">T1031,T1050</Data>
    <Data Name="EventType">SetValue</Data>
    <Data Name="UtcTime">2026-06-05 04:36:20.163</Data>
    <Data Name="ProcessGuid">AA26E6DE-523A-6A22-0B00-000000001100</Data>
    <Data Name="ProcessId">648</Data>
    <Data Name="Image">C:\Windows\system32\services.exe</Data>
    <Data Name="TargetObject">HKLM\System\CurrentControlSet\Services\TabletInputService\Start</Data>
    <Data Name="Details">DWORD (0x00000003)</Data>
    <Data Name="User">NT AUTHORITY\SYSTEM</Data>
  </EventData>
</Event>
Record 253
<?xml version="1.0" encoding="utf-8"?>
<Event xmlns="http://schemas.microsoft.com/win/2004/08/events/event">
  <System>
    <Provider Name="Microsoft-Windows-Sysmon" Guid="5770385F-C22A-43E0-BF4C-06F5698FFBD9">
    </Provider>
    <EventID>1</EventID>
    <Version>5</Version>
    <Level>4</Level>
    <Task>1</Task>
    <Opcode>0</Opcode>
    <Keywords>0x8000000000000000</Keywords>
    <TimeCreated SystemTime="2026-06-05T04:36:20.681879Z">
    </TimeCreated>
    <EventRecordID>253</EventRecordID>
    <Correlation>
    </Correlation>
    <Execution ProcessID="3064" ThreadID="5012">
    </Execution>
    <Channel>Microsoft-Windows-Sysmon/Operational</Channel>
    <Computer>DESKTOP-LGT6HFQ</Computer>
    <Security UserID="S-1-5-18">
    </Security>
  </System>
  <EventData>
    <Data Name="RuleName">-</Data>
    <Data Name="UtcTime">2026-06-05 04:36:20.662</Data>
    <Data Name="ProcessGuid">AA26E6DE-5244-6A22-8A00-000000001100</Data>
    <Data Name="ProcessId">6488</Data>
    <Data Name="Image">C:\Windows\System32\wevtutil.exe</Data>
    <Data Name="FileVersion">10.0.19041.5794 (WinBuild.160101.0800)</Data>
    <Data Name="Description">Eventing Command Line Utility</Data>
    <Data Name="Product">Microsoft® Windows® Operating System</Data>
    <Data Name="Company">Microsoft Corporation</Data>
    <Data Name="OriginalFileName">wevtutil.exe</Data>
    <Data Name="CommandLine">C:\Windows\system32\wevtutil.exe uninstall-manifest &quot;C:\ProgramData\Microsoft\Windows Defender\platform\4.18.26040.7-0\Microsoft-Antimalware-RTP.man&quot;</Data>
    <Data Name="CurrentDirectory">C:\Windows\system32\</Data>
    <Data Name="User">NT AUTHORITY\SYSTEM</Data>
    <Data Name="LogonGuid">AA26E6DE-523A-6A22-E703-000000000000</Data>
    <Data Name="LogonId">0x3e7</Data>
    <Data Name="TerminalSessionId">0</Data>
    <Data Name="IntegrityLevel">System</Data>
    <Data Name="Hashes">MD5=D4C99E01B0061D2EEA2A3EB422CDBCB8,SHA256=0B732D9AD576D1400DB44EDF3E750849AC481E9BBAA628A3914E5EEF9B7181B0,IMPHASH=1864B7EA6A87A2BBB43783BD42E11204</Data>
    <Data Name="ParentProcessGuid">AA26E6DE-523E-6A22-5400-000000001100</Data>
    <Data Name="ParentProcessId">2308</Data>
    <Data Name="ParentImage">C:\ProgramData\Microsoft\Windows Defender\Platform\4.18.26040.7-0\MsMpEng.exe</Data>
    <Data Name="ParentCommandLine">&quot;C:\ProgramData\Microsoft\Windows Defender\platform\4.18.26040.7-0\MsMpEng.exe&quot;</Data>
    <Data Name="ParentUser">NT AUTHORITY\SYSTEM</Data>
  </EventData>
</Event>
Record 254
<?xml version="1.0" encoding="utf-8"?>
<Event xmlns="http://schemas.microsoft.com/win/2004/08/events/event">
  <System>
    <Provider Name="Microsoft-Windows-Sysmon" Guid="5770385F-C22A-43E0-BF4C-06F5698FFBD9">
    </Provider>
    <EventID>1</EventID>
    <Version>5</Version>
    <Level>4</Level>
    <Task>1</Task>
    <Opcode>0</Opcode>
    <Keywords>0x8000000000000000</Keywords>
    <TimeCreated SystemTime="2026-06-05T04:36:20.682190Z">
    </TimeCreated>
    <EventRecordID>254</EventRecordID>
    <Correlation>
    </Correlation>
    <Execution ProcessID="3064" ThreadID="5012">
    </Execution>
    <Channel>Microsoft-Windows-Sysmon/Operational</Channel>
    <Computer>DESKTOP-LGT6HFQ</Computer>
    <Security UserID="S-1-5-18">
    </Security>
  </System>
  <EventData>
    <Data Name="RuleName">-</Data>
    <Data Name="UtcTime">2026-06-05 04:36:20.667</Data>
    <Data Name="ProcessGuid">AA26E6DE-5244-6A22-8B00-000000001100</Data>
    <Data Name="ProcessId">6512</Data>
    <Data Name="Image">C:\Windows\System32\userinit.exe</Data>
    <Data Name="FileVersion">10.0.19041.4355 (WinBuild.160101.0800)</Data>
    <Data Name="Description">Userinit Logon Application</Data>
    <Data Name="Product">Microsoft® Windows® Operating System</Data>
    <Data Name="Company">Microsoft Corporation</Data>
    <Data Name="OriginalFileName">USERINIT.EXE</Data>
    <Data Name="CommandLine">C:\Windows\system32\userinit.exe</Data>
    <Data Name="CurrentDirectory">C:\Windows\system32\</Data>
    <Data Name="User">DESKTOP-LGT6HFQ\ligac</Data>
    <Data Name="LogonGuid">AA26E6DE-523C-6A22-3CB2-010000000000</Data>
    <Data Name="LogonId">0x1b23c</Data>
    <Data Name="TerminalSessionId">1</Data>
    <Data Name="IntegrityLevel">Medium</Data>
    <Data Name="Hashes">MD5=5CDC907C7818FBAA658FC9F2ABB238F1,SHA256=0043369966E39C40B96C941EBE06BA53139DC314785F0D2D5D490DEF51DFB86C,IMPHASH=06A4C8BBCAD2F5A646BCF9B4DFC6CA43</Data>
    <Data Name="ParentProcessGuid">AA26E6DE-523A-6A22-0A00-000000001100</Data>
    <Data Name="ParentProcessId">608</Data>
    <Data Name="ParentImage">C:\Windows\System32\winlogon.exe</Data>
    <Data Name="ParentCommandLine">winlogon.exe</Data>
    <Data Name="ParentUser">NT AUTHORITY\SYSTEM</Data>
  </EventData>
</Event>
Record 255
<?xml version="1.0" encoding="utf-8"?>
<Event xmlns="http://schemas.microsoft.com/win/2004/08/events/event">
  <System>
    <Provider Name="Microsoft-Windows-Sysmon" Guid="5770385F-C22A-43E0-BF4C-06F5698FFBD9">
    </Provider>
    <EventID>1</EventID>
    <Version>5</Version>
    <Level>4</Level>
    <Task>1</Task>
    <Opcode>0</Opcode>
    <Keywords>0x8000000000000000</Keywords>
    <TimeCreated SystemTime="2026-06-05T04:36:20.821429Z">
    </TimeCreated>
    <EventRecordID>255</EventRecordID>
    <Correlation>
    </Correlation>
    <Execution ProcessID="3064" ThreadID="5012">
    </Execution>
    <Channel>Microsoft-Windows-Sysmon/Operational</Channel>
    <Computer>DESKTOP-LGT6HFQ</Computer>
    <Security UserID="S-1-5-18">
    </Security>
  </System>
  <EventData>
    <Data Name="RuleName">-</Data>
    <Data Name="UtcTime">2026-06-05 04:36:20.773</Data>
    <Data Name="ProcessGuid">AA26E6DE-5244-6A22-8D00-000000001100</Data>
    <Data Name="ProcessId">6724</Data>
    <Data Name="Image">C:\Windows\explorer.exe</Data>
    <Data Name="FileVersion">10.0.19041.6456 (WinBuild.160101.0800)</Data>
    <Data Name="Description">Windows Explorer</Data>
    <Data Name="Product">Microsoft® Windows® Operating System</Data>
    <Data Name="Company">Microsoft Corporation</Data>
    <Data Name="OriginalFileName">EXPLORER.EXE</Data>
    <Data Name="CommandLine">C:\Windows\Explorer.EXE</Data>
    <Data Name="CurrentDirectory">C:\Windows\system32\</Data>
    <Data Name="User">DESKTOP-LGT6HFQ\ligac</Data>
    <Data Name="LogonGuid">AA26E6DE-523C-6A22-3CB2-010000000000</Data>
    <Data Name="LogonId">0x1b23c</Data>
    <Data Name="TerminalSessionId">1</Data>
    <Data Name="IntegrityLevel">Medium</Data>
    <Data Name="Hashes">MD5=24AD59ABAF730E71BC865922D8596008,SHA256=988A56D897915315EEF9CA679B3BC8ADFCECF5E227AEA99AAA1817620520E97E,IMPHASH=DBCE632ECED8243CB6090C1C87BE56BC</Data>
    <Data Name="ParentProcessGuid">AA26E6DE-5244-6A22-8B00-000000001100</Data>
    <Data Name="ParentProcessId">6512</Data>
    <Data Name="ParentImage">C:\Windows\System32\userinit.exe</Data>
    <Data Name="ParentCommandLine">C:\Windows\system32\userinit.exe</Data>
    <Data Name="ParentUser">DESKTOP-LGT6HFQ\ligac</Data>
  </EventData>
</Event>
Record 256
<?xml version="1.0" encoding="utf-8"?>
<Event xmlns="http://schemas.microsoft.com/win/2004/08/events/event">
  <System>
    <Provider Name="Microsoft-Windows-Sysmon" Guid="5770385F-C22A-43E0-BF4C-06F5698FFBD9">
    </Provider>
    <EventID>1</EventID>
    <Version>5</Version>
    <Level>4</Level>
    <Task>1</Task>
    <Opcode>0</Opcode>
    <Keywords>0x8000000000000000</Keywords>
    <TimeCreated SystemTime="2026-06-05T04:36:21.026811Z">
    </TimeCreated>
    <EventRecordID>256</EventRecordID>
    <Correlation>
    </Correlation>
    <Execution ProcessID="3064" ThreadID="5012">
    </Execution>
    <Channel>Microsoft-Windows-Sysmon/Operational</Channel>
    <Computer>DESKTOP-LGT6HFQ</Computer>
    <Security UserID="S-1-5-18">
    </Security>
  </System>
  <EventData>
    <Data Name="RuleName">-</Data>
    <Data Name="UtcTime">2026-06-05 04:36:21.013</Data>
    <Data Name="ProcessGuid">AA26E6DE-5245-6A22-8F00-000000001100</Data>
    <Data Name="ProcessId">6836</Data>
    <Data Name="Image">C:\Windows\System32\wevtutil.exe</Data>
    <Data Name="FileVersion">10.0.19041.5794 (WinBuild.160101.0800)</Data>
    <Data Name="Description">Eventing Command Line Utility</Data>
    <Data Name="Product">Microsoft® Windows® Operating System</Data>
    <Data Name="Company">Microsoft Corporation</Data>
    <Data Name="OriginalFileName">wevtutil.exe</Data>
    <Data Name="CommandLine">C:\Windows\system32\wevtutil.exe install-manifest &quot;C:\ProgramData\Microsoft\Windows Defender\platform\4.18.26040.7-0\Microsoft-Antimalware-RTP.man&quot; &quot;/resourceFilePath:C:\ProgramData\Microsoft\Windows Defender\platform\4.18.26040.7-0\MpRtp.dll&quot; &quot;/messageFilePath:C:\ProgramData\Microsoft\Windows Defender\platform\4.18.26040.7-0\MpRtp.dll&quot; &quot;/parameterFilePath:C:\ProgramData\Microsoft\Windows Defender\platform\4.18.26040.7-0\MpRtp.dll&quot;</Data>
    <Data Name="CurrentDirectory">C:\Windows\system32\</Data>
    <Data Name="User">NT AUTHORITY\SYSTEM</Data>
    <Data Name="LogonGuid">AA26E6DE-523A-6A22-E703-000000000000</Data>
    <Data Name="LogonId">0x3e7</Data>
    <Data Name="TerminalSessionId">0</Data>
    <Data Name="IntegrityLevel">System</Data>
    <Data Name="Hashes">MD5=D4C99E01B0061D2EEA2A3EB422CDBCB8,SHA256=0B732D9AD576D1400DB44EDF3E750849AC481E9BBAA628A3914E5EEF9B7181B0,IMPHASH=1864B7EA6A87A2BBB43783BD42E11204</Data>
    <Data Name="ParentProcessGuid">AA26E6DE-523E-6A22-5400-000000001100</Data>
    <Data Name="ParentProcessId">2308</Data>
    <Data Name="ParentImage">C:\ProgramData\Microsoft\Windows Defender\Platform\4.18.26040.7-0\MsMpEng.exe</Data>
    <Data Name="ParentCommandLine">&quot;C:\ProgramData\Microsoft\Windows Defender\platform\4.18.26040.7-0\MsMpEng.exe&quot;</Data>
    <Data Name="ParentUser">NT AUTHORITY\SYSTEM</Data>
  </EventData>
</Event>
Record 257
<?xml version="1.0" encoding="utf-8"?>
<Event xmlns="http://schemas.microsoft.com/win/2004/08/events/event">
  <System>
    <Provider Name="Microsoft-Windows-Sysmon" Guid="5770385F-C22A-43E0-BF4C-06F5698FFBD9">
    </Provider>
    <EventID>1</EventID>
    <Version>5</Version>
    <Level>4</Level>
    <Task>1</Task>
    <Opcode>0</Opcode>
    <Keywords>0x8000000000000000</Keywords>
    <TimeCreated SystemTime="2026-06-05T04:36:21.027083Z">
    </TimeCreated>
    <EventRecordID>257</EventRecordID>
    <Correlation>
    </Correlation>
    <Execution ProcessID="3064" ThreadID="5012">
    </Execution>
    <Channel>Microsoft-Windows-Sysmon/Operational</Channel>
    <Computer>DESKTOP-LGT6HFQ</Computer>
    <Security UserID="S-1-5-18">
    </Security>
  </System>
  <EventData>
    <Data Name="RuleName">-</Data>
    <Data Name="UtcTime">2026-06-05 04:36:21.006</Data>
    <Data Name="ProcessGuid">AA26E6DE-5245-6A22-8E00-000000001100</Data>
    <Data Name="ProcessId">6828</Data>
    <Data Name="Image">C:\Windows\System32\VSSVC.exe</Data>
    <Data Name="FileVersion">10.0.19041.5794 (WinBuild.160101.0800)</Data>
    <Data Name="Description">Microsoft® Volume Shadow Copy Service</Data>
    <Data Name="Product">Microsoft® Windows® Operating System</Data>
    <Data Name="Company">Microsoft Corporation</Data>
    <Data Name="OriginalFileName">VSSVC.EXE</Data>
    <Data Name="CommandLine">C:\Windows\system32\vssvc.exe</Data>
    <Data Name="CurrentDirectory">C:\Windows\system32\</Data>
    <Data Name="User">NT AUTHORITY\SYSTEM</Data>
    <Data Name="LogonGuid">AA26E6DE-523A-6A22-E703-000000000000</Data>
    <Data Name="LogonId">0x3e7</Data>
    <Data Name="TerminalSessionId">0</Data>
    <Data Name="IntegrityLevel">System</Data>
    <Data Name="Hashes">MD5=6C872C09F4A3C3D1A37EF470715A9519,SHA256=45C2E5BD531A85F93278350B4B78434DE5D52DFAD0D058EB6C7D024CC027D01D,IMPHASH=0BF1B64AF19D0AFACCB000F015F48095</Data>
    <Data Name="ParentProcessGuid">AA26E6DE-523A-6A22-0B00-000000001100</Data>
    <Data Name="ParentProcessId">648</Data>
    <Data Name="ParentImage">C:\Windows\System32\services.exe</Data>
    <Data Name="ParentCommandLine">C:\Windows\system32\services.exe</Data>
    <Data Name="ParentUser">NT AUTHORITY\SYSTEM</Data>
  </EventData>
</Event>
Record 258
<?xml version="1.0" encoding="utf-8"?>
<Event xmlns="http://schemas.microsoft.com/win/2004/08/events/event">
  <System>
    <Provider Name="Microsoft-Windows-Sysmon" Guid="5770385F-C22A-43E0-BF4C-06F5698FFBD9">
    </Provider>
    <EventID>22</EventID>
    <Version>5</Version>
    <Level>4</Level>
    <Task>22</Task>
    <Opcode>0</Opcode>
    <Keywords>0x8000000000000000</Keywords>
    <TimeCreated SystemTime="2026-06-05T04:36:21.054281Z">
    </TimeCreated>
    <EventRecordID>258</EventRecordID>
    <Correlation>
    </Correlation>
    <Execution ProcessID="3064" ThreadID="5168">
    </Execution>
    <Channel>Microsoft-Windows-Sysmon/Operational</Channel>
    <Computer>DESKTOP-LGT6HFQ</Computer>
    <Security UserID="S-1-5-18">
    </Security>
  </System>
  <EventData>
    <Data Name="RuleName">-</Data>
    <Data Name="UtcTime">2026-06-05 04:36:19.223</Data>
    <Data Name="ProcessGuid">AA26E6DE-5240-6A22-6200-000000001100</Data>
    <Data Name="ProcessId">4908</Data>
    <Data Name="QueryName">DESKTOP-LGT6HFQ</Data>
    <Data Name="QueryStatus">0</Data>
    <Data Name="QueryResults">192.168.18.141;</Data>
    <Data Name="Image">C:\Windows\System32\dllhost.exe</Data>
    <Data Name="User">NT AUTHORITY\SYSTEM</Data>
  </EventData>
</Event>
Record 259
<?xml version="1.0" encoding="utf-8"?>
<Event xmlns="http://schemas.microsoft.com/win/2004/08/events/event">
  <System>
    <Provider Name="Microsoft-Windows-Sysmon" Guid="5770385F-C22A-43E0-BF4C-06F5698FFBD9">
    </Provider>
    <EventID>22</EventID>
    <Version>5</Version>
    <Level>4</Level>
    <Task>22</Task>
    <Opcode>0</Opcode>
    <Keywords>0x8000000000000000</Keywords>
    <TimeCreated SystemTime="2026-06-05T04:36:21.054345Z">
    </TimeCreated>
    <EventRecordID>259</EventRecordID>
    <Correlation>
    </Correlation>
    <Execution ProcessID="3064" ThreadID="5168">
    </Execution>
    <Channel>Microsoft-Windows-Sysmon/Operational</Channel>
    <Computer>DESKTOP-LGT6HFQ</Computer>
    <Security UserID="S-1-5-18">
    </Security>
  </System>
  <EventData>
    <Data Name="RuleName">-</Data>
    <Data Name="UtcTime">2026-06-05 04:36:20.312</Data>
    <Data Name="ProcessGuid">AA26E6DE-523C-6A22-3600-000000001100</Data>
    <Data Name="ProcessId">2168</Data>
    <Data Name="QueryName">wpad</Data>
    <Data Name="QueryStatus">1460</Data>
    <Data Name="QueryResults">-</Data>
    <Data Name="Image">C:\Windows\System32\svchost.exe</Data>
    <Data Name="User">NT AUTHORITY\LOCAL SERVICE</Data>
  </EventData>
</Event>
Record 260
<?xml version="1.0" encoding="utf-8"?>
<Event xmlns="http://schemas.microsoft.com/win/2004/08/events/event">
  <System>
    <Provider Name="Microsoft-Windows-Sysmon" Guid="5770385F-C22A-43E0-BF4C-06F5698FFBD9">
    </Provider>
    <EventID>22</EventID>
    <Version>5</Version>
    <Level>4</Level>
    <Task>22</Task>
    <Opcode>0</Opcode>
    <Keywords>0x8000000000000000</Keywords>
    <TimeCreated SystemTime="2026-06-05T04:36:21.054378Z">
    </TimeCreated>
    <EventRecordID>260</EventRecordID>
    <Correlation>
    </Correlation>
    <Execution ProcessID="3064" ThreadID="5168">
    </Execution>
    <Channel>Microsoft-Windows-Sysmon/Operational</Channel>
    <Computer>DESKTOP-LGT6HFQ</Computer>
    <Security UserID="S-1-5-18">
    </Security>
  </System>
  <EventData>
    <Data Name="RuleName">-</Data>
    <Data Name="UtcTime">2026-06-05 04:36:20.410</Data>
    <Data Name="ProcessGuid">AA26E6DE-523C-6A22-3400-000000001100</Data>
    <Data Name="ProcessId">2140</Data>
    <Data Name="QueryName">DESKTOP-LGT6HFQ</Data>
    <Data Name="QueryStatus">0</Data>
    <Data Name="QueryResults">fe80::e412:acaf:1173:7040;::ffff:192.168.18.141;</Data>
    <Data Name="Image">C:\Windows\System32\spoolsv.exe</Data>
    <Data Name="User">NT AUTHORITY\SYSTEM</Data>
  </EventData>
</Event>
Record 261
<?xml version="1.0" encoding="utf-8"?>
<Event xmlns="http://schemas.microsoft.com/win/2004/08/events/event">
  <System>
    <Provider Name="Microsoft-Windows-Sysmon" Guid="5770385F-C22A-43E0-BF4C-06F5698FFBD9">
    </Provider>
    <EventID>22</EventID>
    <Version>5</Version>
    <Level>4</Level>
    <Task>22</Task>
    <Opcode>0</Opcode>
    <Keywords>0x8000000000000000</Keywords>
    <TimeCreated SystemTime="2026-06-05T04:36:21.054398Z">
    </TimeCreated>
    <EventRecordID>261</EventRecordID>
    <Correlation>
    </Correlation>
    <Execution ProcessID="3064" ThreadID="5168">
    </Execution>
    <Channel>Microsoft-Windows-Sysmon/Operational</Channel>
    <Computer>DESKTOP-LGT6HFQ</Computer>
    <Security UserID="S-1-5-18">
    </Security>
  </System>
  <EventData>
    <Data Name="RuleName">-</Data>
    <Data Name="UtcTime">2026-06-05 04:36:20.728</Data>
    <Data Name="ProcessGuid">AA26E6DE-523C-6A22-3400-000000001100</Data>
    <Data Name="ProcessId">2140</Data>
    <Data Name="QueryName">DESKTOP-LGT6HFQ</Data>
    <Data Name="QueryStatus">0</Data>
    <Data Name="QueryResults">192.168.18.141;</Data>
    <Data Name="Image">C:\Windows\System32\spoolsv.exe</Data>
    <Data Name="User">NT AUTHORITY\SYSTEM</Data>
  </EventData>
</Event>
Record 262
<?xml version="1.0" encoding="utf-8"?>
<Event xmlns="http://schemas.microsoft.com/win/2004/08/events/event">
  <System>
    <Provider Name="Microsoft-Windows-Sysmon" Guid="5770385F-C22A-43E0-BF4C-06F5698FFBD9">
    </Provider>
    <EventID>22</EventID>
    <Version>5</Version>
    <Level>4</Level>
    <Task>22</Task>
    <Opcode>0</Opcode>
    <Keywords>0x8000000000000000</Keywords>
    <TimeCreated SystemTime="2026-06-05T04:36:21.054409Z">
    </TimeCreated>
    <EventRecordID>262</EventRecordID>
    <Correlation>
    </Correlation>
    <Execution ProcessID="3064" ThreadID="5168">
    </Execution>
    <Channel>Microsoft-Windows-Sysmon/Operational</Channel>
    <Computer>DESKTOP-LGT6HFQ</Computer>
    <Security UserID="S-1-5-18">
    </Security>
  </System>
  <EventData>
    <Data Name="RuleName">-</Data>
    <Data Name="UtcTime">2026-06-05 04:36:20.728</Data>
    <Data Name="ProcessGuid">AA26E6DE-523C-6A22-3400-000000001100</Data>
    <Data Name="ProcessId">2140</Data>
    <Data Name="QueryName">DESKTOP-LGT6HFQ</Data>
    <Data Name="QueryStatus">0</Data>
    <Data Name="QueryResults">fe80::e412:acaf:1173:7040;</Data>
    <Data Name="Image">C:\Windows\System32\spoolsv.exe</Data>
    <Data Name="User">NT AUTHORITY\SYSTEM</Data>
  </EventData>
</Event>
Record 263
<?xml version="1.0" encoding="utf-8"?>
<Event xmlns="http://schemas.microsoft.com/win/2004/08/events/event">
  <System>
    <Provider Name="Microsoft-Windows-Sysmon" Guid="5770385F-C22A-43E0-BF4C-06F5698FFBD9">
    </Provider>
    <EventID>13</EventID>
    <Version>2</Version>
    <Level>4</Level>
    <Task>13</Task>
    <Opcode>0</Opcode>
    <Keywords>0x8000000000000000</Keywords>
    <TimeCreated SystemTime="2026-06-05T04:36:21.240720Z">
    </TimeCreated>
    <EventRecordID>263</EventRecordID>
    <Correlation>
    </Correlation>
    <Execution ProcessID="3064" ThreadID="5012">
    </Execution>
    <Channel>Microsoft-Windows-Sysmon/Operational</Channel>
    <Computer>DESKTOP-LGT6HFQ</Computer>
    <Security UserID="S-1-5-18">
    </Security>
  </System>
  <EventData>
    <Data Name="RuleName">-</Data>
    <Data Name="EventType">SetValue</Data>
    <Data Name="UtcTime">2026-06-05 04:36:21.226</Data>
    <Data Name="ProcessGuid">AA26E6DE-523B-6A22-1600-000000001100</Data>
    <Data Name="ProcessId">860</Data>
    <Data Name="Image">C:\Windows\system32\LogonUI.exe</Data>
    <Data Name="TargetObject">HKU\.DEFAULT\Software\Microsoft\Windows\CurrentVersion\Shell Extensions\Cached\{40DD6E20-7C17-11CE-A804-00AA003CA9F6} {000214FC-0000-0000-C000-000000000046} 0xFFFF</Data>
    <Data Name="Details">Binary Data</Data>
    <Data Name="User">NT AUTHORITY\SYSTEM</Data>
  </EventData>
</Event>
Record 264
<?xml version="1.0" encoding="utf-8"?>
<Event xmlns="http://schemas.microsoft.com/win/2004/08/events/event">
  <System>
    <Provider Name="Microsoft-Windows-Sysmon" Guid="5770385F-C22A-43E0-BF4C-06F5698FFBD9">
    </Provider>
    <EventID>1</EventID>
    <Version>5</Version>
    <Level>4</Level>
    <Task>1</Task>
    <Opcode>0</Opcode>
    <Keywords>0x8000000000000000</Keywords>
    <TimeCreated SystemTime="2026-06-05T04:36:21.332538Z">
    </TimeCreated>
    <EventRecordID>264</EventRecordID>
    <Correlation>
    </Correlation>
    <Execution ProcessID="3064" ThreadID="5012">
    </Execution>
    <Channel>Microsoft-Windows-Sysmon/Operational</Channel>
    <Computer>DESKTOP-LGT6HFQ</Computer>
    <Security UserID="S-1-5-18">
    </Security>
  </System>
  <EventData>
    <Data Name="RuleName">-</Data>
    <Data Name="UtcTime">2026-06-05 04:36:21.331</Data>
    <Data Name="ProcessGuid">AA26E6DE-5245-6A22-9100-000000001100</Data>
    <Data Name="ProcessId">6996</Data>
    <Data Name="Image">C:\Windows\System32\svchost.exe</Data>
    <Data Name="FileVersion">10.0.19041.5794 (WinBuild.160101.0800)</Data>
    <Data Name="Description">Host Process for Windows Services</Data>
    <Data Name="Product">Microsoft® Windows® Operating System</Data>
    <Data Name="Company">Microsoft Corporation</Data>
    <Data Name="OriginalFileName">svchost.exe</Data>
    <Data Name="CommandLine">C:\Windows\System32\svchost.exe -k LocalServiceNetworkRestricted -s RmSvc</Data>
    <Data Name="CurrentDirectory">C:\Windows\system32\</Data>
    <Data Name="User">NT AUTHORITY\LOCAL SERVICE</Data>
    <Data Name="LogonGuid">AA26E6DE-523B-6A22-E503-000000000000</Data>
    <Data Name="LogonId">0x3e5</Data>
    <Data Name="TerminalSessionId">0</Data>
    <Data Name="IntegrityLevel">System</Data>
    <Data Name="Hashes">MD5=3D1034D6ED3DAED60816A25C561E8C83,SHA256=B0B36BFF7AE4057F687D839CD4B3D81159AB646F1EE1B22106A927E93DECBB61,IMPHASH=F9BBD96FAE53B7A31264A703CAFA0666</Data>
    <Data Name="ParentProcessGuid">AA26E6DE-523A-6A22-0B00-000000001100</Data>
    <Data Name="ParentProcessId">648</Data>
    <Data Name="ParentImage">C:\Windows\System32\services.exe</Data>
    <Data Name="ParentCommandLine">C:\Windows\system32\services.exe</Data>
    <Data Name="ParentUser">NT AUTHORITY\SYSTEM</Data>
  </EventData>
</Event>
Record 265
<?xml version="1.0" encoding="utf-8"?>
<Event xmlns="http://schemas.microsoft.com/win/2004/08/events/event">
  <System>
    <Provider Name="Microsoft-Windows-Sysmon" Guid="5770385F-C22A-43E0-BF4C-06F5698FFBD9">
    </Provider>
    <EventID>1</EventID>
    <Version>5</Version>
    <Level>4</Level>
    <Task>1</Task>
    <Opcode>0</Opcode>
    <Keywords>0x8000000000000000</Keywords>
    <TimeCreated SystemTime="2026-06-05T04:36:21.558951Z">
    </TimeCreated>
    <EventRecordID>265</EventRecordID>
    <Correlation>
    </Correlation>
    <Execution ProcessID="3064" ThreadID="5012">
    </Execution>
    <Channel>Microsoft-Windows-Sysmon/Operational</Channel>
    <Computer>DESKTOP-LGT6HFQ</Computer>
    <Security UserID="S-1-5-18">
    </Security>
  </System>
  <EventData>
    <Data Name="RuleName">-</Data>
    <Data Name="UtcTime">2026-06-05 04:36:21.558</Data>
    <Data Name="ProcessGuid">AA26E6DE-5245-6A22-9300-000000001100</Data>
    <Data Name="ProcessId">7100</Data>
    <Data Name="Image">C:\Windows\System32\wevtutil.exe</Data>
    <Data Name="FileVersion">10.0.19041.5794 (WinBuild.160101.0800)</Data>
    <Data Name="Description">Eventing Command Line Utility</Data>
    <Data Name="Product">Microsoft® Windows® Operating System</Data>
    <Data Name="Company">Microsoft Corporation</Data>
    <Data Name="OriginalFileName">wevtutil.exe</Data>
    <Data Name="CommandLine">C:\Windows\system32\wevtutil.exe uninstall-manifest &quot;C:\ProgramData\Microsoft\Windows Defender\platform\4.18.26040.7-0\Microsoft-Antimalware-Protection.man&quot;</Data>
    <Data Name="CurrentDirectory">C:\Windows\system32\</Data>
    <Data Name="User">NT AUTHORITY\SYSTEM</Data>
    <Data Name="LogonGuid">AA26E6DE-523A-6A22-E703-000000000000</Data>
    <Data Name="LogonId">0x3e7</Data>
    <Data Name="TerminalSessionId">0</Data>
    <Data Name="IntegrityLevel">System</Data>
    <Data Name="Hashes">MD5=D4C99E01B0061D2EEA2A3EB422CDBCB8,SHA256=0B732D9AD576D1400DB44EDF3E750849AC481E9BBAA628A3914E5EEF9B7181B0,IMPHASH=1864B7EA6A87A2BBB43783BD42E11204</Data>
    <Data Name="ParentProcessGuid">AA26E6DE-523E-6A22-5400-000000001100</Data>
    <Data Name="ParentProcessId">2308</Data>
    <Data Name="ParentImage">C:\ProgramData\Microsoft\Windows Defender\Platform\4.18.26040.7-0\MsMpEng.exe</Data>
    <Data Name="ParentCommandLine">&quot;C:\ProgramData\Microsoft\Windows Defender\platform\4.18.26040.7-0\MsMpEng.exe&quot;</Data>
    <Data Name="ParentUser">NT AUTHORITY\SYSTEM</Data>
  </EventData>
</Event>
Record 266
<?xml version="1.0" encoding="utf-8"?>
<Event xmlns="http://schemas.microsoft.com/win/2004/08/events/event">
  <System>
    <Provider Name="Microsoft-Windows-Sysmon" Guid="5770385F-C22A-43E0-BF4C-06F5698FFBD9">
    </Provider>
    <EventID>1</EventID>
    <Version>5</Version>
    <Level>4</Level>
    <Task>1</Task>
    <Opcode>0</Opcode>
    <Keywords>0x8000000000000000</Keywords>
    <TimeCreated SystemTime="2026-06-05T04:36:21.575000Z">
    </TimeCreated>
    <EventRecordID>266</EventRecordID>
    <Correlation>
    </Correlation>
    <Execution ProcessID="3064" ThreadID="5012">
    </Execution>
    <Channel>Microsoft-Windows-Sysmon/Operational</Channel>
    <Computer>DESKTOP-LGT6HFQ</Computer>
    <Security UserID="S-1-5-18">
    </Security>
  </System>
  <EventData>
    <Data Name="RuleName">-</Data>
    <Data Name="UtcTime">2026-06-05 04:36:21.561</Data>
    <Data Name="ProcessGuid">AA26E6DE-5245-6A22-9400-000000001100</Data>
    <Data Name="ProcessId">7108</Data>
    <Data Name="Image">C:\Windows\System32\svchost.exe</Data>
    <Data Name="FileVersion">10.0.19041.5794 (WinBuild.160101.0800)</Data>
    <Data Name="Description">Host Process for Windows Services</Data>
    <Data Name="Product">Microsoft® Windows® Operating System</Data>
    <Data Name="Company">Microsoft Corporation</Data>
    <Data Name="OriginalFileName">svchost.exe</Data>
    <Data Name="CommandLine">C:\Windows\system32\svchost.exe -k LocalService -p -s CDPSvc</Data>
    <Data Name="CurrentDirectory">C:\Windows\system32\</Data>
    <Data Name="User">NT AUTHORITY\LOCAL SERVICE</Data>
    <Data Name="LogonGuid">AA26E6DE-523B-6A22-E503-000000000000</Data>
    <Data Name="LogonId">0x3e5</Data>
    <Data Name="TerminalSessionId">0</Data>
    <Data Name="IntegrityLevel">System</Data>
    <Data Name="Hashes">MD5=3D1034D6ED3DAED60816A25C561E8C83,SHA256=B0B36BFF7AE4057F687D839CD4B3D81159AB646F1EE1B22106A927E93DECBB61,IMPHASH=F9BBD96FAE53B7A31264A703CAFA0666</Data>
    <Data Name="ParentProcessGuid">AA26E6DE-523A-6A22-0B00-000000001100</Data>
    <Data Name="ParentProcessId">648</Data>
    <Data Name="ParentImage">C:\Windows\System32\services.exe</Data>
    <Data Name="ParentCommandLine">C:\Windows\system32\services.exe</Data>
    <Data Name="ParentUser">NT AUTHORITY\SYSTEM</Data>
  </EventData>
</Event>
Record 267
<?xml version="1.0" encoding="utf-8"?>
<Event xmlns="http://schemas.microsoft.com/win/2004/08/events/event">
  <System>
    <Provider Name="Microsoft-Windows-Sysmon" Guid="5770385F-C22A-43E0-BF4C-06F5698FFBD9">
    </Provider>
    <EventID>1</EventID>
    <Version>5</Version>
    <Level>4</Level>
    <Task>1</Task>
    <Opcode>0</Opcode>
    <Keywords>0x8000000000000000</Keywords>
    <TimeCreated SystemTime="2026-06-05T04:36:21.906774Z">
    </TimeCreated>
    <EventRecordID>267</EventRecordID>
    <Correlation>
    </Correlation>
    <Execution ProcessID="3064" ThreadID="5012">
    </Execution>
    <Channel>Microsoft-Windows-Sysmon/Operational</Channel>
    <Computer>DESKTOP-LGT6HFQ</Computer>
    <Security UserID="S-1-5-18">
    </Security>
  </System>
  <EventData>
    <Data Name="RuleName">-</Data>
    <Data Name="UtcTime">2026-06-05 04:36:21.904</Data>
    <Data Name="ProcessGuid">AA26E6DE-5245-6A22-9700-000000001100</Data>
    <Data Name="ProcessId">6200</Data>
    <Data Name="Image">C:\Windows\System32\wevtutil.exe</Data>
    <Data Name="FileVersion">10.0.19041.5794 (WinBuild.160101.0800)</Data>
    <Data Name="Description">Eventing Command Line Utility</Data>
    <Data Name="Product">Microsoft® Windows® Operating System</Data>
    <Data Name="Company">Microsoft Corporation</Data>
    <Data Name="OriginalFileName">wevtutil.exe</Data>
    <Data Name="CommandLine">C:\Windows\system32\wevtutil.exe install-manifest &quot;C:\ProgramData\Microsoft\Windows Defender\platform\4.18.26040.7-0\Microsoft-Antimalware-Protection.man&quot; &quot;/resourceFilePath:C:\ProgramData\Microsoft\Windows Defender\platform\4.18.26040.7-0\MpClient.dll&quot; &quot;/messageFilePath:C:\ProgramData\Microsoft\Windows Defender\platform\4.18.26040.7-0\MpClient.dll&quot; &quot;/parameterFilePath:C:\ProgramData\Microsoft\Windows Defender\platform\4.18.26040.7-0\MpClient.dll&quot;</Data>
    <Data Name="CurrentDirectory">C:\Windows\system32\</Data>
    <Data Name="User">NT AUTHORITY\SYSTEM</Data>
    <Data Name="LogonGuid">AA26E6DE-523A-6A22-E703-000000000000</Data>
    <Data Name="LogonId">0x3e7</Data>
    <Data Name="TerminalSessionId">0</Data>
    <Data Name="IntegrityLevel">System</Data>
    <Data Name="Hashes">MD5=D4C99E01B0061D2EEA2A3EB422CDBCB8,SHA256=0B732D9AD576D1400DB44EDF3E750849AC481E9BBAA628A3914E5EEF9B7181B0,IMPHASH=1864B7EA6A87A2BBB43783BD42E11204</Data>
    <Data Name="ParentProcessGuid">AA26E6DE-523E-6A22-5400-000000001100</Data>
    <Data Name="ParentProcessId">2308</Data>
    <Data Name="ParentImage">C:\ProgramData\Microsoft\Windows Defender\Platform\4.18.26040.7-0\MsMpEng.exe</Data>
    <Data Name="ParentCommandLine">&quot;C:\ProgramData\Microsoft\Windows Defender\platform\4.18.26040.7-0\MsMpEng.exe&quot;</Data>
    <Data Name="ParentUser">NT AUTHORITY\SYSTEM</Data>
  </EventData>
</Event>
Record 268
<?xml version="1.0" encoding="utf-8"?>
<Event xmlns="http://schemas.microsoft.com/win/2004/08/events/event">
  <System>
    <Provider Name="Microsoft-Windows-Sysmon" Guid="5770385F-C22A-43E0-BF4C-06F5698FFBD9">
    </Provider>
    <EventID>13</EventID>
    <Version>2</Version>
    <Level>4</Level>
    <Task>13</Task>
    <Opcode>0</Opcode>
    <Keywords>0x8000000000000000</Keywords>
    <TimeCreated SystemTime="2026-06-05T04:36:21.994579Z">
    </TimeCreated>
    <EventRecordID>268</EventRecordID>
    <Correlation>
    </Correlation>
    <Execution ProcessID="3064" ThreadID="5012">
    </Execution>
    <Channel>Microsoft-Windows-Sysmon/Operational</Channel>
    <Computer>DESKTOP-LGT6HFQ</Computer>
    <Security UserID="S-1-5-18">
    </Security>
  </System>
  <EventData>
    <Data Name="RuleName">InvDB-Path</Data>
    <Data Name="EventType">SetValue</Data>
    <Data Name="UtcTime">2026-06-05 04:36:21.991</Data>
    <Data Name="ProcessGuid">AA26E6DE-523E-6A22-4500-000000001100</Data>
    <Data Name="ProcessId">2948</Data>
    <Data Name="Image">C:\Windows\System32\svchost.exe</Data>
    <Data Name="TargetObject">\REGISTRY\A\{da61bfac-b4fc-caaf-f816-a45111765321}\Root\InventoryApplicationFile\autochk.exe|62a87acc15a1c57f\LowerCaseLongPath</Data>
    <Data Name="Details">c:\windows\system32\autochk.exe</Data>
    <Data Name="User">NT AUTHORITY\SYSTEM</Data>
  </EventData>
</Event>
Record 269
<?xml version="1.0" encoding="utf-8"?>
<Event xmlns="http://schemas.microsoft.com/win/2004/08/events/event">
  <System>
    <Provider Name="Microsoft-Windows-Sysmon" Guid="5770385F-C22A-43E0-BF4C-06F5698FFBD9">
    </Provider>
    <EventID>13</EventID>
    <Version>2</Version>
    <Level>4</Level>
    <Task>13</Task>
    <Opcode>0</Opcode>
    <Keywords>0x8000000000000000</Keywords>
    <TimeCreated SystemTime="2026-06-05T04:36:21.996543Z">
    </TimeCreated>
    <EventRecordID>269</EventRecordID>
    <Correlation>
    </Correlation>
    <Execution ProcessID="3064" ThreadID="5012">
    </Execution>
    <Channel>Microsoft-Windows-Sysmon/Operational</Channel>
    <Computer>DESKTOP-LGT6HFQ</Computer>
    <Security UserID="S-1-5-18">
    </Security>
  </System>
  <EventData>
    <Data Name="RuleName">InvDB-Pub</Data>
    <Data Name="EventType">SetValue</Data>
    <Data Name="UtcTime">2026-06-05 04:36:21.991</Data>
    <Data Name="ProcessGuid">AA26E6DE-523E-6A22-4500-000000001100</Data>
    <Data Name="ProcessId">2948</Data>
    <Data Name="Image">C:\Windows\System32\svchost.exe</Data>
    <Data Name="TargetObject">\REGISTRY\A\{da61bfac-b4fc-caaf-f816-a45111765321}\Root\InventoryApplicationFile\autochk.exe|62a87acc15a1c57f\Publisher</Data>
    <Data Name="Details">microsoft corporation</Data>
    <Data Name="User">NT AUTHORITY\SYSTEM</Data>
  </EventData>
</Event>
Record 270
<?xml version="1.0" encoding="utf-8"?>
<Event xmlns="http://schemas.microsoft.com/win/2004/08/events/event">
  <System>
    <Provider Name="Microsoft-Windows-Sysmon" Guid="5770385F-C22A-43E0-BF4C-06F5698FFBD9">
    </Provider>
    <EventID>13</EventID>
    <Version>2</Version>
    <Level>4</Level>
    <Task>13</Task>
    <Opcode>0</Opcode>
    <Keywords>0x8000000000000000</Keywords>
    <TimeCreated SystemTime="2026-06-05T04:36:21.996905Z">
    </TimeCreated>
    <EventRecordID>270</EventRecordID>
    <Correlation>
    </Correlation>
    <Execution ProcessID="3064" ThreadID="5012">
    </Execution>
    <Channel>Microsoft-Windows-Sysmon/Operational</Channel>
    <Computer>DESKTOP-LGT6HFQ</Computer>
    <Security UserID="S-1-5-18">
    </Security>
  </System>
  <EventData>
    <Data Name="RuleName">InvDB-CompileTimeClaim</Data>
    <Data Name="EventType">SetValue</Data>
    <Data Name="UtcTime">2026-06-05 04:36:21.991</Data>
    <Data Name="ProcessGuid">AA26E6DE-523E-6A22-4500-000000001100</Data>
    <Data Name="ProcessId">2948</Data>
    <Data Name="Image">C:\Windows\System32\svchost.exe</Data>
    <Data Name="TargetObject">\REGISTRY\A\{da61bfac-b4fc-caaf-f816-a45111765321}\Root\InventoryApplicationFile\autochk.exe|62a87acc15a1c57f\LinkDate</Data>
    <Data Name="Details">08/23/1993 12:25:17</Data>
    <Data Name="User">NT AUTHORITY\SYSTEM</Data>
  </EventData>
</Event>
Record 271
<?xml version="1.0" encoding="utf-8"?>
<Event xmlns="http://schemas.microsoft.com/win/2004/08/events/event">
  <System>
    <Provider Name="Microsoft-Windows-Sysmon" Guid="5770385F-C22A-43E0-BF4C-06F5698FFBD9">
    </Provider>
    <EventID>13</EventID>
    <Version>2</Version>
    <Level>4</Level>
    <Task>13</Task>
    <Opcode>0</Opcode>
    <Keywords>0x8000000000000000</Keywords>
    <TimeCreated SystemTime="2026-06-05T04:36:21.996966Z">
    </TimeCreated>
    <EventRecordID>271</EventRecordID>
    <Correlation>
    </Correlation>
    <Execution ProcessID="3064" ThreadID="5012">
    </Execution>
    <Channel>Microsoft-Windows-Sysmon/Operational</Channel>
    <Computer>DESKTOP-LGT6HFQ</Computer>
    <Security UserID="S-1-5-18">
    </Security>
  </System>
  <EventData>
    <Data Name="RuleName">InvDB-Ver</Data>
    <Data Name="EventType">SetValue</Data>
    <Data Name="UtcTime">2026-06-05 04:36:21.991</Data>
    <Data Name="ProcessGuid">AA26E6DE-523E-6A22-4500-000000001100</Data>
    <Data Name="ProcessId">2948</Data>
    <Data Name="Image">C:\Windows\System32\svchost.exe</Data>
    <Data Name="TargetObject">\REGISTRY\A\{da61bfac-b4fc-caaf-f816-a45111765321}\Root\InventoryApplicationFile\autochk.exe|62a87acc15a1c57f\BinProductVersion</Data>
    <Data Name="Details">10.0.19041.3636</Data>
    <Data Name="User">NT AUTHORITY\SYSTEM</Data>
  </EventData>
</Event>
Record 272
<?xml version="1.0" encoding="utf-8"?>
<Event xmlns="http://schemas.microsoft.com/win/2004/08/events/event">
  <System>
    <Provider Name="Microsoft-Windows-Sysmon" Guid="5770385F-C22A-43E0-BF4C-06F5698FFBD9">
    </Provider>
    <EventID>13</EventID>
    <Version>2</Version>
    <Level>4</Level>
    <Task>13</Task>
    <Opcode>0</Opcode>
    <Keywords>0x8000000000000000</Keywords>
    <TimeCreated SystemTime="2026-06-05T04:36:22.019071Z">
    </TimeCreated>
    <EventRecordID>272</EventRecordID>
    <Correlation>
    </Correlation>
    <Execution ProcessID="3064" ThreadID="5012">
    </Execution>
    <Channel>Microsoft-Windows-Sysmon/Operational</Channel>
    <Computer>DESKTOP-LGT6HFQ</Computer>
    <Security UserID="S-1-5-18">
    </Security>
  </System>
  <EventData>
    <Data Name="RuleName">InvDB-Path</Data>
    <Data Name="EventType">SetValue</Data>
    <Data Name="UtcTime">2026-06-05 04:36:22.006</Data>
    <Data Name="ProcessGuid">AA26E6DE-523E-6A22-4500-000000001100</Data>
    <Data Name="ProcessId">2948</Data>
    <Data Name="Image">C:\Windows\System32\svchost.exe</Data>
    <Data Name="TargetObject">\REGISTRY\A\{da61bfac-b4fc-caaf-f816-a45111765321}\Root\InventoryApplicationFile\upfc.exe|5e5b940356e40b74\LowerCaseLongPath</Data>
    <Data Name="Details">c:\windows\system32\upfc.exe</Data>
    <Data Name="User">NT AUTHORITY\SYSTEM</Data>
  </EventData>
</Event>
Record 273
<?xml version="1.0" encoding="utf-8"?>
<Event xmlns="http://schemas.microsoft.com/win/2004/08/events/event">
  <System>
    <Provider Name="Microsoft-Windows-Sysmon" Guid="5770385F-C22A-43E0-BF4C-06F5698FFBD9">
    </Provider>
    <EventID>13</EventID>
    <Version>2</Version>
    <Level>4</Level>
    <Task>13</Task>
    <Opcode>0</Opcode>
    <Keywords>0x8000000000000000</Keywords>
    <TimeCreated SystemTime="2026-06-05T04:36:22.019205Z">
    </TimeCreated>
    <EventRecordID>273</EventRecordID>
    <Correlation>
    </Correlation>
    <Execution ProcessID="3064" ThreadID="5012">
    </Execution>
    <Channel>Microsoft-Windows-Sysmon/Operational</Channel>
    <Computer>DESKTOP-LGT6HFQ</Computer>
    <Security UserID="S-1-5-18">
    </Security>
  </System>
  <EventData>
    <Data Name="RuleName">InvDB-Pub</Data>
    <Data Name="EventType">SetValue</Data>
    <Data Name="UtcTime">2026-06-05 04:36:22.006</Data>
    <Data Name="ProcessGuid">AA26E6DE-523E-6A22-4500-000000001100</Data>
    <Data Name="ProcessId">2948</Data>
    <Data Name="Image">C:\Windows\System32\svchost.exe</Data>
    <Data Name="TargetObject">\REGISTRY\A\{da61bfac-b4fc-caaf-f816-a45111765321}\Root\InventoryApplicationFile\upfc.exe|5e5b940356e40b74\Publisher</Data>
    <Data Name="Details">microsoft corporation</Data>
    <Data Name="User">NT AUTHORITY\SYSTEM</Data>
  </EventData>
</Event>
Record 274
<?xml version="1.0" encoding="utf-8"?>
<Event xmlns="http://schemas.microsoft.com/win/2004/08/events/event">
  <System>
    <Provider Name="Microsoft-Windows-Sysmon" Guid="5770385F-C22A-43E0-BF4C-06F5698FFBD9">
    </Provider>
    <EventID>13</EventID>
    <Version>2</Version>
    <Level>4</Level>
    <Task>13</Task>
    <Opcode>0</Opcode>
    <Keywords>0x8000000000000000</Keywords>
    <TimeCreated SystemTime="2026-06-05T04:36:22.019403Z">
    </TimeCreated>
    <EventRecordID>274</EventRecordID>
    <Correlation>
    </Correlation>
    <Execution ProcessID="3064" ThreadID="5012">
    </Execution>
    <Channel>Microsoft-Windows-Sysmon/Operational</Channel>
    <Computer>DESKTOP-LGT6HFQ</Computer>
    <Security UserID="S-1-5-18">
    </Security>
  </System>
  <EventData>
    <Data Name="RuleName">InvDB-CompileTimeClaim</Data>
    <Data Name="EventType">SetValue</Data>
    <Data Name="UtcTime">2026-06-05 04:36:22.006</Data>
    <Data Name="ProcessGuid">AA26E6DE-523E-6A22-4500-000000001100</Data>
    <Data Name="ProcessId">2948</Data>
    <Data Name="Image">C:\Windows\System32\svchost.exe</Data>
    <Data Name="TargetObject">\REGISTRY\A\{da61bfac-b4fc-caaf-f816-a45111765321}\Root\InventoryApplicationFile\upfc.exe|5e5b940356e40b74\LinkDate</Data>
    <Data Name="Details">05/29/1973 11:25:14</Data>
    <Data Name="User">NT AUTHORITY\SYSTEM</Data>
  </EventData>
</Event>
Record 275
<?xml version="1.0" encoding="utf-8"?>
<Event xmlns="http://schemas.microsoft.com/win/2004/08/events/event">
  <System>
    <Provider Name="Microsoft-Windows-Sysmon" Guid="5770385F-C22A-43E0-BF4C-06F5698FFBD9">
    </Provider>
    <EventID>13</EventID>
    <Version>2</Version>
    <Level>4</Level>
    <Task>13</Task>
    <Opcode>0</Opcode>
    <Keywords>0x8000000000000000</Keywords>
    <TimeCreated SystemTime="2026-06-05T04:36:22.019438Z">
    </TimeCreated>
    <EventRecordID>275</EventRecordID>
    <Correlation>
    </Correlation>
    <Execution ProcessID="3064" ThreadID="5012">
    </Execution>
    <Channel>Microsoft-Windows-Sysmon/Operational</Channel>
    <Computer>DESKTOP-LGT6HFQ</Computer>
    <Security UserID="S-1-5-18">
    </Security>
  </System>
  <EventData>
    <Data Name="RuleName">InvDB-Ver</Data>
    <Data Name="EventType">SetValue</Data>
    <Data Name="UtcTime">2026-06-05 04:36:22.006</Data>
    <Data Name="ProcessGuid">AA26E6DE-523E-6A22-4500-000000001100</Data>
    <Data Name="ProcessId">2948</Data>
    <Data Name="Image">C:\Windows\System32\svchost.exe</Data>
    <Data Name="TargetObject">\REGISTRY\A\{da61bfac-b4fc-caaf-f816-a45111765321}\Root\InventoryApplicationFile\upfc.exe|5e5b940356e40b74\BinProductVersion</Data>
    <Data Name="Details">10.0.19041.1</Data>
    <Data Name="User">NT AUTHORITY\SYSTEM</Data>
  </EventData>
</Event>
Record 276
<?xml version="1.0" encoding="utf-8"?>
<Event xmlns="http://schemas.microsoft.com/win/2004/08/events/event">
  <System>
    <Provider Name="Microsoft-Windows-Sysmon" Guid="5770385F-C22A-43E0-BF4C-06F5698FFBD9">
    </Provider>
    <EventID>13</EventID>
    <Version>2</Version>
    <Level>4</Level>
    <Task>13</Task>
    <Opcode>0</Opcode>
    <Keywords>0x8000000000000000</Keywords>
    <TimeCreated SystemTime="2026-06-05T04:36:22.147926Z">
    </TimeCreated>
    <EventRecordID>276</EventRecordID>
    <Correlation>
    </Correlation>
    <Execution ProcessID="3064" ThreadID="5012">
    </Execution>
    <Channel>Microsoft-Windows-Sysmon/Operational</Channel>
    <Computer>DESKTOP-LGT6HFQ</Computer>
    <Security UserID="S-1-5-18">
    </Security>
  </System>
  <EventData>
    <Data Name="RuleName">T1122</Data>
    <Data Name="EventType">SetValue</Data>
    <Data Name="UtcTime">2026-06-05 04:36:22.131</Data>
    <Data Name="ProcessGuid">AA26E6DE-523E-6A22-5400-000000001100</Data>
    <Data Name="ProcessId">2308</Data>
    <Data Name="Image">C:\ProgramData\Microsoft\Windows Defender\platform\4.18.26040.7-0\MsMpEng.exe</Data>
    <Data Name="TargetObject">HKCR\CLSID\{2DCD7FDB-8809-48E4-8E4F-3157C57CF987}\InprocServer32\(Default)</Data>
    <Data Name="Details">C:\ProgramData\Microsoft\Windows Defender\platform\4.18.26040.7-0\MPUXAGENT.DLL</Data>
    <Data Name="User">NT AUTHORITY\SYSTEM</Data>
  </EventData>
</Event>
Record 277
<?xml version="1.0" encoding="utf-8"?>
<Event xmlns="http://schemas.microsoft.com/win/2004/08/events/event">
  <System>
    <Provider Name="Microsoft-Windows-Sysmon" Guid="5770385F-C22A-43E0-BF4C-06F5698FFBD9">
    </Provider>
    <EventID>13</EventID>
    <Version>2</Version>
    <Level>4</Level>
    <Task>13</Task>
    <Opcode>0</Opcode>
    <Keywords>0x8000000000000000</Keywords>
    <TimeCreated SystemTime="2026-06-05T04:36:22.149745Z">
    </TimeCreated>
    <EventRecordID>277</EventRecordID>
    <Correlation>
    </Correlation>
    <Execution ProcessID="3064" ThreadID="5012">
    </Execution>
    <Channel>Microsoft-Windows-Sysmon/Operational</Channel>
    <Computer>DESKTOP-LGT6HFQ</Computer>
    <Security UserID="S-1-5-18">
    </Security>
  </System>
  <EventData>
    <Data Name="RuleName">T1122</Data>
    <Data Name="EventType">SetValue</Data>
    <Data Name="UtcTime">2026-06-05 04:36:22.147</Data>
    <Data Name="ProcessGuid">AA26E6DE-523E-6A22-5400-000000001100</Data>
    <Data Name="ProcessId">2308</Data>
    <Data Name="Image">C:\ProgramData\Microsoft\Windows Defender\platform\4.18.26040.7-0\MsMpEng.exe</Data>
    <Data Name="TargetObject">HKCR\CLSID\{4DB116D1-9B24-4DFC-946B-BFE03E852002}\InProcServer32\(Default)</Data>
    <Data Name="Details">C:\ProgramData\Microsoft\Windows Defender\platform\4.18.26040.7-0\MPUXAGENT.DLL</Data>
    <Data Name="User">NT AUTHORITY\SYSTEM</Data>
  </EventData>
</Event>
Record 278
<?xml version="1.0" encoding="utf-8"?>
<Event xmlns="http://schemas.microsoft.com/win/2004/08/events/event">
  <System>
    <Provider Name="Microsoft-Windows-Sysmon" Guid="5770385F-C22A-43E0-BF4C-06F5698FFBD9">
    </Provider>
    <EventID>13</EventID>
    <Version>2</Version>
    <Level>4</Level>
    <Task>13</Task>
    <Opcode>0</Opcode>
    <Keywords>0x8000000000000000</Keywords>
    <TimeCreated SystemTime="2026-06-05T04:36:22.150955Z">
    </TimeCreated>
    <EventRecordID>278</EventRecordID>
    <Correlation>
    </Correlation>
    <Execution ProcessID="3064" ThreadID="5012">
    </Execution>
    <Channel>Microsoft-Windows-Sysmon/Operational</Channel>
    <Computer>DESKTOP-LGT6HFQ</Computer>
    <Security UserID="S-1-5-18">
    </Security>
  </System>
  <EventData>
    <Data Name="RuleName">T1031,T1050</Data>
    <Data Name="EventType">SetValue</Data>
    <Data Name="UtcTime">2026-06-05 04:36:22.147</Data>
    <Data Name="ProcessGuid">AA26E6DE-523A-6A22-0B00-000000001100</Data>
    <Data Name="ProcessId">648</Data>
    <Data Name="Image">C:\Windows\system32\services.exe</Data>
    <Data Name="TargetObject">HKLM\System\CurrentControlSet\Services\MDCoreSvc\Start</Data>
    <Data Name="Details">DWORD (0x00000002)</Data>
    <Data Name="User">NT AUTHORITY\SYSTEM</Data>
  </EventData>
</Event>
Record 279
<?xml version="1.0" encoding="utf-8"?>
<Event xmlns="http://schemas.microsoft.com/win/2004/08/events/event">
  <System>
    <Provider Name="Microsoft-Windows-Sysmon" Guid="5770385F-C22A-43E0-BF4C-06F5698FFBD9">
    </Provider>
    <EventID>13</EventID>
    <Version>2</Version>
    <Level>4</Level>
    <Task>13</Task>
    <Opcode>0</Opcode>
    <Keywords>0x8000000000000000</Keywords>
    <TimeCreated SystemTime="2026-06-05T04:36:22.189257Z">
    </TimeCreated>
    <EventRecordID>279</EventRecordID>
    <Correlation>
    </Correlation>
    <Execution ProcessID="3064" ThreadID="5012">
    </Execution>
    <Channel>Microsoft-Windows-Sysmon/Operational</Channel>
    <Computer>DESKTOP-LGT6HFQ</Computer>
    <Security UserID="S-1-5-18">
    </Security>
  </System>
  <EventData>
    <Data Name="RuleName">-</Data>
    <Data Name="EventType">SetValue</Data>
    <Data Name="UtcTime">2026-06-05 04:36:22.178</Data>
    <Data Name="ProcessGuid">AA26E6DE-523E-6A22-5400-000000001100</Data>
    <Data Name="ProcessId">2308</Data>
    <Data Name="Image">C:\ProgramData\Microsoft\Windows Defender\platform\4.18.26040.7-0\MsMpEng.exe</Data>
    <Data Name="TargetObject">HKCR\*\shellex\ContextMenuHandlers\EPP\(Default)</Data>
    <Data Name="Details">{09A47860-11B0-4DA5-AFA5-26D86198A780}</Data>
    <Data Name="User">NT AUTHORITY\SYSTEM</Data>
  </EventData>
</Event>
Record 280
<?xml version="1.0" encoding="utf-8"?>
<Event xmlns="http://schemas.microsoft.com/win/2004/08/events/event">
  <System>
    <Provider Name="Microsoft-Windows-Sysmon" Guid="5770385F-C22A-43E0-BF4C-06F5698FFBD9">
    </Provider>
    <EventID>13</EventID>
    <Version>2</Version>
    <Level>4</Level>
    <Task>13</Task>
    <Opcode>0</Opcode>
    <Keywords>0x8000000000000000</Keywords>
    <TimeCreated SystemTime="2026-06-05T04:36:22.189283Z">
    </TimeCreated>
    <EventRecordID>280</EventRecordID>
    <Correlation>
    </Correlation>
    <Execution ProcessID="3064" ThreadID="5012">
    </Execution>
    <Channel>Microsoft-Windows-Sysmon/Operational</Channel>
    <Computer>DESKTOP-LGT6HFQ</Computer>
    <Security UserID="S-1-5-18">
    </Security>
  </System>
  <EventData>
    <Data Name="RuleName">-</Data>
    <Data Name="EventType">SetValue</Data>
    <Data Name="UtcTime">2026-06-05 04:36:22.178</Data>
    <Data Name="ProcessGuid">AA26E6DE-523E-6A22-5400-000000001100</Data>
    <Data Name="ProcessId">2308</Data>
    <Data Name="Image">C:\ProgramData\Microsoft\Windows Defender\platform\4.18.26040.7-0\MsMpEng.exe</Data>
    <Data Name="TargetObject">HKCR\Drive\shellex\ContextMenuHandlers\EPP\(Default)</Data>
    <Data Name="Details">{09A47860-11B0-4DA5-AFA5-26D86198A780}</Data>
    <Data Name="User">NT AUTHORITY\SYSTEM</Data>
  </EventData>
</Event>
