Record 281
<?xml version="1.0" encoding="utf-8"?>
<Event xmlns="http://schemas.microsoft.com/win/2004/08/events/event">
  <System>
    <Provider Name="Microsoft-Windows-Sysmon" Guid="5770385F-C22A-43E0-BF4C-06F5698FFBD9">
    </Provider>
    <EventID>13</EventID>
    <Version>2</Version>
    <Level>4</Level>
    <Task>13</Task>
    <Opcode>0</Opcode>
    <Keywords>0x8000000000000000</Keywords>
    <TimeCreated SystemTime="2026-06-05T04:36:22.189303Z">
    </TimeCreated>
    <EventRecordID>281</EventRecordID>
    <Correlation>
    </Correlation>
    <Execution ProcessID="3064" ThreadID="5012">
    </Execution>
    <Channel>Microsoft-Windows-Sysmon/Operational</Channel>
    <Computer>DESKTOP-LGT6HFQ</Computer>
    <Security UserID="S-1-5-18">
    </Security>
  </System>
  <EventData>
    <Data Name="RuleName">-</Data>
    <Data Name="EventType">SetValue</Data>
    <Data Name="UtcTime">2026-06-05 04:36:22.178</Data>
    <Data Name="ProcessGuid">AA26E6DE-523E-6A22-5400-000000001100</Data>
    <Data Name="ProcessId">2308</Data>
    <Data Name="Image">C:\ProgramData\Microsoft\Windows Defender\platform\4.18.26040.7-0\MsMpEng.exe</Data>
    <Data Name="TargetObject">HKCR\Directory\shellex\ContextMenuHandlers\EPP\(Default)</Data>
    <Data Name="Details">{09A47860-11B0-4DA5-AFA5-26D86198A780}</Data>
    <Data Name="User">NT AUTHORITY\SYSTEM</Data>
  </EventData>
</Event>
Record 282
<?xml version="1.0" encoding="utf-8"?>
<Event xmlns="http://schemas.microsoft.com/win/2004/08/events/event">
  <System>
    <Provider Name="Microsoft-Windows-Sysmon" Guid="5770385F-C22A-43E0-BF4C-06F5698FFBD9">
    </Provider>
    <EventID>13</EventID>
    <Version>2</Version>
    <Level>4</Level>
    <Task>13</Task>
    <Opcode>0</Opcode>
    <Keywords>0x8000000000000000</Keywords>
    <TimeCreated SystemTime="2026-06-05T04:36:22.189322Z">
    </TimeCreated>
    <EventRecordID>282</EventRecordID>
    <Correlation>
    </Correlation>
    <Execution ProcessID="3064" ThreadID="5012">
    </Execution>
    <Channel>Microsoft-Windows-Sysmon/Operational</Channel>
    <Computer>DESKTOP-LGT6HFQ</Computer>
    <Security UserID="S-1-5-18">
    </Security>
  </System>
  <EventData>
    <Data Name="RuleName">-</Data>
    <Data Name="EventType">SetValue</Data>
    <Data Name="UtcTime">2026-06-05 04:36:22.178</Data>
    <Data Name="ProcessGuid">AA26E6DE-523E-6A22-5400-000000001100</Data>
    <Data Name="ProcessId">2308</Data>
    <Data Name="Image">C:\ProgramData\Microsoft\Windows Defender\platform\4.18.26040.7-0\MsMpEng.exe</Data>
    <Data Name="TargetObject">HKCR\.msix\ShellEx\ContextMenuHandlers\EPP\(Default)</Data>
    <Data Name="Details">{09A47860-11B0-4DA5-AFA5-26D86198A780}</Data>
    <Data Name="User">NT AUTHORITY\SYSTEM</Data>
  </EventData>
</Event>
Record 283
<?xml version="1.0" encoding="utf-8"?>
<Event xmlns="http://schemas.microsoft.com/win/2004/08/events/event">
  <System>
    <Provider Name="Microsoft-Windows-Sysmon" Guid="5770385F-C22A-43E0-BF4C-06F5698FFBD9">
    </Provider>
    <EventID>13</EventID>
    <Version>2</Version>
    <Level>4</Level>
    <Task>13</Task>
    <Opcode>0</Opcode>
    <Keywords>0x8000000000000000</Keywords>
    <TimeCreated SystemTime="2026-06-05T04:36:22.189340Z">
    </TimeCreated>
    <EventRecordID>283</EventRecordID>
    <Correlation>
    </Correlation>
    <Execution ProcessID="3064" ThreadID="5012">
    </Execution>
    <Channel>Microsoft-Windows-Sysmon/Operational</Channel>
    <Computer>DESKTOP-LGT6HFQ</Computer>
    <Security UserID="S-1-5-18">
    </Security>
  </System>
  <EventData>
    <Data Name="RuleName">-</Data>
    <Data Name="EventType">SetValue</Data>
    <Data Name="UtcTime">2026-06-05 04:36:22.178</Data>
    <Data Name="ProcessGuid">AA26E6DE-523E-6A22-5400-000000001100</Data>
    <Data Name="ProcessId">2308</Data>
    <Data Name="Image">C:\ProgramData\Microsoft\Windows Defender\platform\4.18.26040.7-0\MsMpEng.exe</Data>
    <Data Name="TargetObject">HKCR\.appx\ShellEx\ContextMenuHandlers\EPP\(Default)</Data>
    <Data Name="Details">{09A47860-11B0-4DA5-AFA5-26D86198A780}</Data>
    <Data Name="User">NT AUTHORITY\SYSTEM</Data>
  </EventData>
</Event>
Record 284
<?xml version="1.0" encoding="utf-8"?>
<Event xmlns="http://schemas.microsoft.com/win/2004/08/events/event">
  <System>
    <Provider Name="Microsoft-Windows-Sysmon" Guid="5770385F-C22A-43E0-BF4C-06F5698FFBD9">
    </Provider>
    <EventID>13</EventID>
    <Version>2</Version>
    <Level>4</Level>
    <Task>13</Task>
    <Opcode>0</Opcode>
    <Keywords>0x8000000000000000</Keywords>
    <TimeCreated SystemTime="2026-06-05T04:36:22.189359Z">
    </TimeCreated>
    <EventRecordID>284</EventRecordID>
    <Correlation>
    </Correlation>
    <Execution ProcessID="3064" ThreadID="5012">
    </Execution>
    <Channel>Microsoft-Windows-Sysmon/Operational</Channel>
    <Computer>DESKTOP-LGT6HFQ</Computer>
    <Security UserID="S-1-5-18">
    </Security>
  </System>
  <EventData>
    <Data Name="RuleName">-</Data>
    <Data Name="EventType">SetValue</Data>
    <Data Name="UtcTime">2026-06-05 04:36:22.178</Data>
    <Data Name="ProcessGuid">AA26E6DE-523E-6A22-5400-000000001100</Data>
    <Data Name="ProcessId">2308</Data>
    <Data Name="Image">C:\ProgramData\Microsoft\Windows Defender\platform\4.18.26040.7-0\MsMpEng.exe</Data>
    <Data Name="TargetObject">HKCR\.msixbundle\ShellEx\ContextMenuHandlers\EPP\(Default)</Data>
    <Data Name="Details">{09A47860-11B0-4DA5-AFA5-26D86198A780}</Data>
    <Data Name="User">NT AUTHORITY\SYSTEM</Data>
  </EventData>
</Event>
Record 285
<?xml version="1.0" encoding="utf-8"?>
<Event xmlns="http://schemas.microsoft.com/win/2004/08/events/event">
  <System>
    <Provider Name="Microsoft-Windows-Sysmon" Guid="5770385F-C22A-43E0-BF4C-06F5698FFBD9">
    </Provider>
    <EventID>13</EventID>
    <Version>2</Version>
    <Level>4</Level>
    <Task>13</Task>
    <Opcode>0</Opcode>
    <Keywords>0x8000000000000000</Keywords>
    <TimeCreated SystemTime="2026-06-05T04:36:22.189378Z">
    </TimeCreated>
    <EventRecordID>285</EventRecordID>
    <Correlation>
    </Correlation>
    <Execution ProcessID="3064" ThreadID="5012">
    </Execution>
    <Channel>Microsoft-Windows-Sysmon/Operational</Channel>
    <Computer>DESKTOP-LGT6HFQ</Computer>
    <Security UserID="S-1-5-18">
    </Security>
  </System>
  <EventData>
    <Data Name="RuleName">-</Data>
    <Data Name="EventType">SetValue</Data>
    <Data Name="UtcTime">2026-06-05 04:36:22.178</Data>
    <Data Name="ProcessGuid">AA26E6DE-523E-6A22-5400-000000001100</Data>
    <Data Name="ProcessId">2308</Data>
    <Data Name="Image">C:\ProgramData\Microsoft\Windows Defender\platform\4.18.26040.7-0\MsMpEng.exe</Data>
    <Data Name="TargetObject">HKCR\.appxbundle\ShellEx\ContextMenuHandlers\EPP\(Default)</Data>
    <Data Name="Details">{09A47860-11B0-4DA5-AFA5-26D86198A780}</Data>
    <Data Name="User">NT AUTHORITY\SYSTEM</Data>
  </EventData>
</Event>
Record 286
<?xml version="1.0" encoding="utf-8"?>
<Event xmlns="http://schemas.microsoft.com/win/2004/08/events/event">
  <System>
    <Provider Name="Microsoft-Windows-Sysmon" Guid="5770385F-C22A-43E0-BF4C-06F5698FFBD9">
    </Provider>
    <EventID>1</EventID>
    <Version>5</Version>
    <Level>4</Level>
    <Task>1</Task>
    <Opcode>0</Opcode>
    <Keywords>0x8000000000000000</Keywords>
    <TimeCreated SystemTime="2026-06-05T04:36:22.589475Z">
    </TimeCreated>
    <EventRecordID>286</EventRecordID>
    <Correlation>
    </Correlation>
    <Execution ProcessID="3064" ThreadID="5012">
    </Execution>
    <Channel>Microsoft-Windows-Sysmon/Operational</Channel>
    <Computer>DESKTOP-LGT6HFQ</Computer>
    <Security UserID="S-1-5-18">
    </Security>
  </System>
  <EventData>
    <Data Name="RuleName">-</Data>
    <Data Name="UtcTime">2026-06-05 04:36:22.588</Data>
    <Data Name="ProcessGuid">AA26E6DE-5246-6A22-9A00-000000001100</Data>
    <Data Name="ProcessId">6880</Data>
    <Data Name="Image">C:\Program Files (x86)\Microsoft\EdgeUpdate\MicrosoftEdgeUpdate.exe</Data>
    <Data Name="FileVersion">1.3.233.3</Data>
    <Data Name="Description">Microsoft Edge Update</Data>
    <Data Name="Product">Microsoft Edge Update</Data>
    <Data Name="Company">Microsoft Corporation</Data>
    <Data Name="OriginalFileName">MicrosoftEdgeUpdate.exe</Data>
    <Data Name="CommandLine">&quot;C:\Program Files (x86)\Microsoft\EdgeUpdate\MicrosoftEdgeUpdate.exe&quot; /ua /installsource core</Data>
    <Data Name="CurrentDirectory">C:\Program Files (x86)\Microsoft\EdgeUpdate\1.3.237.7\</Data>
    <Data Name="User">NT AUTHORITY\SYSTEM</Data>
    <Data Name="LogonGuid">AA26E6DE-523A-6A22-E703-000000000000</Data>
    <Data Name="LogonId">0x3e7</Data>
    <Data Name="TerminalSessionId">0</Data>
    <Data Name="IntegrityLevel">System</Data>
    <Data Name="Hashes">MD5=7A87637CC4D114EA49A30323FEB799F1,SHA256=A8FFAB0B134E177655DD255F9B05296BB5CA7C40C5C1A2157DB81FC68B350FFD,IMPHASH=CD3B2D99C6655A5D4A14E30E380F5BF9</Data>
    <Data Name="ParentProcessGuid">AA26E6DE-5243-6A22-8000-000000001100</Data>
    <Data Name="ParentProcessId">1348</Data>
    <Data Name="ParentImage">C:\Program Files (x86)\Microsoft\EdgeUpdate\MicrosoftEdgeUpdate.exe</Data>
    <Data Name="ParentCommandLine">&quot;C:\Program Files (x86)\Microsoft\EdgeUpdate\MicrosoftEdgeUpdate.exe&quot; /c</Data>
    <Data Name="ParentUser">NT AUTHORITY\SYSTEM</Data>
  </EventData>
</Event>
Record 287
<?xml version="1.0" encoding="utf-8"?>
<Event xmlns="http://schemas.microsoft.com/win/2004/08/events/event">
  <System>
    <Provider Name="Microsoft-Windows-Sysmon" Guid="5770385F-C22A-43E0-BF4C-06F5698FFBD9">
    </Provider>
    <EventID>22</EventID>
    <Version>5</Version>
    <Level>4</Level>
    <Task>22</Task>
    <Opcode>0</Opcode>
    <Keywords>0x8000000000000000</Keywords>
    <TimeCreated SystemTime="2026-06-05T04:36:23.056094Z">
    </TimeCreated>
    <EventRecordID>287</EventRecordID>
    <Correlation>
    </Correlation>
    <Execution ProcessID="3064" ThreadID="5168">
    </Execution>
    <Channel>Microsoft-Windows-Sysmon/Operational</Channel>
    <Computer>DESKTOP-LGT6HFQ</Computer>
    <Security UserID="S-1-5-18">
    </Security>
  </System>
  <EventData>
    <Data Name="RuleName">-</Data>
    <Data Name="UtcTime">2026-06-05 04:36:22.484</Data>
    <Data Name="ProcessGuid">AA26E6DE-5243-6A22-7B00-000000001100</Data>
    <Data Name="ProcessId">6092</Data>
    <Data Name="QueryName">cdn.onenote.net</Data>
    <Data Name="QueryStatus">0</Data>
    <Data Name="QueryResults">type:  5 cdn.onenote.net.edgekey.net;type:  5 e1553.dspg.akamaiedge.net;::ffff:23.201.156.55;</Data>
    <Data Name="Image">C:\Windows\System32\svchost.exe</Data>
    <Data Name="User">DESKTOP-LGT6HFQ\ligac</Data>
  </EventData>
</Event>
Record 288
<?xml version="1.0" encoding="utf-8"?>
<Event xmlns="http://schemas.microsoft.com/win/2004/08/events/event">
  <System>
    <Provider Name="Microsoft-Windows-Sysmon" Guid="5770385F-C22A-43E0-BF4C-06F5698FFBD9">
    </Provider>
    <EventID>1</EventID>
    <Version>5</Version>
    <Level>4</Level>
    <Task>1</Task>
    <Opcode>0</Opcode>
    <Keywords>0x8000000000000000</Keywords>
    <TimeCreated SystemTime="2026-06-05T04:36:23.680112Z">
    </TimeCreated>
    <EventRecordID>288</EventRecordID>
    <Correlation>
    </Correlation>
    <Execution ProcessID="3064" ThreadID="5012">
    </Execution>
    <Channel>Microsoft-Windows-Sysmon/Operational</Channel>
    <Computer>DESKTOP-LGT6HFQ</Computer>
    <Security UserID="S-1-5-18">
    </Security>
  </System>
  <EventData>
    <Data Name="RuleName">-</Data>
    <Data Name="UtcTime">2026-06-05 04:36:23.677</Data>
    <Data Name="ProcessGuid">AA26E6DE-5247-6A22-9B00-000000001100</Data>
    <Data Name="ProcessId">2364</Data>
    <Data Name="Image">C:\Windows\System32\svchost.exe</Data>
    <Data Name="FileVersion">10.0.19041.5794 (WinBuild.160101.0800)</Data>
    <Data Name="Description">Host Process for Windows Services</Data>
    <Data Name="Product">Microsoft® Windows® Operating System</Data>
    <Data Name="Company">Microsoft Corporation</Data>
    <Data Name="OriginalFileName">svchost.exe</Data>
    <Data Name="CommandLine">C:\Windows\system32\svchost.exe -k ClipboardSvcGroup -p -s cbdhsvc</Data>
    <Data Name="CurrentDirectory">C:\Windows\system32\</Data>
    <Data Name="User">DESKTOP-LGT6HFQ\ligac</Data>
    <Data Name="LogonGuid">AA26E6DE-523C-6A22-3CB2-010000000000</Data>
    <Data Name="LogonId">0x1b23c</Data>
    <Data Name="TerminalSessionId">1</Data>
    <Data Name="IntegrityLevel">Medium</Data>
    <Data Name="Hashes">MD5=3D1034D6ED3DAED60816A25C561E8C83,SHA256=B0B36BFF7AE4057F687D839CD4B3D81159AB646F1EE1B22106A927E93DECBB61,IMPHASH=F9BBD96FAE53B7A31264A703CAFA0666</Data>
    <Data Name="ParentProcessGuid">AA26E6DE-523A-6A22-0B00-000000001100</Data>
    <Data Name="ParentProcessId">648</Data>
    <Data Name="ParentImage">C:\Windows\System32\services.exe</Data>
    <Data Name="ParentCommandLine">C:\Windows\system32\services.exe</Data>
    <Data Name="ParentUser">NT AUTHORITY\SYSTEM</Data>
  </EventData>
</Event>
Record 289
<?xml version="1.0" encoding="utf-8"?>
<Event xmlns="http://schemas.microsoft.com/win/2004/08/events/event">
  <System>
    <Provider Name="Microsoft-Windows-Sysmon" Guid="5770385F-C22A-43E0-BF4C-06F5698FFBD9">
    </Provider>
    <EventID>1</EventID>
    <Version>5</Version>
    <Level>4</Level>
    <Task>1</Task>
    <Opcode>0</Opcode>
    <Keywords>0x8000000000000000</Keywords>
    <TimeCreated SystemTime="2026-06-05T04:36:24.981561Z">
    </TimeCreated>
    <EventRecordID>289</EventRecordID>
    <Correlation>
    </Correlation>
    <Execution ProcessID="3064" ThreadID="5012">
    </Execution>
    <Channel>Microsoft-Windows-Sysmon/Operational</Channel>
    <Computer>DESKTOP-LGT6HFQ</Computer>
    <Security UserID="S-1-5-18">
    </Security>
  </System>
  <EventData>
    <Data Name="RuleName">-</Data>
    <Data Name="UtcTime">2026-06-05 04:36:24.961</Data>
    <Data Name="ProcessGuid">AA26E6DE-5248-6A22-9E00-000000001100</Data>
    <Data Name="ProcessId">7328</Data>
    <Data Name="Image">C:\Windows\System32\slui.exe</Data>
    <Data Name="FileVersion">10.0.19041.6456 (WinBuild.160101.0800)</Data>
    <Data Name="Description">Windows Activation Client</Data>
    <Data Name="Product">Microsoft® Windows® Operating System</Data>
    <Data Name="Company">Microsoft Corporation</Data>
    <Data Name="OriginalFileName">slui.exe</Data>
    <Data Name="CommandLine">&quot;C:\Windows\System32\SLUI.exe&quot; RuleId=31e71c49-8da7-4a2f-ad92-45d98a1c79ba;Action=AutoActivate;AppId=55c92734-d682-4d71-983e-d6ec3f16059f;SkuId=2b1f36bb-c1cd-4306-bf5c-a0367c2d97d8;NotificationInterval=1440;Trigger=UserLogon;SessionId=1</Data>
    <Data Name="CurrentDirectory">C:\Windows\system32\</Data>
    <Data Name="User">NT AUTHORITY\NETWORK SERVICE</Data>
    <Data Name="LogonGuid">AA26E6DE-523B-6A22-E403-000000000000</Data>
    <Data Name="LogonId">0x3e4</Data>
    <Data Name="TerminalSessionId">0</Data>
    <Data Name="IntegrityLevel">System</Data>
    <Data Name="Hashes">MD5=FD0711FA8686860690BC87B8E5052848,SHA256=DB82AAAC88797176B14C921C20B031F3F7710BC8086D223960BF63A10F8CCA83,IMPHASH=F8B84614B23D2E435258EEC719D54B42</Data>
    <Data Name="ParentProcessGuid">AA26E6DE-5248-6A22-9D00-000000001100</Data>
    <Data Name="ParentProcessId">7268</Data>
    <Data Name="ParentImage">C:\Windows\System32\SppExtComObj.Exe</Data>
    <Data Name="ParentCommandLine">C:\Windows\system32\SppExtComObj.exe -Embedding</Data>
    <Data Name="ParentUser">NT AUTHORITY\NETWORK SERVICE</Data>
  </EventData>
</Event>
Record 290
<?xml version="1.0" encoding="utf-8"?>
<Event xmlns="http://schemas.microsoft.com/win/2004/08/events/event">
  <System>
    <Provider Name="Microsoft-Windows-Sysmon" Guid="5770385F-C22A-43E0-BF4C-06F5698FFBD9">
    </Provider>
    <EventID>1</EventID>
    <Version>5</Version>
    <Level>4</Level>
    <Task>1</Task>
    <Opcode>0</Opcode>
    <Keywords>0x8000000000000000</Keywords>
    <TimeCreated SystemTime="2026-06-05T04:36:26.464015Z">
    </TimeCreated>
    <EventRecordID>290</EventRecordID>
    <Correlation>
    </Correlation>
    <Execution ProcessID="3064" ThreadID="5012">
    </Execution>
    <Channel>Microsoft-Windows-Sysmon/Operational</Channel>
    <Computer>DESKTOP-LGT6HFQ</Computer>
    <Security UserID="S-1-5-18">
    </Security>
  </System>
  <EventData>
    <Data Name="RuleName">-</Data>
    <Data Name="UtcTime">2026-06-05 04:36:26.452</Data>
    <Data Name="ProcessGuid">AA26E6DE-524A-6A22-A400-000000001100</Data>
    <Data Name="ProcessId">7744</Data>
    <Data Name="Image">C:\Windows\System32\svchost.exe</Data>
    <Data Name="FileVersion">10.0.19041.5794 (WinBuild.160101.0800)</Data>
    <Data Name="Description">Host Process for Windows Services</Data>
    <Data Name="Product">Microsoft® Windows® Operating System</Data>
    <Data Name="Company">Microsoft Corporation</Data>
    <Data Name="OriginalFileName">svchost.exe</Data>
    <Data Name="CommandLine">C:\Windows\system32\svchost.exe -k netsvcs -p -s lfsvc</Data>
    <Data Name="CurrentDirectory">C:\Windows\system32\</Data>
    <Data Name="User">NT AUTHORITY\SYSTEM</Data>
    <Data Name="LogonGuid">AA26E6DE-523A-6A22-E703-000000000000</Data>
    <Data Name="LogonId">0x3e7</Data>
    <Data Name="TerminalSessionId">0</Data>
    <Data Name="IntegrityLevel">System</Data>
    <Data Name="Hashes">MD5=3D1034D6ED3DAED60816A25C561E8C83,SHA256=B0B36BFF7AE4057F687D839CD4B3D81159AB646F1EE1B22106A927E93DECBB61,IMPHASH=F9BBD96FAE53B7A31264A703CAFA0666</Data>
    <Data Name="ParentProcessGuid">AA26E6DE-523A-6A22-0B00-000000001100</Data>
    <Data Name="ParentProcessId">648</Data>
    <Data Name="ParentImage">C:\Windows\System32\services.exe</Data>
    <Data Name="ParentCommandLine">C:\Windows\system32\services.exe</Data>
    <Data Name="ParentUser">NT AUTHORITY\SYSTEM</Data>
  </EventData>
</Event>
Record 291
<?xml version="1.0" encoding="utf-8"?>
<Event xmlns="http://schemas.microsoft.com/win/2004/08/events/event">
  <System>
    <Provider Name="Microsoft-Windows-Sysmon" Guid="5770385F-C22A-43E0-BF4C-06F5698FFBD9">
    </Provider>
    <EventID>1</EventID>
    <Version>5</Version>
    <Level>4</Level>
    <Task>1</Task>
    <Opcode>0</Opcode>
    <Keywords>0x8000000000000000</Keywords>
    <TimeCreated SystemTime="2026-06-05T04:36:31.839764Z">
    </TimeCreated>
    <EventRecordID>291</EventRecordID>
    <Correlation>
    </Correlation>
    <Execution ProcessID="3064" ThreadID="5012">
    </Execution>
    <Channel>Microsoft-Windows-Sysmon/Operational</Channel>
    <Computer>DESKTOP-LGT6HFQ</Computer>
    <Security UserID="S-1-5-18">
    </Security>
  </System>
  <EventData>
    <Data Name="RuleName">-</Data>
    <Data Name="UtcTime">2026-06-05 04:36:31.835</Data>
    <Data Name="ProcessGuid">AA26E6DE-524F-6A22-AE00-000000001100</Data>
    <Data Name="ProcessId">9164</Data>
    <Data Name="Image">C:\Windows\servicing\TrustedInstaller.exe</Data>
    <Data Name="FileVersion">10.0.19041.6033 (WinBuild.160101.0800)</Data>
    <Data Name="Description">Windows Modules Installer</Data>
    <Data Name="Product">Microsoft® Windows® Operating System</Data>
    <Data Name="Company">Microsoft Corporation</Data>
    <Data Name="OriginalFileName">TrustedInstaller.exe</Data>
    <Data Name="CommandLine">C:\Windows\servicing\TrustedInstaller.exe</Data>
    <Data Name="CurrentDirectory">C:\Windows\system32\</Data>
    <Data Name="User">NT AUTHORITY\SYSTEM</Data>
    <Data Name="LogonGuid">AA26E6DE-523A-6A22-E703-000000000000</Data>
    <Data Name="LogonId">0x3e7</Data>
    <Data Name="TerminalSessionId">0</Data>
    <Data Name="IntegrityLevel">System</Data>
    <Data Name="Hashes">MD5=7AD303939D1A9FECD6ECADD773B4ADEF,SHA256=4A91D438B383AFAAB9015C6A4C5BDAD04EF4A3FDF010FCC2433EED7AA471F311,IMPHASH=0573E2F86BB45402DB86E0CB5DC66EDC</Data>
    <Data Name="ParentProcessGuid">AA26E6DE-523A-6A22-0B00-000000001100</Data>
    <Data Name="ParentProcessId">648</Data>
    <Data Name="ParentImage">C:\Windows\System32\services.exe</Data>
    <Data Name="ParentCommandLine">C:\Windows\system32\services.exe</Data>
    <Data Name="ParentUser">NT AUTHORITY\SYSTEM</Data>
  </EventData>
</Event>
Record 292
<?xml version="1.0" encoding="utf-8"?>
<Event xmlns="http://schemas.microsoft.com/win/2004/08/events/event">
  <System>
    <Provider Name="Microsoft-Windows-Sysmon" Guid="5770385F-C22A-43E0-BF4C-06F5698FFBD9">
    </Provider>
    <EventID>1</EventID>
    <Version>5</Version>
    <Level>4</Level>
    <Task>1</Task>
    <Opcode>0</Opcode>
    <Keywords>0x8000000000000000</Keywords>
    <TimeCreated SystemTime="2026-06-05T04:36:31.907561Z">
    </TimeCreated>
    <EventRecordID>292</EventRecordID>
    <Correlation>
    </Correlation>
    <Execution ProcessID="3064" ThreadID="5012">
    </Execution>
    <Channel>Microsoft-Windows-Sysmon/Operational</Channel>
    <Computer>DESKTOP-LGT6HFQ</Computer>
    <Security UserID="S-1-5-18">
    </Security>
  </System>
  <EventData>
    <Data Name="RuleName">-</Data>
    <Data Name="UtcTime">2026-06-05 04:36:31.904</Data>
    <Data Name="ProcessGuid">AA26E6DE-524F-6A22-AF00-000000001100</Data>
    <Data Name="ProcessId">9200</Data>
    <Data Name="Image">C:\Windows\WinSxS\amd64_microsoft-windows-servicingstack_31bf3856ad364e35_10.0.19041.6449_none_7e0d59887c8e1467\TiWorker.exe</Data>
    <Data Name="FileVersion">10.0.19041.6449 (WinBuild.160101.0800)</Data>
    <Data Name="Description">Windows Modules Installer Worker</Data>
    <Data Name="Product">Microsoft® Windows® Operating System</Data>
    <Data Name="Company">Microsoft Corporation</Data>
    <Data Name="OriginalFileName">TiWorker.exe</Data>
    <Data Name="CommandLine">C:\Windows\winsxs\amd64_microsoft-windows-servicingstack_31bf3856ad364e35_10.0.19041.6449_none_7e0d59887c8e1467\TiWorker.exe -Embedding</Data>
    <Data Name="CurrentDirectory">C:\Windows\system32\</Data>
    <Data Name="User">NT AUTHORITY\SYSTEM</Data>
    <Data Name="LogonGuid">AA26E6DE-523A-6A22-E703-000000000000</Data>
    <Data Name="LogonId">0x3e7</Data>
    <Data Name="TerminalSessionId">0</Data>
    <Data Name="IntegrityLevel">System</Data>
    <Data Name="Hashes">MD5=C814A5844B037DF5271494CE580837B2,SHA256=606D88DADCDE114EEE163B871B88BFB2FFC562D122A6A1102B970E68142A2914,IMPHASH=2409EC1E105B0DDA91B9CEBA0B44162F</Data>
    <Data Name="ParentProcessGuid">AA26E6DE-523B-6A22-0D00-000000001100</Data>
    <Data Name="ParentProcessId">772</Data>
    <Data Name="ParentImage">C:\Windows\System32\svchost.exe</Data>
    <Data Name="ParentCommandLine">C:\Windows\system32\svchost.exe -k DcomLaunch -p</Data>
    <Data Name="ParentUser">NT AUTHORITY\SYSTEM</Data>
  </EventData>
</Event>
Record 293
<?xml version="1.0" encoding="utf-8"?>
<Event xmlns="http://schemas.microsoft.com/win/2004/08/events/event">
  <System>
    <Provider Name="Microsoft-Windows-Sysmon" Guid="5770385F-C22A-43E0-BF4C-06F5698FFBD9">
    </Provider>
    <EventID>1</EventID>
    <Version>5</Version>
    <Level>4</Level>
    <Task>1</Task>
    <Opcode>0</Opcode>
    <Keywords>0x8000000000000000</Keywords>
    <TimeCreated SystemTime="2026-06-05T04:36:32.129352Z">
    </TimeCreated>
    <EventRecordID>293</EventRecordID>
    <Correlation>
    </Correlation>
    <Execution ProcessID="3064" ThreadID="5012">
    </Execution>
    <Channel>Microsoft-Windows-Sysmon/Operational</Channel>
    <Computer>DESKTOP-LGT6HFQ</Computer>
    <Security UserID="S-1-5-18">
    </Security>
  </System>
  <EventData>
    <Data Name="RuleName">-</Data>
    <Data Name="UtcTime">2026-06-05 04:36:32.128</Data>
    <Data Name="ProcessGuid">AA26E6DE-5250-6A22-B000-000000001100</Data>
    <Data Name="ProcessId">8588</Data>
    <Data Name="Image">C:\Windows\System32\svchost.exe</Data>
    <Data Name="FileVersion">10.0.19041.5794 (WinBuild.160101.0800)</Data>
    <Data Name="Description">Host Process for Windows Services</Data>
    <Data Name="Product">Microsoft® Windows® Operating System</Data>
    <Data Name="Company">Microsoft Corporation</Data>
    <Data Name="OriginalFileName">svchost.exe</Data>
    <Data Name="CommandLine">C:\Windows\system32\svchost.exe -k netsvcs -p -s UsoSvc</Data>
    <Data Name="CurrentDirectory">C:\Windows\system32\</Data>
    <Data Name="User">NT AUTHORITY\SYSTEM</Data>
    <Data Name="LogonGuid">AA26E6DE-523A-6A22-E703-000000000000</Data>
    <Data Name="LogonId">0x3e7</Data>
    <Data Name="TerminalSessionId">0</Data>
    <Data Name="IntegrityLevel">System</Data>
    <Data Name="Hashes">MD5=3D1034D6ED3DAED60816A25C561E8C83,SHA256=B0B36BFF7AE4057F687D839CD4B3D81159AB646F1EE1B22106A927E93DECBB61,IMPHASH=F9BBD96FAE53B7A31264A703CAFA0666</Data>
    <Data Name="ParentProcessGuid">AA26E6DE-523A-6A22-0B00-000000001100</Data>
    <Data Name="ParentProcessId">648</Data>
    <Data Name="ParentImage">C:\Windows\System32\services.exe</Data>
    <Data Name="ParentCommandLine">C:\Windows\system32\services.exe</Data>
    <Data Name="ParentUser">NT AUTHORITY\SYSTEM</Data>
  </EventData>
</Event>
Record 294
<?xml version="1.0" encoding="utf-8"?>
<Event xmlns="http://schemas.microsoft.com/win/2004/08/events/event">
  <System>
    <Provider Name="Microsoft-Windows-Sysmon" Guid="5770385F-C22A-43E0-BF4C-06F5698FFBD9">
    </Provider>
    <EventID>1</EventID>
    <Version>5</Version>
    <Level>4</Level>
    <Task>1</Task>
    <Opcode>0</Opcode>
    <Keywords>0x8000000000000000</Keywords>
    <TimeCreated SystemTime="2026-06-05T04:36:32.263117Z">
    </TimeCreated>
    <EventRecordID>294</EventRecordID>
    <Correlation>
    </Correlation>
    <Execution ProcessID="3064" ThreadID="5012">
    </Execution>
    <Channel>Microsoft-Windows-Sysmon/Operational</Channel>
    <Computer>DESKTOP-LGT6HFQ</Computer>
    <Security UserID="S-1-5-18">
    </Security>
  </System>
  <EventData>
    <Data Name="RuleName">-</Data>
    <Data Name="UtcTime">2026-06-05 04:36:32.242</Data>
    <Data Name="ProcessGuid">AA26E6DE-5250-6A22-B100-000000001100</Data>
    <Data Name="ProcessId">7208</Data>
    <Data Name="Image">C:\Windows\System32\MoUsoCoreWorker.exe</Data>
    <Data Name="FileVersion">10.0.19041.5848 (WinBuild.160101.0800)</Data>
    <Data Name="Description">MoUSO Core Worker Process</Data>
    <Data Name="Product">Microsoft® Windows® Operating System</Data>
    <Data Name="Company">Microsoft Corporation</Data>
    <Data Name="OriginalFileName">MoUSOCoreWorker.exe</Data>
    <Data Name="CommandLine">C:\Windows\System32\mousocoreworker.exe -Embedding</Data>
    <Data Name="CurrentDirectory">C:\Windows\system32\</Data>
    <Data Name="User">NT AUTHORITY\SYSTEM</Data>
    <Data Name="LogonGuid">AA26E6DE-523A-6A22-E703-000000000000</Data>
    <Data Name="LogonId">0x3e7</Data>
    <Data Name="TerminalSessionId">0</Data>
    <Data Name="IntegrityLevel">System</Data>
    <Data Name="Hashes">MD5=7E1D07B224D243CAC8327577C61F0218,SHA256=6B676785219372F26A109E601BD04C7376A289021616B36AE4CCFABA43EAF4D6,IMPHASH=8668B4C1834A89E3778E45BE48201874</Data>
    <Data Name="ParentProcessGuid">AA26E6DE-523B-6A22-0D00-000000001100</Data>
    <Data Name="ParentProcessId">772</Data>
    <Data Name="ParentImage">C:\Windows\System32\svchost.exe</Data>
    <Data Name="ParentCommandLine">C:\Windows\system32\svchost.exe -k DcomLaunch -p</Data>
    <Data Name="ParentUser">NT AUTHORITY\SYSTEM</Data>
  </EventData>
</Event>
Record 295
<?xml version="1.0" encoding="utf-8"?>
<Event xmlns="http://schemas.microsoft.com/win/2004/08/events/event">
  <System>
    <Provider Name="Microsoft-Windows-Sysmon" Guid="5770385F-C22A-43E0-BF4C-06F5698FFBD9">
    </Provider>
    <EventID>1</EventID>
    <Version>5</Version>
    <Level>4</Level>
    <Task>1</Task>
    <Opcode>0</Opcode>
    <Keywords>0x8000000000000000</Keywords>
    <TimeCreated SystemTime="2026-06-05T04:36:33.122706Z">
    </TimeCreated>
    <EventRecordID>295</EventRecordID>
    <Correlation>
    </Correlation>
    <Execution ProcessID="3064" ThreadID="5012">
    </Execution>
    <Channel>Microsoft-Windows-Sysmon/Operational</Channel>
    <Computer>DESKTOP-LGT6HFQ</Computer>
    <Security UserID="S-1-5-18">
    </Security>
  </System>
  <EventData>
    <Data Name="RuleName">-</Data>
    <Data Name="UtcTime">2026-06-05 04:36:33.112</Data>
    <Data Name="ProcessGuid">AA26E6DE-5251-6A22-B400-000000001100</Data>
    <Data Name="ProcessId">9364</Data>
    <Data Name="Image">C:\Windows\System32\oobe\UserOOBEBroker.exe</Data>
    <Data Name="FileVersion">10.0.19041.5794 (WinBuild.160101.0800)</Data>
    <Data Name="Description">User OOBE Broker</Data>
    <Data Name="Product">Microsoft® Windows® Operating System</Data>
    <Data Name="Company">Microsoft Corporation</Data>
    <Data Name="OriginalFileName">UserOOBEBroker.exe</Data>
    <Data Name="CommandLine">C:\Windows\System32\oobe\UserOOBEBroker.exe -Embedding</Data>
    <Data Name="CurrentDirectory">C:\Windows\system32\</Data>
    <Data Name="User">DESKTOP-LGT6HFQ\ligac</Data>
    <Data Name="LogonGuid">AA26E6DE-523C-6A22-3CB2-010000000000</Data>
    <Data Name="LogonId">0x1b23c</Data>
    <Data Name="TerminalSessionId">1</Data>
    <Data Name="IntegrityLevel">Medium</Data>
    <Data Name="Hashes">MD5=3F4D9E9A05EB3693FFF4C6B641522A96,SHA256=BDE96DE9BD4719E6C030BD58939AF5CDC4648549A923EFC2BC41557FD313D0EB,IMPHASH=DB3D54E6C0B9C0E728AB62733514AC86</Data>
    <Data Name="ParentProcessGuid">AA26E6DE-523B-6A22-0D00-000000001100</Data>
    <Data Name="ParentProcessId">772</Data>
    <Data Name="ParentImage">C:\Windows\System32\svchost.exe</Data>
    <Data Name="ParentCommandLine">C:\Windows\system32\svchost.exe -k DcomLaunch -p</Data>
    <Data Name="ParentUser">NT AUTHORITY\SYSTEM</Data>
  </EventData>
</Event>
Record 296
<?xml version="1.0" encoding="utf-8"?>
<Event xmlns="http://schemas.microsoft.com/win/2004/08/events/event">
  <System>
    <Provider Name="Microsoft-Windows-Sysmon" Guid="5770385F-C22A-43E0-BF4C-06F5698FFBD9">
    </Provider>
    <EventID>1</EventID>
    <Version>5</Version>
    <Level>4</Level>
    <Task>1</Task>
    <Opcode>0</Opcode>
    <Keywords>0x8000000000000000</Keywords>
    <TimeCreated SystemTime="2026-06-05T04:36:33.236146Z">
    </TimeCreated>
    <EventRecordID>296</EventRecordID>
    <Correlation>
    </Correlation>
    <Execution ProcessID="3064" ThreadID="5012">
    </Execution>
    <Channel>Microsoft-Windows-Sysmon/Operational</Channel>
    <Computer>DESKTOP-LGT6HFQ</Computer>
    <Security UserID="S-1-5-18">
    </Security>
  </System>
  <EventData>
    <Data Name="RuleName">-</Data>
    <Data Name="UtcTime">2026-06-05 04:36:33.217</Data>
    <Data Name="ProcessGuid">AA26E6DE-5251-6A22-B500-000000001100</Data>
    <Data Name="ProcessId">9408</Data>
    <Data Name="Image">C:\Users\ligac\AppData\Local\Microsoft\OneDrive\26.084.0504.0007\FileCoAuth.exe</Data>
    <Data Name="FileVersion">26.084.0504.0007</Data>
    <Data Name="Description">Microsoft OneDriveFile Co-Authoring Executable</Data>
    <Data Name="Product">Microsoft OneDrive</Data>
    <Data Name="Company">Microsoft Corporation</Data>
    <Data Name="OriginalFileName">FileCoAuth.exe</Data>
    <Data Name="CommandLine">&quot;C:\Users\ligac\AppData\Local\Microsoft\OneDrive\26.084.0504.0007\FileCoAuth.exe&quot; -Embedding</Data>
    <Data Name="CurrentDirectory">C:\Windows\system32\</Data>
    <Data Name="User">DESKTOP-LGT6HFQ\ligac</Data>
    <Data Name="LogonGuid">AA26E6DE-523C-6A22-3CB2-010000000000</Data>
    <Data Name="LogonId">0x1b23c</Data>
    <Data Name="TerminalSessionId">1</Data>
    <Data Name="IntegrityLevel">Medium</Data>
    <Data Name="Hashes">MD5=0C5EBC665248F3DA2F537F6DC5944E5F,SHA256=1EBC54A95CE2CF4689E700C294439E1C4DDEA1AB967D5048CBD808BADD170B95,IMPHASH=9B53E60E4AAA7E06824E75441684D72E</Data>
    <Data Name="ParentProcessGuid">AA26E6DE-523B-6A22-0D00-000000001100</Data>
    <Data Name="ParentProcessId">772</Data>
    <Data Name="ParentImage">C:\Windows\System32\svchost.exe</Data>
    <Data Name="ParentCommandLine">C:\Windows\system32\svchost.exe -k DcomLaunch -p</Data>
    <Data Name="ParentUser">NT AUTHORITY\SYSTEM</Data>
  </EventData>
</Event>
Record 297
<?xml version="1.0" encoding="utf-8"?>
<Event xmlns="http://schemas.microsoft.com/win/2004/08/events/event">
  <System>
    <Provider Name="Microsoft-Windows-Sysmon" Guid="5770385F-C22A-43E0-BF4C-06F5698FFBD9">
    </Provider>
    <EventID>1</EventID>
    <Version>5</Version>
    <Level>4</Level>
    <Task>1</Task>
    <Opcode>0</Opcode>
    <Keywords>0x8000000000000000</Keywords>
    <TimeCreated SystemTime="2026-06-05T04:36:34.203638Z">
    </TimeCreated>
    <EventRecordID>297</EventRecordID>
    <Correlation>
    </Correlation>
    <Execution ProcessID="3064" ThreadID="5012">
    </Execution>
    <Channel>Microsoft-Windows-Sysmon/Operational</Channel>
    <Computer>DESKTOP-LGT6HFQ</Computer>
    <Security UserID="S-1-5-18">
    </Security>
  </System>
  <EventData>
    <Data Name="RuleName">-</Data>
    <Data Name="UtcTime">2026-06-05 04:36:34.202</Data>
    <Data Name="ProcessGuid">AA26E6DE-5252-6A22-BA00-000000001100</Data>
    <Data Name="ProcessId">9740</Data>
    <Data Name="Image">C:\Windows\System32\slui.exe</Data>
    <Data Name="FileVersion">10.0.19041.6456 (WinBuild.160101.0800)</Data>
    <Data Name="Description">Windows Activation Client</Data>
    <Data Name="Product">Microsoft® Windows® Operating System</Data>
    <Data Name="Company">Microsoft Corporation</Data>
    <Data Name="OriginalFileName">slui.exe</Data>
    <Data Name="CommandLine">&quot;C:\Windows\System32\SLUI.exe&quot; RuleId=31e71c49-8da7-4a2f-ad92-45d98a1c79ba;Action=AutoActivate;AppId=55c92734-d682-4d71-983e-d6ec3f16059f;SkuId=2b1f36bb-c1cd-4306-bf5c-a0367c2d97d8;NotificationInterval=1440;Trigger=NetworkAvailable</Data>
    <Data Name="CurrentDirectory">C:\Windows\system32\</Data>
    <Data Name="User">NT AUTHORITY\NETWORK SERVICE</Data>
    <Data Name="LogonGuid">AA26E6DE-523B-6A22-E403-000000000000</Data>
    <Data Name="LogonId">0x3e4</Data>
    <Data Name="TerminalSessionId">0</Data>
    <Data Name="IntegrityLevel">System</Data>
    <Data Name="Hashes">MD5=FD0711FA8686860690BC87B8E5052848,SHA256=DB82AAAC88797176B14C921C20B031F3F7710BC8086D223960BF63A10F8CCA83,IMPHASH=F8B84614B23D2E435258EEC719D54B42</Data>
    <Data Name="ParentProcessGuid">AA26E6DE-5248-6A22-9D00-000000001100</Data>
    <Data Name="ParentProcessId">7268</Data>
    <Data Name="ParentImage">C:\Windows\System32\SppExtComObj.Exe</Data>
    <Data Name="ParentCommandLine">C:\Windows\system32\SppExtComObj.exe -Embedding</Data>
    <Data Name="ParentUser">NT AUTHORITY\NETWORK SERVICE</Data>
  </EventData>
</Event>
Record 298
<?xml version="1.0" encoding="utf-8"?>
<Event xmlns="http://schemas.microsoft.com/win/2004/08/events/event">
  <System>
    <Provider Name="Microsoft-Windows-Sysmon" Guid="5770385F-C22A-43E0-BF4C-06F5698FFBD9">
    </Provider>
    <EventID>1</EventID>
    <Version>5</Version>
    <Level>4</Level>
    <Task>1</Task>
    <Opcode>0</Opcode>
    <Keywords>0x8000000000000000</Keywords>
    <TimeCreated SystemTime="2026-06-05T04:36:34.340581Z">
    </TimeCreated>
    <EventRecordID>298</EventRecordID>
    <Correlation>
    </Correlation>
    <Execution ProcessID="3064" ThreadID="5012">
    </Execution>
    <Channel>Microsoft-Windows-Sysmon/Operational</Channel>
    <Computer>DESKTOP-LGT6HFQ</Computer>
    <Security UserID="S-1-5-18">
    </Security>
  </System>
  <EventData>
    <Data Name="RuleName">-</Data>
    <Data Name="UtcTime">2026-06-05 04:36:34.332</Data>
    <Data Name="ProcessGuid">AA26E6DE-5252-6A22-BB00-000000001100</Data>
    <Data Name="ProcessId">9792</Data>
    <Data Name="Image">C:\Windows\System32\svchost.exe</Data>
    <Data Name="FileVersion">10.0.19041.5794 (WinBuild.160101.0800)</Data>
    <Data Name="Description">Host Process for Windows Services</Data>
    <Data Name="Product">Microsoft® Windows® Operating System</Data>
    <Data Name="Company">Microsoft Corporation</Data>
    <Data Name="OriginalFileName">svchost.exe</Data>
    <Data Name="CommandLine">C:\Windows\System32\svchost.exe -k LocalService -p -s LicenseManager</Data>
    <Data Name="CurrentDirectory">C:\Windows\system32\</Data>
    <Data Name="User">NT AUTHORITY\LOCAL SERVICE</Data>
    <Data Name="LogonGuid">AA26E6DE-523B-6A22-E503-000000000000</Data>
    <Data Name="LogonId">0x3e5</Data>
    <Data Name="TerminalSessionId">0</Data>
    <Data Name="IntegrityLevel">System</Data>
    <Data Name="Hashes">MD5=3D1034D6ED3DAED60816A25C561E8C83,SHA256=B0B36BFF7AE4057F687D839CD4B3D81159AB646F1EE1B22106A927E93DECBB61,IMPHASH=F9BBD96FAE53B7A31264A703CAFA0666</Data>
    <Data Name="ParentProcessGuid">AA26E6DE-523A-6A22-0B00-000000001100</Data>
    <Data Name="ParentProcessId">648</Data>
    <Data Name="ParentImage">C:\Windows\System32\services.exe</Data>
    <Data Name="ParentCommandLine">C:\Windows\system32\services.exe</Data>
    <Data Name="ParentUser">NT AUTHORITY\SYSTEM</Data>
  </EventData>
</Event>
Record 299
<?xml version="1.0" encoding="utf-8"?>
<Event xmlns="http://schemas.microsoft.com/win/2004/08/events/event">
  <System>
    <Provider Name="Microsoft-Windows-Sysmon" Guid="5770385F-C22A-43E0-BF4C-06F5698FFBD9">
    </Provider>
    <EventID>22</EventID>
    <Version>5</Version>
    <Level>4</Level>
    <Task>22</Task>
    <Opcode>0</Opcode>
    <Keywords>0x8000000000000000</Keywords>
    <TimeCreated SystemTime="2026-06-05T04:36:36.588387Z">
    </TimeCreated>
    <EventRecordID>299</EventRecordID>
    <Correlation>
    </Correlation>
    <Execution ProcessID="3064" ThreadID="5168">
    </Execution>
    <Channel>Microsoft-Windows-Sysmon/Operational</Channel>
    <Computer>DESKTOP-LGT6HFQ</Computer>
    <Security UserID="S-1-5-18">
    </Security>
  </System>
  <EventData>
    <Data Name="RuleName">-</Data>
    <Data Name="UtcTime">2026-06-05 04:36:36.104</Data>
    <Data Name="ProcessGuid">AA26E6DE-524B-6A22-A900-000000001100</Data>
    <Data Name="ProcessId">8416</Data>
    <Data Name="QueryName">wpad</Data>
    <Data Name="QueryStatus">1460</Data>
    <Data Name="QueryResults">-</Data>
    <Data Name="Image">C:\Program Files (x86)\Microsoft\EdgeWebView\Application\148.0.3967.96\msedgewebview2.exe</Data>
    <Data Name="User">DESKTOP-LGT6HFQ\ligac</Data>
  </EventData>
</Event>
Record 300
<?xml version="1.0" encoding="utf-8"?>
<Event xmlns="http://schemas.microsoft.com/win/2004/08/events/event">
  <System>
    <Provider Name="Microsoft-Windows-Sysmon" Guid="5770385F-C22A-43E0-BF4C-06F5698FFBD9">
    </Provider>
    <EventID>13</EventID>
    <Version>2</Version>
    <Level>4</Level>
    <Task>13</Task>
    <Opcode>0</Opcode>
    <Keywords>0x8000000000000000</Keywords>
    <TimeCreated SystemTime="2026-06-05T04:36:37.115377Z">
    </TimeCreated>
    <EventRecordID>300</EventRecordID>
    <Correlation>
    </Correlation>
    <Execution ProcessID="3064" ThreadID="5012">
    </Execution>
    <Channel>Microsoft-Windows-Sysmon/Operational</Channel>
    <Computer>DESKTOP-LGT6HFQ</Computer>
    <Security UserID="S-1-5-18">
    </Security>
  </System>
  <EventData>
    <Data Name="RuleName">T1089,Tamper-Defender</Data>
    <Data Name="EventType">SetValue</Data>
    <Data Name="UtcTime">2026-06-05 04:36:37.100</Data>
    <Data Name="ProcessGuid">AA26E6DE-523E-6A22-5400-000000001100</Data>
    <Data Name="ProcessId">2308</Data>
    <Data Name="Image">C:\ProgramData\Microsoft\Windows Defender\platform\4.18.26040.7-0\MsMpEng.exe</Data>
    <Data Name="TargetObject">HKLM\SOFTWARE\Microsoft\Windows Defender\Real-Time Protection\DisableRealtimeMonitoring</Data>
    <Data Name="Details">DWORD (0x00000000)</Data>
    <Data Name="User">NT AUTHORITY\SYSTEM</Data>
  </EventData>
</Event>
Record 301
<?xml version="1.0" encoding="utf-8"?>
<Event xmlns="http://schemas.microsoft.com/win/2004/08/events/event">
  <System>
    <Provider Name="Microsoft-Windows-Sysmon" Guid="5770385F-C22A-43E0-BF4C-06F5698FFBD9">
    </Provider>
    <EventID>1</EventID>
    <Version>5</Version>
    <Level>4</Level>
    <Task>1</Task>
    <Opcode>0</Opcode>
    <Keywords>0x8000000000000000</Keywords>
    <TimeCreated SystemTime="2026-06-05T04:36:37.287682Z">
    </TimeCreated>
    <EventRecordID>301</EventRecordID>
    <Correlation>
    </Correlation>
    <Execution ProcessID="3064" ThreadID="5012">
    </Execution>
    <Channel>Microsoft-Windows-Sysmon/Operational</Channel>
    <Computer>DESKTOP-LGT6HFQ</Computer>
    <Security UserID="S-1-5-18">
    </Security>
  </System>
  <EventData>
    <Data Name="RuleName">-</Data>
    <Data Name="UtcTime">2026-06-05 04:36:37.213</Data>
    <Data Name="ProcessGuid">AA26E6DE-5255-6A22-C000-000000001100</Data>
    <Data Name="ProcessId">8284</Data>
    <Data Name="Image">C:\ProgramData\Microsoft\Windows Defender\Platform\4.18.26040.7-0\NisSrv.exe</Data>
    <Data Name="FileVersion">4.18.26040.7 (8d846dd50fd7adca65beb1b013a5fda76a9ec807)</Data>
    <Data Name="Description">Microsoft Network Realtime Inspection Service</Data>
    <Data Name="Product">Microsoft® Windows® Operating System</Data>
    <Data Name="Company">Microsoft Corporation</Data>
    <Data Name="OriginalFileName">NisSrv.exe</Data>
    <Data Name="CommandLine">&quot;C:\ProgramData\Microsoft\Windows Defender\platform\4.18.26040.7-0\NisSrv.exe&quot;</Data>
    <Data Name="CurrentDirectory">C:\Windows\system32\</Data>
    <Data Name="User">NT AUTHORITY\LOCAL SERVICE</Data>
    <Data Name="LogonGuid">AA26E6DE-523B-6A22-E503-000000000000</Data>
    <Data Name="LogonId">0x3e5</Data>
    <Data Name="TerminalSessionId">0</Data>
    <Data Name="IntegrityLevel">System</Data>
    <Data Name="Hashes">MD5=C9F617575B82F7A899DDFF63474B7F87,SHA256=A681AF091C541C491889579138C84F7317B01147E8273BFB467768ED24C50544,IMPHASH=69528AC896582CB5A80F1478CE8E66CA</Data>
    <Data Name="ParentProcessGuid">AA26E6DE-523A-6A22-0B00-000000001100</Data>
    <Data Name="ParentProcessId">648</Data>
    <Data Name="ParentImage">C:\Windows\System32\services.exe</Data>
    <Data Name="ParentCommandLine">C:\Windows\system32\services.exe</Data>
    <Data Name="ParentUser">NT AUTHORITY\SYSTEM</Data>
  </EventData>
</Event>
Record 302
<?xml version="1.0" encoding="utf-8"?>
<Event xmlns="http://schemas.microsoft.com/win/2004/08/events/event">
  <System>
    <Provider Name="Microsoft-Windows-Sysmon" Guid="5770385F-C22A-43E0-BF4C-06F5698FFBD9">
    </Provider>
    <EventID>1</EventID>
    <Version>5</Version>
    <Level>4</Level>
    <Task>1</Task>
    <Opcode>0</Opcode>
    <Keywords>0x8000000000000000</Keywords>
    <TimeCreated SystemTime="2026-06-05T04:36:37.309548Z">
    </TimeCreated>
    <EventRecordID>302</EventRecordID>
    <Correlation>
    </Correlation>
    <Execution ProcessID="3064" ThreadID="5012">
    </Execution>
    <Channel>Microsoft-Windows-Sysmon/Operational</Channel>
    <Computer>DESKTOP-LGT6HFQ</Computer>
    <Security UserID="S-1-5-18">
    </Security>
  </System>
  <EventData>
    <Data Name="RuleName">-</Data>
    <Data Name="UtcTime">2026-06-05 04:36:37.226</Data>
    <Data Name="ProcessGuid">AA26E6DE-5255-6A22-C200-000000001100</Data>
    <Data Name="ProcessId">7992</Data>
    <Data Name="Image">C:\ProgramData\Microsoft\Windows Defender\Platform\4.18.26040.7-0\MpCmdRun.exe</Data>
    <Data Name="FileVersion">4.18.26040.7 (8d846dd50fd7adca65beb1b013a5fda76a9ec807)</Data>
    <Data Name="Description">Microsoft Malware Protection Command Line Utility</Data>
    <Data Name="Product">Microsoft® Windows® Operating System</Data>
    <Data Name="Company">Microsoft Corporation</Data>
    <Data Name="OriginalFileName">MpCmdRun.exe</Data>
    <Data Name="CommandLine">&quot;C:\ProgramData\Microsoft\Windows Defender\platform\4.18.26040.7-0\MpCmdRun.exe&quot; -RegisterWmiSchema -Root &quot;C:\ProgramData\Microsoft\Windows Defender\platform\4.18.26040.7-0&quot;</Data>
    <Data Name="CurrentDirectory">C:\Windows\system32\</Data>
    <Data Name="User">NT AUTHORITY\SYSTEM</Data>
    <Data Name="LogonGuid">AA26E6DE-523A-6A22-E703-000000000000</Data>
    <Data Name="LogonId">0x3e7</Data>
    <Data Name="TerminalSessionId">0</Data>
    <Data Name="IntegrityLevel">System</Data>
    <Data Name="Hashes">MD5=66279F51DE8401F4D341B50C4DDCECFE,SHA256=F75D5C7E266452790259595DDC73DC83CD31B304452095494079CA41A7D4C69E,IMPHASH=972772FD61F841DF9B4EA185FD4CB03C</Data>
    <Data Name="ParentProcessGuid">AA26E6DE-523E-6A22-5400-000000001100</Data>
    <Data Name="ParentProcessId">2308</Data>
    <Data Name="ParentImage">C:\ProgramData\Microsoft\Windows Defender\Platform\4.18.26040.7-0\MsMpEng.exe</Data>
    <Data Name="ParentCommandLine">&quot;C:\ProgramData\Microsoft\Windows Defender\platform\4.18.26040.7-0\MsMpEng.exe&quot;</Data>
    <Data Name="ParentUser">NT AUTHORITY\SYSTEM</Data>
  </EventData>
</Event>
Record 303
<?xml version="1.0" encoding="utf-8"?>
<Event xmlns="http://schemas.microsoft.com/win/2004/08/events/event">
  <System>
    <Provider Name="Microsoft-Windows-Sysmon" Guid="5770385F-C22A-43E0-BF4C-06F5698FFBD9">
    </Provider>
    <EventID>11</EventID>
    <Version>2</Version>
    <Level>4</Level>
    <Task>11</Task>
    <Opcode>0</Opcode>
    <Keywords>0x8000000000000000</Keywords>
    <TimeCreated SystemTime="2026-06-05T04:36:37.602569Z">
    </TimeCreated>
    <EventRecordID>303</EventRecordID>
    <Correlation>
    </Correlation>
    <Execution ProcessID="3064" ThreadID="5012">
    </Execution>
    <Channel>Microsoft-Windows-Sysmon/Operational</Channel>
    <Computer>DESKTOP-LGT6HFQ</Computer>
    <Security UserID="S-1-5-18">
    </Security>
  </System>
  <EventData>
    <Data Name="RuleName">DLL</Data>
    <Data Name="UtcTime">2026-06-05 04:36:37.600</Data>
    <Data Name="ProcessGuid">AA26E6DE-523E-6A22-5400-000000001100</Data>
    <Data Name="ProcessId">2308</Data>
    <Data Name="Image">C:\ProgramData\Microsoft\Windows Defender\platform\4.18.26040.7-0\MsMpEng.exe</Data>
    <Data Name="TargetFilename">C:\ProgramData\Microsoft\Windows Defender\Definition Updates\{949C5D44-76B1-401B-A159-98EA638B28E6}\mpengine.dll</Data>
    <Data Name="CreationUtcTime">2026-06-05 04:36:37.600</Data>
    <Data Name="User">NT AUTHORITY\SYSTEM</Data>
  </EventData>
</Event>
Record 304
<?xml version="1.0" encoding="utf-8"?>
<Event xmlns="http://schemas.microsoft.com/win/2004/08/events/event">
  <System>
    <Provider Name="Microsoft-Windows-Sysmon" Guid="5770385F-C22A-43E0-BF4C-06F5698FFBD9">
    </Provider>
    <EventID>5</EventID>
    <Version>3</Version>
    <Level>4</Level>
    <Task>5</Task>
    <Opcode>0</Opcode>
    <Keywords>0x8000000000000000</Keywords>
    <TimeCreated SystemTime="2026-06-05T04:36:39.460840Z">
    </TimeCreated>
    <EventRecordID>304</EventRecordID>
    <Correlation>
    </Correlation>
    <Execution ProcessID="3064" ThreadID="5012">
    </Execution>
    <Channel>Microsoft-Windows-Sysmon/Operational</Channel>
    <Computer>DESKTOP-LGT6HFQ</Computer>
    <Security UserID="S-1-5-18">
    </Security>
  </System>
  <EventData>
    <Data Name="RuleName">-</Data>
    <Data Name="UtcTime">2026-06-05 04:36:39.444</Data>
    <Data Name="ProcessGuid">AA26E6DE-5251-6A22-B500-000000001100</Data>
    <Data Name="ProcessId">9408</Data>
    <Data Name="Image">C:\Users\ligac\AppData\Local\Microsoft\OneDrive\26.084.0504.0007\FileCoAuth.exe</Data>
    <Data Name="User">DESKTOP-LGT6HFQ\ligac</Data>
  </EventData>
</Event>
Record 305
<?xml version="1.0" encoding="utf-8"?>
<Event xmlns="http://schemas.microsoft.com/win/2004/08/events/event">
  <System>
    <Provider Name="Microsoft-Windows-Sysmon" Guid="5770385F-C22A-43E0-BF4C-06F5698FFBD9">
    </Provider>
    <EventID>11</EventID>
    <Version>2</Version>
    <Level>4</Level>
    <Task>11</Task>
    <Opcode>0</Opcode>
    <Keywords>0x8000000000000000</Keywords>
    <TimeCreated SystemTime="2026-06-05T04:36:40.272530Z">
    </TimeCreated>
    <EventRecordID>305</EventRecordID>
    <Correlation>
    </Correlation>
    <Execution ProcessID="3064" ThreadID="5012">
    </Execution>
    <Channel>Microsoft-Windows-Sysmon/Operational</Channel>
    <Computer>DESKTOP-LGT6HFQ</Computer>
    <Security UserID="S-1-5-18">
    </Security>
  </System>
  <EventData>
    <Data Name="RuleName">-</Data>
    <Data Name="UtcTime">2026-06-05 04:36:40.257</Data>
    <Data Name="ProcessGuid">AA26E6DE-5243-6A22-7F00-000000001100</Data>
    <Data Name="ProcessId">2928</Data>
    <Data Name="Image">C:\Windows\System32\WindowsPowerShell\v1.0\powershell.exe</Data>
    <Data Name="TargetFilename">C:\Users\ligac\AppData\Local\Temp\__PSScriptPolicyTest_xbapm1jh.xb3.ps1</Data>
    <Data Name="CreationUtcTime">2026-06-05 04:36:40.257</Data>
    <Data Name="User">DESKTOP-LGT6HFQ\ligac</Data>
  </EventData>
</Event>
Record 306
<?xml version="1.0" encoding="utf-8"?>
<Event xmlns="http://schemas.microsoft.com/win/2004/08/events/event">
  <System>
    <Provider Name="Microsoft-Windows-Sysmon" Guid="5770385F-C22A-43E0-BF4C-06F5698FFBD9">
    </Provider>
    <EventID>13</EventID>
    <Version>2</Version>
    <Level>4</Level>
    <Task>13</Task>
    <Opcode>0</Opcode>
    <Keywords>0x8000000000000000</Keywords>
    <TimeCreated SystemTime="2026-06-05T04:36:42.607314Z">
    </TimeCreated>
    <EventRecordID>306</EventRecordID>
    <Correlation>
    </Correlation>
    <Execution ProcessID="3064" ThreadID="5012">
    </Execution>
    <Channel>Microsoft-Windows-Sysmon/Operational</Channel>
    <Computer>DESKTOP-LGT6HFQ</Computer>
    <Security UserID="S-1-5-18">
    </Security>
  </System>
  <EventData>
    <Data Name="RuleName">-</Data>
    <Data Name="EventType">SetValue</Data>
    <Data Name="UtcTime">2026-06-05 04:36:42.585</Data>
    <Data Name="ProcessGuid">AA26E6DE-523B-6A22-1600-000000001100</Data>
    <Data Name="ProcessId">860</Data>
    <Data Name="Image">C:\Windows\system32\LogonUI.exe</Data>
    <Data Name="TargetObject">HKLM\SOFTWARE\Microsoft\Windows\CurrentVersion\Authentication\LogonUI\LastLoggedOnUser</Data>
    <Data Name="Details">.\ligac</Data>
    <Data Name="User">NT AUTHORITY\SYSTEM</Data>
  </EventData>
</Event>
