Record 123
<?xml version="1.0" encoding="utf-8"?>
<Event xmlns="http://schemas.microsoft.com/win/2004/08/events/event">
  <System>
    <Provider Name="Microsoft-Windows-Sysmon" Guid="5770385F-C22A-43E0-BF4C-06F5698FFBD9">
    </Provider>
    <EventID>1</EventID>
    <Version>5</Version>
    <Level>4</Level>
    <Task>1</Task>
    <Opcode>0</Opcode>
    <Keywords>0x8000000000000000</Keywords>
    <TimeCreated SystemTime="2026-06-05T04:36:17.289350Z">
    </TimeCreated>
    <EventRecordID>123</EventRecordID>
    <Correlation>
    </Correlation>
    <Execution ProcessID="3064" ThreadID="5012">
    </Execution>
    <Channel>Microsoft-Windows-Sysmon/Operational</Channel>
    <Computer>DESKTOP-LGT6HFQ</Computer>
    <Security UserID="S-1-5-18">
    </Security>
  </System>
  <EventData>
    <Data Name="RuleName">-</Data>
    <Data Name="UtcTime">2026-06-05 04:36:12.667</Data>
    <Data Name="ProcessGuid">AA26E6DE-523C-6A22-2F00-000000001100</Data>
    <Data Name="ProcessId">1980</Data>
    <Data Name="Image">C:\Windows\System32\svchost.exe</Data>
    <Data Name="FileVersion">10.0.19041.5794 (WinBuild.160101.0800)</Data>
    <Data Name="Description">Host Process for Windows Services</Data>
    <Data Name="Product">Microsoft® Windows® Operating System</Data>
    <Data Name="Company">Microsoft Corporation</Data>
    <Data Name="OriginalFileName">svchost.exe</Data>
    <Data Name="CommandLine">C:\Windows\System32\svchost.exe -k LocalServiceNetworkRestricted -p</Data>
    <Data Name="CurrentDirectory">C:\Windows\system32\</Data>
    <Data Name="User">NT AUTHORITY\LOCAL SERVICE</Data>
    <Data Name="LogonGuid">AA26E6DE-523B-6A22-E503-000000000000</Data>
    <Data Name="LogonId">0x3e5</Data>
    <Data Name="TerminalSessionId">0</Data>
    <Data Name="IntegrityLevel">System</Data>
    <Data Name="Hashes">MD5=3D1034D6ED3DAED60816A25C561E8C83,SHA256=B0B36BFF7AE4057F687D839CD4B3D81159AB646F1EE1B22106A927E93DECBB61,IMPHASH=F9BBD96FAE53B7A31264A703CAFA0666</Data>
    <Data Name="ParentProcessGuid">AA26E6DE-523A-6A22-0B00-000000001100</Data>
    <Data Name="ParentProcessId">648</Data>
    <Data Name="ParentImage">C:\Windows\System32\services.exe</Data>
    <Data Name="ParentCommandLine">C:\Windows\system32\services.exe</Data>
    <Data Name="ParentUser">NT AUTHORITY\SYSTEM</Data>
  </EventData>
</Event>
Record 124
<?xml version="1.0" encoding="utf-8"?>
<Event xmlns="http://schemas.microsoft.com/win/2004/08/events/event">
  <System>
    <Provider Name="Microsoft-Windows-Sysmon" Guid="5770385F-C22A-43E0-BF4C-06F5698FFBD9">
    </Provider>
    <EventID>1</EventID>
    <Version>5</Version>
    <Level>4</Level>
    <Task>1</Task>
    <Opcode>0</Opcode>
    <Keywords>0x8000000000000000</Keywords>
    <TimeCreated SystemTime="2026-06-05T04:36:17.289630Z">
    </TimeCreated>
    <EventRecordID>124</EventRecordID>
    <Correlation>
    </Correlation>
    <Execution ProcessID="3064" ThreadID="5012">
    </Execution>
    <Channel>Microsoft-Windows-Sysmon/Operational</Channel>
    <Computer>DESKTOP-LGT6HFQ</Computer>
    <Security UserID="S-1-5-18">
    </Security>
  </System>
  <EventData>
    <Data Name="RuleName">-</Data>
    <Data Name="UtcTime">2026-06-05 04:36:12.713</Data>
    <Data Name="ProcessGuid">AA26E6DE-523C-6A22-3000-000000001100</Data>
    <Data Name="ProcessId">2004</Data>
    <Data Name="Image">C:\Windows\System32\svchost.exe</Data>
    <Data Name="FileVersion">10.0.19041.5794 (WinBuild.160101.0800)</Data>
    <Data Name="Description">Host Process for Windows Services</Data>
    <Data Name="Product">Microsoft® Windows® Operating System</Data>
    <Data Name="Company">Microsoft Corporation</Data>
    <Data Name="OriginalFileName">svchost.exe</Data>
    <Data Name="CommandLine">C:\Windows\system32\svchost.exe -k LocalServiceNetworkRestricted -p</Data>
    <Data Name="CurrentDirectory">C:\Windows\system32\</Data>
    <Data Name="User">NT AUTHORITY\LOCAL SERVICE</Data>
    <Data Name="LogonGuid">AA26E6DE-523B-6A22-E503-000000000000</Data>
    <Data Name="LogonId">0x3e5</Data>
    <Data Name="TerminalSessionId">0</Data>
    <Data Name="IntegrityLevel">System</Data>
    <Data Name="Hashes">MD5=3D1034D6ED3DAED60816A25C561E8C83,SHA256=B0B36BFF7AE4057F687D839CD4B3D81159AB646F1EE1B22106A927E93DECBB61,IMPHASH=F9BBD96FAE53B7A31264A703CAFA0666</Data>
    <Data Name="ParentProcessGuid">AA26E6DE-523A-6A22-0B00-000000001100</Data>
    <Data Name="ParentProcessId">648</Data>
    <Data Name="ParentImage">C:\Windows\System32\services.exe</Data>
    <Data Name="ParentCommandLine">C:\Windows\system32\services.exe</Data>
    <Data Name="ParentUser">NT AUTHORITY\SYSTEM</Data>
  </EventData>
</Event>
Record 125
<?xml version="1.0" encoding="utf-8"?>
<Event xmlns="http://schemas.microsoft.com/win/2004/08/events/event">
  <System>
    <Provider Name="Microsoft-Windows-Sysmon" Guid="5770385F-C22A-43E0-BF4C-06F5698FFBD9">
    </Provider>
    <EventID>1</EventID>
    <Version>5</Version>
    <Level>4</Level>
    <Task>1</Task>
    <Opcode>0</Opcode>
    <Keywords>0x8000000000000000</Keywords>
    <TimeCreated SystemTime="2026-06-05T04:36:17.291273Z">
    </TimeCreated>
    <EventRecordID>125</EventRecordID>
    <Correlation>
    </Correlation>
    <Execution ProcessID="3064" ThreadID="5012">
    </Execution>
    <Channel>Microsoft-Windows-Sysmon/Operational</Channel>
    <Computer>DESKTOP-LGT6HFQ</Computer>
    <Security UserID="S-1-5-18">
    </Security>
  </System>
  <EventData>
    <Data Name="RuleName">-</Data>
    <Data Name="UtcTime">2026-06-05 04:36:12.842</Data>
    <Data Name="ProcessGuid">AA26E6DE-523C-6A22-3100-000000001100</Data>
    <Data Name="ProcessId">1192</Data>
    <Data Name="Image">C:\Windows\System32\svchost.exe</Data>
    <Data Name="FileVersion">10.0.19041.5794 (WinBuild.160101.0800)</Data>
    <Data Name="Description">Host Process for Windows Services</Data>
    <Data Name="Product">Microsoft® Windows® Operating System</Data>
    <Data Name="Company">Microsoft Corporation</Data>
    <Data Name="OriginalFileName">svchost.exe</Data>
    <Data Name="CommandLine">C:\Windows\System32\svchost.exe -k netsvcs -p -s ShellHWDetection</Data>
    <Data Name="CurrentDirectory">C:\Windows\system32\</Data>
    <Data Name="User">NT AUTHORITY\SYSTEM</Data>
    <Data Name="LogonGuid">AA26E6DE-523A-6A22-E703-000000000000</Data>
    <Data Name="LogonId">0x3e7</Data>
    <Data Name="TerminalSessionId">0</Data>
    <Data Name="IntegrityLevel">System</Data>
    <Data Name="Hashes">MD5=3D1034D6ED3DAED60816A25C561E8C83,SHA256=B0B36BFF7AE4057F687D839CD4B3D81159AB646F1EE1B22106A927E93DECBB61,IMPHASH=F9BBD96FAE53B7A31264A703CAFA0666</Data>
    <Data Name="ParentProcessGuid">AA26E6DE-523A-6A22-0B00-000000001100</Data>
    <Data Name="ParentProcessId">648</Data>
    <Data Name="ParentImage">C:\Windows\System32\services.exe</Data>
    <Data Name="ParentCommandLine">C:\Windows\system32\services.exe</Data>
    <Data Name="ParentUser">NT AUTHORITY\SYSTEM</Data>
  </EventData>
</Event>
Record 126
<?xml version="1.0" encoding="utf-8"?>
<Event xmlns="http://schemas.microsoft.com/win/2004/08/events/event">
  <System>
    <Provider Name="Microsoft-Windows-Sysmon" Guid="5770385F-C22A-43E0-BF4C-06F5698FFBD9">
    </Provider>
    <EventID>1</EventID>
    <Version>5</Version>
    <Level>4</Level>
    <Task>1</Task>
    <Opcode>0</Opcode>
    <Keywords>0x8000000000000000</Keywords>
    <TimeCreated SystemTime="2026-06-05T04:36:17.291452Z">
    </TimeCreated>
    <EventRecordID>126</EventRecordID>
    <Correlation>
    </Correlation>
    <Execution ProcessID="3064" ThreadID="5012">
    </Execution>
    <Channel>Microsoft-Windows-Sysmon/Operational</Channel>
    <Computer>DESKTOP-LGT6HFQ</Computer>
    <Security UserID="S-1-5-18">
    </Security>
  </System>
  <EventData>
    <Data Name="RuleName">-</Data>
    <Data Name="UtcTime">2026-06-05 04:36:12.854</Data>
    <Data Name="ProcessGuid">AA26E6DE-523C-6A22-3200-000000001100</Data>
    <Data Name="ProcessId">1380</Data>
    <Data Name="Image">C:\Windows\System32\ClipRenew.exe</Data>
    <Data Name="FileVersion">10.0.19041.5794 (WinBuild.160101.0800)</Data>
    <Data Name="Description">Acquire License From Store</Data>
    <Data Name="Product">Microsoft® Windows® Operating System</Data>
    <Data Name="Company">Microsoft Corporation</Data>
    <Data Name="OriginalFileName">ClipRenew.exe</Data>
    <Data Name="CommandLine">&quot;C:\Windows\system32\ClipRenew.exe&quot; -e</Data>
    <Data Name="CurrentDirectory">C:\Windows\system32\</Data>
    <Data Name="User">NT AUTHORITY\SYSTEM</Data>
    <Data Name="LogonGuid">AA26E6DE-523A-6A22-E703-000000000000</Data>
    <Data Name="LogonId">0x3e7</Data>
    <Data Name="TerminalSessionId">0</Data>
    <Data Name="IntegrityLevel">System</Data>
    <Data Name="Hashes">MD5=41FD77A53A8266A4A815A4251C0443F6,SHA256=21F7D12DD8E182981FA542D5C3966BE13130983A1C911512504B68B7FAE7A0E6,IMPHASH=7F4470465663D7CBA5549C606DADF3C2</Data>
    <Data Name="ParentProcessGuid">AA26E6DE-523B-6A22-1900-000000001100</Data>
    <Data Name="ParentProcessId">1144</Data>
    <Data Name="ParentImage">C:\Windows\System32\svchost.exe</Data>
    <Data Name="ParentCommandLine">C:\Windows\system32\svchost.exe -k netsvcs -p -s Schedule</Data>
    <Data Name="ParentUser">NT AUTHORITY\SYSTEM</Data>
  </EventData>
</Event>
Record 127
<?xml version="1.0" encoding="utf-8"?>
<Event xmlns="http://schemas.microsoft.com/win/2004/08/events/event">
  <System>
    <Provider Name="Microsoft-Windows-Sysmon" Guid="5770385F-C22A-43E0-BF4C-06F5698FFBD9">
    </Provider>
    <EventID>1</EventID>
    <Version>5</Version>
    <Level>4</Level>
    <Task>1</Task>
    <Opcode>0</Opcode>
    <Keywords>0x8000000000000000</Keywords>
    <TimeCreated SystemTime="2026-06-05T04:36:17.291744Z">
    </TimeCreated>
    <EventRecordID>127</EventRecordID>
    <Correlation>
    </Correlation>
    <Execution ProcessID="3064" ThreadID="5012">
    </Execution>
    <Channel>Microsoft-Windows-Sysmon/Operational</Channel>
    <Computer>DESKTOP-LGT6HFQ</Computer>
    <Security UserID="S-1-5-18">
    </Security>
  </System>
  <EventData>
    <Data Name="RuleName">-</Data>
    <Data Name="UtcTime">2026-06-05 04:36:12.866</Data>
    <Data Name="ProcessGuid">AA26E6DE-523C-6A22-3300-000000001100</Data>
    <Data Name="ProcessId">1732</Data>
    <Data Name="Image">C:\Windows\System32\svchost.exe</Data>
    <Data Name="FileVersion">10.0.19041.5794 (WinBuild.160101.0800)</Data>
    <Data Name="Description">Host Process for Windows Services</Data>
    <Data Name="Product">Microsoft® Windows® Operating System</Data>
    <Data Name="Company">Microsoft Corporation</Data>
    <Data Name="OriginalFileName">svchost.exe</Data>
    <Data Name="CommandLine">C:\Windows\system32\svchost.exe -k appmodel -p -s StateRepository</Data>
    <Data Name="CurrentDirectory">C:\Windows\system32\</Data>
    <Data Name="User">NT AUTHORITY\SYSTEM</Data>
    <Data Name="LogonGuid">AA26E6DE-523A-6A22-E703-000000000000</Data>
    <Data Name="LogonId">0x3e7</Data>
    <Data Name="TerminalSessionId">0</Data>
    <Data Name="IntegrityLevel">System</Data>
    <Data Name="Hashes">MD5=3D1034D6ED3DAED60816A25C561E8C83,SHA256=B0B36BFF7AE4057F687D839CD4B3D81159AB646F1EE1B22106A927E93DECBB61,IMPHASH=F9BBD96FAE53B7A31264A703CAFA0666</Data>
    <Data Name="ParentProcessGuid">AA26E6DE-523A-6A22-0B00-000000001100</Data>
    <Data Name="ParentProcessId">648</Data>
    <Data Name="ParentImage">C:\Windows\System32\services.exe</Data>
    <Data Name="ParentCommandLine">C:\Windows\system32\services.exe</Data>
    <Data Name="ParentUser">NT AUTHORITY\SYSTEM</Data>
  </EventData>
</Event>
Record 128
<?xml version="1.0" encoding="utf-8"?>
<Event xmlns="http://schemas.microsoft.com/win/2004/08/events/event">
  <System>
    <Provider Name="Microsoft-Windows-Sysmon" Guid="5770385F-C22A-43E0-BF4C-06F5698FFBD9">
    </Provider>
    <EventID>1</EventID>
    <Version>5</Version>
    <Level>4</Level>
    <Task>1</Task>
    <Opcode>0</Opcode>
    <Keywords>0x8000000000000000</Keywords>
    <TimeCreated SystemTime="2026-06-05T04:36:17.294448Z">
    </TimeCreated>
    <EventRecordID>128</EventRecordID>
    <Correlation>
    </Correlation>
    <Execution ProcessID="3064" ThreadID="5012">
    </Execution>
    <Channel>Microsoft-Windows-Sysmon/Operational</Channel>
    <Computer>DESKTOP-LGT6HFQ</Computer>
    <Security UserID="S-1-5-18">
    </Security>
  </System>
  <EventData>
    <Data Name="RuleName">-</Data>
    <Data Name="UtcTime">2026-06-05 04:36:12.959</Data>
    <Data Name="ProcessGuid">AA26E6DE-523C-6A22-3500-000000001100</Data>
    <Data Name="ProcessId">2152</Data>
    <Data Name="Image">C:\Windows\System32\dxgiadaptercache.exe</Data>
    <Data Name="FileVersion">10.0.19041.5794 (WinBuild.160101.0800)</Data>
    <Data Name="Description">DXGI Adapter Cache</Data>
    <Data Name="Product">Microsoft® Windows® Operating System</Data>
    <Data Name="Company">Microsoft Corporation</Data>
    <Data Name="OriginalFileName">DXGIAdapterCache.exe</Data>
    <Data Name="CommandLine">&quot;C:\Windows\system32\dxgiadaptercache.exe&quot;</Data>
    <Data Name="CurrentDirectory">C:\Windows\system32\</Data>
    <Data Name="User">NT AUTHORITY\SYSTEM</Data>
    <Data Name="LogonGuid">AA26E6DE-523A-6A22-E703-000000000000</Data>
    <Data Name="LogonId">0x3e7</Data>
    <Data Name="TerminalSessionId">0</Data>
    <Data Name="IntegrityLevel">System</Data>
    <Data Name="Hashes">MD5=3F24DD78414AF6AD12A4A04480C1BB7C,SHA256=D3002902A5C462360257390A1A61E3D6E13A1F45163D535C61660010AF61908A,IMPHASH=9B1296D800F1D05B952988C8FD5D7C13</Data>
    <Data Name="ParentProcessGuid">AA26E6DE-523B-6A22-1900-000000001100</Data>
    <Data Name="ParentProcessId">1144</Data>
    <Data Name="ParentImage">C:\Windows\System32\svchost.exe</Data>
    <Data Name="ParentCommandLine">C:\Windows\system32\svchost.exe -k netsvcs -p -s Schedule</Data>
    <Data Name="ParentUser">NT AUTHORITY\SYSTEM</Data>
  </EventData>
</Event>
Record 129
<?xml version="1.0" encoding="utf-8"?>
<Event xmlns="http://schemas.microsoft.com/win/2004/08/events/event">
  <System>
    <Provider Name="Microsoft-Windows-Sysmon" Guid="5770385F-C22A-43E0-BF4C-06F5698FFBD9">
    </Provider>
    <EventID>1</EventID>
    <Version>5</Version>
    <Level>4</Level>
    <Task>1</Task>
    <Opcode>0</Opcode>
    <Keywords>0x8000000000000000</Keywords>
    <TimeCreated SystemTime="2026-06-05T04:36:17.294815Z">
    </TimeCreated>
    <EventRecordID>129</EventRecordID>
    <Correlation>
    </Correlation>
    <Execution ProcessID="3064" ThreadID="5012">
    </Execution>
    <Channel>Microsoft-Windows-Sysmon/Operational</Channel>
    <Computer>DESKTOP-LGT6HFQ</Computer>
    <Security UserID="S-1-5-18">
    </Security>
  </System>
  <EventData>
    <Data Name="RuleName">-</Data>
    <Data Name="UtcTime">2026-06-05 04:36:12.955</Data>
    <Data Name="ProcessGuid">AA26E6DE-523C-6A22-3400-000000001100</Data>
    <Data Name="ProcessId">2140</Data>
    <Data Name="Image">C:\Windows\System32\spoolsv.exe</Data>
    <Data Name="FileVersion">10.0.19041.6093 (WinBuild.160101.0800)</Data>
    <Data Name="Description">Spooler SubSystem App</Data>
    <Data Name="Product">Microsoft® Windows® Operating System</Data>
    <Data Name="Company">Microsoft Corporation</Data>
    <Data Name="OriginalFileName">spoolsv.exe</Data>
    <Data Name="CommandLine">C:\Windows\System32\spoolsv.exe</Data>
    <Data Name="CurrentDirectory">C:\Windows\system32\</Data>
    <Data Name="User">NT AUTHORITY\SYSTEM</Data>
    <Data Name="LogonGuid">AA26E6DE-523A-6A22-E703-000000000000</Data>
    <Data Name="LogonId">0x3e7</Data>
    <Data Name="TerminalSessionId">0</Data>
    <Data Name="IntegrityLevel">System</Data>
    <Data Name="Hashes">MD5=546940129E94FCBCB6E0044A99A0097F,SHA256=6574A65649A3F1776702CDC32BDEEDF27FD6CBACF4DFD3FAB457FC9657D342B4,IMPHASH=B7BAD4E80A80DEB2E8D9853EA9274F80</Data>
    <Data Name="ParentProcessGuid">AA26E6DE-523A-6A22-0B00-000000001100</Data>
    <Data Name="ParentProcessId">648</Data>
    <Data Name="ParentImage">C:\Windows\System32\services.exe</Data>
    <Data Name="ParentCommandLine">C:\Windows\system32\services.exe</Data>
    <Data Name="ParentUser">NT AUTHORITY\SYSTEM</Data>
  </EventData>
</Event>
Record 130
<?xml version="1.0" encoding="utf-8"?>
<Event xmlns="http://schemas.microsoft.com/win/2004/08/events/event">
  <System>
    <Provider Name="Microsoft-Windows-Sysmon" Guid="5770385F-C22A-43E0-BF4C-06F5698FFBD9">
    </Provider>
    <EventID>1</EventID>
    <Version>5</Version>
    <Level>4</Level>
    <Task>1</Task>
    <Opcode>0</Opcode>
    <Keywords>0x8000000000000000</Keywords>
    <TimeCreated SystemTime="2026-06-05T04:36:17.295070Z">
    </TimeCreated>
    <EventRecordID>130</EventRecordID>
    <Correlation>
    </Correlation>
    <Execution ProcessID="3064" ThreadID="5012">
    </Execution>
    <Channel>Microsoft-Windows-Sysmon/Operational</Channel>
    <Computer>DESKTOP-LGT6HFQ</Computer>
    <Security UserID="S-1-5-18">
    </Security>
  </System>
  <EventData>
    <Data Name="RuleName">-</Data>
    <Data Name="UtcTime">2026-06-05 04:36:12.981</Data>
    <Data Name="ProcessGuid">AA26E6DE-523C-6A22-3600-000000001100</Data>
    <Data Name="ProcessId">2168</Data>
    <Data Name="Image">C:\Windows\System32\svchost.exe</Data>
    <Data Name="FileVersion">10.0.19041.5794 (WinBuild.160101.0800)</Data>
    <Data Name="Description">Host Process for Windows Services</Data>
    <Data Name="Product">Microsoft® Windows® Operating System</Data>
    <Data Name="Company">Microsoft Corporation</Data>
    <Data Name="OriginalFileName">svchost.exe</Data>
    <Data Name="CommandLine">C:\Windows\system32\svchost.exe -k LocalServiceNetworkRestricted -p -s WinHttpAutoProxySvc</Data>
    <Data Name="CurrentDirectory">C:\Windows\system32\</Data>
    <Data Name="User">NT AUTHORITY\LOCAL SERVICE</Data>
    <Data Name="LogonGuid">AA26E6DE-523B-6A22-E503-000000000000</Data>
    <Data Name="LogonId">0x3e5</Data>
    <Data Name="TerminalSessionId">0</Data>
    <Data Name="IntegrityLevel">System</Data>
    <Data Name="Hashes">MD5=3D1034D6ED3DAED60816A25C561E8C83,SHA256=B0B36BFF7AE4057F687D839CD4B3D81159AB646F1EE1B22106A927E93DECBB61,IMPHASH=F9BBD96FAE53B7A31264A703CAFA0666</Data>
    <Data Name="ParentProcessGuid">AA26E6DE-523A-6A22-0B00-000000001100</Data>
    <Data Name="ParentProcessId">648</Data>
    <Data Name="ParentImage">C:\Windows\System32\services.exe</Data>
    <Data Name="ParentCommandLine">C:\Windows\system32\services.exe</Data>
    <Data Name="ParentUser">NT AUTHORITY\SYSTEM</Data>
  </EventData>
</Event>
Record 131
<?xml version="1.0" encoding="utf-8"?>
<Event xmlns="http://schemas.microsoft.com/win/2004/08/events/event">
  <System>
    <Provider Name="Microsoft-Windows-Sysmon" Guid="5770385F-C22A-43E0-BF4C-06F5698FFBD9">
    </Provider>
    <EventID>1</EventID>
    <Version>5</Version>
    <Level>4</Level>
    <Task>1</Task>
    <Opcode>0</Opcode>
    <Keywords>0x8000000000000000</Keywords>
    <TimeCreated SystemTime="2026-06-05T04:36:17.295972Z">
    </TimeCreated>
    <EventRecordID>131</EventRecordID>
    <Correlation>
    </Correlation>
    <Execution ProcessID="3064" ThreadID="5012">
    </Execution>
    <Channel>Microsoft-Windows-Sysmon/Operational</Channel>
    <Computer>DESKTOP-LGT6HFQ</Computer>
    <Security UserID="S-1-5-18">
    </Security>
  </System>
  <EventData>
    <Data Name="RuleName">-</Data>
    <Data Name="UtcTime">2026-06-05 04:36:13.065</Data>
    <Data Name="ProcessGuid">AA26E6DE-523D-6A22-3700-000000001100</Data>
    <Data Name="ProcessId">2236</Data>
    <Data Name="Image">C:\Windows\System32\svchost.exe</Data>
    <Data Name="FileVersion">10.0.19041.5794 (WinBuild.160101.0800)</Data>
    <Data Name="Description">Host Process for Windows Services</Data>
    <Data Name="Product">Microsoft® Windows® Operating System</Data>
    <Data Name="Company">Microsoft Corporation</Data>
    <Data Name="OriginalFileName">svchost.exe</Data>
    <Data Name="CommandLine">C:\Windows\system32\svchost.exe -k LocalServiceNoNetworkFirewall -p</Data>
    <Data Name="CurrentDirectory">C:\Windows\system32\</Data>
    <Data Name="User">NT AUTHORITY\LOCAL SERVICE</Data>
    <Data Name="LogonGuid">AA26E6DE-523B-6A22-E503-000000000000</Data>
    <Data Name="LogonId">0x3e5</Data>
    <Data Name="TerminalSessionId">0</Data>
    <Data Name="IntegrityLevel">System</Data>
    <Data Name="Hashes">MD5=3D1034D6ED3DAED60816A25C561E8C83,SHA256=B0B36BFF7AE4057F687D839CD4B3D81159AB646F1EE1B22106A927E93DECBB61,IMPHASH=F9BBD96FAE53B7A31264A703CAFA0666</Data>
    <Data Name="ParentProcessGuid">AA26E6DE-523A-6A22-0B00-000000001100</Data>
    <Data Name="ParentProcessId">648</Data>
    <Data Name="ParentImage">C:\Windows\System32\services.exe</Data>
    <Data Name="ParentCommandLine">C:\Windows\system32\services.exe</Data>
    <Data Name="ParentUser">NT AUTHORITY\SYSTEM</Data>
  </EventData>
</Event>
Record 132
<?xml version="1.0" encoding="utf-8"?>
<Event xmlns="http://schemas.microsoft.com/win/2004/08/events/event">
  <System>
    <Provider Name="Microsoft-Windows-Sysmon" Guid="5770385F-C22A-43E0-BF4C-06F5698FFBD9">
    </Provider>
    <EventID>1</EventID>
    <Version>5</Version>
    <Level>4</Level>
    <Task>1</Task>
    <Opcode>0</Opcode>
    <Keywords>0x8000000000000000</Keywords>
    <TimeCreated SystemTime="2026-06-05T04:36:17.296381Z">
    </TimeCreated>
    <EventRecordID>132</EventRecordID>
    <Correlation>
    </Correlation>
    <Execution ProcessID="3064" ThreadID="5012">
    </Execution>
    <Channel>Microsoft-Windows-Sysmon/Operational</Channel>
    <Computer>DESKTOP-LGT6HFQ</Computer>
    <Security UserID="S-1-5-18">
    </Security>
  </System>
  <EventData>
    <Data Name="RuleName">-</Data>
    <Data Name="UtcTime">2026-06-05 04:36:13.101</Data>
    <Data Name="ProcessGuid">AA26E6DE-523D-6A22-3800-000000001100</Data>
    <Data Name="ProcessId">2268</Data>
    <Data Name="Image">C:\Windows\System32\svchost.exe</Data>
    <Data Name="FileVersion">10.0.19041.5794 (WinBuild.160101.0800)</Data>
    <Data Name="Description">Host Process for Windows Services</Data>
    <Data Name="Product">Microsoft® Windows® Operating System</Data>
    <Data Name="Company">Microsoft Corporation</Data>
    <Data Name="OriginalFileName">svchost.exe</Data>
    <Data Name="CommandLine">C:\Windows\System32\svchost.exe -k NetworkService -p -s LanmanWorkstation</Data>
    <Data Name="CurrentDirectory">C:\Windows\system32\</Data>
    <Data Name="User">NT AUTHORITY\NETWORK SERVICE</Data>
    <Data Name="LogonGuid">AA26E6DE-523B-6A22-E403-000000000000</Data>
    <Data Name="LogonId">0x3e4</Data>
    <Data Name="TerminalSessionId">0</Data>
    <Data Name="IntegrityLevel">System</Data>
    <Data Name="Hashes">MD5=3D1034D6ED3DAED60816A25C561E8C83,SHA256=B0B36BFF7AE4057F687D839CD4B3D81159AB646F1EE1B22106A927E93DECBB61,IMPHASH=F9BBD96FAE53B7A31264A703CAFA0666</Data>
    <Data Name="ParentProcessGuid">AA26E6DE-523A-6A22-0B00-000000001100</Data>
    <Data Name="ParentProcessId">648</Data>
    <Data Name="ParentImage">C:\Windows\System32\services.exe</Data>
    <Data Name="ParentCommandLine">C:\Windows\system32\services.exe</Data>
    <Data Name="ParentUser">NT AUTHORITY\SYSTEM</Data>
  </EventData>
</Event>
Record 133
<?xml version="1.0" encoding="utf-8"?>
<Event xmlns="http://schemas.microsoft.com/win/2004/08/events/event">
  <System>
    <Provider Name="Microsoft-Windows-Sysmon" Guid="5770385F-C22A-43E0-BF4C-06F5698FFBD9">
    </Provider>
    <EventID>13</EventID>
    <Version>2</Version>
    <Level>4</Level>
    <Task>13</Task>
    <Opcode>0</Opcode>
    <Keywords>0x8000000000000000</Keywords>
    <TimeCreated SystemTime="2026-06-05T04:36:17.296495Z">
    </TimeCreated>
    <EventRecordID>133</EventRecordID>
    <Correlation>
    </Correlation>
    <Execution ProcessID="3064" ThreadID="5012">
    </Execution>
    <Channel>Microsoft-Windows-Sysmon/Operational</Channel>
    <Computer>DESKTOP-LGT6HFQ</Computer>
    <Security UserID="S-1-5-18">
    </Security>
  </System>
  <EventData>
    <Data Name="RuleName">-</Data>
    <Data Name="EventType">SetValue</Data>
    <Data Name="UtcTime">2026-06-05 04:36:13.102</Data>
    <Data Name="ProcessGuid">AA26E6DE-523C-6A22-2D00-000000001100</Data>
    <Data Name="ProcessId">1896</Data>
    <Data Name="Image">C:\Windows\System32\svchost.exe</Data>
    <Data Name="TargetObject">HKLM\SOFTWARE\Microsoft\Windows NT\CurrentVersion\NetworkList\Profiles\{7D2B8950-1A6C-4789-ACFB-4EC4A305FE9C}\DateLastConnected</Data>
    <Data Name="Details">Binary Data</Data>
    <Data Name="User">NT AUTHORITY\LOCAL SERVICE</Data>
  </EventData>
</Event>
Record 134
<?xml version="1.0" encoding="utf-8"?>
<Event xmlns="http://schemas.microsoft.com/win/2004/08/events/event">
  <System>
    <Provider Name="Microsoft-Windows-Sysmon" Guid="5770385F-C22A-43E0-BF4C-06F5698FFBD9">
    </Provider>
    <EventID>1</EventID>
    <Version>5</Version>
    <Level>4</Level>
    <Task>1</Task>
    <Opcode>0</Opcode>
    <Keywords>0x8000000000000000</Keywords>
    <TimeCreated SystemTime="2026-06-05T04:36:17.296872Z">
    </TimeCreated>
    <EventRecordID>134</EventRecordID>
    <Correlation>
    </Correlation>
    <Execution ProcessID="3064" ThreadID="5012">
    </Execution>
    <Channel>Microsoft-Windows-Sysmon/Operational</Channel>
    <Computer>DESKTOP-LGT6HFQ</Computer>
    <Security UserID="S-1-5-18">
    </Security>
  </System>
  <EventData>
    <Data Name="RuleName">-</Data>
    <Data Name="UtcTime">2026-06-05 04:36:13.151</Data>
    <Data Name="ProcessGuid">AA26E6DE-523D-6A22-3900-000000001100</Data>
    <Data Name="ProcessId">2336</Data>
    <Data Name="Image">C:\Windows\System32\svchost.exe</Data>
    <Data Name="FileVersion">10.0.19041.5794 (WinBuild.160101.0800)</Data>
    <Data Name="Description">Host Process for Windows Services</Data>
    <Data Name="Product">Microsoft® Windows® Operating System</Data>
    <Data Name="Company">Microsoft Corporation</Data>
    <Data Name="OriginalFileName">svchost.exe</Data>
    <Data Name="CommandLine">C:\Windows\system32\svchost.exe -k LocalService -p -s fdPHost</Data>
    <Data Name="CurrentDirectory">C:\Windows\system32\</Data>
    <Data Name="User">NT AUTHORITY\LOCAL SERVICE</Data>
    <Data Name="LogonGuid">AA26E6DE-523B-6A22-E503-000000000000</Data>
    <Data Name="LogonId">0x3e5</Data>
    <Data Name="TerminalSessionId">0</Data>
    <Data Name="IntegrityLevel">System</Data>
    <Data Name="Hashes">MD5=3D1034D6ED3DAED60816A25C561E8C83,SHA256=B0B36BFF7AE4057F687D839CD4B3D81159AB646F1EE1B22106A927E93DECBB61,IMPHASH=F9BBD96FAE53B7A31264A703CAFA0666</Data>
    <Data Name="ParentProcessGuid">AA26E6DE-523A-6A22-0B00-000000001100</Data>
    <Data Name="ParentProcessId">648</Data>
    <Data Name="ParentImage">C:\Windows\System32\services.exe</Data>
    <Data Name="ParentCommandLine">C:\Windows\system32\services.exe</Data>
    <Data Name="ParentUser">NT AUTHORITY\SYSTEM</Data>
  </EventData>
</Event>
Record 135
<?xml version="1.0" encoding="utf-8"?>
<Event xmlns="http://schemas.microsoft.com/win/2004/08/events/event">
  <System>
    <Provider Name="Microsoft-Windows-Sysmon" Guid="5770385F-C22A-43E0-BF4C-06F5698FFBD9">
    </Provider>
    <EventID>1</EventID>
    <Version>5</Version>
    <Level>4</Level>
    <Task>1</Task>
    <Opcode>0</Opcode>
    <Keywords>0x8000000000000000</Keywords>
    <TimeCreated SystemTime="2026-06-05T04:36:17.297091Z">
    </TimeCreated>
    <EventRecordID>135</EventRecordID>
    <Correlation>
    </Correlation>
    <Execution ProcessID="3064" ThreadID="5012">
    </Execution>
    <Channel>Microsoft-Windows-Sysmon/Operational</Channel>
    <Computer>DESKTOP-LGT6HFQ</Computer>
    <Security UserID="S-1-5-18">
    </Security>
  </System>
  <EventData>
    <Data Name="RuleName">-</Data>
    <Data Name="UtcTime">2026-06-05 04:36:13.154</Data>
    <Data Name="ProcessGuid">AA26E6DE-523D-6A22-3A00-000000001100</Data>
    <Data Name="ProcessId">2352</Data>
    <Data Name="Image">C:\Windows\System32\svchost.exe</Data>
    <Data Name="FileVersion">10.0.19041.5794 (WinBuild.160101.0800)</Data>
    <Data Name="Description">Host Process for Windows Services</Data>
    <Data Name="Product">Microsoft® Windows® Operating System</Data>
    <Data Name="Company">Microsoft Corporation</Data>
    <Data Name="OriginalFileName">svchost.exe</Data>
    <Data Name="CommandLine">C:\Windows\System32\svchost.exe -k LocalServiceNoNetwork -p -s NcdAutoSetup</Data>
    <Data Name="CurrentDirectory">C:\Windows\system32\</Data>
    <Data Name="User">NT AUTHORITY\LOCAL SERVICE</Data>
    <Data Name="LogonGuid">AA26E6DE-523B-6A22-E503-000000000000</Data>
    <Data Name="LogonId">0x3e5</Data>
    <Data Name="TerminalSessionId">0</Data>
    <Data Name="IntegrityLevel">System</Data>
    <Data Name="Hashes">MD5=3D1034D6ED3DAED60816A25C561E8C83,SHA256=B0B36BFF7AE4057F687D839CD4B3D81159AB646F1EE1B22106A927E93DECBB61,IMPHASH=F9BBD96FAE53B7A31264A703CAFA0666</Data>
    <Data Name="ParentProcessGuid">AA26E6DE-523A-6A22-0B00-000000001100</Data>
    <Data Name="ParentProcessId">648</Data>
    <Data Name="ParentImage">C:\Windows\System32\services.exe</Data>
    <Data Name="ParentCommandLine">C:\Windows\system32\services.exe</Data>
    <Data Name="ParentUser">NT AUTHORITY\SYSTEM</Data>
  </EventData>
</Event>
Record 136
<?xml version="1.0" encoding="utf-8"?>
<Event xmlns="http://schemas.microsoft.com/win/2004/08/events/event">
  <System>
    <Provider Name="Microsoft-Windows-Sysmon" Guid="5770385F-C22A-43E0-BF4C-06F5698FFBD9">
    </Provider>
    <EventID>1</EventID>
    <Version>5</Version>
    <Level>4</Level>
    <Task>1</Task>
    <Opcode>0</Opcode>
    <Keywords>0x8000000000000000</Keywords>
    <TimeCreated SystemTime="2026-06-05T04:36:17.305489Z">
    </TimeCreated>
    <EventRecordID>136</EventRecordID>
    <Correlation>
    </Correlation>
    <Execution ProcessID="3064" ThreadID="5012">
    </Execution>
    <Channel>Microsoft-Windows-Sysmon/Operational</Channel>
    <Computer>DESKTOP-LGT6HFQ</Computer>
    <Security UserID="S-1-5-18">
    </Security>
  </System>
  <EventData>
    <Data Name="RuleName">-</Data>
    <Data Name="UtcTime">2026-06-05 04:36:13.244</Data>
    <Data Name="ProcessGuid">AA26E6DE-523D-6A22-3B00-000000001100</Data>
    <Data Name="ProcessId">2448</Data>
    <Data Name="Image">C:\Windows\System32\svchost.exe</Data>
    <Data Name="FileVersion">10.0.19041.5794 (WinBuild.160101.0800)</Data>
    <Data Name="Description">Host Process for Windows Services</Data>
    <Data Name="Product">Microsoft® Windows® Operating System</Data>
    <Data Name="Company">Microsoft Corporation</Data>
    <Data Name="OriginalFileName">svchost.exe</Data>
    <Data Name="CommandLine">C:\Windows\system32\svchost.exe -k LocalServiceAndNoImpersonation -p -s FDResPub</Data>
    <Data Name="CurrentDirectory">C:\Windows\system32\</Data>
    <Data Name="User">NT AUTHORITY\LOCAL SERVICE</Data>
    <Data Name="LogonGuid">AA26E6DE-523B-6A22-E503-000000000000</Data>
    <Data Name="LogonId">0x3e5</Data>
    <Data Name="TerminalSessionId">0</Data>
    <Data Name="IntegrityLevel">System</Data>
    <Data Name="Hashes">MD5=3D1034D6ED3DAED60816A25C561E8C83,SHA256=B0B36BFF7AE4057F687D839CD4B3D81159AB646F1EE1B22106A927E93DECBB61,IMPHASH=F9BBD96FAE53B7A31264A703CAFA0666</Data>
    <Data Name="ParentProcessGuid">AA26E6DE-523A-6A22-0B00-000000001100</Data>
    <Data Name="ParentProcessId">648</Data>
    <Data Name="ParentImage">C:\Windows\System32\services.exe</Data>
    <Data Name="ParentCommandLine">C:\Windows\system32\services.exe</Data>
    <Data Name="ParentUser">NT AUTHORITY\SYSTEM</Data>
  </EventData>
</Event>
Record 137
<?xml version="1.0" encoding="utf-8"?>
<Event xmlns="http://schemas.microsoft.com/win/2004/08/events/event">
  <System>
    <Provider Name="Microsoft-Windows-Sysmon" Guid="5770385F-C22A-43E0-BF4C-06F5698FFBD9">
    </Provider>
    <EventID>1</EventID>
    <Version>5</Version>
    <Level>4</Level>
    <Task>1</Task>
    <Opcode>0</Opcode>
    <Keywords>0x8000000000000000</Keywords>
    <TimeCreated SystemTime="2026-06-05T04:36:17.320060Z">
    </TimeCreated>
    <EventRecordID>137</EventRecordID>
    <Correlation>
    </Correlation>
    <Execution ProcessID="3064" ThreadID="5012">
    </Execution>
    <Channel>Microsoft-Windows-Sysmon/Operational</Channel>
    <Computer>DESKTOP-LGT6HFQ</Computer>
    <Security UserID="S-1-5-18">
    </Security>
  </System>
  <EventData>
    <Data Name="RuleName">-</Data>
    <Data Name="UtcTime">2026-06-05 04:36:13.340</Data>
    <Data Name="ProcessGuid">AA26E6DE-523D-6A22-3C00-000000001100</Data>
    <Data Name="ProcessId">2488</Data>
    <Data Name="Image">C:\Windows\System32\svchost.exe</Data>
    <Data Name="FileVersion">10.0.19041.5794 (WinBuild.160101.0800)</Data>
    <Data Name="Description">Host Process for Windows Services</Data>
    <Data Name="Product">Microsoft® Windows® Operating System</Data>
    <Data Name="Company">Microsoft Corporation</Data>
    <Data Name="OriginalFileName">svchost.exe</Data>
    <Data Name="CommandLine">C:\Windows\system32\svchost.exe -k netsvcs -p -s Winmgmt</Data>
    <Data Name="CurrentDirectory">C:\Windows\system32\</Data>
    <Data Name="User">NT AUTHORITY\SYSTEM</Data>
    <Data Name="LogonGuid">AA26E6DE-523A-6A22-E703-000000000000</Data>
    <Data Name="LogonId">0x3e7</Data>
    <Data Name="TerminalSessionId">0</Data>
    <Data Name="IntegrityLevel">System</Data>
    <Data Name="Hashes">MD5=3D1034D6ED3DAED60816A25C561E8C83,SHA256=B0B36BFF7AE4057F687D839CD4B3D81159AB646F1EE1B22106A927E93DECBB61,IMPHASH=F9BBD96FAE53B7A31264A703CAFA0666</Data>
    <Data Name="ParentProcessGuid">AA26E6DE-523A-6A22-0B00-000000001100</Data>
    <Data Name="ParentProcessId">648</Data>
    <Data Name="ParentImage">C:\Windows\System32\services.exe</Data>
    <Data Name="ParentCommandLine">C:\Windows\system32\services.exe</Data>
    <Data Name="ParentUser">NT AUTHORITY\SYSTEM</Data>
  </EventData>
</Event>
Record 138
<?xml version="1.0" encoding="utf-8"?>
<Event xmlns="http://schemas.microsoft.com/win/2004/08/events/event">
  <System>
    <Provider Name="Microsoft-Windows-Sysmon" Guid="5770385F-C22A-43E0-BF4C-06F5698FFBD9">
    </Provider>
    <EventID>1</EventID>
    <Version>5</Version>
    <Level>4</Level>
    <Task>1</Task>
    <Opcode>0</Opcode>
    <Keywords>0x8000000000000000</Keywords>
    <TimeCreated SystemTime="2026-06-05T04:36:17.364440Z">
    </TimeCreated>
    <EventRecordID>138</EventRecordID>
    <Correlation>
    </Correlation>
    <Execution ProcessID="3064" ThreadID="5012">
    </Execution>
    <Channel>Microsoft-Windows-Sysmon/Operational</Channel>
    <Computer>DESKTOP-LGT6HFQ</Computer>
    <Security UserID="S-1-5-18">
    </Security>
  </System>
  <EventData>
    <Data Name="RuleName">-</Data>
    <Data Name="UtcTime">2026-06-05 04:36:13.381</Data>
    <Data Name="ProcessGuid">AA26E6DE-523D-6A22-3D00-000000001100</Data>
    <Data Name="ProcessId">2536</Data>
    <Data Name="Image">C:\Windows\System32\wermgr.exe</Data>
    <Data Name="FileVersion">10.0.19041.5794 (WinBuild.160101.0800)</Data>
    <Data Name="Description">Windows Problem Reporting</Data>
    <Data Name="Product">Microsoft® Windows® Operating System</Data>
    <Data Name="Company">Microsoft Corporation</Data>
    <Data Name="OriginalFileName">WerMgr</Data>
    <Data Name="CommandLine">&quot;C:\Windows\system32\wermgr.exe&quot; -upload</Data>
    <Data Name="CurrentDirectory">C:\Windows\system32\</Data>
    <Data Name="User">NT AUTHORITY\SYSTEM</Data>
    <Data Name="LogonGuid">AA26E6DE-523A-6A22-E703-000000000000</Data>
    <Data Name="LogonId">0x3e7</Data>
    <Data Name="TerminalSessionId">0</Data>
    <Data Name="IntegrityLevel">System</Data>
    <Data Name="Hashes">MD5=250C58FBA93500526A03D5B526E48B3C,SHA256=284F38524C26F39B1DD788210E7310C8DF99EFE8A420A031DC42247E75FC646E,IMPHASH=69C608216376CA2D62C0C27FB0B423E6</Data>
    <Data Name="ParentProcessGuid">AA26E6DE-523B-6A22-1900-000000001100</Data>
    <Data Name="ParentProcessId">1144</Data>
    <Data Name="ParentImage">C:\Windows\System32\svchost.exe</Data>
    <Data Name="ParentCommandLine">C:\Windows\system32\svchost.exe -k netsvcs -p -s Schedule</Data>
    <Data Name="ParentUser">NT AUTHORITY\SYSTEM</Data>
  </EventData>
</Event>
Record 139
<?xml version="1.0" encoding="utf-8"?>
<Event xmlns="http://schemas.microsoft.com/win/2004/08/events/event">
  <System>
    <Provider Name="Microsoft-Windows-Sysmon" Guid="5770385F-C22A-43E0-BF4C-06F5698FFBD9">
    </Provider>
    <EventID>11</EventID>
    <Version>2</Version>
    <Level>4</Level>
    <Task>11</Task>
    <Opcode>0</Opcode>
    <Keywords>0x8000000000000000</Keywords>
    <TimeCreated SystemTime="2026-06-05T04:36:17.475084Z">
    </TimeCreated>
    <EventRecordID>139</EventRecordID>
    <Correlation>
    </Correlation>
    <Execution ProcessID="3064" ThreadID="5012">
    </Execution>
    <Channel>Microsoft-Windows-Sysmon/Operational</Channel>
    <Computer>DESKTOP-LGT6HFQ</Computer>
    <Security UserID="S-1-5-18">
    </Security>
  </System>
  <EventData>
    <Data Name="RuleName">-</Data>
    <Data Name="UtcTime">2026-06-05 04:36:13.629</Data>
    <Data Name="ProcessGuid">AA26E6DE-523D-6A22-3C00-000000001100</Data>
    <Data Name="ProcessId">2488</Data>
    <Data Name="Image">C:\Windows\system32\svchost.exe</Data>
    <Data Name="TargetFilename">C:\Windows\System32\wbem\Repository\WRITABLE.TST</Data>
    <Data Name="CreationUtcTime">2026-06-05 04:36:13.629</Data>
    <Data Name="User">NT AUTHORITY\SYSTEM</Data>
  </EventData>
</Event>
Record 140
<?xml version="1.0" encoding="utf-8"?>
<Event xmlns="http://schemas.microsoft.com/win/2004/08/events/event">
  <System>
    <Provider Name="Microsoft-Windows-Sysmon" Guid="5770385F-C22A-43E0-BF4C-06F5698FFBD9">
    </Provider>
    <EventID>1</EventID>
    <Version>5</Version>
    <Level>4</Level>
    <Task>1</Task>
    <Opcode>0</Opcode>
    <Keywords>0x8000000000000000</Keywords>
    <TimeCreated SystemTime="2026-06-05T04:36:17.477441Z">
    </TimeCreated>
    <EventRecordID>140</EventRecordID>
    <Correlation>
    </Correlation>
    <Execution ProcessID="3064" ThreadID="5012">
    </Execution>
    <Channel>Microsoft-Windows-Sysmon/Operational</Channel>
    <Computer>DESKTOP-LGT6HFQ</Computer>
    <Security UserID="S-1-5-18">
    </Security>
  </System>
  <EventData>
    <Data Name="RuleName">-</Data>
    <Data Name="UtcTime">2026-06-05 04:36:13.665</Data>
    <Data Name="ProcessGuid">AA26E6DE-523D-6A22-3E00-000000001100</Data>
    <Data Name="ProcessId">2708</Data>
    <Data Name="Image">C:\Windows\System32\taskhostw.exe</Data>
    <Data Name="FileVersion">10.0.19041.5794 (WinBuild.160101.0800)</Data>
    <Data Name="Description">Host Process for Windows Tasks</Data>
    <Data Name="Product">Microsoft® Windows® Operating System</Data>
    <Data Name="Company">Microsoft Corporation</Data>
    <Data Name="OriginalFileName">taskhostw.exe</Data>
    <Data Name="CommandLine">taskhostw.exe network</Data>
    <Data Name="CurrentDirectory">C:\Windows\system32\</Data>
    <Data Name="User">NT AUTHORITY\NETWORK SERVICE</Data>
    <Data Name="LogonGuid">AA26E6DE-523B-6A22-E403-000000000000</Data>
    <Data Name="LogonId">0x3e4</Data>
    <Data Name="TerminalSessionId">0</Data>
    <Data Name="IntegrityLevel">System</Data>
    <Data Name="Hashes">MD5=D71630DA4364F89F36B47581D4162639,SHA256=4D84D1DB6C572DA841307B814CCF26478429D3A29F304755CE1BAF110E639F64,IMPHASH=3A0C6863CDE566AF997DB2DEFFF9D924</Data>
    <Data Name="ParentProcessGuid">AA26E6DE-523B-6A22-1900-000000001100</Data>
    <Data Name="ParentProcessId">1144</Data>
    <Data Name="ParentImage">C:\Windows\System32\svchost.exe</Data>
    <Data Name="ParentCommandLine">C:\Windows\system32\svchost.exe -k netsvcs -p -s Schedule</Data>
    <Data Name="ParentUser">NT AUTHORITY\SYSTEM</Data>
  </EventData>
</Event>
Record 141
<?xml version="1.0" encoding="utf-8"?>
<Event xmlns="http://schemas.microsoft.com/win/2004/08/events/event">
  <System>
    <Provider Name="Microsoft-Windows-Sysmon" Guid="5770385F-C22A-43E0-BF4C-06F5698FFBD9">
    </Provider>
    <EventID>1</EventID>
    <Version>5</Version>
    <Level>4</Level>
    <Task>1</Task>
    <Opcode>0</Opcode>
    <Keywords>0x8000000000000000</Keywords>
    <TimeCreated SystemTime="2026-06-05T04:36:17.478023Z">
    </TimeCreated>
    <EventRecordID>141</EventRecordID>
    <Correlation>
    </Correlation>
    <Execution ProcessID="3064" ThreadID="5012">
    </Execution>
    <Channel>Microsoft-Windows-Sysmon/Operational</Channel>
    <Computer>DESKTOP-LGT6HFQ</Computer>
    <Security UserID="S-1-5-18">
    </Security>
  </System>
  <EventData>
    <Data Name="RuleName">-</Data>
    <Data Name="UtcTime">2026-06-05 04:36:13.672</Data>
    <Data Name="ProcessGuid">AA26E6DE-523D-6A22-3F00-000000001100</Data>
    <Data Name="ProcessId">2724</Data>
    <Data Name="Image">C:\xampp\apache\bin\httpd.exe</Data>
    <Data Name="FileVersion">2.4.58</Data>
    <Data Name="Description">Apache HTTP Server</Data>
    <Data Name="Product">Apache HTTP Server</Data>
    <Data Name="Company">Apache Software Foundation</Data>
    <Data Name="OriginalFileName">httpd.exe</Data>
    <Data Name="CommandLine">&quot;C:\xampp\apache\bin\httpd.exe&quot; -k runservice</Data>
    <Data Name="CurrentDirectory">C:\Windows\system32\</Data>
    <Data Name="User">NT AUTHORITY\SYSTEM</Data>
    <Data Name="LogonGuid">AA26E6DE-523A-6A22-E703-000000000000</Data>
    <Data Name="LogonId">0x3e7</Data>
    <Data Name="TerminalSessionId">0</Data>
    <Data Name="IntegrityLevel">System</Data>
    <Data Name="Hashes">MD5=31321A91B9B1F4935125F93EF1468C97,SHA256=7BD994AE100F079C7C2E36414EC40C059B38D440F0C48E89C0946896C8B0AEEA,IMPHASH=3941B031865EE7EBED7FA60A0BF0C813</Data>
    <Data Name="ParentProcessGuid">AA26E6DE-523A-6A22-0B00-000000001100</Data>
    <Data Name="ParentProcessId">648</Data>
    <Data Name="ParentImage">C:\Windows\System32\services.exe</Data>
    <Data Name="ParentCommandLine">C:\Windows\system32\services.exe</Data>
    <Data Name="ParentUser">NT AUTHORITY\SYSTEM</Data>
  </EventData>
</Event>
Record 142
<?xml version="1.0" encoding="utf-8"?>
<Event xmlns="http://schemas.microsoft.com/win/2004/08/events/event">
  <System>
    <Provider Name="Microsoft-Windows-Sysmon" Guid="5770385F-C22A-43E0-BF4C-06F5698FFBD9">
    </Provider>
    <EventID>1</EventID>
    <Version>5</Version>
    <Level>4</Level>
    <Task>1</Task>
    <Opcode>0</Opcode>
    <Keywords>0x8000000000000000</Keywords>
    <TimeCreated SystemTime="2026-06-05T04:36:17.479311Z">
    </TimeCreated>
    <EventRecordID>142</EventRecordID>
    <Correlation>
    </Correlation>
    <Execution ProcessID="3064" ThreadID="5012">
    </Execution>
    <Channel>Microsoft-Windows-Sysmon/Operational</Channel>
    <Computer>DESKTOP-LGT6HFQ</Computer>
    <Security UserID="S-1-5-18">
    </Security>
  </System>
  <EventData>
    <Data Name="RuleName">-</Data>
    <Data Name="UtcTime">2026-06-05 04:36:13.681</Data>
    <Data Name="ProcessGuid">AA26E6DE-523D-6A22-4000-000000001100</Data>
    <Data Name="ProcessId">2744</Data>
    <Data Name="Image">C:\Windows\System32\svchost.exe</Data>
    <Data Name="FileVersion">10.0.19041.5794 (WinBuild.160101.0800)</Data>
    <Data Name="Description">Host Process for Windows Services</Data>
    <Data Name="Product">Microsoft® Windows® Operating System</Data>
    <Data Name="Company">Microsoft Corporation</Data>
    <Data Name="OriginalFileName">svchost.exe</Data>
    <Data Name="CommandLine">C:\Windows\system32\svchost.exe -k apphost -s AppHostSvc</Data>
    <Data Name="CurrentDirectory">C:\Windows\system32\</Data>
    <Data Name="User">NT AUTHORITY\SYSTEM</Data>
    <Data Name="LogonGuid">AA26E6DE-523A-6A22-E703-000000000000</Data>
    <Data Name="LogonId">0x3e7</Data>
    <Data Name="TerminalSessionId">0</Data>
    <Data Name="IntegrityLevel">System</Data>
    <Data Name="Hashes">MD5=3D1034D6ED3DAED60816A25C561E8C83,SHA256=B0B36BFF7AE4057F687D839CD4B3D81159AB646F1EE1B22106A927E93DECBB61,IMPHASH=F9BBD96FAE53B7A31264A703CAFA0666</Data>
    <Data Name="ParentProcessGuid">AA26E6DE-523A-6A22-0B00-000000001100</Data>
    <Data Name="ParentProcessId">648</Data>
    <Data Name="ParentImage">C:\Windows\System32\services.exe</Data>
    <Data Name="ParentCommandLine">C:\Windows\system32\services.exe</Data>
    <Data Name="ParentUser">NT AUTHORITY\SYSTEM</Data>
  </EventData>
</Event>
Record 143
<?xml version="1.0" encoding="utf-8"?>
<Event xmlns="http://schemas.microsoft.com/win/2004/08/events/event">
  <System>
    <Provider Name="Microsoft-Windows-Sysmon" Guid="5770385F-C22A-43E0-BF4C-06F5698FFBD9">
    </Provider>
    <EventID>1</EventID>
    <Version>5</Version>
    <Level>4</Level>
    <Task>1</Task>
    <Opcode>0</Opcode>
    <Keywords>0x8000000000000000</Keywords>
    <TimeCreated SystemTime="2026-06-05T04:36:17.479906Z">
    </TimeCreated>
    <EventRecordID>143</EventRecordID>
    <Correlation>
    </Correlation>
    <Execution ProcessID="3064" ThreadID="5012">
    </Execution>
    <Channel>Microsoft-Windows-Sysmon/Operational</Channel>
    <Computer>DESKTOP-LGT6HFQ</Computer>
    <Security UserID="S-1-5-18">
    </Security>
  </System>
  <EventData>
    <Data Name="RuleName">-</Data>
    <Data Name="UtcTime">2026-06-05 04:36:13.692</Data>
    <Data Name="ProcessGuid">AA26E6DE-523D-6A22-4100-000000001100</Data>
    <Data Name="ProcessId">2760</Data>
    <Data Name="Image">C:\Program Files\Common Files\Apple\Mobile Device Support\AppleMobileDeviceService.exe</Data>
    <Data Name="FileVersion">540.0.0.54</Data>
    <Data Name="Description">MobileDeviceService</Data>
    <Data Name="Product">-</Data>
    <Data Name="Company">Apple Inc.</Data>
    <Data Name="OriginalFileName">AppleMobileDeviceService.exe</Data>
    <Data Name="CommandLine">&quot;C:\Program Files\Common Files\Apple\Mobile Device Support\AppleMobileDeviceService.exe&quot;</Data>
    <Data Name="CurrentDirectory">C:\Windows\system32\</Data>
    <Data Name="User">NT AUTHORITY\LOCAL SERVICE</Data>
    <Data Name="LogonGuid">AA26E6DE-523B-6A22-E503-000000000000</Data>
    <Data Name="LogonId">0x3e5</Data>
    <Data Name="TerminalSessionId">0</Data>
    <Data Name="IntegrityLevel">System</Data>
    <Data Name="Hashes">MD5=5DC16F968B5470A4538730E8B59211C3,SHA256=60F07CFBC42B92E14104EA17FF408506C3C29FA7A529D6CC7B352006B3805A94,IMPHASH=4870B6D576C02D242EB78B48F67A8C6A</Data>
    <Data Name="ParentProcessGuid">AA26E6DE-523A-6A22-0B00-000000001100</Data>
    <Data Name="ParentProcessId">648</Data>
    <Data Name="ParentImage">C:\Windows\System32\services.exe</Data>
    <Data Name="ParentCommandLine">C:\Windows\system32\services.exe</Data>
    <Data Name="ParentUser">NT AUTHORITY\SYSTEM</Data>
  </EventData>
</Event>
Record 144
<?xml version="1.0" encoding="utf-8"?>
<Event xmlns="http://schemas.microsoft.com/win/2004/08/events/event">
  <System>
    <Provider Name="Microsoft-Windows-Sysmon" Guid="5770385F-C22A-43E0-BF4C-06F5698FFBD9">
    </Provider>
    <EventID>1</EventID>
    <Version>5</Version>
    <Level>4</Level>
    <Task>1</Task>
    <Opcode>0</Opcode>
    <Keywords>0x8000000000000000</Keywords>
    <TimeCreated SystemTime="2026-06-05T04:36:17.480822Z">
    </TimeCreated>
    <EventRecordID>144</EventRecordID>
    <Correlation>
    </Correlation>
    <Execution ProcessID="3064" ThreadID="5012">
    </Execution>
    <Channel>Microsoft-Windows-Sysmon/Operational</Channel>
    <Computer>DESKTOP-LGT6HFQ</Computer>
    <Security UserID="S-1-5-18">
    </Security>
  </System>
  <EventData>
    <Data Name="RuleName">-</Data>
    <Data Name="UtcTime">2026-06-05 04:36:13.700</Data>
    <Data Name="ProcessGuid">AA26E6DE-523D-6A22-4200-000000001100</Data>
    <Data Name="ProcessId">2780</Data>
    <Data Name="Image">C:\Program Files\Bonjour\mDNSResponder.exe</Data>
    <Data Name="FileVersion">3,1,0,1</Data>
    <Data Name="Description">Bonjour Service</Data>
    <Data Name="Product">Bonjour</Data>
    <Data Name="Company">Apple Inc.</Data>
    <Data Name="OriginalFileName">mDNSResponder.exe</Data>
    <Data Name="CommandLine">&quot;C:\Program Files\Bonjour\mDNSResponder.exe&quot;</Data>
    <Data Name="CurrentDirectory">C:\Windows\system32\</Data>
    <Data Name="User">NT AUTHORITY\SYSTEM</Data>
    <Data Name="LogonGuid">AA26E6DE-523A-6A22-E703-000000000000</Data>
    <Data Name="LogonId">0x3e7</Data>
    <Data Name="TerminalSessionId">0</Data>
    <Data Name="IntegrityLevel">System</Data>
    <Data Name="Hashes">MD5=B5C2F92EE1106DFE7BB1CCE4D35B6037,SHA256=E399C390687589194D8AAD385055F0CFA7D52AD9E837D8FF95008B8EB2B34E50,IMPHASH=CFC72B54EEC6E472E94998C57AE60121</Data>
    <Data Name="ParentProcessGuid">AA26E6DE-523A-6A22-0B00-000000001100</Data>
    <Data Name="ParentProcessId">648</Data>
    <Data Name="ParentImage">C:\Windows\System32\services.exe</Data>
    <Data Name="ParentCommandLine">C:\Windows\system32\services.exe</Data>
    <Data Name="ParentUser">NT AUTHORITY\SYSTEM</Data>
  </EventData>
</Event>
