Record 1007
<?xml version="1.0" encoding="utf-8"?>
<Event xmlns="http://schemas.microsoft.com/win/2004/08/events/event">
  <System>
    <Provider Name="Microsoft-Windows-Sysmon" Guid="5770385F-C22A-43E0-BF4C-06F5698FFBD9">
    </Provider>
    <EventID>13</EventID>
    <Version>2</Version>
    <Level>4</Level>
    <Task>13</Task>
    <Opcode>0</Opcode>
    <Keywords>0x8000000000000000</Keywords>
    <TimeCreated SystemTime="2026-06-05T04:50:44.186676Z">
    </TimeCreated>
    <EventRecordID>1007</EventRecordID>
    <Correlation>
    </Correlation>
    <Execution ProcessID="3124" ThreadID="3144">
    </Execution>
    <Channel>Microsoft-Windows-Sysmon/Operational</Channel>
    <Computer>DESKTOP-LGT6HFQ</Computer>
    <Security UserID="S-1-5-18">
    </Security>
  </System>
  <EventData>
    <Data Name="RuleName">Suspicious,ImageBeginWithBackslash</Data>
    <Data Name="EventType">SetValue</Data>
    <Data Name="UtcTime">2026-06-05 04:50:44.183</Data>
    <Data Name="ProcessGuid">AA26E6DE-5590-6A22-0901-000000001200</Data>
    <Data Name="ProcessId">11548</Data>
    <Data Name="Image">\\?\C:\Windows\system32\wbem\WMIADAP.EXE</Data>
    <Data Name="TargetObject">HKLM\SOFTWARE\Microsoft\Wbem\PROVIDERS\Performance\Performance Refresh</Data>
    <Data Name="Details">DWORD (0x00000000)</Data>
    <Data Name="User">NT AUTHORITY\SYSTEM</Data>
  </EventData>
</Event>
Record 1008
<?xml version="1.0" encoding="utf-8"?>
<Event xmlns="http://schemas.microsoft.com/win/2004/08/events/event">
  <System>
    <Provider Name="Microsoft-Windows-Sysmon" Guid="5770385F-C22A-43E0-BF4C-06F5698FFBD9">
    </Provider>
    <EventID>13</EventID>
    <Version>2</Version>
    <Level>4</Level>
    <Task>13</Task>
    <Opcode>0</Opcode>
    <Keywords>0x8000000000000000</Keywords>
    <TimeCreated SystemTime="2026-06-05T04:50:44.186762Z">
    </TimeCreated>
    <EventRecordID>1008</EventRecordID>
    <Correlation>
    </Correlation>
    <Execution ProcessID="3124" ThreadID="3144">
    </Execution>
    <Channel>Microsoft-Windows-Sysmon/Operational</Channel>
    <Computer>DESKTOP-LGT6HFQ</Computer>
    <Security UserID="S-1-5-18">
    </Security>
  </System>
  <EventData>
    <Data Name="RuleName">Suspicious,ImageBeginWithBackslash</Data>
    <Data Name="EventType">SetValue</Data>
    <Data Name="UtcTime">2026-06-05 04:50:44.183</Data>
    <Data Name="ProcessGuid">AA26E6DE-5590-6A22-0901-000000001200</Data>
    <Data Name="ProcessId">11548</Data>
    <Data Name="Image">\\?\C:\Windows\system32\wbem\WMIADAP.EXE</Data>
    <Data Name="TargetObject">HKLM\SOFTWARE\Microsoft\Wbem\PROVIDERS\Performance\Performance Refreshed</Data>
    <Data Name="Details">DWORD (0x00000001)</Data>
    <Data Name="User">NT AUTHORITY\SYSTEM</Data>
  </EventData>
</Event>
Record 1009
<?xml version="1.0" encoding="utf-8"?>
<Event xmlns="http://schemas.microsoft.com/win/2004/08/events/event">
  <System>
    <Provider Name="Microsoft-Windows-Sysmon" Guid="5770385F-C22A-43E0-BF4C-06F5698FFBD9">
    </Provider>
    <EventID>1</EventID>
    <Version>5</Version>
    <Level>4</Level>
    <Task>1</Task>
    <Opcode>0</Opcode>
    <Keywords>0x8000000000000000</Keywords>
    <TimeCreated SystemTime="2026-06-05T04:51:23.457611Z">
    </TimeCreated>
    <EventRecordID>1009</EventRecordID>
    <Correlation>
    </Correlation>
    <Execution ProcessID="3124" ThreadID="3144">
    </Execution>
    <Channel>Microsoft-Windows-Sysmon/Operational</Channel>
    <Computer>DESKTOP-LGT6HFQ</Computer>
    <Security UserID="S-1-5-18">
    </Security>
  </System>
  <EventData>
    <Data Name="RuleName">-</Data>
    <Data Name="UtcTime">2026-06-05 04:51:23.453</Data>
    <Data Name="ProcessGuid">AA26E6DE-55CB-6A22-0C01-000000001200</Data>
    <Data Name="ProcessId">5268</Data>
    <Data Name="Image">C:\Windows\System32\taskhostw.exe</Data>
    <Data Name="FileVersion">10.0.19041.5794 (WinBuild.160101.0800)</Data>
    <Data Name="Description">Host Process for Windows Tasks</Data>
    <Data Name="Product">Microsoft® Windows® Operating System</Data>
    <Data Name="Company">Microsoft Corporation</Data>
    <Data Name="OriginalFileName">taskhostw.exe</Data>
    <Data Name="CommandLine">taskhostw.exe SBServicing</Data>
    <Data Name="CurrentDirectory">C:\Windows\system32\</Data>
    <Data Name="User">NT AUTHORITY\SYSTEM</Data>
    <Data Name="LogonGuid">AA26E6DE-549D-6A22-E703-000000000000</Data>
    <Data Name="LogonId">0x3e7</Data>
    <Data Name="TerminalSessionId">0</Data>
    <Data Name="IntegrityLevel">System</Data>
    <Data Name="Hashes">MD5=D71630DA4364F89F36B47581D4162639,SHA256=4D84D1DB6C572DA841307B814CCF26478429D3A29F304755CE1BAF110E639F64,IMPHASH=3A0C6863CDE566AF997DB2DEFFF9D924</Data>
    <Data Name="ParentProcessGuid">AA26E6DE-549E-6A22-1900-000000001200</Data>
    <Data Name="ParentProcessId">1128</Data>
    <Data Name="ParentImage">C:\Windows\System32\svchost.exe</Data>
    <Data Name="ParentCommandLine">C:\Windows\system32\svchost.exe -k netsvcs -p -s Schedule</Data>
    <Data Name="ParentUser">NT AUTHORITY\SYSTEM</Data>
  </EventData>
</Event>
Record 1010
<?xml version="1.0" encoding="utf-8"?>
<Event xmlns="http://schemas.microsoft.com/win/2004/08/events/event">
  <System>
    <Provider Name="Microsoft-Windows-Sysmon" Guid="5770385F-C22A-43E0-BF4C-06F5698FFBD9">
    </Provider>
    <EventID>1</EventID>
    <Version>5</Version>
    <Level>4</Level>
    <Task>1</Task>
    <Opcode>0</Opcode>
    <Keywords>0x8000000000000000</Keywords>
    <TimeCreated SystemTime="2026-06-05T04:51:35.162286Z">
    </TimeCreated>
    <EventRecordID>1010</EventRecordID>
    <Correlation>
    </Correlation>
    <Execution ProcessID="3124" ThreadID="3144">
    </Execution>
    <Channel>Microsoft-Windows-Sysmon/Operational</Channel>
    <Computer>DESKTOP-LGT6HFQ</Computer>
    <Security UserID="S-1-5-18">
    </Security>
  </System>
  <EventData>
    <Data Name="RuleName">-</Data>
    <Data Name="UtcTime">2026-06-05 04:51:35.157</Data>
    <Data Name="ProcessGuid">AA26E6DE-55D7-6A22-1001-000000001200</Data>
    <Data Name="ProcessId">3840</Data>
    <Data Name="Image">C:\Windows\System32\taskhostw.exe</Data>
    <Data Name="FileVersion">10.0.19041.5794 (WinBuild.160101.0800)</Data>
    <Data Name="Description">Host Process for Windows Tasks</Data>
    <Data Name="Product">Microsoft® Windows® Operating System</Data>
    <Data Name="Company">Microsoft Corporation</Data>
    <Data Name="OriginalFileName">taskhostw.exe</Data>
    <Data Name="CommandLine">taskhostw.exe Logon</Data>
    <Data Name="CurrentDirectory">C:\Windows\system32\</Data>
    <Data Name="User">DESKTOP-LGT6HFQ\ligac</Data>
    <Data Name="LogonGuid">AA26E6DE-54A9-6A22-C797-090000000000</Data>
    <Data Name="LogonId">0x997c7</Data>
    <Data Name="TerminalSessionId">1</Data>
    <Data Name="IntegrityLevel">Medium</Data>
    <Data Name="Hashes">MD5=D71630DA4364F89F36B47581D4162639,SHA256=4D84D1DB6C572DA841307B814CCF26478429D3A29F304755CE1BAF110E639F64,IMPHASH=3A0C6863CDE566AF997DB2DEFFF9D924</Data>
    <Data Name="ParentProcessGuid">AA26E6DE-549E-6A22-1900-000000001200</Data>
    <Data Name="ParentProcessId">1128</Data>
    <Data Name="ParentImage">C:\Windows\System32\svchost.exe</Data>
    <Data Name="ParentCommandLine">C:\Windows\system32\svchost.exe -k netsvcs -p -s Schedule</Data>
    <Data Name="ParentUser">NT AUTHORITY\SYSTEM</Data>
  </EventData>
</Event>
Record 1011
<?xml version="1.0" encoding="utf-8"?>
<Event xmlns="http://schemas.microsoft.com/win/2004/08/events/event">
  <System>
    <Provider Name="Microsoft-Windows-Sysmon" Guid="5770385F-C22A-43E0-BF4C-06F5698FFBD9">
    </Provider>
    <EventID>1</EventID>
    <Version>5</Version>
    <Level>4</Level>
    <Task>1</Task>
    <Opcode>0</Opcode>
    <Keywords>0x8000000000000000</Keywords>
    <TimeCreated SystemTime="2026-06-05T04:51:35.162629Z">
    </TimeCreated>
    <EventRecordID>1011</EventRecordID>
    <Correlation>
    </Correlation>
    <Execution ProcessID="3124" ThreadID="3144">
    </Execution>
    <Channel>Microsoft-Windows-Sysmon/Operational</Channel>
    <Computer>DESKTOP-LGT6HFQ</Computer>
    <Security UserID="S-1-5-18">
    </Security>
  </System>
  <EventData>
    <Data Name="RuleName">-</Data>
    <Data Name="UtcTime">2026-06-05 04:51:35.158</Data>
    <Data Name="ProcessGuid">AA26E6DE-55D7-6A22-1101-000000001200</Data>
    <Data Name="ProcessId">5796</Data>
    <Data Name="Image">C:\Windows\System32\sc.exe</Data>
    <Data Name="FileVersion">10.0.19041.1 (WinBuild.160101.0800)</Data>
    <Data Name="Description">Service Control Manager Configuration Tool</Data>
    <Data Name="Product">Microsoft® Windows® Operating System</Data>
    <Data Name="Company">Microsoft Corporation</Data>
    <Data Name="OriginalFileName">sc.exe</Data>
    <Data Name="CommandLine">&quot;C:\Windows\system32\sc.exe&quot; start pushtoinstall login</Data>
    <Data Name="CurrentDirectory">C:\Windows\system32\</Data>
    <Data Name="User">NT AUTHORITY\SYSTEM</Data>
    <Data Name="LogonGuid">AA26E6DE-549D-6A22-E703-000000000000</Data>
    <Data Name="LogonId">0x3e7</Data>
    <Data Name="TerminalSessionId">0</Data>
    <Data Name="IntegrityLevel">System</Data>
    <Data Name="Hashes">MD5=3FB5CF71F7E7EB49790CB0E663434D80,SHA256=41F067C3A11B02FE39947F9EBA68AE5C7CB5BD1872A6009A4CD1506554A9ABA9,IMPHASH=803254E010814E69947095A2725B2AFD</Data>
    <Data Name="ParentProcessGuid">AA26E6DE-549E-6A22-1900-000000001200</Data>
    <Data Name="ParentProcessId">1128</Data>
    <Data Name="ParentImage">C:\Windows\System32\svchost.exe</Data>
    <Data Name="ParentCommandLine">C:\Windows\system32\svchost.exe -k netsvcs -p -s Schedule</Data>
    <Data Name="ParentUser">NT AUTHORITY\SYSTEM</Data>
  </EventData>
</Event>
Record 1012
<?xml version="1.0" encoding="utf-8"?>
<Event xmlns="http://schemas.microsoft.com/win/2004/08/events/event">
  <System>
    <Provider Name="Microsoft-Windows-Sysmon" Guid="5770385F-C22A-43E0-BF4C-06F5698FFBD9">
    </Provider>
    <EventID>1</EventID>
    <Version>5</Version>
    <Level>4</Level>
    <Task>1</Task>
    <Opcode>0</Opcode>
    <Keywords>0x8000000000000000</Keywords>
    <TimeCreated SystemTime="2026-06-05T04:51:35.231783Z">
    </TimeCreated>
    <EventRecordID>1012</EventRecordID>
    <Correlation>
    </Correlation>
    <Execution ProcessID="3124" ThreadID="3144">
    </Execution>
    <Channel>Microsoft-Windows-Sysmon/Operational</Channel>
    <Computer>DESKTOP-LGT6HFQ</Computer>
    <Security UserID="S-1-5-18">
    </Security>
  </System>
  <EventData>
    <Data Name="RuleName">-</Data>
    <Data Name="UtcTime">2026-06-05 04:51:35.229</Data>
    <Data Name="ProcessGuid">AA26E6DE-55D7-6A22-1301-000000001200</Data>
    <Data Name="ProcessId">2908</Data>
    <Data Name="Image">C:\Windows\System32\svchost.exe</Data>
    <Data Name="FileVersion">10.0.19041.5794 (WinBuild.160101.0800)</Data>
    <Data Name="Description">Host Process for Windows Services</Data>
    <Data Name="Product">Microsoft® Windows® Operating System</Data>
    <Data Name="Company">Microsoft Corporation</Data>
    <Data Name="OriginalFileName">svchost.exe</Data>
    <Data Name="CommandLine">C:\Windows\System32\svchost.exe -k netsvcs -p -s PushToInstall</Data>
    <Data Name="CurrentDirectory">C:\Windows\system32\</Data>
    <Data Name="User">NT AUTHORITY\SYSTEM</Data>
    <Data Name="LogonGuid">AA26E6DE-549D-6A22-E703-000000000000</Data>
    <Data Name="LogonId">0x3e7</Data>
    <Data Name="TerminalSessionId">0</Data>
    <Data Name="IntegrityLevel">System</Data>
    <Data Name="Hashes">MD5=3D1034D6ED3DAED60816A25C561E8C83,SHA256=B0B36BFF7AE4057F687D839CD4B3D81159AB646F1EE1B22106A927E93DECBB61,IMPHASH=F9BBD96FAE53B7A31264A703CAFA0666</Data>
    <Data Name="ParentProcessGuid">AA26E6DE-549D-6A22-0B00-000000001200</Data>
    <Data Name="ParentProcessId">648</Data>
    <Data Name="ParentImage">C:\Windows\System32\services.exe</Data>
    <Data Name="ParentCommandLine">C:\Windows\system32\services.exe</Data>
    <Data Name="ParentUser">NT AUTHORITY\SYSTEM</Data>
  </EventData>
</Event>
Record 1013
<?xml version="1.0" encoding="utf-8"?>
<Event xmlns="http://schemas.microsoft.com/win/2004/08/events/event">
  <System>
    <Provider Name="Microsoft-Windows-Sysmon" Guid="5770385F-C22A-43E0-BF4C-06F5698FFBD9">
    </Provider>
    <EventID>13</EventID>
    <Version>2</Version>
    <Level>4</Level>
    <Task>13</Task>
    <Opcode>0</Opcode>
    <Keywords>0x8000000000000000</Keywords>
    <TimeCreated SystemTime="2026-06-05T04:51:47.415459Z">
    </TimeCreated>
    <EventRecordID>1013</EventRecordID>
    <Correlation>
    </Correlation>
    <Execution ProcessID="3124" ThreadID="3144">
    </Execution>
    <Channel>Microsoft-Windows-Sysmon/Operational</Channel>
    <Computer>DESKTOP-LGT6HFQ</Computer>
    <Security UserID="S-1-5-18">
    </Security>
  </System>
  <EventData>
    <Data Name="RuleName">T1042</Data>
    <Data Name="EventType">SetValue</Data>
    <Data Name="UtcTime">2026-06-05 04:51:47.404</Data>
    <Data Name="ProcessGuid">AA26E6DE-54AB-6A22-9500-000000001200</Data>
    <Data Name="ProcessId">6984</Data>
    <Data Name="Image">C:\Windows\Explorer.EXE</Data>
    <Data Name="TargetObject">HKU\S-1-5-21-2516843948-3941376540-2047217349-1001\SOFTWARE\Microsoft\Windows\CurrentVersion\Explorer\FileExts\.exe\OpenWithProgids\exefile</Data>
    <Data Name="Details">Binary Data</Data>
    <Data Name="User">DESKTOP-LGT6HFQ\ligac</Data>
  </EventData>
</Event>
Record 1014
<?xml version="1.0" encoding="utf-8"?>
<Event xmlns="http://schemas.microsoft.com/win/2004/08/events/event">
  <System>
    <Provider Name="Microsoft-Windows-Sysmon" Guid="5770385F-C22A-43E0-BF4C-06F5698FFBD9">
    </Provider>
    <EventID>22</EventID>
    <Version>5</Version>
    <Level>4</Level>
    <Task>22</Task>
    <Opcode>0</Opcode>
    <Keywords>0x8000000000000000</Keywords>
    <TimeCreated SystemTime="2026-06-05T04:53:57.893615Z">
    </TimeCreated>
    <EventRecordID>1014</EventRecordID>
    <Correlation>
    </Correlation>
    <Execution ProcessID="3124" ThreadID="5188">
    </Execution>
    <Channel>Microsoft-Windows-Sysmon/Operational</Channel>
    <Computer>DESKTOP-LGT6HFQ</Computer>
    <Security UserID="S-1-5-18">
    </Security>
  </System>
  <EventData>
    <Data Name="RuleName">-</Data>
    <Data Name="UtcTime">2026-06-05 04:53:56.863</Data>
    <Data Name="ProcessGuid">AA26E6DE-565D-6A22-1A01-000000001200</Data>
    <Data Name="ProcessId">11988</Data>
    <Data Name="QueryName">wpad</Data>
    <Data Name="QueryStatus">1460</Data>
    <Data Name="QueryResults">-</Data>
    <Data Name="Image">C:\Program Files (x86)\Microsoft\EdgeWebView\Application\148.0.3967.96\msedgewebview2.exe</Data>
    <Data Name="User">DESKTOP-LGT6HFQ\ligac</Data>
  </EventData>
</Event>
Record 1015
<?xml version="1.0" encoding="utf-8"?>
<Event xmlns="http://schemas.microsoft.com/win/2004/08/events/event">
  <System>
    <Provider Name="Microsoft-Windows-Sysmon" Guid="5770385F-C22A-43E0-BF4C-06F5698FFBD9">
    </Provider>
    <EventID>1</EventID>
    <Version>5</Version>
    <Level>4</Level>
    <Task>1</Task>
    <Opcode>0</Opcode>
    <Keywords>0x8000000000000000</Keywords>
    <TimeCreated SystemTime="2026-06-05T04:56:35.196492Z">
    </TimeCreated>
    <EventRecordID>1015</EventRecordID>
    <Correlation>
    </Correlation>
    <Execution ProcessID="3124" ThreadID="3144">
    </Execution>
    <Channel>Microsoft-Windows-Sysmon/Operational</Channel>
    <Computer>DESKTOP-LGT6HFQ</Computer>
    <Security UserID="S-1-5-18">
    </Security>
  </System>
  <EventData>
    <Data Name="RuleName">-</Data>
    <Data Name="UtcTime">2026-06-05 04:56:35.178</Data>
    <Data Name="ProcessGuid">AA26E6DE-5703-6A22-1E01-000000001200</Data>
    <Data Name="ProcessId">11128</Data>
    <Data Name="Image">C:\Windows\System32\ClipESUConsumer.exe</Data>
    <Data Name="FileVersion">10.0.19041.6456 (WinBuild.160101.0800)</Data>
    <Data Name="Description">Clip ESU Consumer executable</Data>
    <Data Name="Product">Microsoft® Windows® Operating System</Data>
    <Data Name="Company">Microsoft Corporation</Data>
    <Data Name="OriginalFileName">ClipESUConsumer.exe</Data>
    <Data Name="CommandLine">&quot;C:\Windows\system32\ClipESUConsumer.exe&quot; -evaluateEligibility</Data>
    <Data Name="CurrentDirectory">C:\Windows\system32\</Data>
    <Data Name="User">DESKTOP-LGT6HFQ\ligac</Data>
    <Data Name="LogonGuid">AA26E6DE-54A9-6A22-9297-090000000000</Data>
    <Data Name="LogonId">0x99792</Data>
    <Data Name="TerminalSessionId">1</Data>
    <Data Name="IntegrityLevel">High</Data>
    <Data Name="Hashes">MD5=7CD2191FCC003922730AC0E39DBEF88B,SHA256=72171BDC2850E9A981F56050CBCEDA304365FBFBD3F226B97712CB2F4D539D01,IMPHASH=A90A21A72AD940901FFC561A201F9D10</Data>
    <Data Name="ParentProcessGuid">AA26E6DE-549E-6A22-1900-000000001200</Data>
    <Data Name="ParentProcessId">1128</Data>
    <Data Name="ParentImage">C:\Windows\System32\svchost.exe</Data>
    <Data Name="ParentCommandLine">C:\Windows\system32\svchost.exe -k netsvcs -p -s Schedule</Data>
    <Data Name="ParentUser">NT AUTHORITY\SYSTEM</Data>
  </EventData>
</Event>
Record 1016
<?xml version="1.0" encoding="utf-8"?>
<Event xmlns="http://schemas.microsoft.com/win/2004/08/events/event">
  <System>
    <Provider Name="Microsoft-Windows-Sysmon" Guid="5770385F-C22A-43E0-BF4C-06F5698FFBD9">
    </Provider>
    <EventID>1</EventID>
    <Version>5</Version>
    <Level>4</Level>
    <Task>1</Task>
    <Opcode>0</Opcode>
    <Keywords>0x8000000000000000</Keywords>
    <TimeCreated SystemTime="2026-06-05T04:56:35.199017Z">
    </TimeCreated>
    <EventRecordID>1016</EventRecordID>
    <Correlation>
    </Correlation>
    <Execution ProcessID="3124" ThreadID="3144">
    </Execution>
    <Channel>Microsoft-Windows-Sysmon/Operational</Channel>
    <Computer>DESKTOP-LGT6HFQ</Computer>
    <Security UserID="S-1-5-18">
    </Security>
  </System>
  <EventData>
    <Data Name="RuleName">-</Data>
    <Data Name="UtcTime">2026-06-05 04:56:35.179</Data>
    <Data Name="ProcessGuid">AA26E6DE-5703-6A22-1F01-000000001200</Data>
    <Data Name="ProcessId">12004</Data>
    <Data Name="Image">C:\Users\ligac\AppData\Local\Microsoft\OneDrive\26.084.0504.0007\OneDriveLauncher.exe</Data>
    <Data Name="FileVersion">26.084.0504.0007</Data>
    <Data Name="Description">OneDriveLauncher</Data>
    <Data Name="Product">Microsoft OneDrive</Data>
    <Data Name="Company">Microsoft Corporation</Data>
    <Data Name="OriginalFileName">OneDriveLauncher.exe</Data>
    <Data Name="CommandLine">&quot;C:\Users\ligac\AppData\Local\Microsoft\OneDrive\26.084.0504.0007\OneDriveLauncher.exe&quot; /startInstances</Data>
    <Data Name="CurrentDirectory">C:\Windows\system32\</Data>
    <Data Name="User">DESKTOP-LGT6HFQ\ligac</Data>
    <Data Name="LogonGuid">AA26E6DE-54A9-6A22-C797-090000000000</Data>
    <Data Name="LogonId">0x997c7</Data>
    <Data Name="TerminalSessionId">1</Data>
    <Data Name="IntegrityLevel">Medium</Data>
    <Data Name="Hashes">MD5=E96981050A2BEA7ECA6367E8B7227992,SHA256=34F83DE1FF1E44932BE64FF762399894EFEA18C550824668348B729B74D97822,IMPHASH=48D44C06F4200E5469D31DA9A8AA77F1</Data>
    <Data Name="ParentProcessGuid">AA26E6DE-549E-6A22-1900-000000001200</Data>
    <Data Name="ParentProcessId">1128</Data>
    <Data Name="ParentImage">C:\Windows\System32\svchost.exe</Data>
    <Data Name="ParentCommandLine">C:\Windows\system32\svchost.exe -k netsvcs -p -s Schedule</Data>
    <Data Name="ParentUser">NT AUTHORITY\SYSTEM</Data>
  </EventData>
</Event>
Record 1017
<?xml version="1.0" encoding="utf-8"?>
<Event xmlns="http://schemas.microsoft.com/win/2004/08/events/event">
  <System>
    <Provider Name="Microsoft-Windows-Sysmon" Guid="5770385F-C22A-43E0-BF4C-06F5698FFBD9">
    </Provider>
    <EventID>3</EventID>
    <Version>5</Version>
    <Level>4</Level>
    <Task>3</Task>
    <Opcode>0</Opcode>
    <Keywords>0x8000000000000000</Keywords>
    <TimeCreated SystemTime="2026-06-05T04:56:38.577820Z">
    </TimeCreated>
    <EventRecordID>1017</EventRecordID>
    <Correlation>
    </Correlation>
    <Execution ProcessID="3124" ThreadID="3316">
    </Execution>
    <Channel>Microsoft-Windows-Sysmon/Operational</Channel>
    <Computer>DESKTOP-LGT6HFQ</Computer>
    <Security UserID="S-1-5-18">
    </Security>
  </System>
  <EventData>
    <Data Name="RuleName">Usermode</Data>
    <Data Name="UtcTime">2026-06-05 04:56:36.515</Data>
    <Data Name="ProcessGuid">AA26E6DE-5703-6A22-1F01-000000001200</Data>
    <Data Name="ProcessId">12004</Data>
    <Data Name="Image">C:\Users\ligac\AppData\Local\Microsoft\OneDrive\26.084.0504.0007\OneDriveLauncher.exe</Data>
    <Data Name="User">DESKTOP-LGT6HFQ\ligac</Data>
    <Data Name="Protocol">tcp</Data>
    <Data Name="Initiated">true</Data>
    <Data Name="SourceIsIpv6">false</Data>
    <Data Name="SourceIp">192.168.18.141</Data>
    <Data Name="SourceHostname">DESKTOP-LGT6HFQ.localdomain</Data>
    <Data Name="SourcePort">49785</Data>
    <Data Name="SourcePortName">-</Data>
    <Data Name="DestinationIsIpv6">false</Data>
    <Data Name="DestinationIp">51.116.246.105</Data>
    <Data Name="DestinationHostname">-</Data>
    <Data Name="DestinationPort">443</Data>
    <Data Name="DestinationPortName">https</Data>
  </EventData>
</Event>
Record 1018
<?xml version="1.0" encoding="utf-8"?>
<Event xmlns="http://schemas.microsoft.com/win/2004/08/events/event">
  <System>
    <Provider Name="Microsoft-Windows-Sysmon" Guid="5770385F-C22A-43E0-BF4C-06F5698FFBD9">
    </Provider>
    <EventID>1</EventID>
    <Version>5</Version>
    <Level>4</Level>
    <Task>1</Task>
    <Opcode>0</Opcode>
    <Keywords>0x8000000000000000</Keywords>
    <TimeCreated SystemTime="2026-06-05T04:56:40.913687Z">
    </TimeCreated>
    <EventRecordID>1018</EventRecordID>
    <Correlation>
    </Correlation>
    <Execution ProcessID="3124" ThreadID="3144">
    </Execution>
    <Channel>Microsoft-Windows-Sysmon/Operational</Channel>
    <Computer>DESKTOP-LGT6HFQ</Computer>
    <Security UserID="S-1-5-18">
    </Security>
  </System>
  <EventData>
    <Data Name="RuleName">-</Data>
    <Data Name="UtcTime">2026-06-05 04:56:40.910</Data>
    <Data Name="ProcessGuid">AA26E6DE-5708-6A22-2001-000000001200</Data>
    <Data Name="ProcessId">7532</Data>
    <Data Name="Image">C:\ProgramData\Microsoft\Windows Defender\Platform\4.18.26040.7-0\MpCmdRun.exe</Data>
    <Data Name="FileVersion">4.18.26040.7 (8d846dd50fd7adca65beb1b013a5fda76a9ec807)</Data>
    <Data Name="Description">Microsoft Malware Protection Command Line Utility</Data>
    <Data Name="Product">Microsoft® Windows® Operating System</Data>
    <Data Name="Company">Microsoft Corporation</Data>
    <Data Name="OriginalFileName">MpCmdRun.exe</Data>
    <Data Name="CommandLine">&quot;C:\ProgramData\Microsoft\Windows Defender\platform\4.18.26040.7-0\MpCmdRun.exe&quot; SignatureUpdate -ScheduleJob -RestrictPrivileges</Data>
    <Data Name="CurrentDirectory">C:\Windows\system32\</Data>
    <Data Name="User">NT AUTHORITY\SYSTEM</Data>
    <Data Name="LogonGuid">AA26E6DE-549D-6A22-E703-000000000000</Data>
    <Data Name="LogonId">0x3e7</Data>
    <Data Name="TerminalSessionId">0</Data>
    <Data Name="IntegrityLevel">System</Data>
    <Data Name="Hashes">MD5=66279F51DE8401F4D341B50C4DDCECFE,SHA256=F75D5C7E266452790259595DDC73DC83CD31B304452095494079CA41A7D4C69E,IMPHASH=972772FD61F841DF9B4EA185FD4CB03C</Data>
    <Data Name="ParentProcessGuid">AA26E6DE-54A1-6A22-5700-000000001200</Data>
    <Data Name="ParentProcessId">3204</Data>
    <Data Name="ParentImage">C:\ProgramData\Microsoft\Windows Defender\Platform\4.18.26040.7-0\MsMpEng.exe</Data>
    <Data Name="ParentCommandLine">&quot;C:\ProgramData\Microsoft\Windows Defender\platform\4.18.26040.7-0\MsMpEng.exe&quot;</Data>
    <Data Name="ParentUser">NT AUTHORITY\SYSTEM</Data>
  </EventData>
</Event>
Record 1019
<?xml version="1.0" encoding="utf-8"?>
<Event xmlns="http://schemas.microsoft.com/win/2004/08/events/event">
  <System>
    <Provider Name="Microsoft-Windows-Sysmon" Guid="5770385F-C22A-43E0-BF4C-06F5698FFBD9">
    </Provider>
    <EventID>1</EventID>
    <Version>5</Version>
    <Level>4</Level>
    <Task>1</Task>
    <Opcode>0</Opcode>
    <Keywords>0x8000000000000000</Keywords>
    <TimeCreated SystemTime="2026-06-05T04:56:40.991042Z">
    </TimeCreated>
    <EventRecordID>1019</EventRecordID>
    <Correlation>
    </Correlation>
    <Execution ProcessID="3124" ThreadID="3144">
    </Execution>
    <Channel>Microsoft-Windows-Sysmon/Operational</Channel>
    <Computer>DESKTOP-LGT6HFQ</Computer>
    <Security UserID="S-1-5-18">
    </Security>
  </System>
  <EventData>
    <Data Name="RuleName">-</Data>
    <Data Name="UtcTime">2026-06-05 04:56:40.988</Data>
    <Data Name="ProcessGuid">AA26E6DE-5708-6A22-2201-000000001200</Data>
    <Data Name="ProcessId">10132</Data>
    <Data Name="Image">C:\ProgramData\Microsoft\Windows Defender\Platform\4.18.26040.7-0\MpCmdRun.exe</Data>
    <Data Name="FileVersion">4.18.26040.7 (8d846dd50fd7adca65beb1b013a5fda76a9ec807)</Data>
    <Data Name="Description">Microsoft Malware Protection Command Line Utility</Data>
    <Data Name="Product">Microsoft® Windows® Operating System</Data>
    <Data Name="Company">Microsoft Corporation</Data>
    <Data Name="OriginalFileName">MpCmdRun.exe</Data>
    <Data Name="CommandLine">&quot;C:\ProgramData\Microsoft\Windows Defender\platform\4.18.26040.7-0\MpCmdRun.exe&quot; SignaturesUpdateService -ScheduleJob -UnmanagedUpdate</Data>
    <Data Name="CurrentDirectory">C:\Windows\system32\</Data>
    <Data Name="User">NT AUTHORITY\SYSTEM</Data>
    <Data Name="LogonGuid">AA26E6DE-549D-6A22-E703-000000000000</Data>
    <Data Name="LogonId">0x3e7</Data>
    <Data Name="TerminalSessionId">0</Data>
    <Data Name="IntegrityLevel">System</Data>
    <Data Name="Hashes">MD5=66279F51DE8401F4D341B50C4DDCECFE,SHA256=F75D5C7E266452790259595DDC73DC83CD31B304452095494079CA41A7D4C69E,IMPHASH=972772FD61F841DF9B4EA185FD4CB03C</Data>
    <Data Name="ParentProcessGuid">AA26E6DE-54A1-6A22-5700-000000001200</Data>
    <Data Name="ParentProcessId">3204</Data>
    <Data Name="ParentImage">C:\ProgramData\Microsoft\Windows Defender\Platform\4.18.26040.7-0\MsMpEng.exe</Data>
    <Data Name="ParentCommandLine">&quot;C:\ProgramData\Microsoft\Windows Defender\platform\4.18.26040.7-0\MsMpEng.exe&quot;</Data>
    <Data Name="ParentUser">NT AUTHORITY\SYSTEM</Data>
  </EventData>
</Event>
Record 1020
<?xml version="1.0" encoding="utf-8"?>
<Event xmlns="http://schemas.microsoft.com/win/2004/08/events/event">
  <System>
    <Provider Name="Microsoft-Windows-Sysmon" Guid="5770385F-C22A-43E0-BF4C-06F5698FFBD9">
    </Provider>
    <EventID>5</EventID>
    <Version>3</Version>
    <Level>4</Level>
    <Task>5</Task>
    <Opcode>0</Opcode>
    <Keywords>0x8000000000000000</Keywords>
    <TimeCreated SystemTime="2026-06-05T04:56:45.379320Z">
    </TimeCreated>
    <EventRecordID>1020</EventRecordID>
    <Correlation>
    </Correlation>
    <Execution ProcessID="3124" ThreadID="3144">
    </Execution>
    <Channel>Microsoft-Windows-Sysmon/Operational</Channel>
    <Computer>DESKTOP-LGT6HFQ</Computer>
    <Security UserID="S-1-5-18">
    </Security>
  </System>
  <EventData>
    <Data Name="RuleName">-</Data>
    <Data Name="UtcTime">2026-06-05 04:56:45.374</Data>
    <Data Name="ProcessGuid">AA26E6DE-5703-6A22-1F01-000000001200</Data>
    <Data Name="ProcessId">12004</Data>
    <Data Name="Image">C:\Users\ligac\AppData\Local\Microsoft\OneDrive\26.084.0504.0007\OneDriveLauncher.exe</Data>
    <Data Name="User">DESKTOP-LGT6HFQ\ligac</Data>
  </EventData>
</Event>
Record 1021
<?xml version="1.0" encoding="utf-8"?>
<Event xmlns="http://schemas.microsoft.com/win/2004/08/events/event">
  <System>
    <Provider Name="Microsoft-Windows-Sysmon" Guid="5770385F-C22A-43E0-BF4C-06F5698FFBD9">
    </Provider>
    <EventID>1</EventID>
    <Version>5</Version>
    <Level>4</Level>
    <Task>1</Task>
    <Opcode>0</Opcode>
    <Keywords>0x8000000000000000</Keywords>
    <TimeCreated SystemTime="2026-06-05T04:56:57.690898Z">
    </TimeCreated>
    <EventRecordID>1021</EventRecordID>
    <Correlation>
    </Correlation>
    <Execution ProcessID="3124" ThreadID="3144">
    </Execution>
    <Channel>Microsoft-Windows-Sysmon/Operational</Channel>
    <Computer>DESKTOP-LGT6HFQ</Computer>
    <Security UserID="S-1-5-18">
    </Security>
  </System>
  <EventData>
    <Data Name="RuleName">-</Data>
    <Data Name="UtcTime">2026-06-05 04:56:57.688</Data>
    <Data Name="ProcessGuid">AA26E6DE-5719-6A22-2501-000000001200</Data>
    <Data Name="ProcessId">6100</Data>
    <Data Name="Image">C:\Windows\System32\taskhostw.exe</Data>
    <Data Name="FileVersion">10.0.19041.5794 (WinBuild.160101.0800)</Data>
    <Data Name="Description">Host Process for Windows Tasks</Data>
    <Data Name="Product">Microsoft® Windows® Operating System</Data>
    <Data Name="Company">Microsoft Corporation</Data>
    <Data Name="OriginalFileName">taskhostw.exe</Data>
    <Data Name="CommandLine">taskhostw.exe -RegisterDevice -ProtectionStateChanged -FreeNetworkOnly</Data>
    <Data Name="CurrentDirectory">C:\Windows\system32\</Data>
    <Data Name="User">NT AUTHORITY\SYSTEM</Data>
    <Data Name="LogonGuid">AA26E6DE-549D-6A22-E703-000000000000</Data>
    <Data Name="LogonId">0x3e7</Data>
    <Data Name="TerminalSessionId">0</Data>
    <Data Name="IntegrityLevel">System</Data>
    <Data Name="Hashes">MD5=D71630DA4364F89F36B47581D4162639,SHA256=4D84D1DB6C572DA841307B814CCF26478429D3A29F304755CE1BAF110E639F64,IMPHASH=3A0C6863CDE566AF997DB2DEFFF9D924</Data>
    <Data Name="ParentProcessGuid">AA26E6DE-549E-6A22-1900-000000001200</Data>
    <Data Name="ParentProcessId">1128</Data>
    <Data Name="ParentImage">C:\Windows\System32\svchost.exe</Data>
    <Data Name="ParentCommandLine">C:\Windows\system32\svchost.exe -k netsvcs -p -s Schedule</Data>
    <Data Name="ParentUser">NT AUTHORITY\SYSTEM</Data>
  </EventData>
</Event>
Record 1022
<?xml version="1.0" encoding="utf-8"?>
<Event xmlns="http://schemas.microsoft.com/win/2004/08/events/event">
  <System>
    <Provider Name="Microsoft-Windows-Sysmon" Guid="5770385F-C22A-43E0-BF4C-06F5698FFBD9">
    </Provider>
    <EventID>1</EventID>
    <Version>5</Version>
    <Level>4</Level>
    <Task>1</Task>
    <Opcode>0</Opcode>
    <Keywords>0x8000000000000000</Keywords>
    <TimeCreated SystemTime="2026-06-05T04:56:57.831412Z">
    </TimeCreated>
    <EventRecordID>1022</EventRecordID>
    <Correlation>
    </Correlation>
    <Execution ProcessID="3124" ThreadID="3144">
    </Execution>
    <Channel>Microsoft-Windows-Sysmon/Operational</Channel>
    <Computer>DESKTOP-LGT6HFQ</Computer>
    <Security UserID="S-1-5-18">
    </Security>
  </System>
  <EventData>
    <Data Name="RuleName">-</Data>
    <Data Name="UtcTime">2026-06-05 04:56:57.828</Data>
    <Data Name="ProcessGuid">AA26E6DE-5719-6A22-2601-000000001200</Data>
    <Data Name="ProcessId">7072</Data>
    <Data Name="Image">C:\Windows\System32\svchost.exe</Data>
    <Data Name="FileVersion">10.0.19041.5794 (WinBuild.160101.0800)</Data>
    <Data Name="Description">Host Process for Windows Services</Data>
    <Data Name="Product">Microsoft® Windows® Operating System</Data>
    <Data Name="Company">Microsoft Corporation</Data>
    <Data Name="OriginalFileName">svchost.exe</Data>
    <Data Name="CommandLine">C:\Windows\system32\svchost.exe -k netsvcs -p -s gpsvc</Data>
    <Data Name="CurrentDirectory">C:\Windows\system32\</Data>
    <Data Name="User">NT AUTHORITY\SYSTEM</Data>
    <Data Name="LogonGuid">AA26E6DE-549D-6A22-E703-000000000000</Data>
    <Data Name="LogonId">0x3e7</Data>
    <Data Name="TerminalSessionId">0</Data>
    <Data Name="IntegrityLevel">System</Data>
    <Data Name="Hashes">MD5=3D1034D6ED3DAED60816A25C561E8C83,SHA256=B0B36BFF7AE4057F687D839CD4B3D81159AB646F1EE1B22106A927E93DECBB61,IMPHASH=F9BBD96FAE53B7A31264A703CAFA0666</Data>
    <Data Name="ParentProcessGuid">AA26E6DE-549D-6A22-0B00-000000001200</Data>
    <Data Name="ParentProcessId">648</Data>
    <Data Name="ParentImage">C:\Windows\System32\services.exe</Data>
    <Data Name="ParentCommandLine">C:\Windows\system32\services.exe</Data>
    <Data Name="ParentUser">NT AUTHORITY\SYSTEM</Data>
  </EventData>
</Event>
Record 1023
<?xml version="1.0" encoding="utf-8"?>
<Event xmlns="http://schemas.microsoft.com/win/2004/08/events/event">
  <System>
    <Provider Name="Microsoft-Windows-Sysmon" Guid="5770385F-C22A-43E0-BF4C-06F5698FFBD9">
    </Provider>
    <EventID>1</EventID>
    <Version>5</Version>
    <Level>4</Level>
    <Task>1</Task>
    <Opcode>0</Opcode>
    <Keywords>0x8000000000000000</Keywords>
    <TimeCreated SystemTime="2026-06-05T04:56:57.879701Z">
    </TimeCreated>
    <EventRecordID>1023</EventRecordID>
    <Correlation>
    </Correlation>
    <Execution ProcessID="3124" ThreadID="3144">
    </Execution>
    <Channel>Microsoft-Windows-Sysmon/Operational</Channel>
    <Computer>DESKTOP-LGT6HFQ</Computer>
    <Security UserID="S-1-5-18">
    </Security>
  </System>
  <EventData>
    <Data Name="RuleName">-</Data>
    <Data Name="UtcTime">2026-06-05 04:56:57.878</Data>
    <Data Name="ProcessGuid">AA26E6DE-5719-6A22-2701-000000001200</Data>
    <Data Name="ProcessId">11448</Data>
    <Data Name="Image">C:\Windows\System32\smartscreen.exe</Data>
    <Data Name="FileVersion">10.0.19041.6456 (WinBuild.160101.0800)</Data>
    <Data Name="Description">Windows Defender SmartScreen</Data>
    <Data Name="Product">Microsoft® Windows® Operating System</Data>
    <Data Name="Company">Microsoft Corporation</Data>
    <Data Name="OriginalFileName">smartscreen.exe</Data>
    <Data Name="CommandLine">C:\Windows\System32\smartscreen.exe -Embedding</Data>
    <Data Name="CurrentDirectory">C:\Windows\system32\</Data>
    <Data Name="User">DESKTOP-LGT6HFQ\ligac</Data>
    <Data Name="LogonGuid">AA26E6DE-54A9-6A22-C797-090000000000</Data>
    <Data Name="LogonId">0x997c7</Data>
    <Data Name="TerminalSessionId">1</Data>
    <Data Name="IntegrityLevel">Medium</Data>
    <Data Name="Hashes">MD5=729B70C3F7099783CC0B2C26431CC866,SHA256=3DA437B642468EAFAB7CD1B9DCF2CDF838B44C63FD73DAE8E3E4D06EC187C0F3,IMPHASH=4B886C738F992DAAEB38C0F29965B8BD</Data>
    <Data Name="ParentProcessGuid">AA26E6DE-549D-6A22-0E00-000000001200</Data>
    <Data Name="ParentProcessId">800</Data>
    <Data Name="ParentImage">C:\Windows\System32\svchost.exe</Data>
    <Data Name="ParentCommandLine">C:\Windows\system32\svchost.exe -k DcomLaunch -p</Data>
    <Data Name="ParentUser">NT AUTHORITY\SYSTEM</Data>
  </EventData>
</Event>
Record 1024
<?xml version="1.0" encoding="utf-8"?>
<Event xmlns="http://schemas.microsoft.com/win/2004/08/events/event">
  <System>
    <Provider Name="Microsoft-Windows-Sysmon" Guid="5770385F-C22A-43E0-BF4C-06F5698FFBD9">
    </Provider>
    <EventID>1</EventID>
    <Version>5</Version>
    <Level>4</Level>
    <Task>1</Task>
    <Opcode>0</Opcode>
    <Keywords>0x8000000000000000</Keywords>
    <TimeCreated SystemTime="2026-06-05T04:56:58.151355Z">
    </TimeCreated>
    <EventRecordID>1024</EventRecordID>
    <Correlation>
    </Correlation>
    <Execution ProcessID="3124" ThreadID="3144">
    </Execution>
    <Channel>Microsoft-Windows-Sysmon/Operational</Channel>
    <Computer>DESKTOP-LGT6HFQ</Computer>
    <Security UserID="S-1-5-18">
    </Security>
  </System>
  <EventData>
    <Data Name="RuleName">-</Data>
    <Data Name="UtcTime">2026-06-05 04:56:58.146</Data>
    <Data Name="ProcessGuid">AA26E6DE-571A-6A22-2801-000000001200</Data>
    <Data Name="ProcessId">12276</Data>
    <Data Name="Image">C:\Windows\servicing\TrustedInstaller.exe</Data>
    <Data Name="FileVersion">10.0.19041.6033 (WinBuild.160101.0800)</Data>
    <Data Name="Description">Windows Modules Installer</Data>
    <Data Name="Product">Microsoft® Windows® Operating System</Data>
    <Data Name="Company">Microsoft Corporation</Data>
    <Data Name="OriginalFileName">TrustedInstaller.exe</Data>
    <Data Name="CommandLine">C:\Windows\servicing\TrustedInstaller.exe</Data>
    <Data Name="CurrentDirectory">C:\Windows\system32\</Data>
    <Data Name="User">NT AUTHORITY\SYSTEM</Data>
    <Data Name="LogonGuid">AA26E6DE-549D-6A22-E703-000000000000</Data>
    <Data Name="LogonId">0x3e7</Data>
    <Data Name="TerminalSessionId">0</Data>
    <Data Name="IntegrityLevel">System</Data>
    <Data Name="Hashes">MD5=7AD303939D1A9FECD6ECADD773B4ADEF,SHA256=4A91D438B383AFAAB9015C6A4C5BDAD04EF4A3FDF010FCC2433EED7AA471F311,IMPHASH=0573E2F86BB45402DB86E0CB5DC66EDC</Data>
    <Data Name="ParentProcessGuid">AA26E6DE-549D-6A22-0B00-000000001200</Data>
    <Data Name="ParentProcessId">648</Data>
    <Data Name="ParentImage">C:\Windows\System32\services.exe</Data>
    <Data Name="ParentCommandLine">C:\Windows\system32\services.exe</Data>
    <Data Name="ParentUser">NT AUTHORITY\SYSTEM</Data>
  </EventData>
</Event>
Record 1025
<?xml version="1.0" encoding="utf-8"?>
<Event xmlns="http://schemas.microsoft.com/win/2004/08/events/event">
  <System>
    <Provider Name="Microsoft-Windows-Sysmon" Guid="5770385F-C22A-43E0-BF4C-06F5698FFBD9">
    </Provider>
    <EventID>1</EventID>
    <Version>5</Version>
    <Level>4</Level>
    <Task>1</Task>
    <Opcode>0</Opcode>
    <Keywords>0x8000000000000000</Keywords>
    <TimeCreated SystemTime="2026-06-05T04:56:58.426825Z">
    </TimeCreated>
    <EventRecordID>1025</EventRecordID>
    <Correlation>
    </Correlation>
    <Execution ProcessID="3124" ThreadID="3144">
    </Execution>
    <Channel>Microsoft-Windows-Sysmon/Operational</Channel>
    <Computer>DESKTOP-LGT6HFQ</Computer>
    <Security UserID="S-1-5-18">
    </Security>
  </System>
  <EventData>
    <Data Name="RuleName">-</Data>
    <Data Name="UtcTime">2026-06-05 04:56:58.424</Data>
    <Data Name="ProcessGuid">AA26E6DE-571A-6A22-2901-000000001200</Data>
    <Data Name="ProcessId">6068</Data>
    <Data Name="Image">C:\Windows\System32\MoUsoCoreWorker.exe</Data>
    <Data Name="FileVersion">10.0.19041.5848 (WinBuild.160101.0800)</Data>
    <Data Name="Description">MoUSO Core Worker Process</Data>
    <Data Name="Product">Microsoft® Windows® Operating System</Data>
    <Data Name="Company">Microsoft Corporation</Data>
    <Data Name="OriginalFileName">MoUSOCoreWorker.exe</Data>
    <Data Name="CommandLine">C:\Windows\System32\mousocoreworker.exe -Embedding</Data>
    <Data Name="CurrentDirectory">C:\Windows\system32\</Data>
    <Data Name="User">NT AUTHORITY\SYSTEM</Data>
    <Data Name="LogonGuid">AA26E6DE-549D-6A22-E703-000000000000</Data>
    <Data Name="LogonId">0x3e7</Data>
    <Data Name="TerminalSessionId">0</Data>
    <Data Name="IntegrityLevel">System</Data>
    <Data Name="Hashes">MD5=7E1D07B224D243CAC8327577C61F0218,SHA256=6B676785219372F26A109E601BD04C7376A289021616B36AE4CCFABA43EAF4D6,IMPHASH=8668B4C1834A89E3778E45BE48201874</Data>
    <Data Name="ParentProcessGuid">AA26E6DE-549D-6A22-0E00-000000001200</Data>
    <Data Name="ParentProcessId">800</Data>
    <Data Name="ParentImage">C:\Windows\System32\svchost.exe</Data>
    <Data Name="ParentCommandLine">C:\Windows\system32\svchost.exe -k DcomLaunch -p</Data>
    <Data Name="ParentUser">NT AUTHORITY\SYSTEM</Data>
  </EventData>
</Event>
Record 1026
<?xml version="1.0" encoding="utf-8"?>
<Event xmlns="http://schemas.microsoft.com/win/2004/08/events/event">
  <System>
    <Provider Name="Microsoft-Windows-Sysmon" Guid="5770385F-C22A-43E0-BF4C-06F5698FFBD9">
    </Provider>
    <EventID>1</EventID>
    <Version>5</Version>
    <Level>4</Level>
    <Task>1</Task>
    <Opcode>0</Opcode>
    <Keywords>0x8000000000000000</Keywords>
    <TimeCreated SystemTime="2026-06-05T05:00:01.797995Z">
    </TimeCreated>
    <EventRecordID>1026</EventRecordID>
    <Correlation>
    </Correlation>
    <Execution ProcessID="3124" ThreadID="3144">
    </Execution>
    <Channel>Microsoft-Windows-Sysmon/Operational</Channel>
    <Computer>DESKTOP-LGT6HFQ</Computer>
    <Security UserID="S-1-5-18">
    </Security>
  </System>
  <EventData>
    <Data Name="RuleName">-</Data>
    <Data Name="UtcTime">2026-06-05 05:00:01.794</Data>
    <Data Name="ProcessGuid">AA26E6DE-57D1-6A22-2B01-000000001200</Data>
    <Data Name="ProcessId">8228</Data>
    <Data Name="Image">C:\Windows\System32\wsqmcons.exe</Data>
    <Data Name="FileVersion">10.0.19041.5794 (WinBuild.160101.0800)</Data>
    <Data Name="Description">Windows SQM Consolidator</Data>
    <Data Name="Product">Microsoft® Windows® Operating System</Data>
    <Data Name="Company">Microsoft Corporation</Data>
    <Data Name="OriginalFileName">wsqmcons.exe</Data>
    <Data Name="CommandLine">&quot;C:\Windows\System32\wsqmcons.exe&quot;</Data>
    <Data Name="CurrentDirectory">C:\Windows\system32\</Data>
    <Data Name="User">NT AUTHORITY\SYSTEM</Data>
    <Data Name="LogonGuid">AA26E6DE-549D-6A22-E703-000000000000</Data>
    <Data Name="LogonId">0x3e7</Data>
    <Data Name="TerminalSessionId">0</Data>
    <Data Name="IntegrityLevel">System</Data>
    <Data Name="Hashes">MD5=62DE3E64EF2B6893CE4218B27320B181,SHA256=D773D6147BCA435E360615CA6F879D967448BEDF26C459983D23B861A0C058A9,IMPHASH=8026EF5B10ED9F476FB385B936C31F2A</Data>
    <Data Name="ParentProcessGuid">AA26E6DE-549E-6A22-1900-000000001200</Data>
    <Data Name="ParentProcessId">1128</Data>
    <Data Name="ParentImage">C:\Windows\System32\svchost.exe</Data>
    <Data Name="ParentCommandLine">C:\Windows\system32\svchost.exe -k netsvcs -p -s Schedule</Data>
    <Data Name="ParentUser">NT AUTHORITY\SYSTEM</Data>
  </EventData>
</Event>
Record 1027
<?xml version="1.0" encoding="utf-8"?>
<Event xmlns="http://schemas.microsoft.com/win/2004/08/events/event">
  <System>
    <Provider Name="Microsoft-Windows-Sysmon" Guid="5770385F-C22A-43E0-BF4C-06F5698FFBD9">
    </Provider>
    <EventID>22</EventID>
    <Version>5</Version>
    <Level>4</Level>
    <Task>22</Task>
    <Opcode>0</Opcode>
    <Keywords>0x8000000000000000</Keywords>
    <TimeCreated SystemTime="2026-06-05T05:01:24.510868Z">
    </TimeCreated>
    <EventRecordID>1027</EventRecordID>
    <Correlation>
    </Correlation>
    <Execution ProcessID="3124" ThreadID="5188">
    </Execution>
    <Channel>Microsoft-Windows-Sysmon/Operational</Channel>
    <Computer>DESKTOP-LGT6HFQ</Computer>
    <Security UserID="S-1-5-18">
    </Security>
  </System>
  <EventData>
    <Data Name="RuleName">-</Data>
    <Data Name="UtcTime">2026-06-05 05:01:23.514</Data>
    <Data Name="ProcessGuid">AA26E6DE-549F-6A22-2F00-000000001200</Data>
    <Data Name="ProcessId">1976</Data>
    <Data Name="QueryName">DESKTOP-LGT6HFQ</Data>
    <Data Name="QueryStatus">0</Data>
    <Data Name="QueryResults">fe80::e412:acaf:1173:7040;192.168.18.141;</Data>
    <Data Name="Image">C:\Windows\System32\svchost.exe</Data>
    <Data Name="User">NT AUTHORITY\NETWORK SERVICE</Data>
  </EventData>
</Event>
Record 1028
<?xml version="1.0" encoding="utf-8"?>
<Event xmlns="http://schemas.microsoft.com/win/2004/08/events/event">
  <System>
    <Provider Name="Microsoft-Windows-Sysmon" Guid="5770385F-C22A-43E0-BF4C-06F5698FFBD9">
    </Provider>
    <EventID>1</EventID>
    <Version>5</Version>
    <Level>4</Level>
    <Task>1</Task>
    <Opcode>0</Opcode>
    <Keywords>0x8000000000000000</Keywords>
    <TimeCreated SystemTime="2026-06-05T05:01:26.111194Z">
    </TimeCreated>
    <EventRecordID>1028</EventRecordID>
    <Correlation>
    </Correlation>
    <Execution ProcessID="3124" ThreadID="3144">
    </Execution>
    <Channel>Microsoft-Windows-Sysmon/Operational</Channel>
    <Computer>DESKTOP-LGT6HFQ</Computer>
    <Security UserID="S-1-5-18">
    </Security>
  </System>
  <EventData>
    <Data Name="RuleName">-</Data>
    <Data Name="UtcTime">2026-06-05 05:01:26.107</Data>
    <Data Name="ProcessGuid">AA26E6DE-5826-6A22-2D01-000000001200</Data>
    <Data Name="ProcessId">5972</Data>
    <Data Name="Image">C:\Windows\System32\taskhostw.exe</Data>
    <Data Name="FileVersion">10.0.19041.5794 (WinBuild.160101.0800)</Data>
    <Data Name="Description">Host Process for Windows Tasks</Data>
    <Data Name="Product">Microsoft® Windows® Operating System</Data>
    <Data Name="Company">Microsoft Corporation</Data>
    <Data Name="OriginalFileName">taskhostw.exe</Data>
    <Data Name="CommandLine">taskhostw.exe</Data>
    <Data Name="CurrentDirectory">C:\Windows\system32\</Data>
    <Data Name="User">NT AUTHORITY\SYSTEM</Data>
    <Data Name="LogonGuid">AA26E6DE-549D-6A22-E703-000000000000</Data>
    <Data Name="LogonId">0x3e7</Data>
    <Data Name="TerminalSessionId">0</Data>
    <Data Name="IntegrityLevel">System</Data>
    <Data Name="Hashes">MD5=D71630DA4364F89F36B47581D4162639,SHA256=4D84D1DB6C572DA841307B814CCF26478429D3A29F304755CE1BAF110E639F64,IMPHASH=3A0C6863CDE566AF997DB2DEFFF9D924</Data>
    <Data Name="ParentProcessGuid">AA26E6DE-549E-6A22-1900-000000001200</Data>
    <Data Name="ParentProcessId">1128</Data>
    <Data Name="ParentImage">C:\Windows\System32\svchost.exe</Data>
    <Data Name="ParentCommandLine">C:\Windows\system32\svchost.exe -k netsvcs -p -s Schedule</Data>
    <Data Name="ParentUser">NT AUTHORITY\SYSTEM</Data>
  </EventData>
</Event>
Record 1029
<?xml version="1.0" encoding="utf-8"?>
<Event xmlns="http://schemas.microsoft.com/win/2004/08/events/event">
  <System>
    <Provider Name="Microsoft-Windows-Sysmon" Guid="5770385F-C22A-43E0-BF4C-06F5698FFBD9">
    </Provider>
    <EventID>1</EventID>
    <Version>5</Version>
    <Level>4</Level>
    <Task>1</Task>
    <Opcode>0</Opcode>
    <Keywords>0x8000000000000000</Keywords>
    <TimeCreated SystemTime="2026-06-05T05:01:26.112174Z">
    </TimeCreated>
    <EventRecordID>1029</EventRecordID>
    <Correlation>
    </Correlation>
    <Execution ProcessID="3124" ThreadID="3144">
    </Execution>
    <Channel>Microsoft-Windows-Sysmon/Operational</Channel>
    <Computer>DESKTOP-LGT6HFQ</Computer>
    <Security UserID="S-1-5-18">
    </Security>
  </System>
  <EventData>
    <Data Name="RuleName">-</Data>
    <Data Name="UtcTime">2026-06-05 05:01:26.107</Data>
    <Data Name="ProcessGuid">AA26E6DE-5826-6A22-2C01-000000001200</Data>
    <Data Name="ProcessId">8760</Data>
    <Data Name="Image">C:\Windows\System32\sc.exe</Data>
    <Data Name="FileVersion">10.0.19041.1 (WinBuild.160101.0800)</Data>
    <Data Name="Description">Service Control Manager Configuration Tool</Data>
    <Data Name="Product">Microsoft® Windows® Operating System</Data>
    <Data Name="Company">Microsoft Corporation</Data>
    <Data Name="OriginalFileName">sc.exe</Data>
    <Data Name="CommandLine">&quot;C:\Windows\system32\sc.exe&quot; start pushtoinstall registration</Data>
    <Data Name="CurrentDirectory">C:\Windows\system32\</Data>
    <Data Name="User">NT AUTHORITY\SYSTEM</Data>
    <Data Name="LogonGuid">AA26E6DE-549D-6A22-E703-000000000000</Data>
    <Data Name="LogonId">0x3e7</Data>
    <Data Name="TerminalSessionId">0</Data>
    <Data Name="IntegrityLevel">System</Data>
    <Data Name="Hashes">MD5=3FB5CF71F7E7EB49790CB0E663434D80,SHA256=41F067C3A11B02FE39947F9EBA68AE5C7CB5BD1872A6009A4CD1506554A9ABA9,IMPHASH=803254E010814E69947095A2725B2AFD</Data>
    <Data Name="ParentProcessGuid">AA26E6DE-549E-6A22-1900-000000001200</Data>
    <Data Name="ParentProcessId">1128</Data>
    <Data Name="ParentImage">C:\Windows\System32\svchost.exe</Data>
    <Data Name="ParentCommandLine">C:\Windows\system32\svchost.exe -k netsvcs -p -s Schedule</Data>
    <Data Name="ParentUser">NT AUTHORITY\SYSTEM</Data>
  </EventData>
</Event>
Record 1030
<?xml version="1.0" encoding="utf-8"?>
<Event xmlns="http://schemas.microsoft.com/win/2004/08/events/event">
  <System>
    <Provider Name="Microsoft-Windows-Sysmon" Guid="5770385F-C22A-43E0-BF4C-06F5698FFBD9">
    </Provider>
    <EventID>1</EventID>
    <Version>5</Version>
    <Level>4</Level>
    <Task>1</Task>
    <Opcode>0</Opcode>
    <Keywords>0x8000000000000000</Keywords>
    <TimeCreated SystemTime="2026-06-05T05:01:26.152741Z">
    </TimeCreated>
    <EventRecordID>1030</EventRecordID>
    <Correlation>
    </Correlation>
    <Execution ProcessID="3124" ThreadID="3144">
    </Execution>
    <Channel>Microsoft-Windows-Sysmon/Operational</Channel>
    <Computer>DESKTOP-LGT6HFQ</Computer>
    <Security UserID="S-1-5-18">
    </Security>
  </System>
  <EventData>
    <Data Name="RuleName">-</Data>
    <Data Name="UtcTime">2026-06-05 05:01:26.151</Data>
    <Data Name="ProcessGuid">AA26E6DE-5826-6A22-2F01-000000001200</Data>
    <Data Name="ProcessId">4032</Data>
    <Data Name="Image">C:\Windows\System32\svchost.exe</Data>
    <Data Name="FileVersion">10.0.19041.5794 (WinBuild.160101.0800)</Data>
    <Data Name="Description">Host Process for Windows Services</Data>
    <Data Name="Product">Microsoft® Windows® Operating System</Data>
    <Data Name="Company">Microsoft Corporation</Data>
    <Data Name="OriginalFileName">svchost.exe</Data>
    <Data Name="CommandLine">C:\Windows\System32\svchost.exe -k netsvcs -p -s PushToInstall</Data>
    <Data Name="CurrentDirectory">C:\Windows\system32\</Data>
    <Data Name="User">NT AUTHORITY\SYSTEM</Data>
    <Data Name="LogonGuid">AA26E6DE-549D-6A22-E703-000000000000</Data>
    <Data Name="LogonId">0x3e7</Data>
    <Data Name="TerminalSessionId">0</Data>
    <Data Name="IntegrityLevel">System</Data>
    <Data Name="Hashes">MD5=3D1034D6ED3DAED60816A25C561E8C83,SHA256=B0B36BFF7AE4057F687D839CD4B3D81159AB646F1EE1B22106A927E93DECBB61,IMPHASH=F9BBD96FAE53B7A31264A703CAFA0666</Data>
    <Data Name="ParentProcessGuid">AA26E6DE-549D-6A22-0B00-000000001200</Data>
    <Data Name="ParentProcessId">648</Data>
    <Data Name="ParentImage">C:\Windows\System32\services.exe</Data>
    <Data Name="ParentCommandLine">C:\Windows\system32\services.exe</Data>
    <Data Name="ParentUser">NT AUTHORITY\SYSTEM</Data>
  </EventData>
</Event>
