Record 788
<?xml version="1.0" encoding="utf-8"?>
<Event xmlns="http://schemas.microsoft.com/win/2004/08/events/event">
  <System>
    <Provider Name="Microsoft-Windows-Sysmon" Guid="5770385F-C22A-43E0-BF4C-06F5698FFBD9">
    </Provider>
    <EventID>13</EventID>
    <Version>2</Version>
    <Level>4</Level>
    <Task>13</Task>
    <Opcode>0</Opcode>
    <Keywords>0x8000000000000000</Keywords>
    <TimeCreated SystemTime="2026-06-05T04:46:34.600070Z">
    </TimeCreated>
    <EventRecordID>788</EventRecordID>
    <Correlation>
    </Correlation>
    <Execution ProcessID="3124" ThreadID="3144">
    </Execution>
    <Channel>Microsoft-Windows-Sysmon/Operational</Channel>
    <Computer>DESKTOP-LGT6HFQ</Computer>
    <Security UserID="S-1-5-18">
    </Security>
  </System>
  <EventData>
    <Data Name="RuleName">T1031,T1050</Data>
    <Data Name="EventType">SetValue</Data>
    <Data Name="UtcTime">2026-06-05 04:46:34.586</Data>
    <Data Name="ProcessGuid">AA26E6DE-549D-6A22-0B00-000000001200</Data>
    <Data Name="ProcessId">648</Data>
    <Data Name="Image">C:\Windows\system32\services.exe</Data>
    <Data Name="TargetObject">HKLM\System\CurrentControlSet\Services\UdkUserSvc_9b918\ImagePath</Data>
    <Data Name="Details">C:\Windows\system32\svchost.exe -k UdkSvcGroup</Data>
    <Data Name="User">NT AUTHORITY\SYSTEM</Data>
  </EventData>
</Event>
Record 789
<?xml version="1.0" encoding="utf-8"?>
<Event xmlns="http://schemas.microsoft.com/win/2004/08/events/event">
  <System>
    <Provider Name="Microsoft-Windows-Sysmon" Guid="5770385F-C22A-43E0-BF4C-06F5698FFBD9">
    </Provider>
    <EventID>13</EventID>
    <Version>2</Version>
    <Level>4</Level>
    <Task>13</Task>
    <Opcode>0</Opcode>
    <Keywords>0x8000000000000000</Keywords>
    <TimeCreated SystemTime="2026-06-05T04:46:34.600322Z">
    </TimeCreated>
    <EventRecordID>789</EventRecordID>
    <Correlation>
    </Correlation>
    <Execution ProcessID="3124" ThreadID="3144">
    </Execution>
    <Channel>Microsoft-Windows-Sysmon/Operational</Channel>
    <Computer>DESKTOP-LGT6HFQ</Computer>
    <Security UserID="S-1-5-18">
    </Security>
  </System>
  <EventData>
    <Data Name="RuleName">T1031,T1050</Data>
    <Data Name="EventType">SetValue</Data>
    <Data Name="UtcTime">2026-06-05 04:46:34.586</Data>
    <Data Name="ProcessGuid">AA26E6DE-549D-6A22-0B00-000000001200</Data>
    <Data Name="ProcessId">648</Data>
    <Data Name="Image">C:\Windows\system32\services.exe</Data>
    <Data Name="TargetObject">HKLM\System\CurrentControlSet\Services\UnistoreSvc_9b918\Start</Data>
    <Data Name="Details">DWORD (0x00000003)</Data>
    <Data Name="User">NT AUTHORITY\SYSTEM</Data>
  </EventData>
</Event>
Record 790
<?xml version="1.0" encoding="utf-8"?>
<Event xmlns="http://schemas.microsoft.com/win/2004/08/events/event">
  <System>
    <Provider Name="Microsoft-Windows-Sysmon" Guid="5770385F-C22A-43E0-BF4C-06F5698FFBD9">
    </Provider>
    <EventID>13</EventID>
    <Version>2</Version>
    <Level>4</Level>
    <Task>13</Task>
    <Opcode>0</Opcode>
    <Keywords>0x8000000000000000</Keywords>
    <TimeCreated SystemTime="2026-06-05T04:46:34.600378Z">
    </TimeCreated>
    <EventRecordID>790</EventRecordID>
    <Correlation>
    </Correlation>
    <Execution ProcessID="3124" ThreadID="3144">
    </Execution>
    <Channel>Microsoft-Windows-Sysmon/Operational</Channel>
    <Computer>DESKTOP-LGT6HFQ</Computer>
    <Security UserID="S-1-5-18">
    </Security>
  </System>
  <EventData>
    <Data Name="RuleName">T1031,T1050</Data>
    <Data Name="EventType">SetValue</Data>
    <Data Name="UtcTime">2026-06-05 04:46:34.586</Data>
    <Data Name="ProcessGuid">AA26E6DE-549D-6A22-0B00-000000001200</Data>
    <Data Name="ProcessId">648</Data>
    <Data Name="Image">C:\Windows\system32\services.exe</Data>
    <Data Name="TargetObject">HKLM\System\CurrentControlSet\Services\UnistoreSvc_9b918\ImagePath</Data>
    <Data Name="Details">C:\Windows\System32\svchost.exe -k UnistackSvcGroup</Data>
    <Data Name="User">NT AUTHORITY\SYSTEM</Data>
  </EventData>
</Event>
Record 791
<?xml version="1.0" encoding="utf-8"?>
<Event xmlns="http://schemas.microsoft.com/win/2004/08/events/event">
  <System>
    <Provider Name="Microsoft-Windows-Sysmon" Guid="5770385F-C22A-43E0-BF4C-06F5698FFBD9">
    </Provider>
    <EventID>13</EventID>
    <Version>2</Version>
    <Level>4</Level>
    <Task>13</Task>
    <Opcode>0</Opcode>
    <Keywords>0x8000000000000000</Keywords>
    <TimeCreated SystemTime="2026-06-05T04:46:34.600553Z">
    </TimeCreated>
    <EventRecordID>791</EventRecordID>
    <Correlation>
    </Correlation>
    <Execution ProcessID="3124" ThreadID="3144">
    </Execution>
    <Channel>Microsoft-Windows-Sysmon/Operational</Channel>
    <Computer>DESKTOP-LGT6HFQ</Computer>
    <Security UserID="S-1-5-18">
    </Security>
  </System>
  <EventData>
    <Data Name="RuleName">T1031,T1050</Data>
    <Data Name="EventType">SetValue</Data>
    <Data Name="UtcTime">2026-06-05 04:46:34.586</Data>
    <Data Name="ProcessGuid">AA26E6DE-549D-6A22-0B00-000000001200</Data>
    <Data Name="ProcessId">648</Data>
    <Data Name="Image">C:\Windows\system32\services.exe</Data>
    <Data Name="TargetObject">HKLM\System\CurrentControlSet\Services\UserDataSvc_9b918\Start</Data>
    <Data Name="Details">DWORD (0x00000003)</Data>
    <Data Name="User">NT AUTHORITY\SYSTEM</Data>
  </EventData>
</Event>
Record 792
<?xml version="1.0" encoding="utf-8"?>
<Event xmlns="http://schemas.microsoft.com/win/2004/08/events/event">
  <System>
    <Provider Name="Microsoft-Windows-Sysmon" Guid="5770385F-C22A-43E0-BF4C-06F5698FFBD9">
    </Provider>
    <EventID>13</EventID>
    <Version>2</Version>
    <Level>4</Level>
    <Task>13</Task>
    <Opcode>0</Opcode>
    <Keywords>0x8000000000000000</Keywords>
    <TimeCreated SystemTime="2026-06-05T04:46:34.600594Z">
    </TimeCreated>
    <EventRecordID>792</EventRecordID>
    <Correlation>
    </Correlation>
    <Execution ProcessID="3124" ThreadID="3144">
    </Execution>
    <Channel>Microsoft-Windows-Sysmon/Operational</Channel>
    <Computer>DESKTOP-LGT6HFQ</Computer>
    <Security UserID="S-1-5-18">
    </Security>
  </System>
  <EventData>
    <Data Name="RuleName">T1031,T1050</Data>
    <Data Name="EventType">SetValue</Data>
    <Data Name="UtcTime">2026-06-05 04:46:34.586</Data>
    <Data Name="ProcessGuid">AA26E6DE-549D-6A22-0B00-000000001200</Data>
    <Data Name="ProcessId">648</Data>
    <Data Name="Image">C:\Windows\system32\services.exe</Data>
    <Data Name="TargetObject">HKLM\System\CurrentControlSet\Services\UserDataSvc_9b918\ImagePath</Data>
    <Data Name="Details">C:\Windows\system32\svchost.exe -k UnistackSvcGroup</Data>
    <Data Name="User">NT AUTHORITY\SYSTEM</Data>
  </EventData>
</Event>
Record 793
<?xml version="1.0" encoding="utf-8"?>
<Event xmlns="http://schemas.microsoft.com/win/2004/08/events/event">
  <System>
    <Provider Name="Microsoft-Windows-Sysmon" Guid="5770385F-C22A-43E0-BF4C-06F5698FFBD9">
    </Provider>
    <EventID>13</EventID>
    <Version>2</Version>
    <Level>4</Level>
    <Task>13</Task>
    <Opcode>0</Opcode>
    <Keywords>0x8000000000000000</Keywords>
    <TimeCreated SystemTime="2026-06-05T04:46:34.600763Z">
    </TimeCreated>
    <EventRecordID>793</EventRecordID>
    <Correlation>
    </Correlation>
    <Execution ProcessID="3124" ThreadID="3144">
    </Execution>
    <Channel>Microsoft-Windows-Sysmon/Operational</Channel>
    <Computer>DESKTOP-LGT6HFQ</Computer>
    <Security UserID="S-1-5-18">
    </Security>
  </System>
  <EventData>
    <Data Name="RuleName">T1031,T1050</Data>
    <Data Name="EventType">SetValue</Data>
    <Data Name="UtcTime">2026-06-05 04:46:34.586</Data>
    <Data Name="ProcessGuid">AA26E6DE-549D-6A22-0B00-000000001200</Data>
    <Data Name="ProcessId">648</Data>
    <Data Name="Image">C:\Windows\system32\services.exe</Data>
    <Data Name="TargetObject">HKLM\System\CurrentControlSet\Services\WpnUserService_9b918\Start</Data>
    <Data Name="Details">DWORD (0x00000002)</Data>
    <Data Name="User">NT AUTHORITY\SYSTEM</Data>
  </EventData>
</Event>
Record 794
<?xml version="1.0" encoding="utf-8"?>
<Event xmlns="http://schemas.microsoft.com/win/2004/08/events/event">
  <System>
    <Provider Name="Microsoft-Windows-Sysmon" Guid="5770385F-C22A-43E0-BF4C-06F5698FFBD9">
    </Provider>
    <EventID>13</EventID>
    <Version>2</Version>
    <Level>4</Level>
    <Task>13</Task>
    <Opcode>0</Opcode>
    <Keywords>0x8000000000000000</Keywords>
    <TimeCreated SystemTime="2026-06-05T04:46:34.600807Z">
    </TimeCreated>
    <EventRecordID>794</EventRecordID>
    <Correlation>
    </Correlation>
    <Execution ProcessID="3124" ThreadID="3144">
    </Execution>
    <Channel>Microsoft-Windows-Sysmon/Operational</Channel>
    <Computer>DESKTOP-LGT6HFQ</Computer>
    <Security UserID="S-1-5-18">
    </Security>
  </System>
  <EventData>
    <Data Name="RuleName">T1031,T1050</Data>
    <Data Name="EventType">SetValue</Data>
    <Data Name="UtcTime">2026-06-05 04:46:34.586</Data>
    <Data Name="ProcessGuid">AA26E6DE-549D-6A22-0B00-000000001200</Data>
    <Data Name="ProcessId">648</Data>
    <Data Name="Image">C:\Windows\system32\services.exe</Data>
    <Data Name="TargetObject">HKLM\System\CurrentControlSet\Services\WpnUserService_9b918\ImagePath</Data>
    <Data Name="Details">C:\Windows\system32\svchost.exe -k UnistackSvcGroup</Data>
    <Data Name="User">NT AUTHORITY\SYSTEM</Data>
  </EventData>
</Event>
Record 795
<?xml version="1.0" encoding="utf-8"?>
<Event xmlns="http://schemas.microsoft.com/win/2004/08/events/event">
  <System>
    <Provider Name="Microsoft-Windows-Sysmon" Guid="5770385F-C22A-43E0-BF4C-06F5698FFBD9">
    </Provider>
    <EventID>1</EventID>
    <Version>5</Version>
    <Level>4</Level>
    <Task>1</Task>
    <Opcode>0</Opcode>
    <Keywords>0x8000000000000000</Keywords>
    <TimeCreated SystemTime="2026-06-05T04:46:34.601325Z">
    </TimeCreated>
    <EventRecordID>795</EventRecordID>
    <Correlation>
    </Correlation>
    <Execution ProcessID="3124" ThreadID="3144">
    </Execution>
    <Channel>Microsoft-Windows-Sysmon/Operational</Channel>
    <Computer>DESKTOP-LGT6HFQ</Computer>
    <Security UserID="S-1-5-18">
    </Security>
  </System>
  <EventData>
    <Data Name="RuleName">-</Data>
    <Data Name="UtcTime">2026-06-05 04:46:34.597</Data>
    <Data Name="ProcessGuid">AA26E6DE-54AA-6A22-8A00-000000001200</Data>
    <Data Name="ProcessId">6472</Data>
    <Data Name="Image">C:\Windows\System32\svchost.exe</Data>
    <Data Name="FileVersion">10.0.19041.5794 (WinBuild.160101.0800)</Data>
    <Data Name="Description">Host Process for Windows Services</Data>
    <Data Name="Product">Microsoft® Windows® Operating System</Data>
    <Data Name="Company">Microsoft Corporation</Data>
    <Data Name="OriginalFileName">svchost.exe</Data>
    <Data Name="CommandLine">C:\Windows\system32\svchost.exe -k UnistackSvcGroup -s CDPUserSvc</Data>
    <Data Name="CurrentDirectory">C:\Windows\system32\</Data>
    <Data Name="User">DESKTOP-LGT6HFQ\ligac</Data>
    <Data Name="LogonGuid">AA26E6DE-54A9-6A22-C797-090000000000</Data>
    <Data Name="LogonId">0x997c7</Data>
    <Data Name="TerminalSessionId">1</Data>
    <Data Name="IntegrityLevel">Medium</Data>
    <Data Name="Hashes">MD5=3D1034D6ED3DAED60816A25C561E8C83,SHA256=B0B36BFF7AE4057F687D839CD4B3D81159AB646F1EE1B22106A927E93DECBB61,IMPHASH=F9BBD96FAE53B7A31264A703CAFA0666</Data>
    <Data Name="ParentProcessGuid">AA26E6DE-549D-6A22-0B00-000000001200</Data>
    <Data Name="ParentProcessId">648</Data>
    <Data Name="ParentImage">C:\Windows\System32\services.exe</Data>
    <Data Name="ParentCommandLine">C:\Windows\system32\services.exe</Data>
    <Data Name="ParentUser">NT AUTHORITY\SYSTEM</Data>
  </EventData>
</Event>
Record 796
<?xml version="1.0" encoding="utf-8"?>
<Event xmlns="http://schemas.microsoft.com/win/2004/08/events/event">
  <System>
    <Provider Name="Microsoft-Windows-Sysmon" Guid="5770385F-C22A-43E0-BF4C-06F5698FFBD9">
    </Provider>
    <EventID>1</EventID>
    <Version>5</Version>
    <Level>4</Level>
    <Task>1</Task>
    <Opcode>0</Opcode>
    <Keywords>0x8000000000000000</Keywords>
    <TimeCreated SystemTime="2026-06-05T04:46:34.618752Z">
    </TimeCreated>
    <EventRecordID>796</EventRecordID>
    <Correlation>
    </Correlation>
    <Execution ProcessID="3124" ThreadID="3144">
    </Execution>
    <Channel>Microsoft-Windows-Sysmon/Operational</Channel>
    <Computer>DESKTOP-LGT6HFQ</Computer>
    <Security UserID="S-1-5-18">
    </Security>
  </System>
  <EventData>
    <Data Name="RuleName">-</Data>
    <Data Name="UtcTime">2026-06-05 04:46:34.617</Data>
    <Data Name="ProcessGuid">AA26E6DE-54AA-6A22-8B00-000000001200</Data>
    <Data Name="ProcessId">6512</Data>
    <Data Name="Image">C:\Windows\System32\svchost.exe</Data>
    <Data Name="FileVersion">10.0.19041.5794 (WinBuild.160101.0800)</Data>
    <Data Name="Description">Host Process for Windows Services</Data>
    <Data Name="Product">Microsoft® Windows® Operating System</Data>
    <Data Name="Company">Microsoft Corporation</Data>
    <Data Name="OriginalFileName">svchost.exe</Data>
    <Data Name="CommandLine">C:\Windows\system32\svchost.exe -k UnistackSvcGroup -s WpnUserService</Data>
    <Data Name="CurrentDirectory">C:\Windows\system32\</Data>
    <Data Name="User">DESKTOP-LGT6HFQ\ligac</Data>
    <Data Name="LogonGuid">AA26E6DE-54A9-6A22-C797-090000000000</Data>
    <Data Name="LogonId">0x997c7</Data>
    <Data Name="TerminalSessionId">1</Data>
    <Data Name="IntegrityLevel">Medium</Data>
    <Data Name="Hashes">MD5=3D1034D6ED3DAED60816A25C561E8C83,SHA256=B0B36BFF7AE4057F687D839CD4B3D81159AB646F1EE1B22106A927E93DECBB61,IMPHASH=F9BBD96FAE53B7A31264A703CAFA0666</Data>
    <Data Name="ParentProcessGuid">AA26E6DE-549D-6A22-0B00-000000001200</Data>
    <Data Name="ParentProcessId">648</Data>
    <Data Name="ParentImage">C:\Windows\System32\services.exe</Data>
    <Data Name="ParentCommandLine">C:\Windows\system32\services.exe</Data>
    <Data Name="ParentUser">NT AUTHORITY\SYSTEM</Data>
  </EventData>
</Event>
Record 797
<?xml version="1.0" encoding="utf-8"?>
<Event xmlns="http://schemas.microsoft.com/win/2004/08/events/event">
  <System>
    <Provider Name="Microsoft-Windows-Sysmon" Guid="5770385F-C22A-43E0-BF4C-06F5698FFBD9">
    </Provider>
    <EventID>13</EventID>
    <Version>2</Version>
    <Level>4</Level>
    <Task>13</Task>
    <Opcode>0</Opcode>
    <Keywords>0x8000000000000000</Keywords>
    <TimeCreated SystemTime="2026-06-05T04:46:34.654734Z">
    </TimeCreated>
    <EventRecordID>797</EventRecordID>
    <Correlation>
    </Correlation>
    <Execution ProcessID="3124" ThreadID="3144">
    </Execution>
    <Channel>Microsoft-Windows-Sysmon/Operational</Channel>
    <Computer>DESKTOP-LGT6HFQ</Computer>
    <Security UserID="S-1-5-18">
    </Security>
  </System>
  <EventData>
    <Data Name="RuleName">-</Data>
    <Data Name="EventType">SetValue</Data>
    <Data Name="UtcTime">2026-06-05 04:46:34.648</Data>
    <Data Name="ProcessGuid">AA26E6DE-54A0-6A22-3F00-000000001200</Data>
    <Data Name="ProcessId">2628</Data>
    <Data Name="Image">C:\Windows\system32\svchost.exe</Data>
    <Data Name="TargetObject">HKLM\SOFTWARE\Microsoft\Windows\CurrentVersion\Authentication\Credential Providers\{D6886603-9D2F-4EB2-B667-1971041FA96B}\S-1-5-21-2516843948-3941376540-2047217349-1001\NgcFirst\ConsecutiveSwitchCount</Data>
    <Data Name="Details">DWORD (0x00000000)</Data>
    <Data Name="User">NT AUTHORITY\SYSTEM</Data>
  </EventData>
</Event>
Record 798
<?xml version="1.0" encoding="utf-8"?>
<Event xmlns="http://schemas.microsoft.com/win/2004/08/events/event">
  <System>
    <Provider Name="Microsoft-Windows-Sysmon" Guid="5770385F-C22A-43E0-BF4C-06F5698FFBD9">
    </Provider>
    <EventID>1</EventID>
    <Version>5</Version>
    <Level>4</Level>
    <Task>1</Task>
    <Opcode>0</Opcode>
    <Keywords>0x8000000000000000</Keywords>
    <TimeCreated SystemTime="2026-06-05T04:46:34.663089Z">
    </TimeCreated>
    <EventRecordID>798</EventRecordID>
    <Correlation>
    </Correlation>
    <Execution ProcessID="3124" ThreadID="3144">
    </Execution>
    <Channel>Microsoft-Windows-Sysmon/Operational</Channel>
    <Computer>DESKTOP-LGT6HFQ</Computer>
    <Security UserID="S-1-5-18">
    </Security>
  </System>
  <EventData>
    <Data Name="RuleName">-</Data>
    <Data Name="UtcTime">2026-06-05 04:46:34.662</Data>
    <Data Name="ProcessGuid">AA26E6DE-54AA-6A22-8C00-000000001200</Data>
    <Data Name="ProcessId">6572</Data>
    <Data Name="Image">C:\Windows\System32\taskhostw.exe</Data>
    <Data Name="FileVersion">10.0.19041.5794 (WinBuild.160101.0800)</Data>
    <Data Name="Description">Host Process for Windows Tasks</Data>
    <Data Name="Product">Microsoft® Windows® Operating System</Data>
    <Data Name="Company">Microsoft Corporation</Data>
    <Data Name="OriginalFileName">taskhostw.exe</Data>
    <Data Name="CommandLine">taskhostw.exe USER</Data>
    <Data Name="CurrentDirectory">C:\Windows\system32\</Data>
    <Data Name="User">DESKTOP-LGT6HFQ\ligac</Data>
    <Data Name="LogonGuid">AA26E6DE-54A9-6A22-C797-090000000000</Data>
    <Data Name="LogonId">0x997c7</Data>
    <Data Name="TerminalSessionId">1</Data>
    <Data Name="IntegrityLevel">Medium</Data>
    <Data Name="Hashes">MD5=D71630DA4364F89F36B47581D4162639,SHA256=4D84D1DB6C572DA841307B814CCF26478429D3A29F304755CE1BAF110E639F64,IMPHASH=3A0C6863CDE566AF997DB2DEFFF9D924</Data>
    <Data Name="ParentProcessGuid">AA26E6DE-549E-6A22-1900-000000001200</Data>
    <Data Name="ParentProcessId">1128</Data>
    <Data Name="ParentImage">C:\Windows\System32\svchost.exe</Data>
    <Data Name="ParentCommandLine">C:\Windows\system32\svchost.exe -k netsvcs -p -s Schedule</Data>
    <Data Name="ParentUser">NT AUTHORITY\SYSTEM</Data>
  </EventData>
</Event>
Record 799
<?xml version="1.0" encoding="utf-8"?>
<Event xmlns="http://schemas.microsoft.com/win/2004/08/events/event">
  <System>
    <Provider Name="Microsoft-Windows-Sysmon" Guid="5770385F-C22A-43E0-BF4C-06F5698FFBD9">
    </Provider>
    <EventID>1</EventID>
    <Version>5</Version>
    <Level>4</Level>
    <Task>1</Task>
    <Opcode>0</Opcode>
    <Keywords>0x8000000000000000</Keywords>
    <TimeCreated SystemTime="2026-06-05T04:46:34.682199Z">
    </TimeCreated>
    <EventRecordID>799</EventRecordID>
    <Correlation>
    </Correlation>
    <Execution ProcessID="3124" ThreadID="3144">
    </Execution>
    <Channel>Microsoft-Windows-Sysmon/Operational</Channel>
    <Computer>DESKTOP-LGT6HFQ</Computer>
    <Security UserID="S-1-5-18">
    </Security>
  </System>
  <EventData>
    <Data Name="RuleName">-</Data>
    <Data Name="UtcTime">2026-06-05 04:46:34.668</Data>
    <Data Name="ProcessGuid">AA26E6DE-54AA-6A22-8D00-000000001200</Data>
    <Data Name="ProcessId">6580</Data>
    <Data Name="Image">C:\Windows\System32\taskhostw.exe</Data>
    <Data Name="FileVersion">10.0.19041.5794 (WinBuild.160101.0800)</Data>
    <Data Name="Description">Host Process for Windows Tasks</Data>
    <Data Name="Product">Microsoft® Windows® Operating System</Data>
    <Data Name="Company">Microsoft Corporation</Data>
    <Data Name="OriginalFileName">taskhostw.exe</Data>
    <Data Name="CommandLine">taskhostw.exe</Data>
    <Data Name="CurrentDirectory">C:\Windows\system32\</Data>
    <Data Name="User">DESKTOP-LGT6HFQ\ligac</Data>
    <Data Name="LogonGuid">AA26E6DE-54A9-6A22-9297-090000000000</Data>
    <Data Name="LogonId">0x99792</Data>
    <Data Name="TerminalSessionId">1</Data>
    <Data Name="IntegrityLevel">High</Data>
    <Data Name="Hashes">MD5=D71630DA4364F89F36B47581D4162639,SHA256=4D84D1DB6C572DA841307B814CCF26478429D3A29F304755CE1BAF110E639F64,IMPHASH=3A0C6863CDE566AF997DB2DEFFF9D924</Data>
    <Data Name="ParentProcessGuid">AA26E6DE-549E-6A22-1900-000000001200</Data>
    <Data Name="ParentProcessId">1128</Data>
    <Data Name="ParentImage">C:\Windows\System32\svchost.exe</Data>
    <Data Name="ParentCommandLine">C:\Windows\system32\svchost.exe -k netsvcs -p -s Schedule</Data>
    <Data Name="ParentUser">NT AUTHORITY\SYSTEM</Data>
  </EventData>
</Event>
Record 800
<?xml version="1.0" encoding="utf-8"?>
<Event xmlns="http://schemas.microsoft.com/win/2004/08/events/event">
  <System>
    <Provider Name="Microsoft-Windows-Sysmon" Guid="5770385F-C22A-43E0-BF4C-06F5698FFBD9">
    </Provider>
    <EventID>1</EventID>
    <Version>5</Version>
    <Level>4</Level>
    <Task>1</Task>
    <Opcode>0</Opcode>
    <Keywords>0x8000000000000000</Keywords>
    <TimeCreated SystemTime="2026-06-05T04:46:34.682579Z">
    </TimeCreated>
    <EventRecordID>800</EventRecordID>
    <Correlation>
    </Correlation>
    <Execution ProcessID="3124" ThreadID="3144">
    </Execution>
    <Channel>Microsoft-Windows-Sysmon/Operational</Channel>
    <Computer>DESKTOP-LGT6HFQ</Computer>
    <Security UserID="S-1-5-18">
    </Security>
  </System>
  <EventData>
    <Data Name="RuleName">-</Data>
    <Data Name="UtcTime">2026-06-05 04:46:34.671</Data>
    <Data Name="ProcessGuid">AA26E6DE-54AA-6A22-8F00-000000001200</Data>
    <Data Name="ProcessId">6596</Data>
    <Data Name="Image">C:\Windows\System32\taskhostw.exe</Data>
    <Data Name="FileVersion">10.0.19041.5794 (WinBuild.160101.0800)</Data>
    <Data Name="Description">Host Process for Windows Tasks</Data>
    <Data Name="Product">Microsoft® Windows® Operating System</Data>
    <Data Name="Company">Microsoft Corporation</Data>
    <Data Name="OriginalFileName">taskhostw.exe</Data>
    <Data Name="CommandLine">taskhostw.exe {222A245B-E637-4AE9-A93F-A59CA119A75E}</Data>
    <Data Name="CurrentDirectory">C:\Windows\system32\</Data>
    <Data Name="User">DESKTOP-LGT6HFQ\ligac</Data>
    <Data Name="LogonGuid">AA26E6DE-54A9-6A22-C797-090000000000</Data>
    <Data Name="LogonId">0x997c7</Data>
    <Data Name="TerminalSessionId">1</Data>
    <Data Name="IntegrityLevel">Medium</Data>
    <Data Name="Hashes">MD5=D71630DA4364F89F36B47581D4162639,SHA256=4D84D1DB6C572DA841307B814CCF26478429D3A29F304755CE1BAF110E639F64,IMPHASH=3A0C6863CDE566AF997DB2DEFFF9D924</Data>
    <Data Name="ParentProcessGuid">AA26E6DE-549E-6A22-1900-000000001200</Data>
    <Data Name="ParentProcessId">1128</Data>
    <Data Name="ParentImage">C:\Windows\System32\svchost.exe</Data>
    <Data Name="ParentCommandLine">C:\Windows\system32\svchost.exe -k netsvcs -p -s Schedule</Data>
    <Data Name="ParentUser">NT AUTHORITY\SYSTEM</Data>
  </EventData>
</Event>
Record 801
<?xml version="1.0" encoding="utf-8"?>
<Event xmlns="http://schemas.microsoft.com/win/2004/08/events/event">
  <System>
    <Provider Name="Microsoft-Windows-Sysmon" Guid="5770385F-C22A-43E0-BF4C-06F5698FFBD9">
    </Provider>
    <EventID>1</EventID>
    <Version>5</Version>
    <Level>4</Level>
    <Task>1</Task>
    <Opcode>0</Opcode>
    <Keywords>0x8000000000000000</Keywords>
    <TimeCreated SystemTime="2026-06-05T04:46:34.682840Z">
    </TimeCreated>
    <EventRecordID>801</EventRecordID>
    <Correlation>
    </Correlation>
    <Execution ProcessID="3124" ThreadID="3144">
    </Execution>
    <Channel>Microsoft-Windows-Sysmon/Operational</Channel>
    <Computer>DESKTOP-LGT6HFQ</Computer>
    <Security UserID="S-1-5-18">
    </Security>
  </System>
  <EventData>
    <Data Name="RuleName">-</Data>
    <Data Name="UtcTime">2026-06-05 04:46:34.668</Data>
    <Data Name="ProcessGuid">AA26E6DE-54AA-6A22-8E00-000000001200</Data>
    <Data Name="ProcessId">6588</Data>
    <Data Name="Image">C:\Windows\System32\WindowsPowerShell\v1.0\powershell.exe</Data>
    <Data Name="FileVersion">10.0.19041.3996 (WinBuild.160101.0800)</Data>
    <Data Name="Description">Windows PowerShell</Data>
    <Data Name="Product">Microsoft® Windows® Operating System</Data>
    <Data Name="Company">Microsoft Corporation</Data>
    <Data Name="OriginalFileName">PowerShell.EXE</Data>
    <Data Name="CommandLine">&quot;powershell.exe&quot; -WindowStyle Hidden -ExecutionPolicy Bypass -File C:\Windows\System32\ShowIP.ps1</Data>
    <Data Name="CurrentDirectory">C:\Windows\system32\</Data>
    <Data Name="User">DESKTOP-LGT6HFQ\ligac</Data>
    <Data Name="LogonGuid">AA26E6DE-54A9-6A22-C797-090000000000</Data>
    <Data Name="LogonId">0x997c7</Data>
    <Data Name="TerminalSessionId">1</Data>
    <Data Name="IntegrityLevel">Medium</Data>
    <Data Name="Hashes">MD5=2E5A8590CF6848968FC23DE3FA1E25F1,SHA256=9785001B0DCF755EDDB8AF294A373C0B87B2498660F724E76C4D53F9C217C7A3,IMPHASH=3D08F4848535206D772DE145804FF4B6</Data>
    <Data Name="ParentProcessGuid">AA26E6DE-549E-6A22-1900-000000001200</Data>
    <Data Name="ParentProcessId">1128</Data>
    <Data Name="ParentImage">C:\Windows\System32\svchost.exe</Data>
    <Data Name="ParentCommandLine">C:\Windows\system32\svchost.exe -k netsvcs -p -s Schedule</Data>
    <Data Name="ParentUser">NT AUTHORITY\SYSTEM</Data>
  </EventData>
</Event>
Record 802
<?xml version="1.0" encoding="utf-8"?>
<Event xmlns="http://schemas.microsoft.com/win/2004/08/events/event">
  <System>
    <Provider Name="Microsoft-Windows-Sysmon" Guid="5770385F-C22A-43E0-BF4C-06F5698FFBD9">
    </Provider>
    <EventID>1</EventID>
    <Version>5</Version>
    <Level>4</Level>
    <Task>1</Task>
    <Opcode>0</Opcode>
    <Keywords>0x8000000000000000</Keywords>
    <TimeCreated SystemTime="2026-06-05T04:46:34.711999Z">
    </TimeCreated>
    <EventRecordID>802</EventRecordID>
    <Correlation>
    </Correlation>
    <Execution ProcessID="3124" ThreadID="3144">
    </Execution>
    <Channel>Microsoft-Windows-Sysmon/Operational</Channel>
    <Computer>DESKTOP-LGT6HFQ</Computer>
    <Security UserID="S-1-5-18">
    </Security>
  </System>
  <EventData>
    <Data Name="RuleName">-</Data>
    <Data Name="UtcTime">2026-06-05 04:46:34.707</Data>
    <Data Name="ProcessGuid">AA26E6DE-54AA-6A22-9000-000000001200</Data>
    <Data Name="ProcessId">6632</Data>
    <Data Name="Image">C:\Program Files (x86)\Microsoft\EdgeUpdate\MicrosoftEdgeUpdate.exe</Data>
    <Data Name="FileVersion">1.3.233.3</Data>
    <Data Name="Description">Microsoft Edge Update</Data>
    <Data Name="Product">Microsoft Edge Update</Data>
    <Data Name="Company">Microsoft Corporation</Data>
    <Data Name="OriginalFileName">MicrosoftEdgeUpdate.exe</Data>
    <Data Name="CommandLine">&quot;C:\Program Files (x86)\Microsoft\EdgeUpdate\MicrosoftEdgeUpdate.exe&quot; /c</Data>
    <Data Name="CurrentDirectory">C:\Windows\system32\</Data>
    <Data Name="User">NT AUTHORITY\SYSTEM</Data>
    <Data Name="LogonGuid">AA26E6DE-549D-6A22-E703-000000000000</Data>
    <Data Name="LogonId">0x3e7</Data>
    <Data Name="TerminalSessionId">0</Data>
    <Data Name="IntegrityLevel">System</Data>
    <Data Name="Hashes">MD5=7A87637CC4D114EA49A30323FEB799F1,SHA256=A8FFAB0B134E177655DD255F9B05296BB5CA7C40C5C1A2157DB81FC68B350FFD,IMPHASH=CD3B2D99C6655A5D4A14E30E380F5BF9</Data>
    <Data Name="ParentProcessGuid">AA26E6DE-549E-6A22-1900-000000001200</Data>
    <Data Name="ParentProcessId">1128</Data>
    <Data Name="ParentImage">C:\Windows\System32\svchost.exe</Data>
    <Data Name="ParentCommandLine">C:\Windows\system32\svchost.exe -k netsvcs -p -s Schedule</Data>
    <Data Name="ParentUser">NT AUTHORITY\SYSTEM</Data>
  </EventData>
</Event>
Record 803
<?xml version="1.0" encoding="utf-8"?>
<Event xmlns="http://schemas.microsoft.com/win/2004/08/events/event">
  <System>
    <Provider Name="Microsoft-Windows-Sysmon" Guid="5770385F-C22A-43E0-BF4C-06F5698FFBD9">
    </Provider>
    <EventID>1</EventID>
    <Version>5</Version>
    <Level>4</Level>
    <Task>1</Task>
    <Opcode>0</Opcode>
    <Keywords>0x8000000000000000</Keywords>
    <TimeCreated SystemTime="2026-06-05T04:46:34.778095Z">
    </TimeCreated>
    <EventRecordID>803</EventRecordID>
    <Correlation>
    </Correlation>
    <Execution ProcessID="3124" ThreadID="3144">
    </Execution>
    <Channel>Microsoft-Windows-Sysmon/Operational</Channel>
    <Computer>DESKTOP-LGT6HFQ</Computer>
    <Security UserID="S-1-5-18">
    </Security>
  </System>
  <EventData>
    <Data Name="RuleName">-</Data>
    <Data Name="UtcTime">2026-06-05 04:46:34.777</Data>
    <Data Name="ProcessGuid">AA26E6DE-54AA-6A22-9100-000000001200</Data>
    <Data Name="ProcessId">6676</Data>
    <Data Name="Image">C:\Windows\System32\svchost.exe</Data>
    <Data Name="FileVersion">10.0.19041.5794 (WinBuild.160101.0800)</Data>
    <Data Name="Description">Host Process for Windows Services</Data>
    <Data Name="Product">Microsoft® Windows® Operating System</Data>
    <Data Name="Company">Microsoft Corporation</Data>
    <Data Name="OriginalFileName">svchost.exe</Data>
    <Data Name="CommandLine">C:\Windows\system32\svchost.exe -k netsvcs -p -s TokenBroker</Data>
    <Data Name="CurrentDirectory">C:\Windows\system32\</Data>
    <Data Name="User">NT AUTHORITY\SYSTEM</Data>
    <Data Name="LogonGuid">AA26E6DE-549D-6A22-E703-000000000000</Data>
    <Data Name="LogonId">0x3e7</Data>
    <Data Name="TerminalSessionId">0</Data>
    <Data Name="IntegrityLevel">System</Data>
    <Data Name="Hashes">MD5=3D1034D6ED3DAED60816A25C561E8C83,SHA256=B0B36BFF7AE4057F687D839CD4B3D81159AB646F1EE1B22106A927E93DECBB61,IMPHASH=F9BBD96FAE53B7A31264A703CAFA0666</Data>
    <Data Name="ParentProcessGuid">AA26E6DE-549D-6A22-0B00-000000001200</Data>
    <Data Name="ParentProcessId">648</Data>
    <Data Name="ParentImage">C:\Windows\System32\services.exe</Data>
    <Data Name="ParentCommandLine">C:\Windows\system32\services.exe</Data>
    <Data Name="ParentUser">NT AUTHORITY\SYSTEM</Data>
  </EventData>
</Event>
Record 804
<?xml version="1.0" encoding="utf-8"?>
<Event xmlns="http://schemas.microsoft.com/win/2004/08/events/event">
  <System>
    <Provider Name="Microsoft-Windows-Sysmon" Guid="5770385F-C22A-43E0-BF4C-06F5698FFBD9">
    </Provider>
    <EventID>1</EventID>
    <Version>5</Version>
    <Level>4</Level>
    <Task>1</Task>
    <Opcode>0</Opcode>
    <Keywords>0x8000000000000000</Keywords>
    <TimeCreated SystemTime="2026-06-05T04:46:34.877205Z">
    </TimeCreated>
    <EventRecordID>804</EventRecordID>
    <Correlation>
    </Correlation>
    <Execution ProcessID="3124" ThreadID="3144">
    </Execution>
    <Channel>Microsoft-Windows-Sysmon/Operational</Channel>
    <Computer>DESKTOP-LGT6HFQ</Computer>
    <Security UserID="S-1-5-18">
    </Security>
  </System>
  <EventData>
    <Data Name="RuleName">-</Data>
    <Data Name="UtcTime">2026-06-05 04:46:34.875</Data>
    <Data Name="ProcessGuid">AA26E6DE-54AA-6A22-9200-000000001200</Data>
    <Data Name="ProcessId">6752</Data>
    <Data Name="Image">C:\Windows\System32\svchost.exe</Data>
    <Data Name="FileVersion">10.0.19041.5794 (WinBuild.160101.0800)</Data>
    <Data Name="Description">Host Process for Windows Services</Data>
    <Data Name="Product">Microsoft® Windows® Operating System</Data>
    <Data Name="Company">Microsoft Corporation</Data>
    <Data Name="OriginalFileName">svchost.exe</Data>
    <Data Name="CommandLine">C:\Windows\System32\svchost.exe -k LocalSystemNetworkRestricted -p -s TabletInputService</Data>
    <Data Name="CurrentDirectory">C:\Windows\system32\</Data>
    <Data Name="User">NT AUTHORITY\SYSTEM</Data>
    <Data Name="LogonGuid">AA26E6DE-549D-6A22-E703-000000000000</Data>
    <Data Name="LogonId">0x3e7</Data>
    <Data Name="TerminalSessionId">0</Data>
    <Data Name="IntegrityLevel">System</Data>
    <Data Name="Hashes">MD5=3D1034D6ED3DAED60816A25C561E8C83,SHA256=B0B36BFF7AE4057F687D839CD4B3D81159AB646F1EE1B22106A927E93DECBB61,IMPHASH=F9BBD96FAE53B7A31264A703CAFA0666</Data>
    <Data Name="ParentProcessGuid">AA26E6DE-549D-6A22-0B00-000000001200</Data>
    <Data Name="ParentProcessId">648</Data>
    <Data Name="ParentImage">C:\Windows\System32\services.exe</Data>
    <Data Name="ParentCommandLine">C:\Windows\system32\services.exe</Data>
    <Data Name="ParentUser">NT AUTHORITY\SYSTEM</Data>
  </EventData>
</Event>
Record 805
<?xml version="1.0" encoding="utf-8"?>
<Event xmlns="http://schemas.microsoft.com/win/2004/08/events/event">
  <System>
    <Provider Name="Microsoft-Windows-Sysmon" Guid="5770385F-C22A-43E0-BF4C-06F5698FFBD9">
    </Provider>
    <EventID>1</EventID>
    <Version>5</Version>
    <Level>4</Level>
    <Task>1</Task>
    <Opcode>0</Opcode>
    <Keywords>0x8000000000000000</Keywords>
    <TimeCreated SystemTime="2026-06-05T04:46:34.949458Z">
    </TimeCreated>
    <EventRecordID>805</EventRecordID>
    <Correlation>
    </Correlation>
    <Execution ProcessID="3124" ThreadID="3144">
    </Execution>
    <Channel>Microsoft-Windows-Sysmon/Operational</Channel>
    <Computer>DESKTOP-LGT6HFQ</Computer>
    <Security UserID="S-1-5-18">
    </Security>
  </System>
  <EventData>
    <Data Name="RuleName">-</Data>
    <Data Name="UtcTime">2026-06-05 04:46:34.948</Data>
    <Data Name="ProcessGuid">AA26E6DE-54AA-6A22-9300-000000001200</Data>
    <Data Name="ProcessId">6824</Data>
    <Data Name="Image">C:\Windows\System32\ctfmon.exe</Data>
    <Data Name="FileVersion">10.0.19041.1 (WinBuild.160101.0800)</Data>
    <Data Name="Description">CTF Loader</Data>
    <Data Name="Product">Microsoft® Windows® Operating System</Data>
    <Data Name="Company">Microsoft Corporation</Data>
    <Data Name="OriginalFileName">CTFMON.EXE</Data>
    <Data Name="CommandLine">&quot;ctfmon.exe&quot;</Data>
    <Data Name="CurrentDirectory">C:\Windows\system32\</Data>
    <Data Name="User">DESKTOP-LGT6HFQ\ligac</Data>
    <Data Name="LogonGuid">AA26E6DE-54A9-6A22-C797-090000000000</Data>
    <Data Name="LogonId">0x997c7</Data>
    <Data Name="TerminalSessionId">1</Data>
    <Data Name="IntegrityLevel">High</Data>
    <Data Name="Hashes">MD5=B625C18E177D5BEB5A6F6432CCF46FB3,SHA256=484FED5F039F429ED933931BA607B7EFDA7D1A343D79CFAB60910E1843147012,IMPHASH=6FD43544FB51C12382CAD7C88F550240</Data>
    <Data Name="ParentProcessGuid">AA26E6DE-54AA-6A22-9200-000000001200</Data>
    <Data Name="ParentProcessId">6752</Data>
    <Data Name="ParentImage">C:\Windows\System32\svchost.exe</Data>
    <Data Name="ParentCommandLine">C:\Windows\System32\svchost.exe -k LocalSystemNetworkRestricted -p -s TabletInputService</Data>
    <Data Name="ParentUser">NT AUTHORITY\SYSTEM</Data>
  </EventData>
</Event>
Record 806
<?xml version="1.0" encoding="utf-8"?>
<Event xmlns="http://schemas.microsoft.com/win/2004/08/events/event">
  <System>
    <Provider Name="Microsoft-Windows-Sysmon" Guid="5770385F-C22A-43E0-BF4C-06F5698FFBD9">
    </Provider>
    <EventID>13</EventID>
    <Version>2</Version>
    <Level>4</Level>
    <Task>13</Task>
    <Opcode>0</Opcode>
    <Keywords>0x8000000000000000</Keywords>
    <TimeCreated SystemTime="2026-06-05T04:46:35.035445Z">
    </TimeCreated>
    <EventRecordID>806</EventRecordID>
    <Correlation>
    </Correlation>
    <Execution ProcessID="3124" ThreadID="3144">
    </Execution>
    <Channel>Microsoft-Windows-Sysmon/Operational</Channel>
    <Computer>DESKTOP-LGT6HFQ</Computer>
    <Security UserID="S-1-5-18">
    </Security>
  </System>
  <EventData>
    <Data Name="RuleName">T1031,T1050</Data>
    <Data Name="EventType">SetValue</Data>
    <Data Name="UtcTime">2026-06-05 04:46:35.008</Data>
    <Data Name="ProcessGuid">AA26E6DE-549D-6A22-0B00-000000001200</Data>
    <Data Name="ProcessId">648</Data>
    <Data Name="Image">C:\Windows\system32\services.exe</Data>
    <Data Name="TargetObject">HKLM\System\CurrentControlSet\Services\TabletInputService\Start</Data>
    <Data Name="Details">DWORD (0x00000003)</Data>
    <Data Name="User">NT AUTHORITY\SYSTEM</Data>
  </EventData>
</Event>
Record 807
<?xml version="1.0" encoding="utf-8"?>
<Event xmlns="http://schemas.microsoft.com/win/2004/08/events/event">
  <System>
    <Provider Name="Microsoft-Windows-Sysmon" Guid="5770385F-C22A-43E0-BF4C-06F5698FFBD9">
    </Provider>
    <EventID>1</EventID>
    <Version>5</Version>
    <Level>4</Level>
    <Task>1</Task>
    <Opcode>0</Opcode>
    <Keywords>0x8000000000000000</Keywords>
    <TimeCreated SystemTime="2026-06-05T04:46:35.377701Z">
    </TimeCreated>
    <EventRecordID>807</EventRecordID>
    <Correlation>
    </Correlation>
    <Execution ProcessID="3124" ThreadID="3144">
    </Execution>
    <Channel>Microsoft-Windows-Sysmon/Operational</Channel>
    <Computer>DESKTOP-LGT6HFQ</Computer>
    <Security UserID="S-1-5-18">
    </Security>
  </System>
  <EventData>
    <Data Name="RuleName">-</Data>
    <Data Name="UtcTime">2026-06-05 04:46:35.363</Data>
    <Data Name="ProcessGuid">AA26E6DE-54AB-6A22-9400-000000001200</Data>
    <Data Name="ProcessId">6948</Data>
    <Data Name="Image">C:\Windows\System32\userinit.exe</Data>
    <Data Name="FileVersion">10.0.19041.4355 (WinBuild.160101.0800)</Data>
    <Data Name="Description">Userinit Logon Application</Data>
    <Data Name="Product">Microsoft® Windows® Operating System</Data>
    <Data Name="Company">Microsoft Corporation</Data>
    <Data Name="OriginalFileName">USERINIT.EXE</Data>
    <Data Name="CommandLine">C:\Windows\system32\userinit.exe</Data>
    <Data Name="CurrentDirectory">C:\Windows\system32\</Data>
    <Data Name="User">DESKTOP-LGT6HFQ\ligac</Data>
    <Data Name="LogonGuid">AA26E6DE-54A9-6A22-C797-090000000000</Data>
    <Data Name="LogonId">0x997c7</Data>
    <Data Name="TerminalSessionId">1</Data>
    <Data Name="IntegrityLevel">Medium</Data>
    <Data Name="Hashes">MD5=5CDC907C7818FBAA658FC9F2ABB238F1,SHA256=0043369966E39C40B96C941EBE06BA53139DC314785F0D2D5D490DEF51DFB86C,IMPHASH=06A4C8BBCAD2F5A646BCF9B4DFC6CA43</Data>
    <Data Name="ParentProcessGuid">AA26E6DE-549D-6A22-0A00-000000001200</Data>
    <Data Name="ParentProcessId">612</Data>
    <Data Name="ParentImage">C:\Windows\System32\winlogon.exe</Data>
    <Data Name="ParentCommandLine">winlogon.exe</Data>
    <Data Name="ParentUser">NT AUTHORITY\SYSTEM</Data>
  </EventData>
</Event>
Record 808
<?xml version="1.0" encoding="utf-8"?>
<Event xmlns="http://schemas.microsoft.com/win/2004/08/events/event">
  <System>
    <Provider Name="Microsoft-Windows-Sysmon" Guid="5770385F-C22A-43E0-BF4C-06F5698FFBD9">
    </Provider>
    <EventID>1</EventID>
    <Version>5</Version>
    <Level>4</Level>
    <Task>1</Task>
    <Opcode>0</Opcode>
    <Keywords>0x8000000000000000</Keywords>
    <TimeCreated SystemTime="2026-06-05T04:46:35.479417Z">
    </TimeCreated>
    <EventRecordID>808</EventRecordID>
    <Correlation>
    </Correlation>
    <Execution ProcessID="3124" ThreadID="3144">
    </Execution>
    <Channel>Microsoft-Windows-Sysmon/Operational</Channel>
    <Computer>DESKTOP-LGT6HFQ</Computer>
    <Security UserID="S-1-5-18">
    </Security>
  </System>
  <EventData>
    <Data Name="RuleName">-</Data>
    <Data Name="UtcTime">2026-06-05 04:46:35.449</Data>
    <Data Name="ProcessGuid">AA26E6DE-54AB-6A22-9500-000000001200</Data>
    <Data Name="ProcessId">6984</Data>
    <Data Name="Image">C:\Windows\explorer.exe</Data>
    <Data Name="FileVersion">10.0.19041.6456 (WinBuild.160101.0800)</Data>
    <Data Name="Description">Windows Explorer</Data>
    <Data Name="Product">Microsoft® Windows® Operating System</Data>
    <Data Name="Company">Microsoft Corporation</Data>
    <Data Name="OriginalFileName">EXPLORER.EXE</Data>
    <Data Name="CommandLine">C:\Windows\Explorer.EXE</Data>
    <Data Name="CurrentDirectory">C:\Windows\system32\</Data>
    <Data Name="User">DESKTOP-LGT6HFQ\ligac</Data>
    <Data Name="LogonGuid">AA26E6DE-54A9-6A22-C797-090000000000</Data>
    <Data Name="LogonId">0x997c7</Data>
    <Data Name="TerminalSessionId">1</Data>
    <Data Name="IntegrityLevel">Medium</Data>
    <Data Name="Hashes">MD5=24AD59ABAF730E71BC865922D8596008,SHA256=988A56D897915315EEF9CA679B3BC8ADFCECF5E227AEA99AAA1817620520E97E,IMPHASH=DBCE632ECED8243CB6090C1C87BE56BC</Data>
    <Data Name="ParentProcessGuid">AA26E6DE-54AB-6A22-9400-000000001200</Data>
    <Data Name="ParentProcessId">6948</Data>
    <Data Name="ParentImage">C:\Windows\System32\userinit.exe</Data>
    <Data Name="ParentCommandLine">C:\Windows\system32\userinit.exe</Data>
    <Data Name="ParentUser">DESKTOP-LGT6HFQ\ligac</Data>
  </EventData>
</Event>
Record 809
<?xml version="1.0" encoding="utf-8"?>
<Event xmlns="http://schemas.microsoft.com/win/2004/08/events/event">
  <System>
    <Provider Name="Microsoft-Windows-Sysmon" Guid="5770385F-C22A-43E0-BF4C-06F5698FFBD9">
    </Provider>
    <EventID>1</EventID>
    <Version>5</Version>
    <Level>4</Level>
    <Task>1</Task>
    <Opcode>0</Opcode>
    <Keywords>0x8000000000000000</Keywords>
    <TimeCreated SystemTime="2026-06-05T04:46:36.278655Z">
    </TimeCreated>
    <EventRecordID>809</EventRecordID>
    <Correlation>
    </Correlation>
    <Execution ProcessID="3124" ThreadID="3144">
    </Execution>
    <Channel>Microsoft-Windows-Sysmon/Operational</Channel>
    <Computer>DESKTOP-LGT6HFQ</Computer>
    <Security UserID="S-1-5-18">
    </Security>
  </System>
  <EventData>
    <Data Name="RuleName">-</Data>
    <Data Name="UtcTime">2026-06-05 04:46:36.275</Data>
    <Data Name="ProcessGuid">AA26E6DE-54AC-6A22-9700-000000001200</Data>
    <Data Name="ProcessId">4340</Data>
    <Data Name="Image">C:\Windows\System32\svchost.exe</Data>
    <Data Name="FileVersion">10.0.19041.5794 (WinBuild.160101.0800)</Data>
    <Data Name="Description">Host Process for Windows Services</Data>
    <Data Name="Product">Microsoft® Windows® Operating System</Data>
    <Data Name="Company">Microsoft Corporation</Data>
    <Data Name="OriginalFileName">svchost.exe</Data>
    <Data Name="CommandLine">C:\Windows\system32\svchost.exe -k LocalService -p -s CDPSvc</Data>
    <Data Name="CurrentDirectory">C:\Windows\system32\</Data>
    <Data Name="User">NT AUTHORITY\LOCAL SERVICE</Data>
    <Data Name="LogonGuid">AA26E6DE-549E-6A22-E503-000000000000</Data>
    <Data Name="LogonId">0x3e5</Data>
    <Data Name="TerminalSessionId">0</Data>
    <Data Name="IntegrityLevel">System</Data>
    <Data Name="Hashes">MD5=3D1034D6ED3DAED60816A25C561E8C83,SHA256=B0B36BFF7AE4057F687D839CD4B3D81159AB646F1EE1B22106A927E93DECBB61,IMPHASH=F9BBD96FAE53B7A31264A703CAFA0666</Data>
    <Data Name="ParentProcessGuid">AA26E6DE-549D-6A22-0B00-000000001200</Data>
    <Data Name="ParentProcessId">648</Data>
    <Data Name="ParentImage">C:\Windows\System32\services.exe</Data>
    <Data Name="ParentCommandLine">C:\Windows\system32\services.exe</Data>
    <Data Name="ParentUser">NT AUTHORITY\SYSTEM</Data>
  </EventData>
</Event>
Record 810
<?xml version="1.0" encoding="utf-8"?>
<Event xmlns="http://schemas.microsoft.com/win/2004/08/events/event">
  <System>
    <Provider Name="Microsoft-Windows-Sysmon" Guid="5770385F-C22A-43E0-BF4C-06F5698FFBD9">
    </Provider>
    <EventID>22</EventID>
    <Version>5</Version>
    <Level>4</Level>
    <Task>22</Task>
    <Opcode>0</Opcode>
    <Keywords>0x8000000000000000</Keywords>
    <TimeCreated SystemTime="2026-06-05T04:46:36.391456Z">
    </TimeCreated>
    <EventRecordID>810</EventRecordID>
    <Correlation>
    </Correlation>
    <Execution ProcessID="3124" ThreadID="5188">
    </Execution>
    <Channel>Microsoft-Windows-Sysmon/Operational</Channel>
    <Computer>DESKTOP-LGT6HFQ</Computer>
    <Security UserID="S-1-5-18">
    </Security>
  </System>
  <EventData>
    <Data Name="RuleName">-</Data>
    <Data Name="UtcTime">2026-06-05 04:46:35.486</Data>
    <Data Name="ProcessGuid">AA26E6DE-549F-6A22-3600-000000001200</Data>
    <Data Name="ProcessId">2148</Data>
    <Data Name="QueryName">DESKTOP-LGT6HFQ</Data>
    <Data Name="QueryStatus">0</Data>
    <Data Name="QueryResults">fe80::e412:acaf:1173:7040;::ffff:192.168.18.141;</Data>
    <Data Name="Image">C:\Windows\System32\spoolsv.exe</Data>
    <Data Name="User">NT AUTHORITY\SYSTEM</Data>
  </EventData>
</Event>
Record 811
<?xml version="1.0" encoding="utf-8"?>
<Event xmlns="http://schemas.microsoft.com/win/2004/08/events/event">
  <System>
    <Provider Name="Microsoft-Windows-Sysmon" Guid="5770385F-C22A-43E0-BF4C-06F5698FFBD9">
    </Provider>
    <EventID>22</EventID>
    <Version>5</Version>
    <Level>4</Level>
    <Task>22</Task>
    <Opcode>0</Opcode>
    <Keywords>0x8000000000000000</Keywords>
    <TimeCreated SystemTime="2026-06-05T04:46:36.391650Z">
    </TimeCreated>
    <EventRecordID>811</EventRecordID>
    <Correlation>
    </Correlation>
    <Execution ProcessID="3124" ThreadID="5188">
    </Execution>
    <Channel>Microsoft-Windows-Sysmon/Operational</Channel>
    <Computer>DESKTOP-LGT6HFQ</Computer>
    <Security UserID="S-1-5-18">
    </Security>
  </System>
  <EventData>
    <Data Name="RuleName">-</Data>
    <Data Name="UtcTime">2026-06-05 04:46:35.829</Data>
    <Data Name="ProcessGuid">AA26E6DE-549F-6A22-3600-000000001200</Data>
    <Data Name="ProcessId">2148</Data>
    <Data Name="QueryName">DESKTOP-LGT6HFQ</Data>
    <Data Name="QueryStatus">0</Data>
    <Data Name="QueryResults">192.168.18.141;</Data>
    <Data Name="Image">C:\Windows\System32\spoolsv.exe</Data>
    <Data Name="User">NT AUTHORITY\SYSTEM</Data>
  </EventData>
</Event>
Record 812
<?xml version="1.0" encoding="utf-8"?>
<Event xmlns="http://schemas.microsoft.com/win/2004/08/events/event">
  <System>
    <Provider Name="Microsoft-Windows-Sysmon" Guid="5770385F-C22A-43E0-BF4C-06F5698FFBD9">
    </Provider>
    <EventID>22</EventID>
    <Version>5</Version>
    <Level>4</Level>
    <Task>22</Task>
    <Opcode>0</Opcode>
    <Keywords>0x8000000000000000</Keywords>
    <TimeCreated SystemTime="2026-06-05T04:46:36.391661Z">
    </TimeCreated>
    <EventRecordID>812</EventRecordID>
    <Correlation>
    </Correlation>
    <Execution ProcessID="3124" ThreadID="5188">
    </Execution>
    <Channel>Microsoft-Windows-Sysmon/Operational</Channel>
    <Computer>DESKTOP-LGT6HFQ</Computer>
    <Security UserID="S-1-5-18">
    </Security>
  </System>
  <EventData>
    <Data Name="RuleName">-</Data>
    <Data Name="UtcTime">2026-06-05 04:46:35.829</Data>
    <Data Name="ProcessGuid">AA26E6DE-549F-6A22-3600-000000001200</Data>
    <Data Name="ProcessId">2148</Data>
    <Data Name="QueryName">DESKTOP-LGT6HFQ</Data>
    <Data Name="QueryStatus">0</Data>
    <Data Name="QueryResults">fe80::e412:acaf:1173:7040;</Data>
    <Data Name="Image">C:\Windows\System32\spoolsv.exe</Data>
    <Data Name="User">NT AUTHORITY\SYSTEM</Data>
  </EventData>
</Event>
Record 813
<?xml version="1.0" encoding="utf-8"?>
<Event xmlns="http://schemas.microsoft.com/win/2004/08/events/event">
  <System>
    <Provider Name="Microsoft-Windows-Sysmon" Guid="5770385F-C22A-43E0-BF4C-06F5698FFBD9">
    </Provider>
    <EventID>1</EventID>
    <Version>5</Version>
    <Level>4</Level>
    <Task>1</Task>
    <Opcode>0</Opcode>
    <Keywords>0x8000000000000000</Keywords>
    <TimeCreated SystemTime="2026-06-05T04:46:36.392141Z">
    </TimeCreated>
    <EventRecordID>813</EventRecordID>
    <Correlation>
    </Correlation>
    <Execution ProcessID="3124" ThreadID="3144">
    </Execution>
    <Channel>Microsoft-Windows-Sysmon/Operational</Channel>
    <Computer>DESKTOP-LGT6HFQ</Computer>
    <Security UserID="S-1-5-18">
    </Security>
  </System>
  <EventData>
    <Data Name="RuleName">-</Data>
    <Data Name="UtcTime">2026-06-05 04:46:36.384</Data>
    <Data Name="ProcessGuid">AA26E6DE-54AC-6A22-9800-000000001200</Data>
    <Data Name="ProcessId">6552</Data>
    <Data Name="Image">C:\Program Files (x86)\Microsoft\EdgeUpdate\MicrosoftEdgeUpdate.exe</Data>
    <Data Name="FileVersion">1.3.233.3</Data>
    <Data Name="Description">Microsoft Edge Update</Data>
    <Data Name="Product">Microsoft Edge Update</Data>
    <Data Name="Company">Microsoft Corporation</Data>
    <Data Name="OriginalFileName">MicrosoftEdgeUpdate.exe</Data>
    <Data Name="CommandLine">&quot;C:\Program Files (x86)\Microsoft\EdgeUpdate\MicrosoftEdgeUpdate.exe&quot; /ua /installsource core</Data>
    <Data Name="CurrentDirectory">C:\Program Files (x86)\Microsoft\EdgeUpdate\1.3.237.7\</Data>
    <Data Name="User">NT AUTHORITY\SYSTEM</Data>
    <Data Name="LogonGuid">AA26E6DE-549D-6A22-E703-000000000000</Data>
    <Data Name="LogonId">0x3e7</Data>
    <Data Name="TerminalSessionId">0</Data>
    <Data Name="IntegrityLevel">System</Data>
    <Data Name="Hashes">MD5=7A87637CC4D114EA49A30323FEB799F1,SHA256=A8FFAB0B134E177655DD255F9B05296BB5CA7C40C5C1A2157DB81FC68B350FFD,IMPHASH=CD3B2D99C6655A5D4A14E30E380F5BF9</Data>
    <Data Name="ParentProcessGuid">AA26E6DE-54AA-6A22-9000-000000001200</Data>
    <Data Name="ParentProcessId">6632</Data>
    <Data Name="ParentImage">C:\Program Files (x86)\Microsoft\EdgeUpdate\MicrosoftEdgeUpdate.exe</Data>
    <Data Name="ParentCommandLine">&quot;C:\Program Files (x86)\Microsoft\EdgeUpdate\MicrosoftEdgeUpdate.exe&quot; /c</Data>
    <Data Name="ParentUser">NT AUTHORITY\SYSTEM</Data>
  </EventData>
</Event>
