Record 938
<?xml version="1.0" encoding="utf-8"?>
<Event xmlns="http://schemas.microsoft.com/win/2004/08/events/event">
  <System>
    <Provider Name="Microsoft-Windows-Sysmon" Guid="5770385F-C22A-43E0-BF4C-06F5698FFBD9">
    </Provider>
    <EventID>1</EventID>
    <Version>5</Version>
    <Level>4</Level>
    <Task>1</Task>
    <Opcode>0</Opcode>
    <Keywords>0x8000000000000000</Keywords>
    <TimeCreated SystemTime="2026-06-05T04:49:25.927268Z">
    </TimeCreated>
    <EventRecordID>938</EventRecordID>
    <Correlation>
    </Correlation>
    <Execution ProcessID="3124" ThreadID="3144">
    </Execution>
    <Channel>Microsoft-Windows-Sysmon/Operational</Channel>
    <Computer>DESKTOP-LGT6HFQ</Computer>
    <Security UserID="S-1-5-18">
    </Security>
  </System>
  <EventData>
    <Data Name="RuleName">-</Data>
    <Data Name="UtcTime">2026-06-05 04:49:25.925</Data>
    <Data Name="ProcessGuid">AA26E6DE-5555-6A22-0601-000000001200</Data>
    <Data Name="ProcessId">7136</Data>
    <Data Name="Image">C:\Windows\System32\taskhostw.exe</Data>
    <Data Name="FileVersion">10.0.19041.5794 (WinBuild.160101.0800)</Data>
    <Data Name="Description">Host Process for Windows Tasks</Data>
    <Data Name="Product">Microsoft® Windows® Operating System</Data>
    <Data Name="Company">Microsoft Corporation</Data>
    <Data Name="OriginalFileName">taskhostw.exe</Data>
    <Data Name="CommandLine">taskhostw.exe</Data>
    <Data Name="CurrentDirectory">C:\Windows\system32\</Data>
    <Data Name="User">NT AUTHORITY\SYSTEM</Data>
    <Data Name="LogonGuid">AA26E6DE-549D-6A22-E703-000000000000</Data>
    <Data Name="LogonId">0x3e7</Data>
    <Data Name="TerminalSessionId">0</Data>
    <Data Name="IntegrityLevel">System</Data>
    <Data Name="Hashes">MD5=D71630DA4364F89F36B47581D4162639,SHA256=4D84D1DB6C572DA841307B814CCF26478429D3A29F304755CE1BAF110E639F64,IMPHASH=3A0C6863CDE566AF997DB2DEFFF9D924</Data>
    <Data Name="ParentProcessGuid">AA26E6DE-549E-6A22-1900-000000001200</Data>
    <Data Name="ParentProcessId">1128</Data>
    <Data Name="ParentImage">C:\Windows\System32\svchost.exe</Data>
    <Data Name="ParentCommandLine">C:\Windows\system32\svchost.exe -k netsvcs -p -s Schedule</Data>
    <Data Name="ParentUser">NT AUTHORITY\SYSTEM</Data>
  </EventData>
</Event>
Record 939
<?xml version="1.0" encoding="utf-8"?>
<Event xmlns="http://schemas.microsoft.com/win/2004/08/events/event">
  <System>
    <Provider Name="Microsoft-Windows-Sysmon" Guid="5770385F-C22A-43E0-BF4C-06F5698FFBD9">
    </Provider>
    <EventID>1</EventID>
    <Version>5</Version>
    <Level>4</Level>
    <Task>1</Task>
    <Opcode>0</Opcode>
    <Keywords>0x8000000000000000</Keywords>
    <TimeCreated SystemTime="2026-06-05T04:49:40.775030Z">
    </TimeCreated>
    <EventRecordID>939</EventRecordID>
    <Correlation>
    </Correlation>
    <Execution ProcessID="3124" ThreadID="3144">
    </Execution>
    <Channel>Microsoft-Windows-Sysmon/Operational</Channel>
    <Computer>DESKTOP-LGT6HFQ</Computer>
    <Security UserID="S-1-5-18">
    </Security>
  </System>
  <EventData>
    <Data Name="RuleName">-</Data>
    <Data Name="UtcTime">2026-06-05 04:49:40.768</Data>
    <Data Name="ProcessGuid">AA26E6DE-5564-6A22-0701-000000001200</Data>
    <Data Name="ProcessId">11356</Data>
    <Data Name="Image">C:\Windows\System32\wbem\WMIADAP.exe</Data>
    <Data Name="FileVersion">10.0.19041.4474 (WinBuild.160101.0800)</Data>
    <Data Name="Description">WMI Reverse Performance Adapter Maintenance Utility</Data>
    <Data Name="Product">Microsoft® Windows® Operating System</Data>
    <Data Name="Company">Microsoft Corporation</Data>
    <Data Name="OriginalFileName">wmicookr.dll</Data>
    <Data Name="CommandLine">wmiadap.exe /R /T</Data>
    <Data Name="CurrentDirectory">C:\Windows\system32\</Data>
    <Data Name="User">NT AUTHORITY\SYSTEM</Data>
    <Data Name="LogonGuid">AA26E6DE-549D-6A22-E703-000000000000</Data>
    <Data Name="LogonId">0x3e7</Data>
    <Data Name="TerminalSessionId">0</Data>
    <Data Name="IntegrityLevel">System</Data>
    <Data Name="Hashes">MD5=9A2D42258163720034A335CD1AC80110,SHA256=1C646A86183FEEDC20E41B9DF7263308E2936BDF690E421D64AAB9FFCB0FA922,IMPHASH=367D299428703C9A9715504BFE071C97</Data>
    <Data Name="ParentProcessGuid">AA26E6DE-54A0-6A22-4000-000000001200</Data>
    <Data Name="ParentProcessId">2668</Data>
    <Data Name="ParentImage">C:\Windows\System32\svchost.exe</Data>
    <Data Name="ParentCommandLine">C:\Windows\system32\svchost.exe -k netsvcs -p -s Winmgmt</Data>
    <Data Name="ParentUser">NT AUTHORITY\SYSTEM</Data>
  </EventData>
</Event>
Record 940
<?xml version="1.0" encoding="utf-8"?>
<Event xmlns="http://schemas.microsoft.com/win/2004/08/events/event">
  <System>
    <Provider Name="Microsoft-Windows-Sysmon" Guid="5770385F-C22A-43E0-BF4C-06F5698FFBD9">
    </Provider>
    <EventID>13</EventID>
    <Version>2</Version>
    <Level>4</Level>
    <Task>13</Task>
    <Opcode>0</Opcode>
    <Keywords>0x8000000000000000</Keywords>
    <TimeCreated SystemTime="2026-06-05T04:50:14.279987Z">
    </TimeCreated>
    <EventRecordID>940</EventRecordID>
    <Correlation>
    </Correlation>
    <Execution ProcessID="3124" ThreadID="3144">
    </Execution>
    <Channel>Microsoft-Windows-Sysmon/Operational</Channel>
    <Computer>DESKTOP-LGT6HFQ</Computer>
    <Security UserID="S-1-5-18">
    </Security>
  </System>
  <EventData>
    <Data Name="RuleName">Suspicious,ImageBeginWithBackslash</Data>
    <Data Name="EventType">SetValue</Data>
    <Data Name="UtcTime">2026-06-05 04:50:14.276</Data>
    <Data Name="ProcessGuid">AA26E6DE-5564-6A22-0701-000000001200</Data>
    <Data Name="ProcessId">11356</Data>
    <Data Name="Image">\\?\C:\Windows\system32\wbem\WMIADAP.EXE</Data>
    <Data Name="TargetObject">HKLM\SOFTWARE\Microsoft\Windows NT\CurrentVersion\Perflib\Updating</Data>
    <Data Name="Details">WmiApRpl</Data>
    <Data Name="User">NT AUTHORITY\SYSTEM</Data>
  </EventData>
</Event>
Record 941
<?xml version="1.0" encoding="utf-8"?>
<Event xmlns="http://schemas.microsoft.com/win/2004/08/events/event">
  <System>
    <Provider Name="Microsoft-Windows-Sysmon" Guid="5770385F-C22A-43E0-BF4C-06F5698FFBD9">
    </Provider>
    <EventID>13</EventID>
    <Version>2</Version>
    <Level>4</Level>
    <Task>13</Task>
    <Opcode>0</Opcode>
    <Keywords>0x8000000000000000</Keywords>
    <TimeCreated SystemTime="2026-06-05T04:50:14.286540Z">
    </TimeCreated>
    <EventRecordID>941</EventRecordID>
    <Correlation>
    </Correlation>
    <Execution ProcessID="3124" ThreadID="3144">
    </Execution>
    <Channel>Microsoft-Windows-Sysmon/Operational</Channel>
    <Computer>DESKTOP-LGT6HFQ</Computer>
    <Security UserID="S-1-5-18">
    </Security>
  </System>
  <EventData>
    <Data Name="RuleName">Suspicious,ImageBeginWithBackslash</Data>
    <Data Name="EventType">SetValue</Data>
    <Data Name="UtcTime">2026-06-05 04:50:14.285</Data>
    <Data Name="ProcessGuid">AA26E6DE-5564-6A22-0701-000000001200</Data>
    <Data Name="ProcessId">11356</Data>
    <Data Name="Image">\\?\C:\Windows\system32\wbem\WMIADAP.EXE</Data>
    <Data Name="TargetObject">HKLM\SOFTWARE\Microsoft\Windows NT\CurrentVersion\Perflib\Last Counter</Data>
    <Data Name="Details">DWORD (0x00002c5c)</Data>
    <Data Name="User">NT AUTHORITY\SYSTEM</Data>
  </EventData>
</Event>
Record 942
<?xml version="1.0" encoding="utf-8"?>
<Event xmlns="http://schemas.microsoft.com/win/2004/08/events/event">
  <System>
    <Provider Name="Microsoft-Windows-Sysmon" Guid="5770385F-C22A-43E0-BF4C-06F5698FFBD9">
    </Provider>
    <EventID>13</EventID>
    <Version>2</Version>
    <Level>4</Level>
    <Task>13</Task>
    <Opcode>0</Opcode>
    <Keywords>0x8000000000000000</Keywords>
    <TimeCreated SystemTime="2026-06-05T04:50:14.286584Z">
    </TimeCreated>
    <EventRecordID>942</EventRecordID>
    <Correlation>
    </Correlation>
    <Execution ProcessID="3124" ThreadID="3144">
    </Execution>
    <Channel>Microsoft-Windows-Sysmon/Operational</Channel>
    <Computer>DESKTOP-LGT6HFQ</Computer>
    <Security UserID="S-1-5-18">
    </Security>
  </System>
  <EventData>
    <Data Name="RuleName">Suspicious,ImageBeginWithBackslash</Data>
    <Data Name="EventType">SetValue</Data>
    <Data Name="UtcTime">2026-06-05 04:50:14.285</Data>
    <Data Name="ProcessGuid">AA26E6DE-5564-6A22-0701-000000001200</Data>
    <Data Name="ProcessId">11356</Data>
    <Data Name="Image">\\?\C:\Windows\system32\wbem\WMIADAP.EXE</Data>
    <Data Name="TargetObject">HKLM\SOFTWARE\Microsoft\Windows NT\CurrentVersion\Perflib\Last Help</Data>
    <Data Name="Details">DWORD (0x00002c5d)</Data>
    <Data Name="User">NT AUTHORITY\SYSTEM</Data>
  </EventData>
</Event>
Record 943
<?xml version="1.0" encoding="utf-8"?>
<Event xmlns="http://schemas.microsoft.com/win/2004/08/events/event">
  <System>
    <Provider Name="Microsoft-Windows-Sysmon" Guid="5770385F-C22A-43E0-BF4C-06F5698FFBD9">
    </Provider>
    <EventID>12</EventID>
    <Version>2</Version>
    <Level>4</Level>
    <Task>12</Task>
    <Opcode>0</Opcode>
    <Keywords>0x8000000000000000</Keywords>
    <TimeCreated SystemTime="2026-06-05T04:50:14.286615Z">
    </TimeCreated>
    <EventRecordID>943</EventRecordID>
    <Correlation>
    </Correlation>
    <Execution ProcessID="3124" ThreadID="3144">
    </Execution>
    <Channel>Microsoft-Windows-Sysmon/Operational</Channel>
    <Computer>DESKTOP-LGT6HFQ</Computer>
    <Security UserID="S-1-5-18">
    </Security>
  </System>
  <EventData>
    <Data Name="RuleName">Suspicious,ImageBeginWithBackslash</Data>
    <Data Name="EventType">DeleteValue</Data>
    <Data Name="UtcTime">2026-06-05 04:50:14.285</Data>
    <Data Name="ProcessGuid">AA26E6DE-5564-6A22-0701-000000001200</Data>
    <Data Name="ProcessId">11356</Data>
    <Data Name="Image">\\?\C:\Windows\system32\wbem\WMIADAP.EXE</Data>
    <Data Name="TargetObject">HKLM\System\CurrentControlSet\Services\WmiApRpl\Performance\First Counter</Data>
    <Data Name="User">NT AUTHORITY\SYSTEM</Data>
  </EventData>
</Event>
Record 944
<?xml version="1.0" encoding="utf-8"?>
<Event xmlns="http://schemas.microsoft.com/win/2004/08/events/event">
  <System>
    <Provider Name="Microsoft-Windows-Sysmon" Guid="5770385F-C22A-43E0-BF4C-06F5698FFBD9">
    </Provider>
    <EventID>12</EventID>
    <Version>2</Version>
    <Level>4</Level>
    <Task>12</Task>
    <Opcode>0</Opcode>
    <Keywords>0x8000000000000000</Keywords>
    <TimeCreated SystemTime="2026-06-05T04:50:14.286644Z">
    </TimeCreated>
    <EventRecordID>944</EventRecordID>
    <Correlation>
    </Correlation>
    <Execution ProcessID="3124" ThreadID="3144">
    </Execution>
    <Channel>Microsoft-Windows-Sysmon/Operational</Channel>
    <Computer>DESKTOP-LGT6HFQ</Computer>
    <Security UserID="S-1-5-18">
    </Security>
  </System>
  <EventData>
    <Data Name="RuleName">Suspicious,ImageBeginWithBackslash</Data>
    <Data Name="EventType">DeleteValue</Data>
    <Data Name="UtcTime">2026-06-05 04:50:14.285</Data>
    <Data Name="ProcessGuid">AA26E6DE-5564-6A22-0701-000000001200</Data>
    <Data Name="ProcessId">11356</Data>
    <Data Name="Image">\\?\C:\Windows\system32\wbem\WMIADAP.EXE</Data>
    <Data Name="TargetObject">HKLM\System\CurrentControlSet\Services\WmiApRpl\Performance\Last Counter</Data>
    <Data Name="User">NT AUTHORITY\SYSTEM</Data>
  </EventData>
</Event>
Record 945
<?xml version="1.0" encoding="utf-8"?>
<Event xmlns="http://schemas.microsoft.com/win/2004/08/events/event">
  <System>
    <Provider Name="Microsoft-Windows-Sysmon" Guid="5770385F-C22A-43E0-BF4C-06F5698FFBD9">
    </Provider>
    <EventID>12</EventID>
    <Version>2</Version>
    <Level>4</Level>
    <Task>12</Task>
    <Opcode>0</Opcode>
    <Keywords>0x8000000000000000</Keywords>
    <TimeCreated SystemTime="2026-06-05T04:50:14.286671Z">
    </TimeCreated>
    <EventRecordID>945</EventRecordID>
    <Correlation>
    </Correlation>
    <Execution ProcessID="3124" ThreadID="3144">
    </Execution>
    <Channel>Microsoft-Windows-Sysmon/Operational</Channel>
    <Computer>DESKTOP-LGT6HFQ</Computer>
    <Security UserID="S-1-5-18">
    </Security>
  </System>
  <EventData>
    <Data Name="RuleName">Suspicious,ImageBeginWithBackslash</Data>
    <Data Name="EventType">DeleteValue</Data>
    <Data Name="UtcTime">2026-06-05 04:50:14.285</Data>
    <Data Name="ProcessGuid">AA26E6DE-5564-6A22-0701-000000001200</Data>
    <Data Name="ProcessId">11356</Data>
    <Data Name="Image">\\?\C:\Windows\system32\wbem\WMIADAP.EXE</Data>
    <Data Name="TargetObject">HKLM\System\CurrentControlSet\Services\WmiApRpl\Performance\First Help</Data>
    <Data Name="User">NT AUTHORITY\SYSTEM</Data>
  </EventData>
</Event>
Record 946
<?xml version="1.0" encoding="utf-8"?>
<Event xmlns="http://schemas.microsoft.com/win/2004/08/events/event">
  <System>
    <Provider Name="Microsoft-Windows-Sysmon" Guid="5770385F-C22A-43E0-BF4C-06F5698FFBD9">
    </Provider>
    <EventID>12</EventID>
    <Version>2</Version>
    <Level>4</Level>
    <Task>12</Task>
    <Opcode>0</Opcode>
    <Keywords>0x8000000000000000</Keywords>
    <TimeCreated SystemTime="2026-06-05T04:50:14.286699Z">
    </TimeCreated>
    <EventRecordID>946</EventRecordID>
    <Correlation>
    </Correlation>
    <Execution ProcessID="3124" ThreadID="3144">
    </Execution>
    <Channel>Microsoft-Windows-Sysmon/Operational</Channel>
    <Computer>DESKTOP-LGT6HFQ</Computer>
    <Security UserID="S-1-5-18">
    </Security>
  </System>
  <EventData>
    <Data Name="RuleName">Suspicious,ImageBeginWithBackslash</Data>
    <Data Name="EventType">DeleteValue</Data>
    <Data Name="UtcTime">2026-06-05 04:50:14.285</Data>
    <Data Name="ProcessGuid">AA26E6DE-5564-6A22-0701-000000001200</Data>
    <Data Name="ProcessId">11356</Data>
    <Data Name="Image">\\?\C:\Windows\system32\wbem\WMIADAP.EXE</Data>
    <Data Name="TargetObject">HKLM\System\CurrentControlSet\Services\WmiApRpl\Performance\Last Help</Data>
    <Data Name="User">NT AUTHORITY\SYSTEM</Data>
  </EventData>
</Event>
Record 947
<?xml version="1.0" encoding="utf-8"?>
<Event xmlns="http://schemas.microsoft.com/win/2004/08/events/event">
  <System>
    <Provider Name="Microsoft-Windows-Sysmon" Guid="5770385F-C22A-43E0-BF4C-06F5698FFBD9">
    </Provider>
    <EventID>12</EventID>
    <Version>2</Version>
    <Level>4</Level>
    <Task>12</Task>
    <Opcode>0</Opcode>
    <Keywords>0x8000000000000000</Keywords>
    <TimeCreated SystemTime="2026-06-05T04:50:14.286727Z">
    </TimeCreated>
    <EventRecordID>947</EventRecordID>
    <Correlation>
    </Correlation>
    <Execution ProcessID="3124" ThreadID="3144">
    </Execution>
    <Channel>Microsoft-Windows-Sysmon/Operational</Channel>
    <Computer>DESKTOP-LGT6HFQ</Computer>
    <Security UserID="S-1-5-18">
    </Security>
  </System>
  <EventData>
    <Data Name="RuleName">Suspicious,ImageBeginWithBackslash</Data>
    <Data Name="EventType">DeleteValue</Data>
    <Data Name="UtcTime">2026-06-05 04:50:14.285</Data>
    <Data Name="ProcessGuid">AA26E6DE-5564-6A22-0701-000000001200</Data>
    <Data Name="ProcessId">11356</Data>
    <Data Name="Image">\\?\C:\Windows\system32\wbem\WMIADAP.EXE</Data>
    <Data Name="TargetObject">HKLM\System\CurrentControlSet\Services\WmiApRpl\Performance\Object List</Data>
    <Data Name="User">NT AUTHORITY\SYSTEM</Data>
  </EventData>
</Event>
Record 948
<?xml version="1.0" encoding="utf-8"?>
<Event xmlns="http://schemas.microsoft.com/win/2004/08/events/event">
  <System>
    <Provider Name="Microsoft-Windows-Sysmon" Guid="5770385F-C22A-43E0-BF4C-06F5698FFBD9">
    </Provider>
    <EventID>12</EventID>
    <Version>2</Version>
    <Level>4</Level>
    <Task>12</Task>
    <Opcode>0</Opcode>
    <Keywords>0x8000000000000000</Keywords>
    <TimeCreated SystemTime="2026-06-05T04:50:14.286756Z">
    </TimeCreated>
    <EventRecordID>948</EventRecordID>
    <Correlation>
    </Correlation>
    <Execution ProcessID="3124" ThreadID="3144">
    </Execution>
    <Channel>Microsoft-Windows-Sysmon/Operational</Channel>
    <Computer>DESKTOP-LGT6HFQ</Computer>
    <Security UserID="S-1-5-18">
    </Security>
  </System>
  <EventData>
    <Data Name="RuleName">Suspicious,ImageBeginWithBackslash</Data>
    <Data Name="EventType">DeleteValue</Data>
    <Data Name="UtcTime">2026-06-05 04:50:14.285</Data>
    <Data Name="ProcessGuid">AA26E6DE-5564-6A22-0701-000000001200</Data>
    <Data Name="ProcessId">11356</Data>
    <Data Name="Image">\\?\C:\Windows\system32\wbem\WMIADAP.EXE</Data>
    <Data Name="TargetObject">HKLM\SOFTWARE\Microsoft\Windows NT\CurrentVersion\Perflib\Updating</Data>
    <Data Name="User">NT AUTHORITY\SYSTEM</Data>
  </EventData>
</Event>
Record 949
<?xml version="1.0" encoding="utf-8"?>
<Event xmlns="http://schemas.microsoft.com/win/2004/08/events/event">
  <System>
    <Provider Name="Microsoft-Windows-Sysmon" Guid="5770385F-C22A-43E0-BF4C-06F5698FFBD9">
    </Provider>
    <EventID>13</EventID>
    <Version>2</Version>
    <Level>4</Level>
    <Task>13</Task>
    <Opcode>0</Opcode>
    <Keywords>0x8000000000000000</Keywords>
    <TimeCreated SystemTime="2026-06-05T04:50:14.291560Z">
    </TimeCreated>
    <EventRecordID>949</EventRecordID>
    <Correlation>
    </Correlation>
    <Execution ProcessID="3124" ThreadID="3144">
    </Execution>
    <Channel>Microsoft-Windows-Sysmon/Operational</Channel>
    <Computer>DESKTOP-LGT6HFQ</Computer>
    <Security UserID="S-1-5-18">
    </Security>
  </System>
  <EventData>
    <Data Name="RuleName">Suspicious,ImageBeginWithBackslash</Data>
    <Data Name="EventType">SetValue</Data>
    <Data Name="UtcTime">2026-06-05 04:50:14.290</Data>
    <Data Name="ProcessGuid">AA26E6DE-5564-6A22-0701-000000001200</Data>
    <Data Name="ProcessId">11356</Data>
    <Data Name="Image">\\?\C:\Windows\system32\wbem\WMIADAP.EXE</Data>
    <Data Name="TargetObject">HKLM\System\CurrentControlSet\Services\WmiApRpl\Performance\PerfIniFile</Data>
    <Data Name="Details">WmiApRpl.ini</Data>
    <Data Name="User">NT AUTHORITY\SYSTEM</Data>
  </EventData>
</Event>
Record 950
<?xml version="1.0" encoding="utf-8"?>
<Event xmlns="http://schemas.microsoft.com/win/2004/08/events/event">
  <System>
    <Provider Name="Microsoft-Windows-Sysmon" Guid="5770385F-C22A-43E0-BF4C-06F5698FFBD9">
    </Provider>
    <EventID>13</EventID>
    <Version>2</Version>
    <Level>4</Level>
    <Task>13</Task>
    <Opcode>0</Opcode>
    <Keywords>0x8000000000000000</Keywords>
    <TimeCreated SystemTime="2026-06-05T04:50:14.296704Z">
    </TimeCreated>
    <EventRecordID>950</EventRecordID>
    <Correlation>
    </Correlation>
    <Execution ProcessID="3124" ThreadID="3144">
    </Execution>
    <Channel>Microsoft-Windows-Sysmon/Operational</Channel>
    <Computer>DESKTOP-LGT6HFQ</Computer>
    <Security UserID="S-1-5-18">
    </Security>
  </System>
  <EventData>
    <Data Name="RuleName">Suspicious,ImageBeginWithBackslash</Data>
    <Data Name="EventType">SetValue</Data>
    <Data Name="UtcTime">2026-06-05 04:50:14.294</Data>
    <Data Name="ProcessGuid">AA26E6DE-5564-6A22-0701-000000001200</Data>
    <Data Name="ProcessId">11356</Data>
    <Data Name="Image">\\?\C:\Windows\system32\wbem\WMIADAP.EXE</Data>
    <Data Name="TargetObject">HKLM\SOFTWARE\Microsoft\Windows NT\CurrentVersion\Perflib\Updating</Data>
    <Data Name="Details">WmiApRpl</Data>
    <Data Name="User">NT AUTHORITY\SYSTEM</Data>
  </EventData>
</Event>
Record 951
<?xml version="1.0" encoding="utf-8"?>
<Event xmlns="http://schemas.microsoft.com/win/2004/08/events/event">
  <System>
    <Provider Name="Microsoft-Windows-Sysmon" Guid="5770385F-C22A-43E0-BF4C-06F5698FFBD9">
    </Provider>
    <EventID>13</EventID>
    <Version>2</Version>
    <Level>4</Level>
    <Task>13</Task>
    <Opcode>0</Opcode>
    <Keywords>0x8000000000000000</Keywords>
    <TimeCreated SystemTime="2026-06-05T04:50:14.349034Z">
    </TimeCreated>
    <EventRecordID>951</EventRecordID>
    <Correlation>
    </Correlation>
    <Execution ProcessID="3124" ThreadID="3144">
    </Execution>
    <Channel>Microsoft-Windows-Sysmon/Operational</Channel>
    <Computer>DESKTOP-LGT6HFQ</Computer>
    <Security UserID="S-1-5-18">
    </Security>
  </System>
  <EventData>
    <Data Name="RuleName">Suspicious,ImageBeginWithBackslash</Data>
    <Data Name="EventType">SetValue</Data>
    <Data Name="UtcTime">2026-06-05 04:50:14.347</Data>
    <Data Name="ProcessGuid">AA26E6DE-5564-6A22-0701-000000001200</Data>
    <Data Name="ProcessId">11356</Data>
    <Data Name="Image">\\?\C:\Windows\system32\wbem\WMIADAP.EXE</Data>
    <Data Name="TargetObject">HKLM\SOFTWARE\Microsoft\Windows NT\CurrentVersion\Perflib\Last Counter</Data>
    <Data Name="Details">DWORD (0x00002d04)</Data>
    <Data Name="User">NT AUTHORITY\SYSTEM</Data>
  </EventData>
</Event>
Record 952
<?xml version="1.0" encoding="utf-8"?>
<Event xmlns="http://schemas.microsoft.com/win/2004/08/events/event">
  <System>
    <Provider Name="Microsoft-Windows-Sysmon" Guid="5770385F-C22A-43E0-BF4C-06F5698FFBD9">
    </Provider>
    <EventID>13</EventID>
    <Version>2</Version>
    <Level>4</Level>
    <Task>13</Task>
    <Opcode>0</Opcode>
    <Keywords>0x8000000000000000</Keywords>
    <TimeCreated SystemTime="2026-06-05T04:50:14.349218Z">
    </TimeCreated>
    <EventRecordID>952</EventRecordID>
    <Correlation>
    </Correlation>
    <Execution ProcessID="3124" ThreadID="3144">
    </Execution>
    <Channel>Microsoft-Windows-Sysmon/Operational</Channel>
    <Computer>DESKTOP-LGT6HFQ</Computer>
    <Security UserID="S-1-5-18">
    </Security>
  </System>
  <EventData>
    <Data Name="RuleName">Suspicious,ImageBeginWithBackslash</Data>
    <Data Name="EventType">SetValue</Data>
    <Data Name="UtcTime">2026-06-05 04:50:14.347</Data>
    <Data Name="ProcessGuid">AA26E6DE-5564-6A22-0701-000000001200</Data>
    <Data Name="ProcessId">11356</Data>
    <Data Name="Image">\\?\C:\Windows\system32\wbem\WMIADAP.EXE</Data>
    <Data Name="TargetObject">HKLM\SOFTWARE\Microsoft\Windows NT\CurrentVersion\Perflib\Last Help</Data>
    <Data Name="Details">DWORD (0x00002d05)</Data>
    <Data Name="User">NT AUTHORITY\SYSTEM</Data>
  </EventData>
</Event>
Record 953
<?xml version="1.0" encoding="utf-8"?>
<Event xmlns="http://schemas.microsoft.com/win/2004/08/events/event">
  <System>
    <Provider Name="Microsoft-Windows-Sysmon" Guid="5770385F-C22A-43E0-BF4C-06F5698FFBD9">
    </Provider>
    <EventID>13</EventID>
    <Version>2</Version>
    <Level>4</Level>
    <Task>13</Task>
    <Opcode>0</Opcode>
    <Keywords>0x8000000000000000</Keywords>
    <TimeCreated SystemTime="2026-06-05T04:50:14.349847Z">
    </TimeCreated>
    <EventRecordID>953</EventRecordID>
    <Correlation>
    </Correlation>
    <Execution ProcessID="3124" ThreadID="3144">
    </Execution>
    <Channel>Microsoft-Windows-Sysmon/Operational</Channel>
    <Computer>DESKTOP-LGT6HFQ</Computer>
    <Security UserID="S-1-5-18">
    </Security>
  </System>
  <EventData>
    <Data Name="RuleName">Suspicious,ImageBeginWithBackslash</Data>
    <Data Name="EventType">SetValue</Data>
    <Data Name="UtcTime">2026-06-05 04:50:14.347</Data>
    <Data Name="ProcessGuid">AA26E6DE-5564-6A22-0701-000000001200</Data>
    <Data Name="ProcessId">11356</Data>
    <Data Name="Image">\\?\C:\Windows\system32\wbem\WMIADAP.EXE</Data>
    <Data Name="TargetObject">HKLM\System\CurrentControlSet\Services\WmiApRpl\Performance\Last Counter</Data>
    <Data Name="Details">DWORD (0x00002d04)</Data>
    <Data Name="User">NT AUTHORITY\SYSTEM</Data>
  </EventData>
</Event>
Record 954
<?xml version="1.0" encoding="utf-8"?>
<Event xmlns="http://schemas.microsoft.com/win/2004/08/events/event">
  <System>
    <Provider Name="Microsoft-Windows-Sysmon" Guid="5770385F-C22A-43E0-BF4C-06F5698FFBD9">
    </Provider>
    <EventID>13</EventID>
    <Version>2</Version>
    <Level>4</Level>
    <Task>13</Task>
    <Opcode>0</Opcode>
    <Keywords>0x8000000000000000</Keywords>
    <TimeCreated SystemTime="2026-06-05T04:50:14.349923Z">
    </TimeCreated>
    <EventRecordID>954</EventRecordID>
    <Correlation>
    </Correlation>
    <Execution ProcessID="3124" ThreadID="3144">
    </Execution>
    <Channel>Microsoft-Windows-Sysmon/Operational</Channel>
    <Computer>DESKTOP-LGT6HFQ</Computer>
    <Security UserID="S-1-5-18">
    </Security>
  </System>
  <EventData>
    <Data Name="RuleName">Suspicious,ImageBeginWithBackslash</Data>
    <Data Name="EventType">SetValue</Data>
    <Data Name="UtcTime">2026-06-05 04:50:14.347</Data>
    <Data Name="ProcessGuid">AA26E6DE-5564-6A22-0701-000000001200</Data>
    <Data Name="ProcessId">11356</Data>
    <Data Name="Image">\\?\C:\Windows\system32\wbem\WMIADAP.EXE</Data>
    <Data Name="TargetObject">HKLM\System\CurrentControlSet\Services\WmiApRpl\Performance\Last Help</Data>
    <Data Name="Details">DWORD (0x00002d05)</Data>
    <Data Name="User">NT AUTHORITY\SYSTEM</Data>
  </EventData>
</Event>
Record 955
<?xml version="1.0" encoding="utf-8"?>
<Event xmlns="http://schemas.microsoft.com/win/2004/08/events/event">
  <System>
    <Provider Name="Microsoft-Windows-Sysmon" Guid="5770385F-C22A-43E0-BF4C-06F5698FFBD9">
    </Provider>
    <EventID>13</EventID>
    <Version>2</Version>
    <Level>4</Level>
    <Task>13</Task>
    <Opcode>0</Opcode>
    <Keywords>0x8000000000000000</Keywords>
    <TimeCreated SystemTime="2026-06-05T04:50:14.349988Z">
    </TimeCreated>
    <EventRecordID>955</EventRecordID>
    <Correlation>
    </Correlation>
    <Execution ProcessID="3124" ThreadID="3144">
    </Execution>
    <Channel>Microsoft-Windows-Sysmon/Operational</Channel>
    <Computer>DESKTOP-LGT6HFQ</Computer>
    <Security UserID="S-1-5-18">
    </Security>
  </System>
  <EventData>
    <Data Name="RuleName">Suspicious,ImageBeginWithBackslash</Data>
    <Data Name="EventType">SetValue</Data>
    <Data Name="UtcTime">2026-06-05 04:50:14.347</Data>
    <Data Name="ProcessGuid">AA26E6DE-5564-6A22-0701-000000001200</Data>
    <Data Name="ProcessId">11356</Data>
    <Data Name="Image">\\?\C:\Windows\system32\wbem\WMIADAP.EXE</Data>
    <Data Name="TargetObject">HKLM\System\CurrentControlSet\Services\WmiApRpl\Performance\First Counter</Data>
    <Data Name="Details">DWORD (0x00002c5e)</Data>
    <Data Name="User">NT AUTHORITY\SYSTEM</Data>
  </EventData>
</Event>
Record 956
<?xml version="1.0" encoding="utf-8"?>
<Event xmlns="http://schemas.microsoft.com/win/2004/08/events/event">
  <System>
    <Provider Name="Microsoft-Windows-Sysmon" Guid="5770385F-C22A-43E0-BF4C-06F5698FFBD9">
    </Provider>
    <EventID>13</EventID>
    <Version>2</Version>
    <Level>4</Level>
    <Task>13</Task>
    <Opcode>0</Opcode>
    <Keywords>0x8000000000000000</Keywords>
    <TimeCreated SystemTime="2026-06-05T04:50:14.350046Z">
    </TimeCreated>
    <EventRecordID>956</EventRecordID>
    <Correlation>
    </Correlation>
    <Execution ProcessID="3124" ThreadID="3144">
    </Execution>
    <Channel>Microsoft-Windows-Sysmon/Operational</Channel>
    <Computer>DESKTOP-LGT6HFQ</Computer>
    <Security UserID="S-1-5-18">
    </Security>
  </System>
  <EventData>
    <Data Name="RuleName">Suspicious,ImageBeginWithBackslash</Data>
    <Data Name="EventType">SetValue</Data>
    <Data Name="UtcTime">2026-06-05 04:50:14.347</Data>
    <Data Name="ProcessGuid">AA26E6DE-5564-6A22-0701-000000001200</Data>
    <Data Name="ProcessId">11356</Data>
    <Data Name="Image">\\?\C:\Windows\system32\wbem\WMIADAP.EXE</Data>
    <Data Name="TargetObject">HKLM\System\CurrentControlSet\Services\WmiApRpl\Performance\First Help</Data>
    <Data Name="Details">DWORD (0x00002c5f)</Data>
    <Data Name="User">NT AUTHORITY\SYSTEM</Data>
  </EventData>
</Event>
Record 957
<?xml version="1.0" encoding="utf-8"?>
<Event xmlns="http://schemas.microsoft.com/win/2004/08/events/event">
  <System>
    <Provider Name="Microsoft-Windows-Sysmon" Guid="5770385F-C22A-43E0-BF4C-06F5698FFBD9">
    </Provider>
    <EventID>13</EventID>
    <Version>2</Version>
    <Level>4</Level>
    <Task>13</Task>
    <Opcode>0</Opcode>
    <Keywords>0x8000000000000000</Keywords>
    <TimeCreated SystemTime="2026-06-05T04:50:14.350080Z">
    </TimeCreated>
    <EventRecordID>957</EventRecordID>
    <Correlation>
    </Correlation>
    <Execution ProcessID="3124" ThreadID="3144">
    </Execution>
    <Channel>Microsoft-Windows-Sysmon/Operational</Channel>
    <Computer>DESKTOP-LGT6HFQ</Computer>
    <Security UserID="S-1-5-18">
    </Security>
  </System>
  <EventData>
    <Data Name="RuleName">Suspicious,ImageBeginWithBackslash</Data>
    <Data Name="EventType">SetValue</Data>
    <Data Name="UtcTime">2026-06-05 04:50:14.347</Data>
    <Data Name="ProcessGuid">AA26E6DE-5564-6A22-0701-000000001200</Data>
    <Data Name="ProcessId">11356</Data>
    <Data Name="Image">\\?\C:\Windows\system32\wbem\WMIADAP.EXE</Data>
    <Data Name="TargetObject">HKLM\System\CurrentControlSet\Services\WmiApRpl\Performance\Object List</Data>
    <Data Name="Details">11358 11364 11374 11384 11404 11448 11458 11496 11502 11518</Data>
    <Data Name="User">NT AUTHORITY\SYSTEM</Data>
  </EventData>
</Event>
Record 958
<?xml version="1.0" encoding="utf-8"?>
<Event xmlns="http://schemas.microsoft.com/win/2004/08/events/event">
  <System>
    <Provider Name="Microsoft-Windows-Sysmon" Guid="5770385F-C22A-43E0-BF4C-06F5698FFBD9">
    </Provider>
    <EventID>12</EventID>
    <Version>2</Version>
    <Level>4</Level>
    <Task>12</Task>
    <Opcode>0</Opcode>
    <Keywords>0x8000000000000000</Keywords>
    <TimeCreated SystemTime="2026-06-05T04:50:14.350111Z">
    </TimeCreated>
    <EventRecordID>958</EventRecordID>
    <Correlation>
    </Correlation>
    <Execution ProcessID="3124" ThreadID="3144">
    </Execution>
    <Channel>Microsoft-Windows-Sysmon/Operational</Channel>
    <Computer>DESKTOP-LGT6HFQ</Computer>
    <Security UserID="S-1-5-18">
    </Security>
  </System>
  <EventData>
    <Data Name="RuleName">Suspicious,ImageBeginWithBackslash</Data>
    <Data Name="EventType">DeleteValue</Data>
    <Data Name="UtcTime">2026-06-05 04:50:14.347</Data>
    <Data Name="ProcessGuid">AA26E6DE-5564-6A22-0701-000000001200</Data>
    <Data Name="ProcessId">11356</Data>
    <Data Name="Image">\\?\C:\Windows\system32\wbem\WMIADAP.EXE</Data>
    <Data Name="TargetObject">HKLM\SOFTWARE\Microsoft\Windows NT\CurrentVersion\Perflib\Updating</Data>
    <Data Name="User">NT AUTHORITY\SYSTEM</Data>
  </EventData>
</Event>
Record 959
<?xml version="1.0" encoding="utf-8"?>
<Event xmlns="http://schemas.microsoft.com/win/2004/08/events/event">
  <System>
    <Provider Name="Microsoft-Windows-Sysmon" Guid="5770385F-C22A-43E0-BF4C-06F5698FFBD9">
    </Provider>
    <EventID>13</EventID>
    <Version>2</Version>
    <Level>4</Level>
    <Task>13</Task>
    <Opcode>0</Opcode>
    <Keywords>0x8000000000000000</Keywords>
    <TimeCreated SystemTime="2026-06-05T04:50:22.227738Z">
    </TimeCreated>
    <EventRecordID>959</EventRecordID>
    <Correlation>
    </Correlation>
    <Execution ProcessID="3124" ThreadID="3144">
    </Execution>
    <Channel>Microsoft-Windows-Sysmon/Operational</Channel>
    <Computer>DESKTOP-LGT6HFQ</Computer>
    <Security UserID="S-1-5-18">
    </Security>
  </System>
  <EventData>
    <Data Name="RuleName">Suspicious,ImageBeginWithBackslash</Data>
    <Data Name="EventType">SetValue</Data>
    <Data Name="UtcTime">2026-06-05 04:50:22.227</Data>
    <Data Name="ProcessGuid">AA26E6DE-5564-6A22-0701-000000001200</Data>
    <Data Name="ProcessId">11356</Data>
    <Data Name="Image">\\?\C:\Windows\system32\wbem\WMIADAP.EXE</Data>
    <Data Name="TargetObject">HKLM\SOFTWARE\Microsoft\Wbem\PROVIDERS\Performance\Performance Data</Data>
    <Data Name="Details">Binary Data</Data>
    <Data Name="User">NT AUTHORITY\SYSTEM</Data>
  </EventData>
</Event>
Record 960
<?xml version="1.0" encoding="utf-8"?>
<Event xmlns="http://schemas.microsoft.com/win/2004/08/events/event">
  <System>
    <Provider Name="Microsoft-Windows-Sysmon" Guid="5770385F-C22A-43E0-BF4C-06F5698FFBD9">
    </Provider>
    <EventID>12</EventID>
    <Version>2</Version>
    <Level>4</Level>
    <Task>12</Task>
    <Opcode>0</Opcode>
    <Keywords>0x8000000000000000</Keywords>
    <TimeCreated SystemTime="2026-06-05T04:50:22.227931Z">
    </TimeCreated>
    <EventRecordID>960</EventRecordID>
    <Correlation>
    </Correlation>
    <Execution ProcessID="3124" ThreadID="3144">
    </Execution>
    <Channel>Microsoft-Windows-Sysmon/Operational</Channel>
    <Computer>DESKTOP-LGT6HFQ</Computer>
    <Security UserID="S-1-5-18">
    </Security>
  </System>
  <EventData>
    <Data Name="RuleName">Suspicious,ImageBeginWithBackslash</Data>
    <Data Name="EventType">DeleteKey</Data>
    <Data Name="UtcTime">2026-06-05 04:50:22.227</Data>
    <Data Name="ProcessGuid">AA26E6DE-5564-6A22-0701-000000001200</Data>
    <Data Name="ProcessId">11356</Data>
    <Data Name="Image">\\?\C:\Windows\system32\wbem\WMIADAP.EXE</Data>
    <Data Name="TargetObject">HKLM\SOFTWARE\Microsoft\Wbem\WDM\DREDGE</Data>
    <Data Name="User">NT AUTHORITY\SYSTEM</Data>
  </EventData>
</Event>
Record 961
<?xml version="1.0" encoding="utf-8"?>
<Event xmlns="http://schemas.microsoft.com/win/2004/08/events/event">
  <System>
    <Provider Name="Microsoft-Windows-Sysmon" Guid="5770385F-C22A-43E0-BF4C-06F5698FFBD9">
    </Provider>
    <EventID>13</EventID>
    <Version>2</Version>
    <Level>4</Level>
    <Task>13</Task>
    <Opcode>0</Opcode>
    <Keywords>0x8000000000000000</Keywords>
    <TimeCreated SystemTime="2026-06-05T04:50:22.228121Z">
    </TimeCreated>
    <EventRecordID>961</EventRecordID>
    <Correlation>
    </Correlation>
    <Execution ProcessID="3124" ThreadID="3144">
    </Execution>
    <Channel>Microsoft-Windows-Sysmon/Operational</Channel>
    <Computer>DESKTOP-LGT6HFQ</Computer>
    <Security UserID="S-1-5-18">
    </Security>
  </System>
  <EventData>
    <Data Name="RuleName">Suspicious,ImageBeginWithBackslash</Data>
    <Data Name="EventType">SetValue</Data>
    <Data Name="UtcTime">2026-06-05 04:50:22.227</Data>
    <Data Name="ProcessGuid">AA26E6DE-5564-6A22-0701-000000001200</Data>
    <Data Name="ProcessId">11356</Data>
    <Data Name="Image">\\?\C:\Windows\system32\wbem\WMIADAP.EXE</Data>
    <Data Name="TargetObject">HKLM\SOFTWARE\Microsoft\Wbem\WDM\DREDGE\C:\Windows\system32\kernelbase.dll[MofResourceName]</Data>
    <Data Name="Details">LowDateTime:1418636284,HighDateTime:31256438***Binary mof compiled successfully</Data>
    <Data Name="User">NT AUTHORITY\SYSTEM</Data>
  </EventData>
</Event>
Record 962
<?xml version="1.0" encoding="utf-8"?>
<Event xmlns="http://schemas.microsoft.com/win/2004/08/events/event">
  <System>
    <Provider Name="Microsoft-Windows-Sysmon" Guid="5770385F-C22A-43E0-BF4C-06F5698FFBD9">
    </Provider>
    <EventID>13</EventID>
    <Version>2</Version>
    <Level>4</Level>
    <Task>13</Task>
    <Opcode>0</Opcode>
    <Keywords>0x8000000000000000</Keywords>
    <TimeCreated SystemTime="2026-06-05T04:50:22.228165Z">
    </TimeCreated>
    <EventRecordID>962</EventRecordID>
    <Correlation>
    </Correlation>
    <Execution ProcessID="3124" ThreadID="3144">
    </Execution>
    <Channel>Microsoft-Windows-Sysmon/Operational</Channel>
    <Computer>DESKTOP-LGT6HFQ</Computer>
    <Security UserID="S-1-5-18">
    </Security>
  </System>
  <EventData>
    <Data Name="RuleName">Suspicious,ImageBeginWithBackslash</Data>
    <Data Name="EventType">SetValue</Data>
    <Data Name="UtcTime">2026-06-05 04:50:22.227</Data>
    <Data Name="ProcessGuid">AA26E6DE-5564-6A22-0701-000000001200</Data>
    <Data Name="ProcessId">11356</Data>
    <Data Name="Image">\\?\C:\Windows\system32\wbem\WMIADAP.EXE</Data>
    <Data Name="TargetObject">HKLM\SOFTWARE\Microsoft\Wbem\WDM\DREDGE\C:\Windows\system32\en-US\kernelbase.dll.mui[MofResourceName]</Data>
    <Data Name="Details">LowDateTime:-355006427,HighDateTime:31256447***Binary mof compiled successfully</Data>
    <Data Name="User">NT AUTHORITY\SYSTEM</Data>
  </EventData>
</Event>
Record 963
<?xml version="1.0" encoding="utf-8"?>
<Event xmlns="http://schemas.microsoft.com/win/2004/08/events/event">
  <System>
    <Provider Name="Microsoft-Windows-Sysmon" Guid="5770385F-C22A-43E0-BF4C-06F5698FFBD9">
    </Provider>
    <EventID>13</EventID>
    <Version>2</Version>
    <Level>4</Level>
    <Task>13</Task>
    <Opcode>0</Opcode>
    <Keywords>0x8000000000000000</Keywords>
    <TimeCreated SystemTime="2026-06-05T04:50:22.228208Z">
    </TimeCreated>
    <EventRecordID>963</EventRecordID>
    <Correlation>
    </Correlation>
    <Execution ProcessID="3124" ThreadID="3144">
    </Execution>
    <Channel>Microsoft-Windows-Sysmon/Operational</Channel>
    <Computer>DESKTOP-LGT6HFQ</Computer>
    <Security UserID="S-1-5-18">
    </Security>
  </System>
  <EventData>
    <Data Name="RuleName">Suspicious,ImageBeginWithBackslash</Data>
    <Data Name="EventType">SetValue</Data>
    <Data Name="UtcTime">2026-06-05 04:50:22.227</Data>
    <Data Name="ProcessGuid">AA26E6DE-5564-6A22-0701-000000001200</Data>
    <Data Name="ProcessId">11356</Data>
    <Data Name="Image">\\?\C:\Windows\system32\wbem\WMIADAP.EXE</Data>
    <Data Name="TargetObject">HKLM\SOFTWARE\Microsoft\Wbem\WDM\DREDGE\C:\Windows\System32\drivers\ACPI.sys[ACPIMOFResource]</Data>
    <Data Name="Details">LowDateTime:-1446597484,HighDateTime:31256436***Binary mof compiled successfully</Data>
    <Data Name="User">NT AUTHORITY\SYSTEM</Data>
  </EventData>
</Event>
Record 964
<?xml version="1.0" encoding="utf-8"?>
<Event xmlns="http://schemas.microsoft.com/win/2004/08/events/event">
  <System>
    <Provider Name="Microsoft-Windows-Sysmon" Guid="5770385F-C22A-43E0-BF4C-06F5698FFBD9">
    </Provider>
    <EventID>13</EventID>
    <Version>2</Version>
    <Level>4</Level>
    <Task>13</Task>
    <Opcode>0</Opcode>
    <Keywords>0x8000000000000000</Keywords>
    <TimeCreated SystemTime="2026-06-05T04:50:22.228244Z">
    </TimeCreated>
    <EventRecordID>964</EventRecordID>
    <Correlation>
    </Correlation>
    <Execution ProcessID="3124" ThreadID="3144">
    </Execution>
    <Channel>Microsoft-Windows-Sysmon/Operational</Channel>
    <Computer>DESKTOP-LGT6HFQ</Computer>
    <Security UserID="S-1-5-18">
    </Security>
  </System>
  <EventData>
    <Data Name="RuleName">Suspicious,ImageBeginWithBackslash</Data>
    <Data Name="EventType">SetValue</Data>
    <Data Name="UtcTime">2026-06-05 04:50:22.227</Data>
    <Data Name="ProcessGuid">AA26E6DE-5564-6A22-0701-000000001200</Data>
    <Data Name="ProcessId">11356</Data>
    <Data Name="Image">\\?\C:\Windows\system32\wbem\WMIADAP.EXE</Data>
    <Data Name="TargetObject">HKLM\SOFTWARE\Microsoft\Wbem\WDM\DREDGE\C:\Windows\System32\drivers\en-US\ACPI.sys.mui[ACPIMOFResource]</Data>
    <Data Name="Details">LowDateTime:956641295,HighDateTime:30780693***Binary mof compiled successfully</Data>
    <Data Name="User">NT AUTHORITY\SYSTEM</Data>
  </EventData>
</Event>
Record 965
<?xml version="1.0" encoding="utf-8"?>
<Event xmlns="http://schemas.microsoft.com/win/2004/08/events/event">
  <System>
    <Provider Name="Microsoft-Windows-Sysmon" Guid="5770385F-C22A-43E0-BF4C-06F5698FFBD9">
    </Provider>
    <EventID>13</EventID>
    <Version>2</Version>
    <Level>4</Level>
    <Task>13</Task>
    <Opcode>0</Opcode>
    <Keywords>0x8000000000000000</Keywords>
    <TimeCreated SystemTime="2026-06-05T04:50:22.228276Z">
    </TimeCreated>
    <EventRecordID>965</EventRecordID>
    <Correlation>
    </Correlation>
    <Execution ProcessID="3124" ThreadID="3144">
    </Execution>
    <Channel>Microsoft-Windows-Sysmon/Operational</Channel>
    <Computer>DESKTOP-LGT6HFQ</Computer>
    <Security UserID="S-1-5-18">
    </Security>
  </System>
  <EventData>
    <Data Name="RuleName">Suspicious,ImageBeginWithBackslash</Data>
    <Data Name="EventType">SetValue</Data>
    <Data Name="UtcTime">2026-06-05 04:50:22.227</Data>
    <Data Name="ProcessGuid">AA26E6DE-5564-6A22-0701-000000001200</Data>
    <Data Name="ProcessId">11356</Data>
    <Data Name="Image">\\?\C:\Windows\system32\wbem\WMIADAP.EXE</Data>
    <Data Name="TargetObject">HKLM\SOFTWARE\Microsoft\Wbem\WDM\DREDGE\C:\Windows\System32\drivers\mssmbios.sys[MofResource]</Data>
    <Data Name="Details">LowDateTime:828077824,HighDateTime:30780646***Binary mof compiled successfully</Data>
    <Data Name="User">NT AUTHORITY\SYSTEM</Data>
  </EventData>
</Event>
Record 966
<?xml version="1.0" encoding="utf-8"?>
<Event xmlns="http://schemas.microsoft.com/win/2004/08/events/event">
  <System>
    <Provider Name="Microsoft-Windows-Sysmon" Guid="5770385F-C22A-43E0-BF4C-06F5698FFBD9">
    </Provider>
    <EventID>13</EventID>
    <Version>2</Version>
    <Level>4</Level>
    <Task>13</Task>
    <Opcode>0</Opcode>
    <Keywords>0x8000000000000000</Keywords>
    <TimeCreated SystemTime="2026-06-05T04:50:22.228311Z">
    </TimeCreated>
    <EventRecordID>966</EventRecordID>
    <Correlation>
    </Correlation>
    <Execution ProcessID="3124" ThreadID="3144">
    </Execution>
    <Channel>Microsoft-Windows-Sysmon/Operational</Channel>
    <Computer>DESKTOP-LGT6HFQ</Computer>
    <Security UserID="S-1-5-18">
    </Security>
  </System>
  <EventData>
    <Data Name="RuleName">Suspicious,ImageBeginWithBackslash</Data>
    <Data Name="EventType">SetValue</Data>
    <Data Name="UtcTime">2026-06-05 04:50:22.227</Data>
    <Data Name="ProcessGuid">AA26E6DE-5564-6A22-0701-000000001200</Data>
    <Data Name="ProcessId">11356</Data>
    <Data Name="Image">\\?\C:\Windows\system32\wbem\WMIADAP.EXE</Data>
    <Data Name="TargetObject">HKLM\SOFTWARE\Microsoft\Wbem\WDM\DREDGE\C:\Windows\System32\drivers\en-US\mssmbios.sys.mui[MofResource]</Data>
    <Data Name="Details">LowDateTime:964770846,HighDateTime:30780693***Binary mof compiled successfully</Data>
    <Data Name="User">NT AUTHORITY\SYSTEM</Data>
  </EventData>
</Event>
Record 967
<?xml version="1.0" encoding="utf-8"?>
<Event xmlns="http://schemas.microsoft.com/win/2004/08/events/event">
  <System>
    <Provider Name="Microsoft-Windows-Sysmon" Guid="5770385F-C22A-43E0-BF4C-06F5698FFBD9">
    </Provider>
    <EventID>13</EventID>
    <Version>2</Version>
    <Level>4</Level>
    <Task>13</Task>
    <Opcode>0</Opcode>
    <Keywords>0x8000000000000000</Keywords>
    <TimeCreated SystemTime="2026-06-05T04:50:22.228345Z">
    </TimeCreated>
    <EventRecordID>967</EventRecordID>
    <Correlation>
    </Correlation>
    <Execution ProcessID="3124" ThreadID="3144">
    </Execution>
    <Channel>Microsoft-Windows-Sysmon/Operational</Channel>
    <Computer>DESKTOP-LGT6HFQ</Computer>
    <Security UserID="S-1-5-18">
    </Security>
  </System>
  <EventData>
    <Data Name="RuleName">Suspicious,ImageBeginWithBackslash</Data>
    <Data Name="EventType">SetValue</Data>
    <Data Name="UtcTime">2026-06-05 04:50:22.227</Data>
    <Data Name="ProcessGuid">AA26E6DE-5564-6A22-0701-000000001200</Data>
    <Data Name="ProcessId">11356</Data>
    <Data Name="Image">\\?\C:\Windows\system32\wbem\WMIADAP.EXE</Data>
    <Data Name="TargetObject">HKLM\SOFTWARE\Microsoft\Wbem\WDM\DREDGE\C:\Windows\System32\drivers\processr.sys[PROCESSORWMI]</Data>
    <Data Name="Details">LowDateTime:-1446286012,HighDateTime:31256436***Binary mof compiled successfully</Data>
    <Data Name="User">NT AUTHORITY\SYSTEM</Data>
  </EventData>
</Event>
Record 968
<?xml version="1.0" encoding="utf-8"?>
<Event xmlns="http://schemas.microsoft.com/win/2004/08/events/event">
  <System>
    <Provider Name="Microsoft-Windows-Sysmon" Guid="5770385F-C22A-43E0-BF4C-06F5698FFBD9">
    </Provider>
    <EventID>13</EventID>
    <Version>2</Version>
    <Level>4</Level>
    <Task>13</Task>
    <Opcode>0</Opcode>
    <Keywords>0x8000000000000000</Keywords>
    <TimeCreated SystemTime="2026-06-05T04:50:22.228379Z">
    </TimeCreated>
    <EventRecordID>968</EventRecordID>
    <Correlation>
    </Correlation>
    <Execution ProcessID="3124" ThreadID="3144">
    </Execution>
    <Channel>Microsoft-Windows-Sysmon/Operational</Channel>
    <Computer>DESKTOP-LGT6HFQ</Computer>
    <Security UserID="S-1-5-18">
    </Security>
  </System>
  <EventData>
    <Data Name="RuleName">Suspicious,ImageBeginWithBackslash</Data>
    <Data Name="EventType">SetValue</Data>
    <Data Name="UtcTime">2026-06-05 04:50:22.227</Data>
    <Data Name="ProcessGuid">AA26E6DE-5564-6A22-0701-000000001200</Data>
    <Data Name="ProcessId">11356</Data>
    <Data Name="Image">\\?\C:\Windows\system32\wbem\WMIADAP.EXE</Data>
    <Data Name="TargetObject">HKLM\SOFTWARE\Microsoft\Wbem\WDM\DREDGE\C:\Windows\System32\drivers\en-US\processr.sys.mui[PROCESSORWMI]</Data>
    <Data Name="Details">LowDateTime:956800483,HighDateTime:30780693***Binary mof compiled successfully</Data>
    <Data Name="User">NT AUTHORITY\SYSTEM</Data>
  </EventData>
</Event>
Record 969
<?xml version="1.0" encoding="utf-8"?>
<Event xmlns="http://schemas.microsoft.com/win/2004/08/events/event">
  <System>
    <Provider Name="Microsoft-Windows-Sysmon" Guid="5770385F-C22A-43E0-BF4C-06F5698FFBD9">
    </Provider>
    <EventID>13</EventID>
    <Version>2</Version>
    <Level>4</Level>
    <Task>13</Task>
    <Opcode>0</Opcode>
    <Keywords>0x8000000000000000</Keywords>
    <TimeCreated SystemTime="2026-06-05T04:50:22.228412Z">
    </TimeCreated>
    <EventRecordID>969</EventRecordID>
    <Correlation>
    </Correlation>
    <Execution ProcessID="3124" ThreadID="3144">
    </Execution>
    <Channel>Microsoft-Windows-Sysmon/Operational</Channel>
    <Computer>DESKTOP-LGT6HFQ</Computer>
    <Security UserID="S-1-5-18">
    </Security>
  </System>
  <EventData>
    <Data Name="RuleName">Suspicious,ImageBeginWithBackslash</Data>
    <Data Name="EventType">SetValue</Data>
    <Data Name="UtcTime">2026-06-05 04:50:22.227</Data>
    <Data Name="ProcessGuid">AA26E6DE-5564-6A22-0701-000000001200</Data>
    <Data Name="ProcessId">11356</Data>
    <Data Name="Image">\\?\C:\Windows\system32\wbem\WMIADAP.EXE</Data>
    <Data Name="TargetObject">HKLM\SOFTWARE\Microsoft\Wbem\WDM\DREDGE\C:\Windows\System32\drivers\HDAudBus.sys[HDAudioMofName]</Data>
    <Data Name="Details">LowDateTime:-1459565734,HighDateTime:31256436***Binary mof compiled successfully</Data>
    <Data Name="User">NT AUTHORITY\SYSTEM</Data>
  </EventData>
</Event>
Record 970
<?xml version="1.0" encoding="utf-8"?>
<Event xmlns="http://schemas.microsoft.com/win/2004/08/events/event">
  <System>
    <Provider Name="Microsoft-Windows-Sysmon" Guid="5770385F-C22A-43E0-BF4C-06F5698FFBD9">
    </Provider>
    <EventID>13</EventID>
    <Version>2</Version>
    <Level>4</Level>
    <Task>13</Task>
    <Opcode>0</Opcode>
    <Keywords>0x8000000000000000</Keywords>
    <TimeCreated SystemTime="2026-06-05T04:50:22.228445Z">
    </TimeCreated>
    <EventRecordID>970</EventRecordID>
    <Correlation>
    </Correlation>
    <Execution ProcessID="3124" ThreadID="3144">
    </Execution>
    <Channel>Microsoft-Windows-Sysmon/Operational</Channel>
    <Computer>DESKTOP-LGT6HFQ</Computer>
    <Security UserID="S-1-5-18">
    </Security>
  </System>
  <EventData>
    <Data Name="RuleName">Suspicious,ImageBeginWithBackslash</Data>
    <Data Name="EventType">SetValue</Data>
    <Data Name="UtcTime">2026-06-05 04:50:22.227</Data>
    <Data Name="ProcessGuid">AA26E6DE-5564-6A22-0701-000000001200</Data>
    <Data Name="ProcessId">11356</Data>
    <Data Name="Image">\\?\C:\Windows\system32\wbem\WMIADAP.EXE</Data>
    <Data Name="TargetObject">HKLM\SOFTWARE\Microsoft\Wbem\WDM\DREDGE\C:\Windows\System32\Drivers\portcls.SYS[PortclsMof]</Data>
    <Data Name="Details">LowDateTime:-1458469470,HighDateTime:31256436***Binary mof compiled successfully</Data>
    <Data Name="User">NT AUTHORITY\SYSTEM</Data>
  </EventData>
</Event>
Record 971
<?xml version="1.0" encoding="utf-8"?>
<Event xmlns="http://schemas.microsoft.com/win/2004/08/events/event">
  <System>
    <Provider Name="Microsoft-Windows-Sysmon" Guid="5770385F-C22A-43E0-BF4C-06F5698FFBD9">
    </Provider>
    <EventID>13</EventID>
    <Version>2</Version>
    <Level>4</Level>
    <Task>13</Task>
    <Opcode>0</Opcode>
    <Keywords>0x8000000000000000</Keywords>
    <TimeCreated SystemTime="2026-06-05T04:50:22.228477Z">
    </TimeCreated>
    <EventRecordID>971</EventRecordID>
    <Correlation>
    </Correlation>
    <Execution ProcessID="3124" ThreadID="3144">
    </Execution>
    <Channel>Microsoft-Windows-Sysmon/Operational</Channel>
    <Computer>DESKTOP-LGT6HFQ</Computer>
    <Security UserID="S-1-5-18">
    </Security>
  </System>
  <EventData>
    <Data Name="RuleName">Suspicious,ImageBeginWithBackslash</Data>
    <Data Name="EventType">SetValue</Data>
    <Data Name="UtcTime">2026-06-05 04:50:22.227</Data>
    <Data Name="ProcessGuid">AA26E6DE-5564-6A22-0701-000000001200</Data>
    <Data Name="ProcessId">11356</Data>
    <Data Name="Image">\\?\C:\Windows\system32\wbem\WMIADAP.EXE</Data>
    <Data Name="TargetObject">HKLM\SOFTWARE\Microsoft\Wbem\WDM\DREDGE\C:\Windows\System32\drivers\monitor.sys[MonitorWMI]</Data>
    <Data Name="Details">LowDateTime:-1448318553,HighDateTime:31256436***Binary mof failed, see WMIPROV.LOG</Data>
    <Data Name="User">NT AUTHORITY\SYSTEM</Data>
  </EventData>
</Event>
